Sat Oct 31 00:00:08 2015 [17165][1][FATAL] Job 16da0e4c-d40c-39b3-5edc-56344ad23131 (Optimise AOD Index) failed in CRON run
Sat Oct 31 00:05:04 2015 [26670][1][FATAL] Job 61b7e30e-eb4b-c1af-0653-56344a5e489e (Run Reports) failed in CRON run
Sat Oct 31 00:05:04 2015 [26670][1][FATAL] Job f3bd53ad-f077-7f92-86d6-56344a50cbd9 (Run Report Generation Scheduled Tasks) failed in CRON run
Sat Oct 31 00:10:02 2015 [32593][1][FATAL] Job 54a0ab91-e52f-ae61-9e65-56344df3391f (Run Report Generation Scheduled Tasks) failed in CRON run
Sat Oct 31 00:10:04 2015 [32593][1][FATAL] Job b7f498bb-e53e-a72c-07ea-56344d307680 (Run Reports) failed in CRON run
Sat Oct 31 00:15:08 2015 [38224][1][FATAL] Job 822ff1b1-d504-a057-5f2f-56344e38b9c3 (Run Reports) failed in CRON run
Sat Oct 31 00:15:08 2015 [38224][1][FATAL] Job ef79cbaa-c29d-2713-ba52-56344e8c4bb7 (Run Report Generation Scheduled Tasks) failed in CRON run
Sat Oct 31 00:20:03 2015 [43494][1][FATAL] Job 3bd88756-b3d0-e9bb-d83c-56344f54ceca (Run Report Generation Scheduled Tasks) failed in CRON run
Sat Oct 31 00:20:08 2015 [43494][1][FATAL] Job f0ffd5f9-e494-426f-291f-56344fecf4d7 (Run Reports) failed in CRON run
Sat Oct 31 00:25:05 2015 [49012][1][FATAL] Job 80e2b971-00b9-592e-4714-5634504bde5c (Run Report Generation Scheduled Tasks) failed in CRON run
Sat Oct 31 00:25:05 2015 [49012][1][FATAL] Job f4770ad8-ab06-ed0e-a6a3-56345018b581 (Run Reports) failed in CRON run
Sat Oct 31 00:30:09 2015 [54860][1][FATAL] Job 77e6d1a8-1c68-9f61-fe58-563451bd6397 (Run Reports) failed in CRON run
Sat Oct 31 00:30:09 2015 [54860][1][FATAL] Job af7161b6-b4d6-c9e1-8f3c-56345180d7b5 (Run Report Generation Scheduled Tasks) failed in CRON run
Sat Oct 31 00:35:03 2015 [62006][1][FATAL] Job 368207ae-2e78-a011-8f1d-563453e2f139 (Run Reports) failed in CRON run
Sat Oct 31 00:35:03 2015 [62006][1][FATAL] Job 6bd105bd-1134-ea29-e421-563453e1c65d (Run Report Generation Scheduled Tasks) failed in CRON run
Sat Oct 31 00:40:05 2015 [67843][1][FATAL] Job 48fa6695-0af4-afb9-d437-563454a7a7e4 (Run Reports) failed in CRON run
Sat Oct 31 00:40:05 2015 [67843][1][FATAL] Job 9ed70d4f-eeab-33da-583b-563454b88995 (Run Report Generation Scheduled Tasks) failed in CRON run
Sat Oct 31 00:45:03 2015 [72891][1][FATAL] Job 12a2a4c3-3cf1-fbe9-a707-5634554f5782 (Run Report Generation Scheduled Tasks) failed in CRON run
Sat Oct 31 00:45:06 2015 [72891][1][FATAL] Job bf4a8729-495d-4852-248a-563455883348 (Run Reports) failed in CRON run
Sat Oct 31 00:50:03 2015 [78142][1][FATAL] Job 27e847af-9af7-a3ee-aad9-563456df91ae (Run Report Generation Scheduled Tasks) failed in CRON run
Sat Oct 31 00:50:05 2015 [78142][1][FATAL] Job 91f7249c-7249-d956-0c0f-563456ebf95b (Run Reports) failed in CRON run
Sat Oct 31 00:55:05 2015 [83757][1][FATAL] Job 40c49d29-ea10-222e-32ad-563457d26cfb (Run Reports) failed in CRON run
Sat Oct 31 00:55:05 2015 [83757][1][FATAL] Job c2808333-a76f-6542-2e8a-563457265e65 (Run Report Generation Scheduled Tasks) failed in CRON run
Sat Oct 31 01:00:07 2015 [89084][1][FATAL] Job 676cae28-a398-011e-7853-563458fca5f1 (Run Reports) failed in CRON run
Sat Oct 31 01:00:07 2015 [89084][1][FATAL] Job 9e2aad5d-5b69-8887-cccd-563458612f08 (Run Report Generation Scheduled Tasks) failed in CRON run
Sat Oct 31 01:05:04 2015 [94577][1][FATAL] Job 312330a3-68e9-c456-b3f2-56345a2948c9 (Run Reports) failed in CRON run
Sat Oct 31 01:05:04 2015 [94577][1][FATAL] Job d08e9828-e920-5853-81a1-56345afe5831 (Run Report Generation Scheduled Tasks) failed in CRON run
Sat Oct 31 01:10:02 2015 [100723][1][FATAL] Job 22e09975-7ca3-597b-3487-56345b6e4100 (Run Report Generation Scheduled Tasks) failed in CRON run
Sat Oct 31 01:10:03 2015 [100723][1][FATAL] Job c3238052-6986-8bb2-235c-56345bb67f1e (Run Reports) failed in CRON run
Sat Oct 31 01:15:02 2015 [106803][1][FATAL] Job 7af138f4-a4ef-bb49-e6c3-56345ce595dc (Run Report Generation Scheduled Tasks) failed in CRON run
Sat Oct 31 01:15:04 2015 [106803][1][FATAL] Job bcc0d257-f320-5017-d7a1-56345c04f663 (Run Reports) failed in CRON run
Sat Oct 31 01:20:02 2015 [114211][1][FATAL] Job 2f493e2f-e0ee-7d29-e9d4-56345dadb5e1 (Run Report Generation Scheduled Tasks) failed in CRON run
Sat Oct 31 01:20:05 2015 [114211][1][FATAL] Job b7322f8e-48b6-c00b-f802-56345d2ac1d8 (Run Reports) failed in CRON run
Sat Oct 31 01:25:02 2015 [120832][1][FATAL] Job 1d574063-e1e5-ec62-df2e-56345e587014 (Run Report Generation Scheduled Tasks) failed in CRON run
Sat Oct 31 01:25:05 2015 [120832][1][FATAL] Job b886fa97-8a87-d8bc-8aae-56345eabfb05 (Run Reports) failed in CRON run
Sat Oct 31 01:30:08 2015 [126835][1][FATAL] Job b79e7b5f-4cc4-1048-2325-56345fda1fad (Run Reports) failed in CRON run
Sat Oct 31 01:30:08 2015 [126835][1][FATAL] Job c07edb42-d84a-8c9c-f0eb-56345fcc3c7d (Run Report Generation Scheduled Tasks) failed in CRON run
Sat Oct 31 01:35:02 2015 [2303][1][FATAL] Job 3cde99e7-acc6-ea88-da20-563461bd326b (Run Report Generation Scheduled Tasks) failed in CRON run
Sat Oct 31 01:35:05 2015 [2303][1][FATAL] Job bf55c721-e302-2db5-0b7f-5634615338be (Run Reports) failed in CRON run
Sat Oct 31 01:40:03 2015 [7979][1][FATAL] Job 2f81eea3-bc1b-11f2-0260-563462809423 (Run Report Generation Scheduled Tasks) failed in CRON run
Sat Oct 31 01:40:06 2015 [7979][1][FATAL] Job b3c6b860-5ab0-e739-3207-563462996a31 (Run Reports) failed in CRON run
Sat Oct 31 01:45:04 2015 [13536][1][FATAL] Job 3c4698f6-94ae-5817-5a9e-563463d4dc45 (Run Reports) failed in CRON run
Sat Oct 31 01:45:04 2015 [13536][1][FATAL] Job cc713906-68b4-9ee9-f094-563463a19ec7 (Run Report Generation Scheduled Tasks) failed in CRON run
Sat Oct 31 01:50:03 2015 [20212][1][FATAL] Job 846802b6-aa4e-6cc2-f62c-563464e0afb2 (Run Report Generation Scheduled Tasks) failed in CRON run
Sat Oct 31 01:50:07 2015 [20212][1][FATAL] Job d82e256c-3e56-ebab-e26b-56346488c46f (Run Reports) failed in CRON run
Sat Oct 31 01:55:05 2015 [28103][1][FATAL] Job 24e8d490-e536-0ac1-3a7f-56346566ddf7 (Run Reports) failed in CRON run
Sat Oct 31 01:55:05 2015 [28103][1][FATAL] Job ab4f88ea-75db-7513-4601-563465c5273b (Run Report Generation Scheduled Tasks) failed in CRON run
Sat Oct 31 02:00:05 2015 [33990][1][FATAL] Job 1af70538-24e6-4363-ce90-5634662f400e (Run Reports) failed in CRON run
Sat Oct 31 02:00:08 2015 [33990][1][FATAL] Job 5e5ba071-39f4-c4ea-bebf-5634668f507c (Run Report Generation Scheduled Tasks) failed in CRON run
Sat Oct 31 02:05:02 2015 [40126][1][FATAL] Job 2aeacfcd-45e1-7221-7a08-563468b9685a (Run Report Generation Scheduled Tasks) failed in CRON run
Sat Oct 31 02:05:04 2015 [40126][1][FATAL] Job 9be101fe-4571-94e8-da79-563468c1ac51 (Run Reports) failed in CRON run
Sat Oct 31 02:10:05 2015 [46553][1][FATAL] Job 21f081b3-154b-6b81-8a2f-5634692c0128 (Run Reports) failed in CRON run
Sat Oct 31 02:10:05 2015 [46553][1][FATAL] Job bcc0cca2-aafb-cae2-6fb0-563469978663 (Run Report Generation Scheduled Tasks) failed in CRON run
Sat Oct 31 02:15:05 2015 [51700][1][FATAL] Job 65ec3345-26d3-4f7a-5fdf-56346aa23b41 (Run Reports) failed in CRON run
Sat Oct 31 02:15:05 2015 [51700][1][FATAL] Job d1cec543-7121-6842-4183-56346a9df7a2 (Run Report Generation Scheduled Tasks) failed in CRON run
Sat Oct 31 02:20:05 2015 [57492][1][FATAL] Job 2bc4bd81-b1e1-f524-14fe-56346b3164d9 (Run Reports) failed in CRON run
Sat Oct 31 02:20:05 2015 [57492][1][FATAL] Job b9ea6f1c-fd59-0e2e-33c0-56346b78afaf (Run Report Generation Scheduled Tasks) failed in CRON run
Sat Oct 31 02:25:03 2015 [62390][1][FATAL] Job 39b50a43-fc24-1997-d606-56346c74a287 (Run Reports) failed in CRON run
Sat Oct 31 02:25:03 2015 [62390][1][FATAL] Job 7d905633-64f2-923c-f1f5-56346ce46ca2 (Run Report Generation Scheduled Tasks) failed in CRON run
Sat Oct 31 02:30:05 2015 [67925][1][FATAL] Job 767fca06-9858-b22e-c1e1-56346d5ba92b (Run Report Generation Scheduled Tasks) failed in CRON run
Sat Oct 31 02:30:08 2015 [67925][1][FATAL] Job e5c47d45-84a0-a715-efb5-56346d7c675d (Run Reports) failed in CRON run
Sat Oct 31 02:35:06 2015 [73425][1][FATAL] Job 425e6da0-e60c-5ae8-de49-56346f669a22 (Run Reports) failed in CRON run
Sat Oct 31 02:35:06 2015 [73425][1][FATAL] Job ebd0a64c-66f9-f475-6e62-56346f615e29 (Run Report Generation Scheduled Tasks) failed in CRON run
Sat Oct 31 02:40:02 2015 [79736][1][FATAL] Job 3b785c7f-a3c8-8d27-639a-56347087f7a0 (Run Report Generation Scheduled Tasks) failed in CRON run
Sat Oct 31 02:40:04 2015 [79736][1][FATAL] Job 9f796eb6-b4c4-18e9-d5de-563470d3ff68 (Run Reports) failed in CRON run
Sat Oct 31 02:45:03 2015 [85545][1][FATAL] Job 1e9c1a2a-c697-c4c1-a2d6-563471cf5883 (Run Report Generation Scheduled Tasks) failed in CRON run
Sat Oct 31 02:45:06 2015 [85545][1][FATAL] Job cdb116a6-6a6f-a6a9-d1f8-5634716cf455 (Run Reports) failed in CRON run
Sat Oct 31 02:50:02 2015 [91003][1][FATAL] Job 33960316-7106-1c30-80e3-563472e2e1a2 (Run Report Generation Scheduled Tasks) failed in CRON run
Sat Oct 31 02:50:04 2015 [91003][1][FATAL] Job 7ce4723a-d120-47fd-e858-563472088d17 (Run Reports) failed in CRON run
Sat Oct 31 02:55:03 2015 [96913][1][FATAL] Job 30ce312d-c337-2ee8-8b3b-56347314be2a (Run Reports) failed in CRON run
Sat Oct 31 02:55:03 2015 [96913][1][FATAL] Job a91b00e6-d53b-e75a-eae3-563473c5072d (Run Report Generation Scheduled Tasks) failed in CRON run
Sat Oct 31 03:00:05 2015 [103605][1][FATAL] Job 175b9cc5-776f-94c2-d4ef-5634754a3e4b (Run Reports) failed in CRON run
Sat Oct 31 03:00:05 2015 [103605][1][FATAL] Job 8137849e-d629-c0a7-5900-56347565e0b8 (Run Report Generation Scheduled Tasks) failed in CRON run
Sat Oct 31 03:00:07 2015 [103605][1][FATAL] Job d65c491b-365d-dbc9-ef76-563475e554b5 (Optimise AOD Index) failed in CRON run
Sat Oct 31 03:05:02 2015 [110188][1][FATAL] Job 5232bbbd-3e03-7f8b-da76-563476ea9861 (Run Report Generation Scheduled Tasks) failed in CRON run
Sat Oct 31 03:05:04 2015 [110188][1][FATAL] Job 9f07b43a-ece3-80d1-f163-563476f09d3c (Run Reports) failed in CRON run
Sat Oct 31 03:10:03 2015 [116141][1][FATAL] Job a756dcdf-698d-44a4-f8e0-563477219e5f (Run Report Generation Scheduled Tasks) failed in CRON run
Sat Oct 31 03:10:04 2015 [116141][1][FATAL] Job eea59a79-a446-a242-f296-563477d48b9f (Run Reports) failed in CRON run
Sat Oct 31 03:15:05 2015 [121460][1][FATAL] Job 74dbb1e9-eb8d-55a9-06a4-563478885cdd (Run Reports) failed in CRON run
Sat Oct 31 03:15:05 2015 [121460][1][FATAL] Job eb1f6007-beae-88dd-f1cd-563478c64e4c (Run Report Generation Scheduled Tasks) failed in CRON run
Sat Oct 31 03:20:05 2015 [127319][1][FATAL] Job 6bdf5681-2e96-f546-ee16-563479101fde (Run Reports) failed in CRON run
Sat Oct 31 03:20:05 2015 [127319][1][FATAL] Job e2a88627-2ce5-569b-7b71-563479f9d7ea (Run Report Generation Scheduled Tasks) failed in CRON run
Sat Oct 31 03:25:03 2015 [1901][1][FATAL] Job 197838ce-70a5-b9b2-d12b-56347a2a965b (Run Reports) failed in CRON run
Sat Oct 31 03:25:06 2015 [1901][1][FATAL] Job 941c3aa6-ab05-841c-1c41-56347a9b7b0f (Run Report Generation Scheduled Tasks) failed in CRON run
Sat Oct 31 03:30:05 2015 [7571][1][FATAL] Job 26e3eaeb-9655-1f7d-1be3-56347ccebd9c (Run Reports) failed in CRON run
Sat Oct 31 03:30:05 2015 [7571][1][FATAL] Job ab2be2d9-8d64-e5a4-77da-56347ca7aa81 (Run Report Generation Scheduled Tasks) failed in CRON run
Sat Oct 31 03:35:06 2015 [13185][1][FATAL] Job 568a91c5-d3a6-d509-adf7-56347dc0f548 (Run Reports) failed in CRON run
Sat Oct 31 03:35:06 2015 [13185][1][FATAL] Job d5abc126-be4a-8971-7e77-56347da68843 (Run Report Generation Scheduled Tasks) failed in CRON run
Sat Oct 31 03:40:02 2015 [19905][1][FATAL] Job 21ba62bb-73ba-6b4c-8076-56347efd52c3 (Run Report Generation Scheduled Tasks) failed in CRON run
Sat Oct 31 03:40:06 2015 [19905][1][FATAL] Job 89fbfec8-e51e-7c93-c23e-56347efc2c66 (Run Reports) failed in CRON run
Sat Oct 31 03:45:04 2015 [25500][1][FATAL] Job 210bddf9-7a4c-9aaa-1dac-56347f475cfd (Run Reports) failed in CRON run
Sat Oct 31 03:45:05 2015 [25500][1][FATAL] Job 9bab7052-fcb6-70d5-a3c2-56347f0f9177 (Run Report Generation Scheduled Tasks) failed in CRON run
Sat Oct 31 03:50:03 2015 [31182][1][FATAL] Job 9fab063b-779a-9afd-4448-563480d8b47f (Run Reports) failed in CRON run
Sat Oct 31 03:50:03 2015 [31182][1][FATAL] Job a1cc3e17-5514-1b7e-20e9-563480195ff5 (Run Report Generation Scheduled Tasks) failed in CRON run
Sat Oct 31 03:55:07 2015 [37183][1][FATAL] Job 769bf98e-c2e6-6bb4-b390-5634819bfb7a (Run Reports) failed in CRON run
Sat Oct 31 03:55:07 2015 [37183][1][FATAL] Job cd9fd183-111e-8d6d-195a-563481b313c0 (Run Report Generation Scheduled Tasks) failed in CRON run
Sat Oct 31 04:00:08 2015 [44172][1][FATAL] Job 4c28b61f-ce43-1e84-fe3b-563483b72ec7 (Run Reports) failed in CRON run
Sat Oct 31 04:00:08 2015 [44172][1][FATAL] Job ca2b7f08-cf3e-b213-ec35-563483b5e698 (Run Report Generation Scheduled Tasks) failed in CRON run
Sat Oct 31 04:05:02 2015 [50189][1][FATAL] Job 5d0ec0b6-9aa0-3e20-984d-563484401847 (Run Report Generation Scheduled Tasks) failed in CRON run
Sat Oct 31 04:05:04 2015 [50189][1][FATAL] Job d21ac622-61c9-5217-bf02-563484ee8053 (Run Reports) failed in CRON run
Sat Oct 31 04:10:06 2015 [56900][1][FATAL] Job 773cc775-d163-c2ab-d1a8-56348593302a (Run Reports) failed in CRON run
Sat Oct 31 04:10:06 2015 [56900][1][FATAL] Job dd971460-7439-81f4-75f4-563485d4de6e (Run Report Generation Scheduled Tasks) failed in CRON run
Sat Oct 31 04:15:08 2015 [62807][1][FATAL] Job 950d0fc2-79e5-25c0-4041-563486fb1639 (Run Report Generation Scheduled Tasks) failed in CRON run
Sat Oct 31 04:15:08 2015 [62807][1][FATAL] Job a449b448-5855-5ffb-03e9-563486e30f84 (Run Reports) failed in CRON run
Sat Oct 31 04:20:10 2015 [68344][1][FATAL] Job 7eed1929-07dd-ce2e-ec14-5634878b0fd1 (Run Reports) failed in CRON run
Sat Oct 31 04:20:10 2015 [68344][1][FATAL] Job c36441c7-56cd-d51a-f278-563487d1eca3 (Run Report Generation Scheduled Tasks) failed in CRON run
Sat Oct 31 04:25:02 2015 [74368][1][FATAL] Job 53184bd2-8ad2-6cd1-ba35-5634886aa5dd (Run Report Generation Scheduled Tasks) failed in CRON run
Sat Oct 31 04:25:04 2015 [74368][1][FATAL] Job bc53cd0f-1576-676e-2b73-5634884752cf (Run Reports) failed in CRON run
Sat Oct 31 04:30:05 2015 [80226][1][FATAL] Job 25b50ced-250a-a76f-6da9-56348abcc89f (Run Reports) failed in CRON run
Sat Oct 31 04:30:05 2015 [80226][1][FATAL] Job 691be810-297a-1fcb-f1ce-56348af36e96 (Run Report Generation Scheduled Tasks) failed in CRON run
Sat Oct 31 04:35:03 2015 [87483][1][FATAL] Job 33ffdf34-2e1b-f97a-4445-56348b0a40ba (Run Report Generation Scheduled Tasks) failed in CRON run
Sat Oct 31 04:35:06 2015 [87483][1][FATAL] Job c5f6517d-a86f-a2c3-4281-56348b393cc0 (Run Reports) failed in CRON run
Sat Oct 31 04:40:03 2015 [94679][1][FATAL] Job 627214fd-9c45-ec5c-7ece-56348c90a229 (Run Report Generation Scheduled Tasks) failed in CRON run
Sat Oct 31 04:40:03 2015 [94679][1][FATAL] Job de180ae3-2f90-6406-5c74-56348c1c845d (Run Reports) failed in CRON run
Sat Oct 31 04:45:07 2015 [100364][1][FATAL] Job 72f1cb2f-66de-4c6a-cafe-56348d173a9f (Run Reports) failed in CRON run
Sat Oct 31 04:45:07 2015 [100364][1][FATAL] Job e0e9e392-82ec-3a00-8eda-56348d922bd6 (Run Report Generation Scheduled Tasks) failed in CRON run
Sat Oct 31 04:50:03 2015 [107304][1][FATAL] Job 21215565-9fbf-867c-a850-56348e34abb5 (Run Report Generation Scheduled Tasks) failed in CRON run
Sat Oct 31 04:50:06 2015 [107304][1][FATAL] Job c909a759-108f-0e04-f104-56348efae2e0 (Run Reports) failed in CRON run
Sat Oct 31 04:55:04 2015 [114052][1][FATAL] Job cfe9caf0-069c-d929-b9c8-56348fecf68b (Run Reports) failed in CRON run
Sat Oct 31 04:55:04 2015 [114052][1][FATAL] Job dd3c0769-50eb-b0fe-3f22-56348f981a13 (Run Report Generation Scheduled Tasks) failed in CRON run
Sat Oct 31 05:00:06 2015 [120705][1][FATAL] Job 3ee10e6c-ae2e-81fd-fa8f-563491e4d1e4 (Run Report Generation Scheduled Tasks) failed in CRON run
Sat Oct 31 05:00:09 2015 [120705][1][FATAL] Job d23189a4-5cc7-4308-b9f4-56349162216c (Run Reports) failed in CRON run
Sat Oct 31 05:05:02 2015 [127205][1][FATAL] Job 6338b693-84a5-fcd8-ee1b-563492f15e1a (Run Report Generation Scheduled Tasks) failed in CRON run
Sat Oct 31 05:05:05 2015 [127205][1][FATAL] Job b8473db6-dfe1-808e-6aa3-56349242d265 (Run Reports) failed in CRON run
Sat Oct 31 05:10:02 2015 [3221][1][FATAL] Job 3f0b5ffe-652b-aa2f-d560-563493a48b37 (Run Report Generation Scheduled Tasks) failed in CRON run
Sat Oct 31 05:10:05 2015 [3221][1][FATAL] Job aef419df-807f-8000-5f2e-5634931de3ba (Run Reports) failed in CRON run
Sat Oct 31 05:15:06 2015 [9539][1][FATAL] Job 74041dee-f049-2af8-adeb-5634948fa20c (Run Reports) failed in CRON run
Sat Oct 31 05:15:06 2015 [9539][1][FATAL] Job ebf63aaf-987b-a42e-d97f-563494aabda8 (Run Report Generation Scheduled Tasks) failed in CRON run
Sat Oct 31 05:20:03 2015 [15827][1][FATAL] Job 78f7532d-6b77-ab2d-76c6-56349568eb7b (Run Report Generation Scheduled Tasks) failed in CRON run
Sat Oct 31 05:20:05 2015 [15827][1][FATAL] Job ea9be62b-55aa-2a32-7922-563495c386f6 (Run Reports) failed in CRON run
Sat Oct 31 05:25:02 2015 [22721][1][FATAL] Job 3bd793e5-c856-28b5-ebac-5634969e6e73 (Run Report Generation Scheduled Tasks) failed in CRON run
Sat Oct 31 05:25:05 2015 [22721][1][FATAL] Job c3edf675-2813-fb72-996d-5634964043ec (Run Reports) failed in CRON run
Sat Oct 31 05:30:06 2015 [30239][1][FATAL] Job 2dfa6e1e-21da-1831-3246-563498cd3b81 (Run Reports) failed in CRON run
Sat Oct 31 05:30:06 2015 [30239][1][FATAL] Job ccc28029-ce0c-6a16-29ff-563498023801 (Run Report Generation Scheduled Tasks) failed in CRON run
Sat Oct 31 05:35:04 2015 [37515][1][FATAL] Job 5183031f-123d-89ae-1f88-5634995ecae9 (Run Report Generation Scheduled Tasks) failed in CRON run
Sat Oct 31 05:35:04 2015 [37515][1][FATAL] Job 57643e72-22b8-c7b2-00aa-56349968c83e (Run Reports) failed in CRON run
Sat Oct 31 05:40:02 2015 [44088][1][FATAL] Job 590bda16-ee31-2cde-3e8e-56349ac21a06 (Run Report Generation Scheduled Tasks) failed in CRON run
Sat Oct 31 05:40:05 2015 [44088][1][FATAL] Job d60f2585-07e1-a825-acd9-56349acc48cb (Run Reports) failed in CRON run
Sat Oct 31 05:45:02 2015 [50383][1][FATAL] Job 5c4a7fb4-c335-bfd2-f644-56349bbbddc8 (Run Report Generation Scheduled Tasks) failed in CRON run
Sat Oct 31 05:45:04 2015 [50383][1][FATAL] Job b95f32e7-f97f-4f16-282b-56349b1c2314 (Run Reports) failed in CRON run
Sat Oct 31 05:50:03 2015 [57716][1][FATAL] Job 8e580daf-3040-0907-3c3c-56349cd4dfef (Run Reports) failed in CRON run
Sat Oct 31 05:50:03 2015 [57716][1][FATAL] Job 95e707bd-5116-c13a-388b-56349cd0817e (Run Report Generation Scheduled Tasks) failed in CRON run
Sat Oct 31 05:55:02 2015 [64211][1][FATAL] Job 2429ddec-81ff-da4f-d8e8-56349ec5bf76 (Run Report Generation Scheduled Tasks) failed in CRON run
Sat Oct 31 05:55:04 2015 [64211][1][FATAL] Job 78adb199-df12-16a6-0b67-56349e44d287 (Run Reports) failed in CRON run
Sat Oct 31 06:00:06 2015 [70376][1][FATAL] Job 1b493fa3-7278-a4a1-c649-56349fa398dd (Run Reports) failed in CRON run
Sat Oct 31 06:00:10 2015 [70376][1][FATAL] Job 44eba239-bc04-4b4b-87e5-56349f3dac3e (Run Report Generation Scheduled Tasks) failed in CRON run
Sat Oct 31 06:00:10 2015 [70376][1][FATAL] Job d62b9387-a362-0b32-d72e-56349faf3ef7 (Optimise AOD Index) failed in CRON run
Sat Oct 31 06:05:06 2015 [77295][1][FATAL] Job 96d3056f-38de-f107-9f49-5634a04bd29e (Run Reports) failed in CRON run
Sat Oct 31 06:05:06 2015 [77295][1][FATAL] Job b81ba383-acad-2e06-1c93-5634a0b8d69b (Run Report Generation Scheduled Tasks) failed in CRON run
Sat Oct 31 06:10:03 2015 [85650][1][FATAL] Job 13c62cd0-3177-c833-89d9-5634a1178e00 (Run Report Generation Scheduled Tasks) failed in CRON run
Sat Oct 31 06:10:06 2015 [85650][1][FATAL] Job a9e2dbe5-2caa-1a70-2f88-5634a134af39 (Run Reports) failed in CRON run
Sat Oct 31 06:15:06 2015 [92796][1][FATAL] Job 4f656e15-f511-b0dc-8bae-5634a271e809 (Run Reports) failed in CRON run
Sat Oct 31 06:15:06 2015 [92796][1][FATAL] Job 9e156216-8254-a8dd-1422-5634a21869b3 (Run Report Generation Scheduled Tasks) failed in CRON run
Sat Oct 31 06:20:03 2015 [99828][1][FATAL] Job 84502d45-63db-89b3-f8cd-5634a3e0c0e7 (Run Report Generation Scheduled Tasks) failed in CRON run
Sat Oct 31 06:20:07 2015 [99828][1][FATAL] Job e4130b5f-e5bf-b925-6098-5634a35c173b (Run Reports) failed in CRON run
Sat Oct 31 06:25:03 2015 [106907][1][FATAL] Job 1adb872b-c1c5-b06a-47a2-5634a5c0af5a (Run Reports) failed in CRON run
Sat Oct 31 06:25:03 2015 [106907][1][FATAL] Job b6015b58-b555-b5d6-79e6-5634a521dc0a (Run Report Generation Scheduled Tasks) failed in CRON run
Sat Oct 31 06:30:07 2015 [113954][1][FATAL] Job b2b91356-9e61-1d0b-27f5-5634a668e6d7 (Run Reports) failed in CRON run
Sat Oct 31 06:30:07 2015 [113954][1][FATAL] Job cb6c6042-5490-1a34-c517-5634a66686e4 (Run Report Generation Scheduled Tasks) failed in CRON run
Sat Oct 31 06:35:03 2015 [120987][1][FATAL] Job 1bf88163-9f99-5e6b-5491-5634a73c7f59 (Run Reports) failed in CRON run
Sat Oct 31 06:35:03 2015 [120987][1][FATAL] Job 7c317f5a-0788-39c6-a9c2-5634a73a4d18 (Run Report Generation Scheduled Tasks) failed in CRON run
Sat Oct 31 06:40:06 2015 [127954][1][FATAL] Job 8ff2566c-2283-dd70-1865-5634a846501c (Run Reports) failed in CRON run
Sat Oct 31 06:40:06 2015 [127954][1][FATAL] Job ec4e9856-983b-7a2e-50d9-5634a8c9a560 (Run Report Generation Scheduled Tasks) failed in CRON run
Sat Oct 31 06:45:03 2015 [3909][1][FATAL] Job 3ac2b3da-1987-58ea-eac7-5634a961f195 (Run Report Generation Scheduled Tasks) failed in CRON run
Sat Oct 31 06:45:06 2015 [3909][1][FATAL] Job d2fe25e7-6f05-832c-8240-5634a92c9e25 (Run Reports) failed in CRON run
Sat Oct 31 06:50:07 2015 [11008][1][FATAL] Job 756667dc-f6c9-c2e7-5a24-5634aab569a9 (Run Reports) failed in CRON run
Sat Oct 31 06:50:07 2015 [11008][1][FATAL] Job d21cd1e6-3b90-7bb5-bbea-5634aa37391c (Run Report Generation Scheduled Tasks) failed in CRON run
Sat Oct 31 06:55:04 2015 [18375][1][FATAL] Job 572d6b05-a1d2-49ee-06f7-5634ac7d54c0 (Run Reports) failed in CRON run
Sat Oct 31 06:55:04 2015 [18375][1][FATAL] Job e3dd070d-27ea-f465-88e6-5634ac0737f6 (Run Report Generation Scheduled Tasks) failed in CRON run
Sat Oct 31 07:00:08 2015 [25790][1][FATAL] Job 62d59df8-16b5-4a3f-b7bf-5634adf514a1 (Run Reports) failed in CRON run
Sat Oct 31 07:00:08 2015 [25790][1][FATAL] Job b35f6430-5f9d-5ff5-d7df-5634ad4a3a60 (Run Report Generation Scheduled Tasks) failed in CRON run
Sat Oct 31 07:05:02 2015 [33966][1][FATAL] Job 41ec735b-5b2f-01f8-66d7-5634aeba1ca9 (Run Report Generation Scheduled Tasks) failed in CRON run
Sat Oct 31 07:05:05 2015 [33966][1][FATAL] Job ad8c433b-2478-fccc-581e-5634ae150b64 (Run Reports) failed in CRON run
Sat Oct 31 07:10:03 2015 [52633][1][FATAL] Job 2efbde56-e7f6-e43a-95e0-5634afeace2e (Run Report Generation Scheduled Tasks) failed in CRON run
Sat Oct 31 07:10:07 2015 [52633][1][FATAL] Job b9f0c3f5-88af-52de-6473-5634af0a27b4 (Run Reports) failed in CRON run
Sat Oct 31 07:15:07 2015 [60899][1][FATAL] Job 40a9f1ba-1a34-95a0-c7d5-5634b0d5718b (Run Reports) failed in CRON run
Sat Oct 31 07:15:07 2015 [60899][1][FATAL] Job 80aa8839-3c25-fa5e-da68-5634b0c9ee01 (Run Report Generation Scheduled Tasks) failed in CRON run
Sat Oct 31 07:20:07 2015 [69553][1][FATAL] Job 8e6c138a-0c28-2594-0e3e-5634b19128f1 (Run Report Generation Scheduled Tasks) failed in CRON run
Sat Oct 31 07:20:07 2015 [69553][1][FATAL] Job cdbf0772-8be6-04e0-bf7f-5634b193291b (Run Reports) failed in CRON run
Sat Oct 31 07:25:05 2015 [77295][1][FATAL] Job 486ad2f8-da3e-d75b-e301-5634b34d763b (Run Reports) failed in CRON run
Sat Oct 31 07:25:05 2015 [77295][1][FATAL] Job d35da6ed-5a2d-6793-9a06-5634b329f1cf (Run Report Generation Scheduled Tasks) failed in CRON run
Sat Oct 31 07:30:04 2015 [85434][1][FATAL] Job 2136b7a1-0dc3-dba8-2da9-5634b4c822d7 (Run Reports) failed in CRON run
Sat Oct 31 07:30:04 2015 [85434][1][FATAL] Job 7e6fc8dc-4dca-cd26-d152-5634b43e03ed (Run Report Generation Scheduled Tasks) failed in CRON run
Sat Oct 31 07:35:03 2015 [93541][1][FATAL] Job 1cccd77e-5f41-5c24-8871-5634b53736bf (Run Reports) failed in CRON run
Sat Oct 31 07:35:03 2015 [93541][1][FATAL] Job 95643d88-b771-f122-d34a-5634b5239000 (Run Report Generation Scheduled Tasks) failed in CRON run
Sat Oct 31 07:40:08 2015 [101050][1][FATAL] Job a9eb8a6d-382b-52e9-9b2e-5634b6e0d2ea (Run Reports) failed in CRON run
Sat Oct 31 07:40:08 2015 [101050][1][FATAL] Job d627031d-affd-f066-59ce-5634b68ba9b0 (Run Report Generation Scheduled Tasks) failed in CRON run
Sat Oct 31 07:45:03 2015 [108362][1][FATAL] Job 10e39c44-7502-4b26-2609-5634b70bfbd0 (Run Reports) failed in CRON run
Sat Oct 31 07:45:05 2015 [108362][1][FATAL] Job b8b3d719-68a8-90e1-8c47-5634b7da12d7 (Run Report Generation Scheduled Tasks) failed in CRON run
Sat Oct 31 07:50:03 2015 [114795][1][FATAL] Job 1fb32641-94a4-61de-ac5d-5634b87e6e60 (Run Reports) failed in CRON run
Sat Oct 31 07:50:03 2015 [114795][1][FATAL] Job 60936496-6ab0-8f66-0112-5634b85860ff (Run Report Generation Scheduled Tasks) failed in CRON run
Sat Oct 31 07:55:02 2015 [121255][1][FATAL] Job 3db34c81-f91e-cf14-31a6-5634ba10ea5c (Run Report Generation Scheduled Tasks) failed in CRON run
Sat Oct 31 07:55:05 2015 [121255][1][FATAL] Job c8e84509-0c62-ba31-3a98-5634ba02744b (Run Reports) failed in CRON run
Sat Oct 31 08:00:05 2015 [127109][1][FATAL] Job 2f28a48b-698d-de74-906f-5634bbf74d8c (Run Report Generation Scheduled Tasks) failed in CRON run
Sat Oct 31 08:00:09 2015 [127109][1][FATAL] Job d33fc606-8db0-845f-8bce-5634bb5e2b43 (Run Reports) failed in CRON run
Sat Oct 31 08:05:06 2015 [3238][1][FATAL] Job 2e3080cf-1a07-cc17-cc1d-5634bc02d798 (Run Reports) failed in CRON run
Sat Oct 31 08:05:06 2015 [3238][1][FATAL] Job 65757cef-e32f-ee55-1355-5634bce2df73 (Run Report Generation Scheduled Tasks) failed in CRON run
Sat Oct 31 08:10:03 2015 [11109][1][FATAL] Job 257065d5-0307-6c32-e2ef-5634bdcb529f (Run Report Generation Scheduled Tasks) failed in CRON run
Sat Oct 31 08:10:07 2015 [11109][1][FATAL] Job ad3f888e-3cae-0c96-7782-5634bdd34b84 (Run Reports) failed in CRON run
Sat Oct 31 08:15:03 2015 [17830][1][FATAL] Job 1b65ce15-dd2e-6bb0-6235-5634bed92ca4 (Run Reports) failed in CRON run
Sat Oct 31 08:15:03 2015 [17830][1][FATAL] Job 8fb0f63e-0d64-e65a-a188-5634bea0300f (Run Report Generation Scheduled Tasks) failed in CRON run
Sat Oct 31 08:20:05 2015 [24355][1][FATAL] Job 2ce2acd0-6501-1621-ed93-5634c0426885 (Run Reports) failed in CRON run
Sat Oct 31 08:20:05 2015 [24355][1][FATAL] Job 983459ff-59dc-1791-58b3-5634c0e66cc0 (Run Report Generation Scheduled Tasks) failed in CRON run
Sat Oct 31 08:25:02 2015 [30638][1][FATAL] Job 9e270560-3154-82fc-f690-5634c1ef9f36 (Run Report Generation Scheduled Tasks) failed in CRON run
Sat Oct 31 08:25:04 2015 [30638][1][FATAL] Job e5c7f59a-b33e-5cb5-c4c7-5634c1b7fdca (Run Reports) failed in CRON run
Sat Oct 31 08:30:10 2015 [37303][1][FATAL] Job 655ee933-8095-a9d0-2439-5634c24e5364 (Run Reports) failed in CRON run
Sat Oct 31 08:30:10 2015 [37303][1][FATAL] Job c427bb49-7c73-5d3d-837e-5634c2fe540a (Run Report Generation Scheduled Tasks) failed in CRON run
Sat Oct 31 08:35:06 2015 [43765][1][FATAL] Job 5038c483-78a8-d475-d76d-5634c306cf76 (Run Reports) failed in CRON run
Sat Oct 31 08:35:06 2015 [43765][1][FATAL] Job be041605-fbe7-b75f-f4ff-5634c312a86f (Run Report Generation Scheduled Tasks) failed in CRON run
Sat Oct 31 08:40:02 2015 [49914][1][FATAL] Job 28b881d1-d3c9-4f1f-3b2a-5634c4ae54f9 (Run Report Generation Scheduled Tasks) failed in CRON run
Sat Oct 31 08:40:04 2015 [49914][1][FATAL] Job 7b5aa92d-3dc4-6607-aa16-5634c41d754d (Run Reports) failed in CRON run
Sat Oct 31 08:45:06 2015 [56409][1][FATAL] Job 377cb2bf-823f-9e17-2018-5634c5febace (Run Reports) failed in CRON run
Sat Oct 31 08:45:06 2015 [56409][1][FATAL] Job a840d25c-3182-667a-366b-5634c55cc8f1 (Run Report Generation Scheduled Tasks) failed in CRON run
Sat Oct 31 08:50:02 2015 [62794][1][FATAL] Job 2b9a4f0b-2e2d-76a7-4a52-5634c7eaea37 (Run Report Generation Scheduled Tasks) failed in CRON run
Sat Oct 31 08:50:06 2015 [62794][1][FATAL] Job 86b3e697-0098-ef09-04b4-5634c76a2821 (Run Reports) failed in CRON run
Sat Oct 31 08:55:02 2015 [69123][1][FATAL] Job 110eaae9-078d-8e9f-eb07-5634c8281d02 (Run Report Generation Scheduled Tasks) failed in CRON run
Sat Oct 31 08:55:05 2015 [69123][1][FATAL] Job 90f642a6-38cc-8205-4c75-5634c8440fe9 (Run Reports) failed in CRON run
Sat Oct 31 09:00:06 2015 [75541][1][FATAL] Job 582a6398-2159-8511-9042-5634c93f2224 (Optimise AOD Index) failed in CRON run
Sat Oct 31 09:05:06 2015 [82859][1][FATAL] Job aebc61c3-b76d-3781-bade-5634c96b47da (Run Reports) failed in CRON run
Sat Oct 31 09:05:06 2015 [82859][1][FATAL] Job e0a90dde-b0fc-4c12-1a1d-5634c93025aa (Run Report Generation Scheduled Tasks) failed in CRON run
Sat Oct 31 09:10:07 2015 [89748][1][FATAL] Job 7d3622e7-2452-1033-bc6c-5634cb2a6d48 (Run Reports) failed in CRON run
Sat Oct 31 09:10:07 2015 [89748][1][FATAL] Job ed693c61-f530-25bf-ed8f-5634cbbde734 (Run Report Generation Scheduled Tasks) failed in CRON run
Sat Oct 31 09:15:06 2015 [96538][1][FATAL] Job 4000c37b-7aff-568f-3748-5634cc36808e (Run Reports) failed in CRON run
Sat Oct 31 09:15:06 2015 [96538][1][FATAL] Job d094634c-8007-108d-450e-5634ccbb0744 (Run Report Generation Scheduled Tasks) failed in CRON run
Sat Oct 31 09:20:07 2015 [103458][1][FATAL] Job 4b8a4bc3-68a1-5d16-f16f-5634ce956d70 (Run Reports) failed in CRON run
Sat Oct 31 09:20:07 2015 [103458][1][FATAL] Job aa00e70e-462e-454f-5daf-5634ce7d9796 (Run Report Generation Scheduled Tasks) failed in CRON run
Sat Oct 31 09:25:03 2015 [110907][1][FATAL] Job 63209f8b-7280-a89f-9eee-5634cf4c05f5 (Run Report Generation Scheduled Tasks) failed in CRON run
Sat Oct 31 09:25:05 2015 [110907][1][FATAL] Job e7b5468b-c88f-8e77-fd7d-5634cfd749db (Run Reports) failed in CRON run
Sat Oct 31 09:30:04 2015 [118029][1][FATAL] Job 1275f3d8-d5f0-5ec0-e355-5634d0b2ba0d (Run Reports) failed in CRON run
Sat Oct 31 09:30:04 2015 [118029][1][FATAL] Job 797bcd58-3a05-d1ec-cfba-5634d052709a (Run Report Generation Scheduled Tasks) failed in CRON run
Sat Oct 31 09:35:03 2015 [125152][1][FATAL] Job 6bad5b17-bca9-ef87-f37a-5634d1eb30f5 (Run Report Generation Scheduled Tasks) failed in CRON run
Sat Oct 31 09:35:05 2015 [125152][1][FATAL] Job d014393e-2fe4-85cb-ac94-5634d1737ddf (Run Reports) failed in CRON run
Sat Oct 31 09:40:03 2015 [1319][1][FATAL] Job 12870562-7f98-eb34-d738-5634d2521218 (Run Reports) failed in CRON run
Sat Oct 31 09:40:03 2015 [1319][1][FATAL] Job 8fc05be1-61b0-824a-787d-5634d24fadf7 (Run Report Generation Scheduled Tasks) failed in CRON run
Sat Oct 31 09:45:06 2015 [7499][1][FATAL] Job 6c31e1c7-aea6-d247-43e5-5634d308e240 (Run Reports) failed in CRON run
Sat Oct 31 09:45:06 2015 [7499][1][FATAL] Job ec5bfc8e-dd75-96bf-34e4-5634d3d594b7 (Run Report Generation Scheduled Tasks) failed in CRON run
Sat Oct 31 09:50:02 2015 [13133][1][FATAL] Job 311fc819-ba8d-3ef0-8a8a-5634d564e4bd (Run Report Generation Scheduled Tasks) failed in CRON run
Sat Oct 31 09:50:05 2015 [13133][1][FATAL] Job c8c6aec8-eacf-491c-716c-5634d599dc7e (Run Reports) failed in CRON run
Sat Oct 31 09:55:07 2015 [19829][1][FATAL] Job 7452d022-39bf-8820-2f54-5634d64e2fc0 (Run Reports) failed in CRON run
Sat Oct 31 09:55:07 2015 [19829][1][FATAL] Job d5386923-b7a0-be39-cfa9-5634d6cac54f (Run Report Generation Scheduled Tasks) failed in CRON run
Sat Oct 31 10:00:04 2015 [26694][1][FATAL] Job 34caf419-dc88-018f-2564-5634d7fb44e6 (Run Report Generation Scheduled Tasks) failed in CRON run
Sat Oct 31 10:00:07 2015 [26694][1][FATAL] Job c98fd681-71a8-8227-31a3-5634d7803b9b (Run Reports) failed in CRON run
Sat Oct 31 10:05:03 2015 [34149][1][FATAL] Job 83a41565-f5d9-989c-b972-5634d85ceadc (Run Report Generation Scheduled Tasks) failed in CRON run
Sat Oct 31 10:05:04 2015 [34149][1][FATAL] Job ee683062-366b-42b2-795c-5634d8802429 (Run Reports) failed in CRON run
Sat Oct 31 10:10:02 2015 [41993][1][FATAL] Job 6e2bb430-33ac-ca76-46b0-5634d92e38d2 (Run Report Generation Scheduled Tasks) failed in CRON run
Sat Oct 31 10:10:04 2015 [41993][1][FATAL] Job ad0798a4-ebae-f281-0810-5634d9fd5cd6 (Run Reports) failed in CRON run
Sat Oct 31 10:15:03 2015 [48729][1][FATAL] Job 1c0a74f8-136f-e4c5-4e3c-5634dac7bf68 (Run Report Generation Scheduled Tasks) failed in CRON run
Sat Oct 31 10:15:07 2015 [48729][1][FATAL] Job adbb5c15-26ee-c9ae-365b-5634daabf7d0 (Run Reports) failed in CRON run
Sat Oct 31 10:20:07 2015 [55652][1][FATAL] Job 3b282d5f-bace-a8d9-0775-5634dc4fd80f (Run Reports) failed in CRON run
Sat Oct 31 10:20:07 2015 [55652][1][FATAL] Job be7d8b78-6240-d9f0-2bca-5634dc8b96ae (Run Report Generation Scheduled Tasks) failed in CRON run
Sat Oct 31 10:25:02 2015 [62338][1][FATAL] Job 4ae1c22c-adc6-f91a-12aa-5634dd4d2028 (Run Report Generation Scheduled Tasks) failed in CRON run
Sat Oct 31 10:25:08 2015 [62338][1][FATAL] Job c704df51-dbba-f18b-f903-5634dd13f0d8 (Run Reports) failed in CRON run
Sat Oct 31 10:30:09 2015 [68473][1][FATAL] Job 8473be65-37f6-1113-8e58-5634de541872 (Run Reports) failed in CRON run
Sat Oct 31 10:30:09 2015 [68473][1][FATAL] Job 9f27a265-28ce-dd3a-c33e-5634dedeb96d (Run Report Generation Scheduled Tasks) failed in CRON run
Sat Oct 31 10:35:02 2015 [75724][1][FATAL] Job 4eb2aa42-45d7-f3c0-602f-5634df5c47f2 (Run Report Generation Scheduled Tasks) failed in CRON run
Sat Oct 31 10:35:05 2015 [75724][1][FATAL] Job c2391538-6b7c-a040-e232-5634df08be23 (Run Reports) failed in CRON run
Sat Oct 31 10:40:04 2015 [82041][1][FATAL] Job 5344ad62-c73b-4caf-0203-5634e00a424f (Run Report Generation Scheduled Tasks) failed in CRON run
Sat Oct 31 10:40:07 2015 [82041][1][FATAL] Job d90f976c-d56d-81b5-0924-5634e0967c0a (Run Reports) failed in CRON run
Sat Oct 31 10:45:05 2015 [87843][1][FATAL] Job 6773ab21-4e5e-e585-f3ec-5634e182fa26 (Run Report Generation Scheduled Tasks) failed in CRON run
Sat Oct 31 10:45:05 2015 [87843][1][FATAL] Job f8570f90-ed4a-45c0-0b67-5634e1b1033e (Run Reports) failed in CRON run
Sat Oct 31 10:50:02 2015 [94042][1][FATAL] Job 4e59a3d5-e8b7-7e25-a45e-5634e3d2ad8f (Run Report Generation Scheduled Tasks) failed in CRON run
Sat Oct 31 10:50:05 2015 [94042][1][FATAL] Job d4e2a393-496b-afe8-5e87-5634e37c1726 (Run Reports) failed in CRON run
Sat Oct 31 10:55:02 2015 [100867][1][FATAL] Job 573966d6-f6be-bad4-4e6b-5634e40437c4 (Run Report Generation Scheduled Tasks) failed in CRON run
Sat Oct 31 10:55:05 2015 [100867][1][FATAL] Job d3130d18-b929-4563-48fd-5634e4812d33 (Run Reports) failed in CRON run
Sat Oct 31 11:00:08 2015 [107057][1][FATAL] Job 4a581a9c-6825-5984-e362-5634e5376706 (Run Reports) failed in CRON run
Sat Oct 31 11:00:08 2015 [107057][1][FATAL] Job a28ac900-f1bd-f13f-bf6d-5634e513397f (Run Report Generation Scheduled Tasks) failed in CRON run
Sat Oct 31 11:05:05 2015 [114806][1][FATAL] Job 3034481a-c01d-8fd3-cbaa-5634e6ff60ee (Run Reports) failed in CRON run
Sat Oct 31 11:05:05 2015 [114806][1][FATAL] Job c40b5620-9f70-1148-5119-5634e6d9d972 (Run Report Generation Scheduled Tasks) failed in CRON run
Sat Oct 31 11:10:06 2015 [122438][1][FATAL] Job 8febedd6-9c36-6c04-1432-5634e76f1a67 (Run Reports) failed in CRON run
Sat Oct 31 11:10:06 2015 [122438][1][FATAL] Job e83626af-ed7c-fe41-4652-5634e7a9ec89 (Run Report Generation Scheduled Tasks) failed in CRON run
Sat Oct 31 11:15:06 2015 [129079][1][FATAL] Job 6d3a2310-3d93-32e8-1d85-5634e982ef8f (Run Reports) failed in CRON run
Sat Oct 31 11:15:06 2015 [129079][1][FATAL] Job cfd3c626-fe27-a988-2b0e-5634e968a191 (Run Report Generation Scheduled Tasks) failed in CRON run
Sat Oct 31 11:20:06 2015 [5564][1][FATAL] Job 4a2a71a5-9d49-9c3f-d1d6-5634ea52a18c (Run Reports) failed in CRON run
Sat Oct 31 11:20:06 2015 [5564][1][FATAL] Job ac010878-2038-adc6-440b-5634ead8787a (Run Report Generation Scheduled Tasks) failed in CRON run
Sat Oct 31 11:25:03 2015 [12678][1][FATAL] Job 16950860-26bc-bde8-aff7-5634ebaa0ec3 (Run Reports) failed in CRON run
Sat Oct 31 11:25:03 2015 [12678][1][FATAL] Job 95bb9eaf-0d92-1386-e64e-5634eb52629f (Run Report Generation Scheduled Tasks) failed in CRON run
Sat Oct 31 11:30:06 2015 [19616][1][FATAL] Job 2f870d32-22e6-84e0-a073-5634eccc5499 (Run Reports) failed in CRON run
Sat Oct 31 11:30:06 2015 [19616][1][FATAL] Job 9bb9940d-69bf-c870-97e3-5634ec95c366 (Run Report Generation Scheduled Tasks) failed in CRON run
Sat Oct 31 11:35:07 2015 [27082][1][FATAL] Job 4326012c-e4c1-dec9-5486-5634ed6742e5 (Run Reports) failed in CRON run
Sat Oct 31 11:35:07 2015 [27082][1][FATAL] Job 7064b69b-384d-376e-2f37-5634edb87d3e (Run Report Generation Scheduled Tasks) failed in CRON run
Sat Oct 31 11:40:06 2015 [33490][1][FATAL] Job 3bd9a9e6-3eb4-d0f0-1f6e-5634eeeeb376 (Run Reports) failed in CRON run
Sat Oct 31 11:40:06 2015 [33490][1][FATAL] Job 9d1507ca-84cd-ee35-9976-5634eebe9823 (Run Report Generation Scheduled Tasks) failed in CRON run
Sat Oct 31 11:45:05 2015 [40941][1][FATAL] Job 6b2b5f5b-b300-20f3-66d1-5634f0920bf7 (Run Reports) failed in CRON run
Sat Oct 31 11:45:05 2015 [40941][1][FATAL] Job 8e540e0f-661b-430a-12f4-5634f061e014 (Run Report Generation Scheduled Tasks) failed in CRON run
Sat Oct 31 11:50:03 2015 [48895][1][FATAL] Job 11413b66-8569-5ca4-cf4f-5634f1eb9c10 (Run Reports) failed in CRON run
Sat Oct 31 11:50:03 2015 [48895][1][FATAL] Job 80988045-7858-b606-9375-5634f1df6f9d (Run Report Generation Scheduled Tasks) failed in CRON run
Sat Oct 31 11:55:02 2015 [57017][1][FATAL] Job 7555b540-8a76-4882-d992-5634f202e00f (Run Report Generation Scheduled Tasks) failed in CRON run
Sat Oct 31 11:55:05 2015 [57017][1][FATAL] Job bde9519f-4b78-ca4e-a819-5634f234c4e3 (Run Reports) failed in CRON run
Sat Oct 31 12:05:02 2015 [82822][1][FATAL] Job 2c619ed2-c89a-323c-a2ce-5634f3f77831 (Optimise AOD Index) failed in CRON run
Sat Oct 31 12:10:05 2015 [90473][1][FATAL] Job 6628ae0a-d403-798f-7dd5-5634f33084bf (Run Report Generation Scheduled Tasks) failed in CRON run
Sat Oct 31 12:10:05 2015 [90473][1][FATAL] Job 68f39ab9-3749-8c61-3249-5634f3a14faa (Run Reports) failed in CRON run
Sat Oct 31 12:15:05 2015 [98388][1][FATAL] Job 46d334bb-5efd-d303-ded1-5634f72ceb6f (Run Reports) failed in CRON run
Sat Oct 31 12:15:05 2015 [98388][1][FATAL] Job b0d72774-7003-fc95-486c-5634f7b88339 (Run Report Generation Scheduled Tasks) failed in CRON run
Sat Oct 31 12:20:05 2015 [105995][1][FATAL] Job 893d5332-9771-bd65-fb7c-5634f8d30ce5 (Run Reports) failed in CRON run
Sat Oct 31 12:20:05 2015 [105995][1][FATAL] Job 971d03f8-fa5d-a19b-e033-5634f89d83d6 (Run Report Generation Scheduled Tasks) failed in CRON run
Sat Oct 31 12:25:03 2015 [115122][1][FATAL] Job 3aaf0a8c-42bf-6dbc-3193-5634f953f084 (Run Reports) failed in CRON run
Sat Oct 31 12:25:03 2015 [115122][1][FATAL] Job a9d60a66-33a0-a149-3324-5634f9c03511 (Run Report Generation Scheduled Tasks) failed in CRON run
Sat Oct 31 12:30:06 2015 [123647][1][FATAL] Job 10ef8820-1142-1692-1720-5634fa716809 (Run Report Generation Scheduled Tasks) failed in CRON run
Sat Oct 31 12:30:09 2015 [123647][1][FATAL] Job b85c059e-2a70-6a65-2f88-5634fad54a56 (Run Reports) failed in CRON run
Sat Oct 31 12:35:06 2015 [1929][1][FATAL] Job 6efaa3c8-18dd-cc7c-198f-5634fb43578e (Run Reports) failed in CRON run
Sat Oct 31 12:35:06 2015 [1929][1][FATAL] Job d3b513f9-54a7-c66a-9e09-5634fbfdb643 (Run Report Generation Scheduled Tasks) failed in CRON run
Sat Oct 31 12:40:04 2015 [10963][1][FATAL] Job 5acb0b17-0dec-7d29-211f-5634fcc9a89f (Run Reports) failed in CRON run
Sat Oct 31 12:40:04 2015 [10963][1][FATAL] Job b31b206d-e26a-a7c4-e0c7-5634fce1101d (Run Report Generation Scheduled Tasks) failed in CRON run
Sat Oct 31 12:45:03 2015 [20739][1][FATAL] Job 82b3ac3d-630b-3cb0-a34f-5634fe4c2a56 (Run Report Generation Scheduled Tasks) failed in CRON run
Sat Oct 31 12:45:06 2015 [20739][1][FATAL] Job cad71fd3-5d46-a722-4f9a-5634fecf8a4a (Run Reports) failed in CRON run
Sat Oct 31 12:50:03 2015 [29299][1][FATAL] Job 110716d5-03d3-cbf4-836c-5634ff4894f2 (Run Report Generation Scheduled Tasks) failed in CRON run
Sat Oct 31 12:50:06 2015 [29299][1][FATAL] Job bea9ee3c-1efa-bd85-f366-5634ffd5f3d9 (Run Reports) failed in CRON run
Sat Oct 31 12:55:02 2015 [36574][1][FATAL] Job 3556471d-8739-b542-f867-5635007d655d (Run Report Generation Scheduled Tasks) failed in CRON run
Sat Oct 31 12:55:04 2015 [36574][1][FATAL] Job 9ca2ad74-3fd5-5b3e-d33d-56350012f281 (Run Reports) failed in CRON run
Sat Oct 31 13:00:11 2015 [43248][1][FATAL] Job 32f331fe-0db6-b9ed-1adc-56350133b477 (Run Report Generation Scheduled Tasks) failed in CRON run
Sat Oct 31 13:00:11 2015 [43248][1][FATAL] Job 4a2945f9-c984-41e1-6731-563501090b51 (Run Reports) failed in CRON run
Sat Oct 31 13:05:02 2015 [50444][1][FATAL] Job 620e2e4b-7080-1cb7-6d6d-5635022a4224 (Run Report Generation Scheduled Tasks) failed in CRON run
Sat Oct 31 13:05:05 2015 [50444][1][FATAL] Job ad910671-8d0f-906f-6fe7-563502abfe87 (Run Reports) failed in CRON run
Sat Oct 31 13:10:06 2015 [57605][1][FATAL] Job 42c5efaa-af3a-2b93-6255-563503c43573 (Run Reports) failed in CRON run
Sat Oct 31 13:10:06 2015 [57605][1][FATAL] Job a6b49bdd-3601-ca1a-133c-563503936d24 (Run Report Generation Scheduled Tasks) failed in CRON run
Sat Oct 31 13:15:05 2015 [65253][1][FATAL] Job 3743e471-d1b8-ee61-b12d-563505586a22 (Run Reports) failed in CRON run
Sat Oct 31 13:15:05 2015 [65253][1][FATAL] Job cad4e8fb-a28b-193f-084f-56350556de3d (Run Report Generation Scheduled Tasks) failed in CRON run
Sat Oct 31 13:20:03 2015 [73606][1][FATAL] Job 5620a57a-9bc0-9f41-3bb3-563506525d51 (Run Report Generation Scheduled Tasks) failed in CRON run
Sat Oct 31 13:20:06 2015 [73606][1][FATAL] Job ac7be200-9ce8-4f43-ae87-563506a841d6 (Run Reports) failed in CRON run
Sat Oct 31 13:25:02 2015 [80973][1][FATAL] Job 6d1c7015-ccc4-5f6e-9d48-5635070a5a0a (Run Report Generation Scheduled Tasks) failed in CRON run
Sat Oct 31 13:25:05 2015 [80973][1][FATAL] Job d98c241e-9fcc-7387-62b1-56350736f075 (Run Reports) failed in CRON run
Sat Oct 31 13:30:04 2015 [87802][1][FATAL] Job 62907437-c8f7-c114-0314-56350889dfe2 (Run Report Generation Scheduled Tasks) failed in CRON run
Sat Oct 31 13:30:05 2015 [87802][1][FATAL] Job b526e942-4a2f-7c75-9b8d-563508fc199e (Run Reports) failed in CRON run
Sat Oct 31 13:35:02 2015 [95450][1][FATAL] Job 314f84db-b40a-d4e3-464f-56350953de4a (Run Report Generation Scheduled Tasks) failed in CRON run
Sat Oct 31 13:35:04 2015 [95450][1][FATAL] Job 85b30c03-defa-d211-24bc-5635090d7ee4 (Run Reports) failed in CRON run
Sat Oct 31 13:40:02 2015 [103891][1][FATAL] Job 56f9ce55-3afc-0514-8347-56350bac3eec (Run Report Generation Scheduled Tasks) failed in CRON run
Sat Oct 31 13:40:05 2015 [103891][1][FATAL] Job c3da1938-5c0b-9b80-3c90-56350bcee944 (Run Reports) failed in CRON run
Sat Oct 31 13:45:04 2015 [111022][1][FATAL] Job 53f31b68-62b8-a2a3-5449-56350c217100 (Run Report Generation Scheduled Tasks) failed in CRON run
Sat Oct 31 13:45:06 2015 [111022][1][FATAL] Job ec690cd2-6a57-e737-6770-56350c82512a (Run Reports) failed in CRON run
Sat Oct 31 13:50:07 2015 [119882][1][FATAL] Job 74baba5a-825e-0216-f170-56350d502b1d (Run Reports) failed in CRON run
Sat Oct 31 13:50:07 2015 [119882][1][FATAL] Job ddb3f1b7-f7f9-bb5e-185c-56350da32bb7 (Run Report Generation Scheduled Tasks) failed in CRON run
Sat Oct 31 13:55:07 2015 [127335][1][FATAL] Job af13efe2-9784-38db-d909-56350ef4e033 (Run Reports) failed in CRON run
Sat Oct 31 13:55:07 2015 [127335][1][FATAL] Job ddf1b530-6c82-f455-1636-56350ed35abe (Run Report Generation Scheduled Tasks) failed in CRON run
Sat Oct 31 14:00:06 2015 [4669][1][FATAL] Job 2bf60a61-76a2-bebb-c4e6-56350fc59ff6 (Run Report Generation Scheduled Tasks) failed in CRON run
Sat Oct 31 14:00:15 2015 [4669][1][FATAL] Job 48fc5246-90c1-d119-7779-56350f12c77d (Run Reports) failed in CRON run
Sat Oct 31 14:05:02 2015 [12996][1][FATAL] Job 20cd63df-a2af-61fd-c19e-56351041555b (Run Report Generation Scheduled Tasks) failed in CRON run
Sat Oct 31 14:05:04 2015 [12996][1][FATAL] Job 63e46acd-4e72-00cd-48d8-563510f73e5f (Run Reports) failed in CRON run
Sat Oct 31 14:10:04 2015 [21066][1][FATAL] Job 3e351bad-e0e2-43c4-1aa5-563512d1920c (Run Report Generation Scheduled Tasks) failed in CRON run
Sat Oct 31 14:10:07 2015 [21066][1][FATAL] Job ed2aabf8-d77f-3777-4852-563512a31d04 (Run Reports) failed in CRON run
Sat Oct 31 14:15:05 2015 [28807][1][FATAL] Job a06cbb90-f409-770f-0990-5635130994d3 (Run Reports) failed in CRON run
Sat Oct 31 14:15:05 2015 [28807][1][FATAL] Job bc420605-34b2-9dfa-15ef-563513447971 (Run Report Generation Scheduled Tasks) failed in CRON run
Sat Oct 31 14:20:06 2015 [36834][1][FATAL] Job 5c0bb745-a3b2-01c4-5246-5635143c95eb (Run Reports) failed in CRON run
Sat Oct 31 14:20:06 2015 [36834][1][FATAL] Job b05d741e-a712-e22c-7008-5635141c4e68 (Run Report Generation Scheduled Tasks) failed in CRON run
Sat Oct 31 14:25:02 2015 [44222][1][FATAL] Job 73a3f773-91b4-6c1b-7150-563515910822 (Run Report Generation Scheduled Tasks) failed in CRON run
Sat Oct 31 14:25:05 2015 [44222][1][FATAL] Job c5547215-dda0-a49b-13fc-563515e9ab1a (Run Reports) failed in CRON run
Sat Oct 31 14:30:04 2015 [52507][1][FATAL] Job 1e51c59c-c7c0-06c8-1f3e-563516980ed7 (Run Report Generation Scheduled Tasks) failed in CRON run
Sat Oct 31 14:30:07 2015 [52507][1][FATAL] Job 9162fc17-8980-bd31-d6f1-5635163a5f93 (Run Reports) failed in CRON run
Sat Oct 31 14:35:04 2015 [60204][1][FATAL] Job 1a0da3df-c5ae-7f80-5da5-5635176c3df6 (Run Reports) failed in CRON run
Sat Oct 31 14:35:04 2015 [60204][1][FATAL] Job 73168185-3195-5c93-6ad2-563517218f4d (Run Report Generation Scheduled Tasks) failed in CRON run
Sat Oct 31 14:40:07 2015 [67877][1][FATAL] Job a9068e92-3b0f-640a-eefc-563519491210 (Run Reports) failed in CRON run
Sat Oct 31 14:40:07 2015 [67877][1][FATAL] Job d8ef4b22-ed16-fc5b-2138-563519003b43 (Run Report Generation Scheduled Tasks) failed in CRON run
Sat Oct 31 14:45:04 2015 [75352][1][FATAL] Job 5433012f-d2c1-ef3f-2f2e-56351a27df43 (Run Report Generation Scheduled Tasks) failed in CRON run
Sat Oct 31 14:45:07 2015 [75352][1][FATAL] Job efe0053a-de73-64c6-a543-56351a93b414 (Run Reports) failed in CRON run
Sat Oct 31 14:50:04 2015 [83101][1][FATAL] Job 6537ef6c-98ce-2f59-1b92-56351bba4d2e (Run Report Generation Scheduled Tasks) failed in CRON run
Sat Oct 31 14:50:06 2015 [83101][1][FATAL] Job eb6c4dd2-37ed-f838-a439-56351b5f0a2d (Run Reports) failed in CRON run
Sat Oct 31 14:55:03 2015 [90917][1][FATAL] Job 1c32ccbf-deb0-51db-f640-56351c88ebfa (Run Report Generation Scheduled Tasks) failed in CRON run
Sat Oct 31 14:55:05 2015 [90917][1][FATAL] Job 8b85162f-b9ee-5e67-b463-56351c17f26b (Run Reports) failed in CRON run
Sat Oct 31 15:00:09 2015 [98718][1][FATAL] Job 16ca7845-f128-0a78-0676-56351d10c04a (Optimise AOD Index) failed in CRON run
Sat Oct 31 15:05:03 2015 [106464][1][FATAL] Job 56bca91f-72a5-27a0-4bd8-56351dc3c044 (Run Report Generation Scheduled Tasks) failed in CRON run
Sat Oct 31 15:05:06 2015 [106464][1][FATAL] Job 76191072-bf65-63cd-3b31-56351d0c6634 (Run Reports) failed in CRON run
Sat Oct 31 15:10:05 2015 [113681][1][FATAL] Job 2fcf1aa6-1820-3a1e-52c0-5635208dd5e4 (Run Reports) failed in CRON run
Sat Oct 31 15:10:05 2015 [113681][1][FATAL] Job a1636edf-62af-6510-c42e-5635207e7b11 (Run Report Generation Scheduled Tasks) failed in CRON run
Sat Oct 31 15:15:03 2015 [120462][1][FATAL] Job 16b7ef3c-0748-e865-03a8-56352171644d (Run Report Generation Scheduled Tasks) failed in CRON run
Sat Oct 31 15:15:08 2015 [120462][1][FATAL] Job ba6956e4-0ab5-c64e-4dc7-56352116ee0e (Run Reports) failed in CRON run
Sat Oct 31 15:20:06 2015 [127912][1][FATAL] Job 8a063300-373a-c76d-ace2-56352236a03c (Run Reports) failed in CRON run
Sat Oct 31 15:20:06 2015 [127912][1][FATAL] Job c80f5d9a-3598-7319-0106-5635225d5d82 (Run Report Generation Scheduled Tasks) failed in CRON run
Sat Oct 31 15:25:06 2015 [4005][1][FATAL] Job 390eb38c-ab4c-09f3-c3f5-563523fd9a6e (Run Reports) failed in CRON run
Sat Oct 31 15:25:06 2015 [4005][1][FATAL] Job a5341551-194f-d010-7de9-5635232aeb28 (Run Report Generation Scheduled Tasks) failed in CRON run
Sat Oct 31 15:30:07 2015 [10474][1][FATAL] Job 44e37574-90bc-aa5e-cbec-56352488e78b (Run Reports) failed in CRON run
Sat Oct 31 15:30:07 2015 [10474][1][FATAL] Job a9195a36-33c8-ddaa-fe65-56352460ef7d (Run Report Generation Scheduled Tasks) failed in CRON run
Sat Oct 31 15:35:07 2015 [16770][1][FATAL] Job 66ccf79e-315f-62df-825c-563525a78236 (Run Reports) failed in CRON run
Sat Oct 31 15:35:07 2015 [16770][1][FATAL] Job eec13986-97a8-5dee-597a-5635256cb445 (Run Report Generation Scheduled Tasks) failed in CRON run
Sat Oct 31 15:40:02 2015 [23783][1][FATAL] Job 90cfa2ec-0090-8f9a-4fcf-563527d60941 (Run Report Generation Scheduled Tasks) failed in CRON run
Sat Oct 31 15:40:04 2015 [23783][1][FATAL] Job d7bb9d46-dc7c-71ce-d412-5635276e5ae9 (Run Reports) failed in CRON run
Sat Oct 31 15:45:05 2015 [30045][1][FATAL] Job 3cc9eb44-31ae-e781-12b6-563528e5e394 (Run Reports) failed in CRON run
Sat Oct 31 15:45:05 2015 [30045][1][FATAL] Job e61155ae-f983-ef43-980b-5635281cb7a9 (Run Report Generation Scheduled Tasks) failed in CRON run
Sat Oct 31 15:50:08 2015 [35970][1][FATAL] Job 97f456f4-8fd0-b4f5-59f8-563529f2ca02 (Run Reports) failed in CRON run
Sat Oct 31 15:50:08 2015 [35970][1][FATAL] Job ebae0f8e-3f48-fa7c-5234-563529451dc1 (Run Report Generation Scheduled Tasks) failed in CRON run
Sat Oct 31 15:55:02 2015 [42719][1][FATAL] Job 8cc39454-a708-ccda-c506-56352afbc52e (Run Report Generation Scheduled Tasks) failed in CRON run
Sat Oct 31 15:55:05 2015 [42719][1][FATAL] Job de3ce06b-0c72-dc93-ee6a-56352a95926b (Run Reports) failed in CRON run
Sat Oct 31 16:00:04 2015 [48673][1][FATAL] Job 33915ea3-d693-09ed-f01b-56352b247196 (Run Report Generation Scheduled Tasks) failed in CRON run
Sat Oct 31 16:00:07 2015 [48673][1][FATAL] Job a58e13ea-9e7a-8b21-5bbd-56352b39ea10 (Run Reports) failed in CRON run
Sat Oct 31 16:05:03 2015 [55784][1][FATAL] Job 443f35c6-9bb6-1325-5880-56352c14b724 (Run Report Generation Scheduled Tasks) failed in CRON run
Sat Oct 31 16:05:07 2015 [55784][1][FATAL] Job be17ba4d-616b-2151-0d5b-56352c134190 (Run Reports) failed in CRON run
Sat Oct 31 16:10:05 2015 [63150][1][FATAL] Job 49e8dc4c-705a-a780-c5aa-56352e89b7d2 (Run Reports) failed in CRON run
Sat Oct 31 16:10:05 2015 [63150][1][FATAL] Job cca72944-5496-6d24-b09d-56352ea5b5d9 (Run Report Generation Scheduled Tasks) failed in CRON run
Sat Oct 31 16:15:03 2015 [69259][1][FATAL] Job 576e9a0d-0398-45f6-ca75-56352ff132e4 (Run Report Generation Scheduled Tasks) failed in CRON run
Sat Oct 31 16:15:06 2015 [69259][1][FATAL] Job c97802af-4125-ac97-620a-56352fab028e (Run Reports) failed in CRON run
Sat Oct 31 16:20:05 2015 [75423][1][FATAL] Job 7b489559-515f-4212-a994-56353082f463 (Run Reports) failed in CRON run
Sat Oct 31 16:20:05 2015 [75423][1][FATAL] Job e631f99b-836f-e945-8fe4-5635307871fc (Run Report Generation Scheduled Tasks) failed in CRON run
Sat Oct 31 16:25:03 2015 [82341][1][FATAL] Job 219804ae-e60e-c060-d74b-5635311ab89b (Run Reports) failed in CRON run
Sat Oct 31 16:25:03 2015 [82341][1][FATAL] Job 765ce38c-554b-0642-ce6d-563531dbf2b4 (Run Report Generation Scheduled Tasks) failed in CRON run
Sat Oct 31 16:30:04 2015 [88277][1][FATAL] Job 2c3c146b-eb56-60b2-c759-5635323b94dc (Run Report Generation Scheduled Tasks) failed in CRON run
Sat Oct 31 16:30:09 2015 [88277][1][FATAL] Job bd4e0ce3-2e04-4e4f-f081-563532f65305 (Run Reports) failed in CRON run
Sat Oct 31 16:35:06 2015 [95079][1][FATAL] Job 49a1d505-c3ad-b0b9-9cb0-563534cc81e8 (Run Reports) failed in CRON run
Sat Oct 31 16:35:06 2015 [95079][1][FATAL] Job 9f5b7893-2f97-1b46-57c3-5635346b212a (Run Report Generation Scheduled Tasks) failed in CRON run
Sat Oct 31 16:40:06 2015 [103067][1][FATAL] Job 38012756-7da6-746a-9426-5635357d9e83 (Run Reports) failed in CRON run
Sat Oct 31 16:40:06 2015 [103067][1][FATAL] Job bd8fad10-fca3-4136-e9f9-563535c12638 (Run Report Generation Scheduled Tasks) failed in CRON run
Sat Oct 31 16:45:06 2015 [110464][1][FATAL] Job 2f5c0645-caf9-591d-9373-5635362fb88f (Run Reports) failed in CRON run
Sat Oct 31 16:45:06 2015 [110464][1][FATAL] Job 95a7df7b-b658-9dd6-22b6-563536355d6a (Run Report Generation Scheduled Tasks) failed in CRON run
Sat Oct 31 16:50:03 2015 [116803][1][FATAL] Job a1a83af0-4b9e-32ea-3f0e-56353723cca6 (Run Report Generation Scheduled Tasks) failed in CRON run
Sat Oct 31 16:50:03 2015 [116803][1][FATAL] Job a84e03ad-66ac-7b64-3aa8-56353738d21b (Run Reports) failed in CRON run
Sat Oct 31 16:55:06 2015 [123151][1][FATAL] Job 6e0a50a3-99b4-ccc3-cd91-56353807684d (Run Reports) failed in CRON run
Sat Oct 31 16:55:06 2015 [123151][1][FATAL] Job cb2f562f-5dc2-3f8c-feec-563538ba4a92 (Run Report Generation Scheduled Tasks) failed in CRON run
Sat Oct 31 17:00:05 2015 [129329][1][FATAL] Job 243c2a9e-9c7d-a79e-f281-56353924536b (Run Report Generation Scheduled Tasks) failed in CRON run
Sat Oct 31 17:00:09 2015 [129329][1][FATAL] Job d320cf3e-daa9-54d7-af9c-5635391d0fb7 (Run Reports) failed in CRON run
Sat Oct 31 17:05:06 2015 [5208][1][FATAL] Job 4ce00fb2-46a7-a76c-02c1-56353b850102 (Run Reports) failed in CRON run
Sat Oct 31 17:05:06 2015 [5208][1][FATAL] Job b2748437-aeb9-68b0-6f22-56353b22fb0e (Run Report Generation Scheduled Tasks) failed in CRON run
Sat Oct 31 17:10:03 2015 [11954][1][FATAL] Job 559b04cd-43dc-1959-9552-56353ccb319c (Run Report Generation Scheduled Tasks) failed in CRON run
Sat Oct 31 17:10:09 2015 [11954][1][FATAL] Job c0b9e106-f94c-bb19-f3d4-56353cb83a6b (Run Reports) failed in CRON run
Sat Oct 31 17:15:11 2015 [18300][1][FATAL] Job 499e1992-f878-d06b-599d-56353d628e1f (Run Reports) failed in CRON run
Sat Oct 31 17:15:11 2015 [18300][1][FATAL] Job 8d706ded-407e-317e-88f2-56353db3797c (Run Report Generation Scheduled Tasks) failed in CRON run
Sat Oct 31 17:20:06 2015 [24569][1][FATAL] Job 5a3baeea-cc7c-4d1b-aa6f-56353e4ff743 (Run Reports) failed in CRON run
Sat Oct 31 17:20:06 2015 [24569][1][FATAL] Job d02e6284-5878-7bda-99de-56353ed620da (Run Report Generation Scheduled Tasks) failed in CRON run
Sat Oct 31 17:25:03 2015 [30628][1][FATAL] Job 5bba0f29-dc17-8c3c-fc3f-56353ffd4bd0 (Run Report Generation Scheduled Tasks) failed in CRON run
Sat Oct 31 17:25:08 2015 [30628][1][FATAL] Job aecaa088-5bc7-0e4b-23a0-56353f5263ad (Run Reports) failed in CRON run
Sat Oct 31 17:30:04 2015 [35963][1][FATAL] Job 491969d8-df48-68f0-411b-563540da722e (Run Report Generation Scheduled Tasks) failed in CRON run
Sat Oct 31 17:30:07 2015 [35963][1][FATAL] Job d993783d-d033-a7a2-cc11-563540ec23eb (Run Reports) failed in CRON run
Sat Oct 31 17:35:03 2015 [42053][1][FATAL] Job 175f1fb4-009b-4b4f-1305-56354291aa2c (Run Reports) failed in CRON run
Sat Oct 31 17:35:06 2015 [42053][1][FATAL] Job 8ebd693f-34f6-fa29-c6f9-5635420659a5 (Run Report Generation Scheduled Tasks) failed in CRON run
Sat Oct 31 17:40:05 2015 [47990][1][FATAL] Job 386e8998-dce1-3e2b-19ea-56354338692a (Run Reports) failed in CRON run
Sat Oct 31 17:40:05 2015 [47990][1][FATAL] Job c743666b-b092-93b8-7f8a-563543afdbfe (Run Report Generation Scheduled Tasks) failed in CRON run
Sat Oct 31 17:45:03 2015 [53890][1][FATAL] Job 14a38e65-61d0-e2ed-d3d5-5635448ce497 (Run Report Generation Scheduled Tasks) failed in CRON run
Sat Oct 31 17:45:06 2015 [53890][1][FATAL] Job affef851-7ccb-6c50-74c2-5635448a397f (Run Reports) failed in CRON run
Sat Oct 31 17:50:04 2015 [59724][1][FATAL] Job 5a82f334-33e5-9472-b6b5-563545112ec3 (Run Report Generation Scheduled Tasks) failed in CRON run
Sat Oct 31 17:50:06 2015 [59724][1][FATAL] Job e6c9c564-e7f7-7578-bd5a-563545ae6dad (Run Reports) failed in CRON run
Sat Oct 31 17:55:02 2015 [65507][1][FATAL] Job 2f087090-6f78-a2f6-e412-563546c0c30e (Run Report Generation Scheduled Tasks) failed in CRON run
Sat Oct 31 17:55:05 2015 [65507][1][FATAL] Job 8326089c-b2ce-b936-9fd1-563546f0cc52 (Run Reports) failed in CRON run
Sat Oct 31 18:00:07 2015 [71348][1][FATAL] Job 2cdc54b2-0159-304b-0d42-5635475a4d23 (Run Report Generation Scheduled Tasks) failed in CRON run
Sat Oct 31 18:00:07 2015 [71348][1][FATAL] Job 3d97e5ef-b468-daa1-428c-56354784463e (Run Reports) failed in CRON run
Sat Oct 31 18:00:17 2015 [71348][1][FATAL] Job b41493e3-3369-992c-b751-563547f9a7db (Perform Lucene Index) failed in CRON run
Sat Oct 31 18:05:03 2015 [78081][1][FATAL] Job c144a131-4017-35c6-a060-5635476b8885 (Optimise AOD Index) failed in CRON run
Sat Oct 31 18:10:05 2015 [85463][1][FATAL] Job 9926c470-d7c7-d70f-db3f-563549f79318 (Run Reports) failed in CRON run
Sat Oct 31 18:10:05 2015 [85463][1][FATAL] Job bc610b65-de75-4c51-3ee0-563549f06af8 (Run Report Generation Scheduled Tasks) failed in CRON run
Sat Oct 31 18:15:03 2015 [91604][1][FATAL] Job 430ac738-4c4d-a765-a80d-56354b99346c (Run Report Generation Scheduled Tasks) failed in CRON run
Sat Oct 31 18:15:05 2015 [91604][1][FATAL] Job b327bca3-47dc-2658-8efb-56354b61eacb (Run Reports) failed in CRON run
Sat Oct 31 18:20:02 2015 [97974][1][FATAL] Job 3c199db3-5fab-f592-3e10-56354c28ca2d (Run Report Generation Scheduled Tasks) failed in CRON run
Sat Oct 31 18:20:05 2015 [97974][1][FATAL] Job 93827a5c-3d6b-6090-2f7a-56354c8b3288 (Run Reports) failed in CRON run
Sat Oct 31 18:25:05 2015 [104285][1][FATAL] Job 51575492-ad06-87c2-2915-56354d7224df (Run Reports) failed in CRON run
Sat Oct 31 18:25:05 2015 [104285][1][FATAL] Job ba3a00b3-4019-a1bc-a62f-56354d68d87b (Run Report Generation Scheduled Tasks) failed in CRON run
Sat Oct 31 18:30:06 2015 [111354][1][FATAL] Job 4e735fcc-c3c5-4748-8a0d-56354ed9c24a (Run Reports) failed in CRON run
Sat Oct 31 18:30:06 2015 [111354][1][FATAL] Job e5185599-5f9a-9818-df13-56354e1578f0 (Run Report Generation Scheduled Tasks) failed in CRON run
Sat Oct 31 18:35:04 2015 [118977][1][FATAL] Job 88c00c42-6c8c-3d63-5935-5635502a7891 (Run Report Generation Scheduled Tasks) failed in CRON run
Sat Oct 31 18:35:04 2015 [118977][1][FATAL] Job 89d00838-9d4f-1c60-b4c1-56355045b29b (Run Reports) failed in CRON run
Sat Oct 31 18:40:08 2015 [125575][1][FATAL] Job b9fb2b4c-5508-641e-24a0-563551d14e99 (Run Reports) failed in CRON run
Sat Oct 31 18:40:08 2015 [125575][1][FATAL] Job eda3acba-5a77-9666-d255-56355190e287 (Run Report Generation Scheduled Tasks) failed in CRON run
Sat Oct 31 18:45:02 2015 [2148][1][FATAL] Job 7f7665b2-095b-1108-cb27-56355202dd41 (Run Report Generation Scheduled Tasks) failed in CRON run
Sat Oct 31 18:45:05 2015 [2148][1][FATAL] Job e5cb2cd2-a1bb-c65f-c814-5635521d5e55 (Run Reports) failed in CRON run
Sat Oct 31 18:50:06 2015 [8605][1][FATAL] Job 4a3ca44e-ce5f-659b-d737-563553459a6f (Run Reports) failed in CRON run
Sat Oct 31 18:50:06 2015 [8605][1][FATAL] Job a877c847-c2cd-1ca7-2e9b-563553c7f3cc (Run Report Generation Scheduled Tasks) failed in CRON run
Sat Oct 31 18:55:05 2015 [15626][1][FATAL] Job 343359c9-2bbd-b12e-a72d-5635541a797a (Run Reports) failed in CRON run
Sat Oct 31 18:55:05 2015 [15626][1][FATAL] Job d6571b9d-0fc3-3ff9-162e-56355434e235 (Run Report Generation Scheduled Tasks) failed in CRON run
Sat Oct 31 19:00:10 2015 [22816][1][FATAL] Job 3efd01bd-8a6a-afec-4727-5635562411f8 (Run Reports) failed in CRON run
Sat Oct 31 19:00:10 2015 [22816][1][FATAL] Job 9bb5c41c-cf1d-5ed9-03ee-5635561ae467 (Run Report Generation Scheduled Tasks) failed in CRON run
Sat Oct 31 19:05:02 2015 [29779][1][FATAL] Job 6f92ca55-5698-24b5-976f-56355761db73 (Run Report Generation Scheduled Tasks) failed in CRON run
Sat Oct 31 19:05:05 2015 [29779][1][FATAL] Job cf1e06f6-7ac7-7743-26b6-563557230416 (Run Reports) failed in CRON run
Sat Oct 31 19:10:02 2015 [36312][1][FATAL] Job 209da2d7-f409-a6e4-477c-563558ebdf4f (Run Report Generation Scheduled Tasks) failed in CRON run
Sat Oct 31 19:10:05 2015 [36312][1][FATAL] Job 6d81a25e-fcb3-e79a-4198-563558fb2759 (Run Reports) failed in CRON run
Sat Oct 31 19:15:05 2015 [43513][1][FATAL] Job 522f8188-36de-bc68-5c7e-56355972d3d1 (Run Reports) failed in CRON run
Sat Oct 31 19:15:05 2015 [43513][1][FATAL] Job b6ea2fc6-a786-d861-5770-56355952346d (Run Report Generation Scheduled Tasks) failed in CRON run
Sat Oct 31 19:20:02 2015 [50606][1][FATAL] Job 2927aa51-70d4-92bb-d609-56355ab7c8d3 (Run Report Generation Scheduled Tasks) failed in CRON run
Sat Oct 31 19:20:04 2015 [50606][1][FATAL] Job c47f8a3d-a13d-180e-f43e-56355a61dac6 (Run Reports) failed in CRON run
Sat Oct 31 19:25:07 2015 [57641][1][FATAL] Job 869ae95d-03c7-c0b7-cb56-56355bd61f34 (Run Reports) failed in CRON run
Sat Oct 31 19:25:07 2015 [57641][1][FATAL] Job dcb23bdc-bbbe-40f3-ab6d-56355b007a25 (Run Report Generation Scheduled Tasks) failed in CRON run
Sat Oct 31 19:30:04 2015 [69808][1][FATAL] Job 89139be3-6621-a093-332d-56355da1e7ce (Run Report Generation Scheduled Tasks) failed in CRON run
Sat Oct 31 19:30:06 2015 [69808][1][FATAL] Job efe1c84c-4c82-785b-f2af-56355d685a75 (Run Reports) failed in CRON run
Sat Oct 31 19:35:05 2015 [77532][1][FATAL] Job 49c5078e-ebd1-2e1f-4c06-56355e28220d (Run Reports) failed in CRON run
Sat Oct 31 19:35:05 2015 [77532][1][FATAL] Job c3b33f25-6a76-42f5-b174-56355e1bc81f (Run Report Generation Scheduled Tasks) failed in CRON run
Sat Oct 31 19:40:03 2015 [84443][1][FATAL] Job 293c2153-b5b4-79cf-287c-56355f631731 (Run Report Generation Scheduled Tasks) failed in CRON run
Sat Oct 31 19:40:08 2015 [84443][1][FATAL] Job a3c741ea-88ea-aa15-5ece-56355fe94501 (Run Reports) failed in CRON run
Sat Oct 31 19:45:08 2015 [90532][1][FATAL] Job 88899233-4a5d-96c6-6db3-5635600e8c61 (Run Reports) failed in CRON run
Sat Oct 31 19:45:08 2015 [90532][1][FATAL] Job ee562193-f850-d5a8-0a62-5635608d2f61 (Run Report Generation Scheduled Tasks) failed in CRON run
Sat Oct 31 19:50:06 2015 [96775][1][FATAL] Job 4774d684-8f00-51d4-df42-563561d84d0d (Run Reports) failed in CRON run
Sat Oct 31 19:50:06 2015 [96775][1][FATAL] Job d7f81a85-3bb9-13fd-2b74-563561c8f40c (Run Report Generation Scheduled Tasks) failed in CRON run
Sat Oct 31 19:55:03 2015 [102826][1][FATAL] Job 1ee1d064-512b-1ee4-43b3-563562da6831 (Run Report Generation Scheduled Tasks) failed in CRON run
Sat Oct 31 19:55:05 2015 [102826][1][FATAL] Job 8875b49e-275c-eedc-bfdf-5635625c749b (Run Reports) failed in CRON run
Sat Oct 31 20:00:11 2015 [109543][1][FATAL] Job 8e718de4-1f57-4ce8-e145-5635644144bc (Run Reports) failed in CRON run
Sat Oct 31 20:00:11 2015 [109543][1][FATAL] Job c6f471f8-f40f-6092-85fa-563564c54401 (Run Report Generation Scheduled Tasks) failed in CRON run
Sat Oct 31 20:05:04 2015 [116852][1][FATAL] Job 7082fc33-809f-bbee-0c0c-56356500d90a (Run Reports) failed in CRON run
Sat Oct 31 20:05:04 2015 [116852][1][FATAL] Job c9830291-b315-7fa1-0104-5635659e991f (Run Report Generation Scheduled Tasks) failed in CRON run
Sat Oct 31 20:10:03 2015 [124422][1][FATAL] Job 274292f1-2e9b-8c51-3dc2-563566b33fb3 (Run Report Generation Scheduled Tasks) failed in CRON run
Sat Oct 31 20:10:06 2015 [124422][1][FATAL] Job b3f5f8b7-78c1-8ebd-d789-563566d0847f (Run Reports) failed in CRON run
Sat Oct 31 20:15:04 2015 [2221][1][FATAL] Job 45b204c1-d778-aa42-50ec-5635678893f8 (Run Report Generation Scheduled Tasks) failed in CRON run
Sat Oct 31 20:15:07 2015 [2221][1][FATAL] Job c886ba6c-8729-8f11-eb2d-5635671df3b5 (Run Reports) failed in CRON run
Sat Oct 31 20:20:04 2015 [10421][1][FATAL] Job 57baeb8d-c463-3bbe-3082-56356803ce58 (Run Report Generation Scheduled Tasks) failed in CRON run
Sat Oct 31 20:20:08 2015 [10421][1][FATAL] Job f54f0b83-fd1e-5f9d-8901-5635682d0a22 (Run Reports) failed in CRON run
Sat Oct 31 20:25:03 2015 [19645][1][FATAL] Job 59d607d3-1fc3-adab-0cd1-563569c5eb8f (Run Reports) failed in CRON run
Sat Oct 31 20:25:03 2015 [19645][1][FATAL] Job 8ab51531-11ed-4fa3-a11f-5635697f92f4 (Run Report Generation Scheduled Tasks) failed in CRON run
Sat Oct 31 20:30:08 2015 [28533][1][FATAL] Job 4091a485-7c34-c5da-0ae7-56356bbc5e32 (Run Report Generation Scheduled Tasks) failed in CRON run
Sat Oct 31 20:30:08 2015 [28533][1][FATAL] Job a7930147-5259-700a-315d-56356ba0b2bb (Run Reports) failed in CRON run
Sat Oct 31 20:35:06 2015 [36820][1][FATAL] Job 39b41052-29dd-000a-9c00-56356c65db2d (Run Reports) failed in CRON run
Sat Oct 31 20:35:06 2015 [36820][1][FATAL] Job 76c4b014-e0da-3fe6-3397-56356c68507a (Run Report Generation Scheduled Tasks) failed in CRON run
Sat Oct 31 20:40:03 2015 [44973][1][FATAL] Job 1b4a38ef-6ee6-e3e6-926e-56356d835a45 (Run Reports) failed in CRON run
Sat Oct 31 20:40:03 2015 [44973][1][FATAL] Job b34f6722-feaf-242e-9d88-56356dcecb3f (Run Report Generation Scheduled Tasks) failed in CRON run
Sat Oct 31 20:45:06 2015 [53055][1][FATAL] Job 7b31045f-09fc-2f6b-616d-56356e0fcc4e (Run Reports) failed in CRON run
Sat Oct 31 20:45:06 2015 [53055][1][FATAL] Job c0c807d8-3540-2199-e2c3-56356e27e281 (Run Report Generation Scheduled Tasks) failed in CRON run
Sat Oct 31 20:50:02 2015 [60983][1][FATAL] Job 793f1365-8070-7e49-3c64-56356f24e7b4 (Run Report Generation Scheduled Tasks) failed in CRON run
Sat Oct 31 20:50:04 2015 [60983][1][FATAL] Job d28c88c9-319b-b1d2-6c23-56356f0d2d9a (Run Reports) failed in CRON run
Sat Oct 31 20:55:05 2015 [67582][1][FATAL] Job 5270659a-5428-6ccb-b405-56357084adb6 (Run Reports) failed in CRON run
Sat Oct 31 20:55:05 2015 [67582][1][FATAL] Job e4d10465-6f72-4e7a-18c6-56357044f0b6 (Run Report Generation Scheduled Tasks) failed in CRON run
Sat Oct 31 21:00:04 2015 [73477][1][FATAL] Job 153948d6-60ca-a981-e62a-563572133ef1 (Optimise AOD Index) failed in CRON run
Sat Oct 31 21:05:04 2015 [80323][1][FATAL] Job 3e2382c9-2a01-94cd-504e-563572a75b36 (Run Reports) failed in CRON run
Sat Oct 31 21:05:05 2015 [80323][1][FATAL] Job bb803aee-4559-ffbf-36b7-563572ebf0e2 (Run Report Generation Scheduled Tasks) failed in CRON run
Sat Oct 31 21:10:02 2015 [86844][1][FATAL] Job 146630dd-0c5c-bb4a-7517-5635746d00ee (Run Report Generation Scheduled Tasks) failed in CRON run
Sat Oct 31 21:10:04 2015 [86844][1][FATAL] Job 621b4346-faae-7180-10d4-5635746d18d6 (Run Reports) failed in CRON run
Sat Oct 31 21:15:03 2015 [92885][1][FATAL] Job 1c8eed5d-b331-e42f-0f5d-563575d3e431 (Run Report Generation Scheduled Tasks) failed in CRON run
Sat Oct 31 21:15:05 2015 [92885][1][FATAL] Job 703ebf5d-ac18-ef03-ae14-5635759700f7 (Run Reports) failed in CRON run
Sat Oct 31 21:20:03 2015 [99248][1][FATAL] Job 1f9031c3-8733-b49f-bf52-563576c1e6d8 (Run Reports) failed in CRON run
Sat Oct 31 21:20:03 2015 [99248][1][FATAL] Job 81e1e481-a3e4-a979-2110-5635761af06b (Run Report Generation Scheduled Tasks) failed in CRON run
Sat Oct 31 21:25:03 2015 [105609][1][FATAL] Job 11430020-eef4-3183-6fed-563577ec907c (Run Reports) failed in CRON run
Sat Oct 31 21:25:03 2015 [105609][1][FATAL] Job 9eca81a5-c14e-d46f-da34-563577b2371c (Run Report Generation Scheduled Tasks) failed in CRON run
Sat Oct 31 21:30:04 2015 [111795][1][FATAL] Job 16dc4ffa-0951-cd03-22ea-563579e6c655 (Run Reports) failed in CRON run
Sat Oct 31 21:30:04 2015 [111795][1][FATAL] Job 7e5e2684-b637-f73d-1322-563579429832 (Run Report Generation Scheduled Tasks) failed in CRON run
Sat Oct 31 21:35:02 2015 [117622][1][FATAL] Job 1c58f498-7f8b-49e1-b03a-56357a076774 (Run Report Generation Scheduled Tasks) failed in CRON run
Sat Oct 31 21:35:04 2015 [117622][1][FATAL] Job 97c666cc-1451-545c-bbcf-56357aca08c0 (Run Reports) failed in CRON run
Sat Oct 31 21:40:05 2015 [123516][1][FATAL] Job 3008b9d6-464b-5a54-8ed3-56357b1eb21c (Run Reports) failed in CRON run
Sat Oct 31 21:40:05 2015 [123516][1][FATAL] Job d58284b5-985f-31c2-62ae-56357bc51139 (Run Report Generation Scheduled Tasks) failed in CRON run
Sat Oct 31 21:45:05 2015 [129734][1][FATAL] Job 257783cf-3036-6691-5350-56357ce1ac3f (Run Reports) failed in CRON run
Sat Oct 31 21:45:05 2015 [129734][1][FATAL] Job cb772a64-fb2a-52ef-b9c1-56357cc38b11 (Run Report Generation Scheduled Tasks) failed in CRON run
Sat Oct 31 21:50:03 2015 [6387][1][FATAL] Job 2818e5f3-0143-d258-9803-56357d4c8b0d (Run Reports) failed in CRON run
Sat Oct 31 21:50:05 2015 [6387][1][FATAL] Job 77e365f2-d157-26b3-29b9-56357d9f5836 (Run Report Generation Scheduled Tasks) failed in CRON run
Sat Oct 31 21:55:02 2015 [14121][1][FATAL] Job 6713bdc0-f383-84c3-aaf1-56357f0433bf (Run Report Generation Scheduled Tasks) failed in CRON run
Sat Oct 31 21:55:05 2015 [14121][1][FATAL] Job c7d218cf-0ec1-d170-2300-56357f8db824 (Run Reports) failed in CRON run
Sat Oct 31 22:00:05 2015 [20317][1][FATAL] Job 70d42769-588e-e79b-9a27-5635807ce014 (Run Report Generation Scheduled Tasks) failed in CRON run
Sat Oct 31 22:00:05 2015 [20317][1][FATAL] Job 83fc0a5b-a64c-e1b7-42e1-5635803a312d (Run Reports) failed in CRON run
Sat Oct 31 22:05:02 2015 [26876][1][FATAL] Job 6349bee3-def1-ca48-20b8-563581aa667d (Run Report Generation Scheduled Tasks) failed in CRON run
Sat Oct 31 22:05:05 2015 [26876][1][FATAL] Job c889ce75-a7de-d80d-22f7-563581aa1f45 (Run Reports) failed in CRON run
Sat Oct 31 22:10:08 2015 [34804][1][FATAL] Job 7aa0e09f-c716-547d-82db-563582460ca4 (Run Reports) failed in CRON run
Sat Oct 31 22:10:08 2015 [34804][1][FATAL] Job df4e5cfd-a7db-07be-002f-563582731f0f (Run Report Generation Scheduled Tasks) failed in CRON run
Sat Oct 31 22:15:05 2015 [40618][1][FATAL] Job 63c6b049-99a5-8b8f-2ac2-563583bd88c2 (Run Reports) failed in CRON run
Sat Oct 31 22:15:05 2015 [40618][1][FATAL] Job e3b57349-bd23-08f8-391f-56358325ac2f (Run Report Generation Scheduled Tasks) failed in CRON run
Sat Oct 31 22:20:03 2015 [47810][1][FATAL] Job 1f8f0450-6fe2-d9a8-5029-563584f70deb (Run Report Generation Scheduled Tasks) failed in CRON run
Sat Oct 31 22:20:06 2015 [47810][1][FATAL] Job 94b492ce-ee4e-4b06-2a51-563584516ec4 (Run Reports) failed in CRON run
Sat Oct 31 22:25:03 2015 [53839][1][FATAL] Job 1e69bbcc-268f-34f6-fdd6-5635863943a3 (Run Report Generation Scheduled Tasks) failed in CRON run
Sat Oct 31 22:25:07 2015 [53839][1][FATAL] Job 8c0deaaa-54b9-ad17-40d6-563586be842b (Run Reports) failed in CRON run
Sat Oct 31 22:30:11 2015 [60708][1][FATAL] Job 64c1bbd4-e100-7b47-9790-563587dcda8a (Run Report Generation Scheduled Tasks) failed in CRON run
Sat Oct 31 22:30:11 2015 [60708][1][FATAL] Job 6d560b8e-4b58-6ca8-1634-563587596882 (Run Reports) failed in CRON run
Sat Oct 31 22:35:06 2015 [67296][1][FATAL] Job 73bf29f0-dee7-fd69-7e19-563588dd04e7 (Run Reports) failed in CRON run
Sat Oct 31 22:35:06 2015 [67296][1][FATAL] Job b9d07583-9c34-c079-1b96-56358849abf8 (Run Report Generation Scheduled Tasks) failed in CRON run
Sat Oct 31 22:40:03 2015 [73287][1][FATAL] Job 1b1b03ec-ca1c-456b-89fd-5635896b7bde (Run Reports) failed in CRON run
Sat Oct 31 22:40:03 2015 [73287][1][FATAL] Job ac7c191a-d08c-163a-97fd-563589d0ba2f (Run Report Generation Scheduled Tasks) failed in CRON run
Sat Oct 31 22:45:03 2015 [80316][1][FATAL] Job 233a7c77-25e2-07a8-f97c-56358a87d360 (Run Report Generation Scheduled Tasks) failed in CRON run
Sat Oct 31 22:45:08 2015 [80316][1][FATAL] Job af93ff52-ebeb-fefd-3ab5-56358a398b5f (Run Reports) failed in CRON run
Sat Oct 31 22:50:09 2015 [86285][1][FATAL] Job 4fa7646e-b1fe-208b-053b-56358b9d1bb2 (Run Reports) failed in CRON run
Sat Oct 31 22:50:09 2015 [86285][1][FATAL] Job a5cee5e2-6607-3ba7-29e7-56358b5a66dc (Run Report Generation Scheduled Tasks) failed in CRON run
Sat Oct 31 22:55:03 2015 [92989][1][FATAL] Job 158329cd-6894-40d7-134f-56358d59962d (Run Reports) failed in CRON run
Sat Oct 31 22:55:03 2015 [92989][1][FATAL] Job 6c858fdb-e2f8-3ddf-861e-56358d1ae717 (Run Report Generation Scheduled Tasks) failed in CRON run
Sat Oct 31 23:00:09 2015 [99383][1][FATAL] Job 38b63c5a-d2ee-de3f-99a1-56358ecc6ce0 (Run Report Generation Scheduled Tasks) failed in CRON run
Sat Oct 31 23:00:09 2015 [99383][1][FATAL] Job 48372987-5034-d078-330d-56358eb58f78 (Run Reports) failed in CRON run
Sat Oct 31 23:05:05 2015 [107116][1][FATAL] Job 6691d170-dc4a-a8b1-1fe9-56358fab4821 (Run Reports) failed in CRON run
Sat Oct 31 23:05:06 2015 [107116][1][FATAL] Job d7043906-b65f-e0af-6293-56358fa5171d (Run Report Generation Scheduled Tasks) failed in CRON run
Sat Oct 31 23:10:02 2015 [114905][1][FATAL] Job 7dd3df35-258f-3cf1-7ce2-56359033a472 (Run Report Generation Scheduled Tasks) failed in CRON run
Sat Oct 31 23:10:05 2015 [114905][1][FATAL] Job c095906b-1399-f77a-d8a5-5635909fc10d (Run Reports) failed in CRON run
Sat Oct 31 23:15:05 2015 [121454][1][FATAL] Job 2f271258-45a7-656e-4e07-563591a7019d (Run Reports) failed in CRON run
Sat Oct 31 23:15:05 2015 [121454][1][FATAL] Job 8727e370-1b0b-17a2-e8a6-5635919a1269 (Run Report Generation Scheduled Tasks) failed in CRON run
Sat Oct 31 23:20:02 2015 [128642][1][FATAL] Job 898a2d4f-fc8c-3094-6ee7-563592a20a49 (Run Report Generation Scheduled Tasks) failed in CRON run
Sat Oct 31 23:20:05 2015 [128642][1][FATAL] Job d83c9619-a4cc-a82a-732a-5635923f1de3 (Run Reports) failed in CRON run
Sat Oct 31 23:25:02 2015 [4343][1][FATAL] Job 4ed664a5-178a-a814-9990-56359443f3d1 (Run Report Generation Scheduled Tasks) failed in CRON run
Sat Oct 31 23:25:04 2015 [4343][1][FATAL] Job ac99cefa-ff60-e20f-0c2f-563594bf2c56 (Run Reports) failed in CRON run
Sat Oct 31 23:30:03 2015 [10478][1][FATAL] Job 29bf0f06-e1c6-82a9-ed06-5635959be6af (Run Report Generation Scheduled Tasks) failed in CRON run
Sat Oct 31 23:30:05 2015 [10478][1][FATAL] Job 49f0a6dc-45f0-6b7f-6d76-563595c2e06c (Run Reports) failed in CRON run
Sat Oct 31 23:35:04 2015 [16130][1][FATAL] Job 75bf67a4-5f19-6302-9b6a-563596ca4cdd (Run Reports) failed in CRON run
Sat Oct 31 23:35:04 2015 [16130][1][FATAL] Job c9de09f3-8fce-1498-380d-563596377dd4 (Run Report Generation Scheduled Tasks) failed in CRON run
Sat Oct 31 23:40:02 2015 [23446][1][FATAL] Job 502c45ec-c8ce-643d-92fe-5635973f415f (Run Report Generation Scheduled Tasks) failed in CRON run
Sat Oct 31 23:40:05 2015 [23446][1][FATAL] Job b46e267e-97be-9f6d-19b7-563597780760 (Run Reports) failed in CRON run
Sat Oct 31 23:45:07 2015 [29463][1][FATAL] Job 43a972fe-a153-9d68-336a-563598e72a4b (Run Reports) failed in CRON run
Sat Oct 31 23:45:07 2015 [29463][1][FATAL] Job ce832838-8348-a13e-9944-56359856ee28 (Run Report Generation Scheduled Tasks) failed in CRON run
Sat Oct 31 23:50:05 2015 [34762][1][FATAL] Job 28d71596-08e7-c5ef-d298-563599836b0b (Run Reports) failed in CRON run
Sat Oct 31 23:50:05 2015 [34762][1][FATAL] Job c72eee37-3845-6876-8938-5635995cfe66 (Run Report Generation Scheduled Tasks) failed in CRON run
Sat Oct 31 23:55:06 2015 [40708][1][FATAL] Job 51048e8b-504d-bf30-e291-56359ba3b5d7 (Run Reports) failed in CRON run
Sat Oct 31 23:55:06 2015 [40708][1][FATAL] Job a709abea-cc58-ff3a-c523-56359bacb54b (Run Report Generation Scheduled Tasks) failed in CRON run
