Thu Oct 29 00:00:08 2015 [38276][1][FATAL] Job afc7f35d-5f3d-a09e-5c4b-5631a771e029 (Run Report Generation Scheduled Tasks) failed in CRON run
Thu Oct 29 00:00:08 2015 [38276][1][FATAL] Job b13467ce-12a4-f874-2a3d-5631a721ef2f (Optimise AOD Index) failed in CRON run
Thu Oct 29 00:05:04 2015 [47029][1][FATAL] Job e3a94181-2321-ceba-15d8-5631a724b173 (Run Reports) failed in CRON run
Thu Oct 29 00:05:04 2015 [47029][1][FATAL] Job 2cb9686f-321c-99c3-4ca8-5631a8b8355b (Run Report Generation Scheduled Tasks) failed in CRON run
Thu Oct 29 00:10:04 2015 [54151][1][FATAL] Job 23b76e3d-f559-1c9f-e3d4-5631aa6a12b1 (Run Reports) failed in CRON run
Thu Oct 29 00:10:04 2015 [54151][1][FATAL] Job ce49e23d-0ef4-a149-6991-5631aaf539af (Run Report Generation Scheduled Tasks) failed in CRON run
Thu Oct 29 00:15:05 2015 [61184][1][FATAL] Job 3d1280e1-a31d-01db-f27a-5631abb52cad (Run Reports) failed in CRON run
Thu Oct 29 00:15:05 2015 [61184][1][FATAL] Job c518cdc8-ffe2-5768-7223-5631ab8c5e89 (Run Report Generation Scheduled Tasks) failed in CRON run
Thu Oct 29 00:20:03 2015 [68433][1][FATAL] Job 3e8174cf-487b-239e-f5ce-5631ac148510 (Run Reports) failed in CRON run
Thu Oct 29 00:20:03 2015 [68433][1][FATAL] Job e695aff2-0b17-48e0-17d6-5631ac81be8d (Run Report Generation Scheduled Tasks) failed in CRON run
Thu Oct 29 00:25:02 2015 [74596][1][FATAL] Job 72f7f407-8134-d455-7b6f-5631ad0c94b0 (Run Report Generation Scheduled Tasks) failed in CRON run
Thu Oct 29 00:25:03 2015 [74596][1][FATAL] Job ddc1930f-01cb-cedf-388a-5631ad1f62ec (Run Reports) failed in CRON run
Thu Oct 29 00:30:05 2015 [80507][1][FATAL] Job 998bc875-0974-70df-eebf-5631aeb5113e (Run Report Generation Scheduled Tasks) failed in CRON run
Thu Oct 29 00:30:05 2015 [80507][1][FATAL] Job c856077c-e1f4-0089-f3af-5631aed17292 (Run Reports) failed in CRON run
Thu Oct 29 00:35:02 2015 [86681][1][FATAL] Job 52f7115f-2160-fc25-b834-5631b049814f (Run Report Generation Scheduled Tasks) failed in CRON run
Thu Oct 29 00:35:05 2015 [86681][1][FATAL] Job d5baaec4-a83d-652d-5140-5631b034c606 (Run Reports) failed in CRON run
Thu Oct 29 00:40:03 2015 [92961][1][FATAL] Job 93350371-422d-d32e-7261-5631b11a7aab (Run Report Generation Scheduled Tasks) failed in CRON run
Thu Oct 29 00:40:05 2015 [92961][1][FATAL] Job f16301a6-e5a0-5122-e500-5631b1f26049 (Run Reports) failed in CRON run
Thu Oct 29 00:45:02 2015 [99035][1][FATAL] Job 414eb944-c0fb-f0d8-f04e-5631b25bcec5 (Run Report Generation Scheduled Tasks) failed in CRON run
Thu Oct 29 00:45:04 2015 [99035][1][FATAL] Job ab83663a-e581-424a-3148-5631b226bb07 (Run Reports) failed in CRON run
Thu Oct 29 00:50:03 2015 [105333][1][FATAL] Job 517759bc-32e4-f6b7-7ff5-5631b3b17107 (Run Report Generation Scheduled Tasks) failed in CRON run
Thu Oct 29 00:50:06 2015 [105333][1][FATAL] Job e5ae26b2-9d76-5bae-071d-5631b3ab64d9 (Run Reports) failed in CRON run
Thu Oct 29 00:55:02 2015 [111033][1][FATAL] Job 4148687b-db79-2428-2a0e-5631b4cb0572 (Run Report Generation Scheduled Tasks) failed in CRON run
Thu Oct 29 00:55:04 2015 [111033][1][FATAL] Job 8e32c22a-51ea-5b37-ea8b-5631b4bae393 (Run Reports) failed in CRON run
Thu Oct 29 01:00:04 2015 [116362][1][FATAL] Job 571ab07c-d330-f2c7-aabc-5631b5538409 (Run Report Generation Scheduled Tasks) failed in CRON run
Thu Oct 29 01:00:07 2015 [116362][1][FATAL] Job a0c37044-71ed-034f-3df8-5631b52cfa22 (Run Reports) failed in CRON run
Thu Oct 29 01:05:04 2015 [122060][1][FATAL] Job 65dec2af-9ac8-0998-ce0f-5631b798b4b6 (Run Reports) failed in CRON run
Thu Oct 29 01:05:04 2015 [122060][1][FATAL] Job f42214e1-2885-755c-3a2d-5631b74bafd6 (Run Report Generation Scheduled Tasks) failed in CRON run
Thu Oct 29 01:10:03 2015 [128105][1][FATAL] Job 714dc3da-ebc8-75ea-0529-5631b8e4dbda (Run Report Generation Scheduled Tasks) failed in CRON run
Thu Oct 29 01:10:04 2015 [128105][1][FATAL] Job eb5506ac-d2ca-55ba-108d-5631b8aa774b (Run Reports) failed in CRON run
Thu Oct 29 01:15:04 2015 [6916][1][FATAL] Job 2634c6b6-73b5-a398-6db7-5631b92ac19b (Run Reports) failed in CRON run
Thu Oct 29 01:15:04 2015 [6916][1][FATAL] Job 5d8cb4f6-054d-ed09-309a-5631b9fb0009 (Run Report Generation Scheduled Tasks) failed in CRON run
Thu Oct 29 01:20:05 2015 [29017][1][FATAL] Job 2a6e08c2-3425-18da-0762-5631bac88611 (Run Reports) failed in CRON run
Thu Oct 29 01:20:05 2015 [29017][1][FATAL] Job 302cdc44-1949-16ca-2a31-5631ba1d5b49 (Run Report Generation Scheduled Tasks) failed in CRON run
Thu Oct 29 01:25:06 2015 [35269][1][FATAL] Job 6150750d-1952-d219-0dbb-5631bb87b805 (Run Reports) failed in CRON run
Thu Oct 29 01:25:06 2015 [35269][1][FATAL] Job a89bcd2c-631a-3d8f-492c-5631bb64c14e (Run Report Generation Scheduled Tasks) failed in CRON run
Thu Oct 29 01:30:02 2015 [41943][1][FATAL] Job a1d40553-3ab5-7c5d-363f-5631bc3ac268 (Run Report Generation Scheduled Tasks) failed in CRON run
Thu Oct 29 01:30:07 2015 [41943][1][FATAL] Job e8781f65-1ee3-fa2a-60e8-5631bc0eab7b (Run Reports) failed in CRON run
Thu Oct 29 01:35:05 2015 [48251][1][FATAL] Job 36489a2b-1125-26dc-b159-5631bec7ffe8 (Run Reports) failed in CRON run
Thu Oct 29 01:35:05 2015 [48251][1][FATAL] Job d57095e5-269d-e866-20b3-5631be5e8d66 (Run Report Generation Scheduled Tasks) failed in CRON run
Thu Oct 29 01:40:02 2015 [55501][1][FATAL] Job 1d7dc2e0-f4b4-54c9-bfc7-5631bfcdd06f (Run Report Generation Scheduled Tasks) failed in CRON run
Thu Oct 29 01:40:05 2015 [55501][1][FATAL] Job 904b35d7-bac7-d988-2b64-5631bf5670f7 (Run Reports) failed in CRON run
Thu Oct 29 01:45:03 2015 [61413][1][FATAL] Job 1cad4e3f-6d9a-5d42-b134-5631c0ec66e9 (Run Report Generation Scheduled Tasks) failed in CRON run
Thu Oct 29 01:45:05 2015 [61413][1][FATAL] Job 7b085afd-1380-44e3-75c3-5631c02867a0 (Run Reports) failed in CRON run
Thu Oct 29 01:50:02 2015 [66808][1][FATAL] Job 1c5be22d-d152-bebb-081a-5631c1847883 (Run Report Generation Scheduled Tasks) failed in CRON run
Thu Oct 29 01:50:04 2015 [66808][1][FATAL] Job 7a7b38af-0e89-6f9d-53c9-5631c1ba77af (Run Reports) failed in CRON run
Thu Oct 29 01:55:02 2015 [72788][1][FATAL] Job 33acc803-6d59-0e3f-9ee8-5631c2b1736f (Run Report Generation Scheduled Tasks) failed in CRON run
Thu Oct 29 01:55:03 2015 [72788][1][FATAL] Job 9f69083d-3fdc-2f25-b070-5631c22ea009 (Run Reports) failed in CRON run
Thu Oct 29 02:00:17 2015 [78882][1][FATAL] Job 50facdd8-94dc-2176-39e9-5631c316a241 (Run Reports) failed in CRON run
Thu Oct 29 02:00:17 2015 [78882][1][FATAL] Job 545e9eb5-dce3-5155-8c48-5631c3b2a6b6 (Run Report Generation Scheduled Tasks) failed in CRON run
Thu Oct 29 02:05:03 2015 [85575][1][FATAL] Job 121828d7-0897-050e-c883-5631c5e693ba (Run Reports) failed in CRON run
Thu Oct 29 02:05:05 2015 [85575][1][FATAL] Job 59c84bb0-f446-9cb1-5dc2-5631c5c4de05 (Run Report Generation Scheduled Tasks) failed in CRON run
Thu Oct 29 02:10:02 2015 [92580][1][FATAL] Job 564e5efd-1005-39a7-a014-5631c660d00a (Run Report Generation Scheduled Tasks) failed in CRON run
Thu Oct 29 02:10:05 2015 [92580][1][FATAL] Job cab23776-e09b-4645-ebbc-5631c64b9471 (Run Reports) failed in CRON run
Thu Oct 29 02:15:02 2015 [98061][1][FATAL] Job 73ee50e7-7eaa-ac5a-32db-5631c7830412 (Run Report Generation Scheduled Tasks) failed in CRON run
Thu Oct 29 02:15:04 2015 [98061][1][FATAL] Job ca5677b4-72b6-74ba-3692-5631c7c81375 (Run Reports) failed in CRON run
Thu Oct 29 02:20:02 2015 [103409][1][FATAL] Job 626319a5-b75c-fa6d-3a30-5631c85a9774 (Run Report Generation Scheduled Tasks) failed in CRON run
Thu Oct 29 02:20:03 2015 [103409][1][FATAL] Job a84cb118-1094-7090-2dd4-5631c8055190 (Run Reports) failed in CRON run
Thu Oct 29 02:25:05 2015 [109746][1][FATAL] Job 365043a9-10bc-2b46-c711-5631c96977fd (Run Reports) failed in CRON run
Thu Oct 29 02:25:05 2015 [109746][1][FATAL] Job a5f1d328-e59f-91de-e136-5631c96269b4 (Run Report Generation Scheduled Tasks) failed in CRON run
Thu Oct 29 02:30:08 2015 [115524][1][FATAL] Job 92a71369-e760-0c2e-2dec-5631cad45fc6 (Run Reports) failed in CRON run
Thu Oct 29 02:30:08 2015 [115524][1][FATAL] Job e61e0afe-dff3-ec6f-a8d3-5631cafedef1 (Run Report Generation Scheduled Tasks) failed in CRON run
Thu Oct 29 02:35:03 2015 [122896][1][FATAL] Job 21724881-095d-3d89-e3ce-5631cc075ddc (Run Reports) failed in CRON run
Thu Oct 29 02:35:04 2015 [122896][1][FATAL] Job b75a013d-3fd7-df64-6cbb-5631ccefca46 (Run Report Generation Scheduled Tasks) failed in CRON run
Thu Oct 29 02:40:06 2015 [130130][1][FATAL] Job 83b5bab2-e669-efdf-c7b6-5631cd72d005 (Run Reports) failed in CRON run
Thu Oct 29 02:40:06 2015 [130130][1][FATAL] Job b8e51893-94fe-ef4b-bdf1-5631cdb2a2a6 (Run Report Generation Scheduled Tasks) failed in CRON run
Thu Oct 29 02:45:06 2015 [6223][1][FATAL] Job 25a56341-d921-fa10-3109-5631ce30985f (Run Reports) failed in CRON run
Thu Oct 29 02:45:06 2015 [6223][1][FATAL] Job bbff90a0-399f-8b75-11bf-5631ce6650df (Run Report Generation Scheduled Tasks) failed in CRON run
Thu Oct 29 02:50:02 2015 [12479][1][FATAL] Job 2b344507-4a4d-1ed6-97a8-5631cfb51817 (Run Report Generation Scheduled Tasks) failed in CRON run
Thu Oct 29 02:50:05 2015 [12479][1][FATAL] Job bdb8e4e7-83bd-c84b-b5d4-5631cf812b6b (Run Reports) failed in CRON run
Thu Oct 29 02:55:02 2015 [18556][1][FATAL] Job 427f686d-50fc-deef-d70e-5631d074c97d (Run Report Generation Scheduled Tasks) failed in CRON run
Thu Oct 29 02:55:04 2015 [18556][1][FATAL] Job c6e1665c-b9d6-cd74-a17c-5631d0e58ccd (Run Reports) failed in CRON run
Thu Oct 29 03:00:05 2015 [24280][1][FATAL] Job 28753367-19f2-4719-196b-5631d2c0a67b (Run Report Generation Scheduled Tasks) failed in CRON run
Thu Oct 29 03:00:05 2015 [24280][1][FATAL] Job a64f7ed2-d0e0-72d0-c2c0-5631d2c27782 (Optimise AOD Index) failed in CRON run
Thu Oct 29 03:05:05 2015 [30932][1][FATAL] Job eb644634-5586-376d-9733-5631d2d8f6e3 (Run Reports) failed in CRON run
Thu Oct 29 03:05:05 2015 [30932][1][FATAL] Job 169782ba-02f5-76a9-70bb-5631d3f843aa (Run Report Generation Scheduled Tasks) failed in CRON run
Thu Oct 29 03:10:03 2015 [37025][1][FATAL] Job 148f447c-6fe8-0e5a-4116-5631d4e25970 (Run Reports) failed in CRON run
Thu Oct 29 03:10:04 2015 [37025][1][FATAL] Job ae658821-e786-697a-ad46-5631d4be4657 (Run Report Generation Scheduled Tasks) failed in CRON run
Thu Oct 29 03:15:05 2015 [42817][1][FATAL] Job 52886ab9-bb14-28a4-6696-5631d5f2db95 (Run Reports) failed in CRON run
Thu Oct 29 03:15:05 2015 [42817][1][FATAL] Job c5b929cd-0a07-d7f3-a9ef-5631d56f73c3 (Run Report Generation Scheduled Tasks) failed in CRON run
Thu Oct 29 03:20:02 2015 [48576][1][FATAL] Job 5999a390-ddf2-4358-34fc-5631d68386eb (Run Report Generation Scheduled Tasks) failed in CRON run
Thu Oct 29 03:20:03 2015 [48576][1][FATAL] Job b0cfcdbd-db7b-8861-bcd7-5631d60cc71a (Run Reports) failed in CRON run
Thu Oct 29 03:25:03 2015 [55410][1][FATAL] Job 6e64b598-9f4f-3452-82b3-5631d7bcb8e5 (Run Reports) failed in CRON run
Thu Oct 29 03:25:04 2015 [55410][1][FATAL] Job ee251c0c-c516-4553-f65d-5631d77ba27d (Run Report Generation Scheduled Tasks) failed in CRON run
Thu Oct 29 03:30:03 2015 [61560][1][FATAL] Job 2feb8899-2c14-ec83-d068-5631d9209790 (Run Report Generation Scheduled Tasks) failed in CRON run
Thu Oct 29 03:30:05 2015 [61560][1][FATAL] Job b524d955-b5b9-cc89-b249-5631d99bacba (Run Reports) failed in CRON run
Thu Oct 29 03:35:02 2015 [67879][1][FATAL] Job 493425dd-3103-7cf4-4a50-5631da5b7df4 (Run Report Generation Scheduled Tasks) failed in CRON run
Thu Oct 29 03:35:03 2015 [67879][1][FATAL] Job 9373f0f9-baad-358b-05e8-5631da8e137b (Run Reports) failed in CRON run
Thu Oct 29 03:40:05 2015 [74340][1][FATAL] Job 2fc84149-c1dc-e9ab-32b3-5631dba263c9 (Run Reports) failed in CRON run
Thu Oct 29 03:40:05 2015 [74340][1][FATAL] Job d95017ce-41be-bd5e-1102-5631dbfbc959 (Run Report Generation Scheduled Tasks) failed in CRON run
Thu Oct 29 03:45:03 2015 [82410][1][FATAL] Job 3e3c7183-0cc0-c4d4-fb32-5631dc544bf9 (Run Report Generation Scheduled Tasks) failed in CRON run
Thu Oct 29 03:45:04 2015 [82410][1][FATAL] Job e33aab51-307c-03e4-b677-5631dc54be9d (Run Reports) failed in CRON run
Thu Oct 29 03:50:04 2015 [88728][1][FATAL] Job 427b7cb2-42b1-e79b-9ed1-5631ddf0b54b (Run Reports) failed in CRON run
Thu Oct 29 03:50:04 2015 [88728][1][FATAL] Job b1eb95db-595f-862a-ee68-5631dd20808e (Run Report Generation Scheduled Tasks) failed in CRON run
Thu Oct 29 03:55:04 2015 [94532][1][FATAL] Job a191d564-b1a0-29dc-04d6-5631de91c7a8 (Run Report Generation Scheduled Tasks) failed in CRON run
Thu Oct 29 03:55:04 2015 [94532][1][FATAL] Job fbcd0072-c1f8-8bf7-7d45-5631de6cc002 (Run Reports) failed in CRON run
Thu Oct 29 04:00:07 2015 [101970][1][FATAL] Job 25febde6-fca0-9610-13fb-5631e03805c1 (Run Reports) failed in CRON run
Thu Oct 29 04:00:07 2015 [101970][1][FATAL] Job b28cab8c-c530-74a0-ae0e-5631e0574106 (Run Report Generation Scheduled Tasks) failed in CRON run
Thu Oct 29 04:05:02 2015 [111140][1][FATAL] Job 24b56098-8ee7-40d4-f0f0-5631e1a64a35 (Run Report Generation Scheduled Tasks) failed in CRON run
Thu Oct 29 04:05:04 2015 [111140][1][FATAL] Job afb20ba0-8106-b539-98db-5631e14c3e1f (Run Reports) failed in CRON run
Thu Oct 29 04:10:07 2015 [121376][1][FATAL] Job 5f780843-3ba0-9100-4f92-5631e28ab55d (Run Reports) failed in CRON run
Thu Oct 29 04:10:07 2015 [121376][1][FATAL] Job c913a3b6-d1f3-c64f-5b04-5631e23323b2 (Run Report Generation Scheduled Tasks) failed in CRON run
Thu Oct 29 04:15:04 2015 [129914][1][FATAL] Job 4472bedb-7449-b5c6-6357-5631e3eecab8 (Run Report Generation Scheduled Tasks) failed in CRON run
Thu Oct 29 04:15:04 2015 [129914][1][FATAL] Job 97890156-26b4-a47f-767b-5631e37de6c6 (Run Reports) failed in CRON run
Thu Oct 29 04:20:03 2015 [14332][1][FATAL] Job 3a01220b-52a5-8d99-b5bc-5631e4f5454b (Run Report Generation Scheduled Tasks) failed in CRON run
Thu Oct 29 04:20:07 2015 [14332][1][FATAL] Job 95da20ff-7d25-263c-9085-5631e4dafd05 (Run Reports) failed in CRON run
Thu Oct 29 04:25:03 2015 [22993][1][FATAL] Job 10175af8-a106-6651-1d98-5631e516f3f9 (Run Report Generation Scheduled Tasks) failed in CRON run
Thu Oct 29 04:25:05 2015 [22993][1][FATAL] Job b61650c2-fc37-5448-563a-5631e5a60a48 (Run Reports) failed in CRON run
Thu Oct 29 04:30:06 2015 [31623][1][FATAL] Job 27ede298-8879-1497-2904-5631e7ac0c46 (Run Report Generation Scheduled Tasks) failed in CRON run
Thu Oct 29 04:30:10 2015 [31623][1][FATAL] Job d7359d93-9fdc-1e53-601b-5631e7d1a98a (Run Reports) failed in CRON run
Thu Oct 29 04:35:03 2015 [40800][1][FATAL] Job 174d0e67-7a16-c555-2d9b-5631e847c662 (Run Report Generation Scheduled Tasks) failed in CRON run
Thu Oct 29 04:35:07 2015 [40800][1][FATAL] Job b4d27df6-1986-320d-e27f-5631e89de875 (Run Reports) failed in CRON run
Thu Oct 29 04:40:07 2015 [48326][1][FATAL] Job b7a2c5a2-4459-e362-dded-5631e91810e5 (Run Reports) failed in CRON run
Thu Oct 29 04:40:07 2015 [48326][1][FATAL] Job bef37ec5-fafb-bfda-0a35-5631e90eef58 (Run Report Generation Scheduled Tasks) failed in CRON run
Thu Oct 29 04:45:07 2015 [55422][1][FATAL] Job e8b5a52f-a856-1bea-cf40-5631ea336f1e (Run Reports) failed in CRON run
Thu Oct 29 04:45:07 2015 [55422][1][FATAL] Job f2d7de7e-1213-7c12-2177-5631eabae3a7 (Run Report Generation Scheduled Tasks) failed in CRON run
Thu Oct 29 04:50:03 2015 [62422][1][FATAL] Job 114deed8-a826-c46f-5b32-5631eb7f570a (Run Report Generation Scheduled Tasks) failed in CRON run
Thu Oct 29 04:50:06 2015 [62422][1][FATAL] Job 809e4b23-d8c3-0df3-1179-5631eb54fa43 (Run Reports) failed in CRON run
Thu Oct 29 04:55:02 2015 [70528][1][FATAL] Job 738d5e14-3f4b-7fab-7997-5631ecfcff22 (Run Report Generation Scheduled Tasks) failed in CRON run
Thu Oct 29 04:55:05 2015 [70528][1][FATAL] Job d7681040-01fa-4821-3312-5631ecfc112b (Run Reports) failed in CRON run
Thu Oct 29 05:00:13 2015 [77696][1][FATAL] Job 338abac7-149e-0beb-cc81-5631eeb3a55d (Run Report Generation Scheduled Tasks) failed in CRON run
Thu Oct 29 05:00:16 2015 [77696][1][FATAL] Job df7baaca-4d34-d49a-76ca-5631ee79b402 (Run Reports) failed in CRON run
Thu Oct 29 05:05:02 2015 [86605][1][FATAL] Job 44a218a6-1017-5eea-cd98-5631ef1af905 (Run Report Generation Scheduled Tasks) failed in CRON run
Thu Oct 29 05:05:04 2015 [86605][1][FATAL] Job b518a291-431b-2005-bc74-5631ef9a8f11 (Run Reports) failed in CRON run
Thu Oct 29 05:10:02 2015 [94772][1][FATAL] Job 4d0f9625-dbb1-59ff-6c6f-5631f054d554 (Run Report Generation Scheduled Tasks) failed in CRON run
Thu Oct 29 05:10:04 2015 [94772][1][FATAL] Job 9ed84d13-9446-1a9a-0cfb-5631f028f303 (Run Reports) failed in CRON run
Thu Oct 29 05:15:07 2015 [102035][1][FATAL] Job 2abebbd9-6c60-6097-987c-5631f1afd78d (Run Reports) failed in CRON run
Thu Oct 29 05:15:07 2015 [102035][1][FATAL] Job 9a6c59e4-91d3-3ed7-66ff-5631f1e97072 (Run Report Generation Scheduled Tasks) failed in CRON run
Thu Oct 29 05:20:02 2015 [109467][1][FATAL] Job 7edc2291-d6ab-7204-4be0-5631f2a3531f (Run Report Generation Scheduled Tasks) failed in CRON run
Thu Oct 29 05:20:04 2015 [109467][1][FATAL] Job dc90db27-27db-142e-073d-5631f2c28215 (Run Reports) failed in CRON run
Thu Oct 29 05:25:06 2015 [118315][1][FATAL] Job 65d55be8-aaf5-6557-dd13-5631f3d1240b (Run Reports) failed in CRON run
Thu Oct 29 05:25:06 2015 [118315][1][FATAL] Job a4fda286-ee38-69fd-d95b-5631f365f6cf (Run Report Generation Scheduled Tasks) failed in CRON run
Thu Oct 29 05:30:08 2015 [126822][1][FATAL] Job 2bf9bb74-5e34-735e-e5c3-5631f5c14aab (Run Reports) failed in CRON run
Thu Oct 29 05:30:08 2015 [126822][1][FATAL] Job 75df3873-7234-35d5-71ab-5631f5e9b2b3 (Run Report Generation Scheduled Tasks) failed in CRON run
Thu Oct 29 05:35:03 2015 [4182][1][FATAL] Job 6ca417fd-57e1-b814-8d72-5631f62a7dbc (Run Report Generation Scheduled Tasks) failed in CRON run
Thu Oct 29 05:35:04 2015 [4182][1][FATAL] Job e7fe4fc6-c16b-3d7a-592c-5631f674164c (Run Reports) failed in CRON run
Thu Oct 29 05:40:03 2015 [10406][1][FATAL] Job 4f0c3afb-aff5-48c3-4560-5631f74997d2 (Run Reports) failed in CRON run
Thu Oct 29 05:40:04 2015 [10406][1][FATAL] Job f2908a1c-1884-3041-8726-5631f74ec901 (Run Report Generation Scheduled Tasks) failed in CRON run
Thu Oct 29 05:45:02 2015 [16753][1][FATAL] Job 7a89f2c6-7ba4-5816-021b-5631f8be8bf6 (Run Report Generation Scheduled Tasks) failed in CRON run
Thu Oct 29 05:45:05 2015 [16753][1][FATAL] Job ca0a3a0c-3112-275d-1c4d-5631f8cbc2a7 (Run Reports) failed in CRON run
Thu Oct 29 05:50:06 2015 [25451][1][FATAL] Job 4174219c-d670-e3d3-a197-5631f90e45a5 (Run Reports) failed in CRON run
Thu Oct 29 05:50:06 2015 [25451][1][FATAL] Job 86b20b94-2860-7fd1-a4cf-5631f913ea94 (Run Report Generation Scheduled Tasks) failed in CRON run
Thu Oct 29 05:55:05 2015 [32490][1][FATAL] Job 612dafb0-1d38-4bea-19df-5631fbd52ee4 (Run Reports) failed in CRON run
Thu Oct 29 05:55:05 2015 [32490][1][FATAL] Job d596f0f4-a587-a823-64dc-5631fbd30eb5 (Run Report Generation Scheduled Tasks) failed in CRON run
Thu Oct 29 06:00:06 2015 [39482][1][FATAL] Job 1cb6c5f6-719a-d0ac-abe3-5631fca78f42 (Run Reports) failed in CRON run
Thu Oct 29 06:00:06 2015 [39482][1][FATAL] Job 970ed029-7389-416a-d8e5-5631fc8d88b0 (Optimise AOD Index) failed in CRON run
Thu Oct 29 06:05:02 2015 [47620][1][FATAL] Job e51c87ec-c16c-a4ea-f615-5631fc64e862 (Run Report Generation Scheduled Tasks) failed in CRON run
Thu Oct 29 06:05:04 2015 [47620][1][FATAL] Job 7b7171a6-827a-3e77-d18d-5631fd4e8bd8 (Run Reports) failed in CRON run
Thu Oct 29 06:10:03 2015 [55935][1][FATAL] Job 2b87413b-da68-c3d6-ace2-5631fe35dc99 (Run Report Generation Scheduled Tasks) failed in CRON run
Thu Oct 29 06:10:05 2015 [55935][1][FATAL] Job c162e5d6-18e7-dece-8b76-5631fedf0a2e (Run Reports) failed in CRON run
Thu Oct 29 06:15:03 2015 [63328][1][FATAL] Job 901282e7-517f-b844-2242-5631ff638b88 (Run Report Generation Scheduled Tasks) failed in CRON run
Thu Oct 29 06:15:05 2015 [63328][1][FATAL] Job eeeb0ce4-e6e9-49ac-7e33-5631ffb2213c (Run Reports) failed in CRON run
Thu Oct 29 06:20:03 2015 [71373][1][FATAL] Job 2963764e-d69c-c98d-f5a6-56320043e65f (Run Report Generation Scheduled Tasks) failed in CRON run
Thu Oct 29 06:20:05 2015 [71373][1][FATAL] Job 653d3708-251e-e22d-36ff-5632006ada74 (Run Reports) failed in CRON run
Thu Oct 29 06:25:03 2015 [79971][1][FATAL] Job 621b5cfb-d161-ed22-3fcc-563202066adc (Run Report Generation Scheduled Tasks) failed in CRON run
Thu Oct 29 06:25:05 2015 [79971][1][FATAL] Job c7f8aa2c-a2d9-c218-1e2f-5632028b78df (Run Reports) failed in CRON run
Thu Oct 29 06:30:09 2015 [87277][1][FATAL] Job ee0c5642-95e2-23d5-679a-56320318a98c (Run Report Generation Scheduled Tasks) failed in CRON run
Thu Oct 29 06:30:09 2015 [87277][1][FATAL] Job f030c5e8-4981-25ff-b87e-56320326fa44 (Run Reports) failed in CRON run
Thu Oct 29 06:35:02 2015 [94686][1][FATAL] Job 4b9c20df-9d1b-61bc-d4ed-56320421dc8b (Run Report Generation Scheduled Tasks) failed in CRON run
Thu Oct 29 06:35:04 2015 [94686][1][FATAL] Job ac3a63f5-6968-7b32-13fb-563204ccae2b (Run Reports) failed in CRON run
Thu Oct 29 06:40:02 2015 [101921][1][FATAL] Job 414c1c5f-11ae-2aed-3cb9-56320527e8a1 (Run Report Generation Scheduled Tasks) failed in CRON run
Thu Oct 29 06:40:05 2015 [101921][1][FATAL] Job e4922a53-178d-03bd-75fa-563205e03f00 (Run Reports) failed in CRON run
Thu Oct 29 06:45:03 2015 [110334][1][FATAL] Job 14d21056-9858-bbe9-a4f0-563206189b71 (Run Report Generation Scheduled Tasks) failed in CRON run
Thu Oct 29 06:45:05 2015 [110334][1][FATAL] Job 86e5782e-b068-cecd-4562-56320605fffb (Run Reports) failed in CRON run
Thu Oct 29 06:50:07 2015 [117807][1][FATAL] Job 31416a8d-f369-5da9-f2ac-563207d228c7 (Run Reports) failed in CRON run
Thu Oct 29 06:50:07 2015 [117807][1][FATAL] Job 8c50ed77-1050-8966-4fcc-563207843557 (Run Report Generation Scheduled Tasks) failed in CRON run
Thu Oct 29 06:55:05 2015 [124667][1][FATAL] Job 432104e4-2461-6a5d-253a-5632098d1106 (Run Reports) failed in CRON run
Thu Oct 29 06:55:05 2015 [124667][1][FATAL] Job 56ab3cf4-8e73-132f-2ce2-563209484a61 (Run Report Generation Scheduled Tasks) failed in CRON run
Thu Oct 29 07:00:11 2015 [1184][1][FATAL] Job 91570bf6-71e0-2cb9-77db-56320ae68835 (Run Report Generation Scheduled Tasks) failed in CRON run
Thu Oct 29 07:00:11 2015 [1184][1][FATAL] Job d004b397-6ae3-6ebf-58fe-56320aaec8e7 (Run Reports) failed in CRON run
Thu Oct 29 07:05:04 2015 [9830][1][FATAL] Job 1005a483-e86e-36c6-a7c9-56320b7fcbbb (Run Report Generation Scheduled Tasks) failed in CRON run
Thu Oct 29 07:05:07 2015 [9830][1][FATAL] Job d97afe82-fd76-da4f-53a7-56320bab7fa9 (Run Reports) failed in CRON run
Thu Oct 29 07:10:03 2015 [19253][1][FATAL] Job 92f69cd9-558b-113c-fa30-56320ccc5055 (Run Report Generation Scheduled Tasks) failed in CRON run
Thu Oct 29 07:10:03 2015 [19253][1][FATAL] Job a2500e10-797a-2d52-441b-56320ccf1193 (Run Reports) failed in CRON run
Thu Oct 29 07:15:03 2015 [28764][1][FATAL] Job 57538ce7-ae48-5bb4-25eb-56320d382305 (Run Report Generation Scheduled Tasks) failed in CRON run
Thu Oct 29 07:15:05 2015 [28764][1][FATAL] Job b6acc7f0-1726-ec66-88d3-56320dd19e44 (Run Reports) failed in CRON run
Thu Oct 29 07:20:07 2015 [37171][1][FATAL] Job 56c7f213-cc66-3d85-b1b3-56320e428412 (Run Reports) failed in CRON run
Thu Oct 29 07:20:07 2015 [37171][1][FATAL] Job 6d8f613c-64d7-a10e-503d-56320ea0d3c9 (Run Report Generation Scheduled Tasks) failed in CRON run
Thu Oct 29 07:25:03 2015 [45752][1][FATAL] Job 21fe87f4-e86e-6ad0-f17e-563210ca0096 (Run Reports) failed in CRON run
Thu Oct 29 07:25:03 2015 [45752][1][FATAL] Job 69510f97-16e2-c3fc-8924-563210e5de22 (Run Report Generation Scheduled Tasks) failed in CRON run
Thu Oct 29 07:30:08 2015 [55167][1][FATAL] Job 34725ae2-c17d-37cd-2c0f-56321100726f (Run Report Generation Scheduled Tasks) failed in CRON run
Thu Oct 29 07:30:08 2015 [55167][1][FATAL] Job 35fcf2fc-61fd-46a5-66d5-563211d6a47a (Run Reports) failed in CRON run
Thu Oct 29 07:35:04 2015 [64125][1][FATAL] Job 32f693c2-055b-02cd-5cb6-563212395e6c (Run Report Generation Scheduled Tasks) failed in CRON run
Thu Oct 29 07:35:07 2015 [64125][1][FATAL] Job b6fafc36-005d-757c-dc06-563212dafea3 (Run Reports) failed in CRON run
Thu Oct 29 07:40:06 2015 [72945][1][FATAL] Job 28964cee-4ed3-e823-331b-5632138b0bfc (Run Reports) failed in CRON run
Thu Oct 29 07:40:07 2015 [72945][1][FATAL] Job 4711f3d6-6a0c-9c65-561c-563213576e55 (Run Report Generation Scheduled Tasks) failed in CRON run
Thu Oct 29 07:45:06 2015 [82570][1][FATAL] Job e9cb83c9-788d-fc2e-a631-563214d5a77d (Run Reports) failed in CRON run
Thu Oct 29 07:45:06 2015 [82570][1][FATAL] Job f1bcac8e-f121-e9d0-0bf8-563214cd2588 (Run Report Generation Scheduled Tasks) failed in CRON run
Thu Oct 29 07:50:03 2015 [91865][1][FATAL] Job 481f1cb1-19ad-5acb-b1a0-5632153df013 (Run Report Generation Scheduled Tasks) failed in CRON run
Thu Oct 29 07:50:06 2015 [91865][1][FATAL] Job df381385-8819-61bd-30d7-563215ac4db1 (Run Reports) failed in CRON run
Thu Oct 29 07:55:02 2015 [100015][1][FATAL] Job 5c57129a-5a35-b22e-d555-5632176bc36a (Run Report Generation Scheduled Tasks) failed in CRON run
Thu Oct 29 07:55:04 2015 [100015][1][FATAL] Job d0dfe450-a3c1-1fd5-7444-5632176e6e63 (Run Reports) failed in CRON run
Thu Oct 29 08:00:10 2015 [107461][1][FATAL] Job 4a9e8b07-21de-4190-8fa5-563218687b05 (Run Reports) failed in CRON run
Thu Oct 29 08:00:10 2015 [107461][1][FATAL] Job 6a46e68b-4698-c75d-7e54-563218422f7c (Run Report Generation Scheduled Tasks) failed in CRON run
Thu Oct 29 08:05:02 2015 [115839][1][FATAL] Job 503077fa-89d6-0378-4657-56321978596f (Run Report Generation Scheduled Tasks) failed in CRON run
Thu Oct 29 08:05:04 2015 [115839][1][FATAL] Job aacbe535-1874-dee5-b246-5632195753b9 (Run Reports) failed in CRON run
Thu Oct 29 08:10:08 2015 [123961][1][FATAL] Job 6dc1b7d4-a943-2da2-62c6-56321a7a99d1 (Run Report Generation Scheduled Tasks) failed in CRON run
Thu Oct 29 08:10:11 2015 [123961][1][FATAL] Job 9a3060c3-214a-bd45-1670-56321ac89984 (Run Reports) failed in CRON run
Thu Oct 29 08:15:09 2015 [974][1][FATAL] Job 5f0f175e-70b6-75ca-4258-56321b787c8a (Run Reports) failed in CRON run
Thu Oct 29 08:15:09 2015 [974][1][FATAL] Job b7f66f2c-6c5f-6a7e-77ab-56321b016e8d (Run Report Generation Scheduled Tasks) failed in CRON run
Thu Oct 29 08:20:04 2015 [9510][1][FATAL] Job 3bb2b404-a293-52cb-86d7-56321d2a6230 (Run Reports) failed in CRON run
Thu Oct 29 08:20:05 2015 [9510][1][FATAL] Job ad99a40d-14e5-ae2f-b133-56321d614789 (Run Report Generation Scheduled Tasks) failed in CRON run
Thu Oct 29 08:25:03 2015 [18218][1][FATAL] Job 5213b834-dc80-be36-61e8-56321e51337b (Run Report Generation Scheduled Tasks) failed in CRON run
Thu Oct 29 08:25:05 2015 [18218][1][FATAL] Job d6b98d35-4593-2171-f4ef-56321eb3ed19 (Run Reports) failed in CRON run
Thu Oct 29 08:30:03 2015 [26700][1][FATAL] Job 179a2974-5e8c-ef8e-78d0-56321f408094 (Run Report Generation Scheduled Tasks) failed in CRON run
Thu Oct 29 08:30:06 2015 [26700][1][FATAL] Job ccfa5d48-bbf2-0026-57ac-56321fb6fc78 (Run Reports) failed in CRON run
Thu Oct 29 08:35:06 2015 [35042][1][FATAL] Job 6d478f01-ab37-1379-ee08-5632201f2b43 (Run Reports) failed in CRON run
Thu Oct 29 08:35:06 2015 [35042][1][FATAL] Job d798480f-64f1-bc54-6b35-5632202b9c12 (Run Report Generation Scheduled Tasks) failed in CRON run
Thu Oct 29 08:40:02 2015 [43352][1][FATAL] Job 5b8fa17b-e235-5077-1253-563221a03c78 (Run Report Generation Scheduled Tasks) failed in CRON run
Thu Oct 29 08:40:06 2015 [43352][1][FATAL] Job be42f1a4-d483-ded4-7a3b-563221b31026 (Run Reports) failed in CRON run
Thu Oct 29 08:45:03 2015 [51864][1][FATAL] Job 568baea2-849a-bea0-c40c-563222b3096c (Run Report Generation Scheduled Tasks) failed in CRON run
Thu Oct 29 08:45:05 2015 [51864][1][FATAL] Job c9f72d95-cbca-5ee5-653b-5632221dc27f (Run Reports) failed in CRON run
Thu Oct 29 08:50:03 2015 [66086][1][FATAL] Job 277b0a16-9cf1-1a34-06b7-56322473dcf3 (Run Report Generation Scheduled Tasks) failed in CRON run
Thu Oct 29 08:50:05 2015 [66086][1][FATAL] Job 69412136-3b70-626e-fb1f-5632240bc1d0 (Run Reports) failed in CRON run
Thu Oct 29 08:55:02 2015 [74821][1][FATAL] Job 4a142c32-7019-e0fb-2d7a-56322500b8be (Run Report Generation Scheduled Tasks) failed in CRON run
Thu Oct 29 08:55:04 2015 [74821][1][FATAL] Job b87e3ea3-15b8-88f0-6611-563225b7ff3e (Run Reports) failed in CRON run
Thu Oct 29 09:00:08 2015 [83556][1][FATAL] Job 30226caa-6941-132f-b3b9-56322666a304 (Optimise AOD Index) failed in CRON run
Thu Oct 29 09:05:04 2015 [93603][1][FATAL] Job a0ee1e33-b494-d37b-8994-56322681a20d (Run Reports) failed in CRON run
Thu Oct 29 09:05:04 2015 [93603][1][FATAL] Job d91a3763-731f-cb89-df29-563226503f21 (Run Report Generation Scheduled Tasks) failed in CRON run
Thu Oct 29 09:10:03 2015 [102370][1][FATAL] Job 2b481c52-42a7-ebc5-c145-56322862f551 (Run Reports) failed in CRON run
Thu Oct 29 09:10:03 2015 [102370][1][FATAL] Job 98a3d1f7-6ab0-dca7-da0f-563228c57bff (Run Report Generation Scheduled Tasks) failed in CRON run
Thu Oct 29 09:15:03 2015 [110675][1][FATAL] Job 1e02dced-776e-9413-69c2-563229194be2 (Run Report Generation Scheduled Tasks) failed in CRON run
Thu Oct 29 09:15:05 2015 [110675][1][FATAL] Job 66509378-3405-a18d-7bb1-563229cc982b (Run Reports) failed in CRON run
Thu Oct 29 09:20:04 2015 [119703][1][FATAL] Job 66fdb4e9-77dc-3e4c-2acb-56322b8f353c (Run Reports) failed in CRON run
Thu Oct 29 09:20:04 2015 [119703][1][FATAL] Job f3e77d85-27ea-81d2-571f-56322b07d212 (Run Report Generation Scheduled Tasks) failed in CRON run
Thu Oct 29 09:25:02 2015 [129623][1][FATAL] Job 21d00d91-6375-4b88-16e0-56322c8ae14c (Run Report Generation Scheduled Tasks) failed in CRON run
Thu Oct 29 09:25:04 2015 [129623][1][FATAL] Job 5707110d-5e18-1bf3-347c-56322c7d1af2 (Run Reports) failed in CRON run
Thu Oct 29 09:30:05 2015 [9168][1][FATAL] Job 60f5b196-52d5-3000-6274-56322d4475c6 (Run Reports) failed in CRON run
Thu Oct 29 09:30:05 2015 [9168][1][FATAL] Job ba9a5e39-2633-f4c0-ce23-56322d91fbca (Run Report Generation Scheduled Tasks) failed in CRON run
Thu Oct 29 09:35:03 2015 [19766][1][FATAL] Job 4e72196b-5567-16d9-68fa-56322ef4cdb1 (Run Report Generation Scheduled Tasks) failed in CRON run
Thu Oct 29 09:35:05 2015 [19766][1][FATAL] Job d2683e9b-be5d-ffae-4a51-56322edd0fa0 (Run Reports) failed in CRON run
Thu Oct 29 09:40:02 2015 [29399][1][FATAL] Job 188cfaa1-db41-04ee-c741-56322ff63843 (Run Report Generation Scheduled Tasks) failed in CRON run
Thu Oct 29 09:40:05 2015 [29399][1][FATAL] Job 9e327a4e-96cd-db96-ceca-56322f28a67a (Run Reports) failed in CRON run
Thu Oct 29 09:45:08 2015 [40478][1][FATAL] Job 470a8770-8728-0990-ae33-563230f3b6ee (Run Reports) failed in CRON run
Thu Oct 29 09:45:08 2015 [40478][1][FATAL] Job 78d9e272-9b3e-89e2-d6e9-5632305ab12c (Run Report Generation Scheduled Tasks) failed in CRON run
Thu Oct 29 09:50:07 2015 [50717][1][FATAL] Job 58b6a325-2424-1d08-c9e9-5632324bf778 (Run Reports) failed in CRON run
Thu Oct 29 09:50:07 2015 [50717][1][FATAL] Job 914b8899-45bb-507d-4dc0-563232bb33b9 (Run Report Generation Scheduled Tasks) failed in CRON run
Thu Oct 29 09:55:05 2015 [60858][1][FATAL] Job 3f083576-8dd3-092b-e848-563233887974 (Run Reports) failed in CRON run
Thu Oct 29 09:55:05 2015 [60858][1][FATAL] Job 9759a4b1-e937-1e88-a765-56323349c9fa (Run Report Generation Scheduled Tasks) failed in CRON run
Thu Oct 29 10:00:12 2015 [71375][1][FATAL] Job 838493b8-f68d-5e65-cc2e-563234d9255f (Run Reports) failed in CRON run
Thu Oct 29 10:00:12 2015 [71375][1][FATAL] Job b96dd5e6-d497-bc0c-d5c4-563234d84da2 (Run Report Generation Scheduled Tasks) failed in CRON run
Thu Oct 29 10:05:03 2015 [81804][1][FATAL] Job 16a164e1-8bcd-8530-a4ce-563235900d66 (Run Reports) failed in CRON run
Thu Oct 29 10:05:03 2015 [81804][1][FATAL] Job 689fd04b-0673-8adc-c915-563235f99a75 (Run Report Generation Scheduled Tasks) failed in CRON run
Thu Oct 29 10:10:03 2015 [92422][1][FATAL] Job 2b490c76-4302-79eb-ca39-56323636855d (Run Reports) failed in CRON run
Thu Oct 29 10:10:05 2015 [92422][1][FATAL] Job 95b47140-6097-0fab-6345-563236ec0b3e (Run Report Generation Scheduled Tasks) failed in CRON run
Thu Oct 29 10:15:05 2015 [103369][1][FATAL] Job 15194838-3e93-fc66-40a1-56323712447e (Run Report Generation Scheduled Tasks) failed in CRON run
Thu Oct 29 10:15:07 2015 [103369][1][FATAL] Job ee936057-0702-0df4-f2c6-5632377e775a (Run Reports) failed in CRON run
Thu Oct 29 10:20:06 2015 [114605][1][FATAL] Job 2dfcbbbb-6cee-49ef-d8f8-5632395dc869 (Run Reports) failed in CRON run
Thu Oct 29 10:20:06 2015 [114605][1][FATAL] Job c0d4cc89-92a9-c5c9-4b66-563239394fe4 (Run Report Generation Scheduled Tasks) failed in CRON run
Thu Oct 29 10:25:04 2015 [125461][1][FATAL] Job 25cc7c31-db5b-4fc3-2c56-56323a332c5b (Run Report Generation Scheduled Tasks) failed in CRON run
Thu Oct 29 10:25:06 2015 [125461][1][FATAL] Job f3fb2cce-4ddf-fcea-57fd-56323ad3c5a6 (Run Reports) failed in CRON run
Thu Oct 29 10:30:13 2015 [4951][1][FATAL] Job a948653d-9177-0e59-8d6b-56323bef2f42 (Run Reports) failed in CRON run
Thu Oct 29 10:30:13 2015 [4951][1][FATAL] Job b66167a1-1e22-55a9-a6dd-56323b0fb1fc (Run Report Generation Scheduled Tasks) failed in CRON run
Thu Oct 29 10:35:03 2015 [23094][1][FATAL] Job 7254926d-00e4-d515-484b-56323c1295c0 (Run Report Generation Scheduled Tasks) failed in CRON run
Thu Oct 29 10:35:05 2015 [23094][1][FATAL] Job d404fab1-ad83-182a-e7c4-56323c9ad96b (Run Reports) failed in CRON run
Thu Oct 29 10:40:08 2015 [32980][1][FATAL] Job 7bd6caed-bff4-2fb3-0a2f-56323db8cfee (Run Report Generation Scheduled Tasks) failed in CRON run
Thu Oct 29 10:40:08 2015 [32980][1][FATAL] Job f2606b5c-0486-7fbc-202d-56323d8c6701 (Run Reports) failed in CRON run
Thu Oct 29 10:45:12 2015 [42766][1][FATAL] Job 55975990-9c72-133f-056b-56323f8fbfad (Run Reports) failed in CRON run
Thu Oct 29 10:45:12 2015 [42766][1][FATAL] Job 694f9ce1-08f3-4056-528a-56323f878d66 (Run Report Generation Scheduled Tasks) failed in CRON run
Thu Oct 29 10:50:03 2015 [54017][1][FATAL] Job 8da17dfe-6d8e-ff8c-f602-5632401ea51a (Run Report Generation Scheduled Tasks) failed in CRON run
Thu Oct 29 10:50:05 2015 [54017][1][FATAL] Job fd600e91-04ae-d297-ebac-56324008a304 (Run Reports) failed in CRON run
Thu Oct 29 10:55:02 2015 [64389][1][FATAL] Job 5b5db60a-a095-38cb-3ae0-5632411f2fe6 (Run Report Generation Scheduled Tasks) failed in CRON run
Thu Oct 29 10:55:05 2015 [64389][1][FATAL] Job bfa2687b-7f71-aafd-ffcf-563241e51fa2 (Run Reports) failed in CRON run
Thu Oct 29 11:00:09 2015 [73464][1][FATAL] Job 673b8551-45a3-6216-3840-56324219c98f (Run Reports) failed in CRON run
Thu Oct 29 11:00:29 2015 [73464][1][FATAL] Job 97f242f1-d54b-8017-a417-563242591e89 (Run Report Generation Scheduled Tasks) failed in CRON run
Thu Oct 29 11:05:03 2015 [82933][1][FATAL] Job 4e40c08f-e8c3-e390-920d-563243810fc6 (Run Report Generation Scheduled Tasks) failed in CRON run
Thu Oct 29 11:05:06 2015 [82933][1][FATAL] Job b9b2be6b-456b-1a95-4aa4-563243d70c17 (Run Reports) failed in CRON run
Thu Oct 29 11:10:02 2015 [91845][1][FATAL] Job 27bd334c-e438-92d0-e1d1-56324446affa (Run Report Generation Scheduled Tasks) failed in CRON run
Thu Oct 29 11:10:04 2015 [91845][1][FATAL] Job 6a2db085-81f6-d73f-3ac8-563244f3f68f (Run Reports) failed in CRON run
Thu Oct 29 17:10:52 2015 [93292][53f59826-cc14-1aa5-7f55-557e8e9c0d20][FATAL] aor_reports for aor_report_aor_fields failed to load

Thu Oct 29 17:10:52 2015 [93292][53f59826-cc14-1aa5-7f55-557e8e9c0d20][FATAL] aor_reports for aor_report_aor_fields failed to load

Thu Oct 29 17:10:52 2015 [93292][53f59826-cc14-1aa5-7f55-557e8e9c0d20][FATAL] aor_reports for aor_report_aor_fields failed to load

Thu Oct 29 17:10:52 2015 [93292][53f59826-cc14-1aa5-7f55-557e8e9c0d20][FATAL] aor_reports for aor_report_aor_fields failed to load

Thu Oct 29 17:10:52 2015 [93292][53f59826-cc14-1aa5-7f55-557e8e9c0d20][FATAL] aor_reports for aor_report_aor_fields failed to load

Thu Oct 29 17:10:52 2015 [93292][53f59826-cc14-1aa5-7f55-557e8e9c0d20][FATAL] aor_reports for aor_report_aor_fields failed to load

Thu Oct 29 17:10:52 2015 [93292][53f59826-cc14-1aa5-7f55-557e8e9c0d20][FATAL] aor_reports for aor_report_aor_fields failed to load

Thu Oct 29 17:10:52 2015 [93292][53f59826-cc14-1aa5-7f55-557e8e9c0d20][FATAL] aor_reports for aor_report_aor_fields failed to load

Thu Oct 29 17:10:52 2015 [93292][53f59826-cc14-1aa5-7f55-557e8e9c0d20][FATAL] aor_reports for aor_report_aor_fields failed to load

Thu Oct 29 17:10:52 2015 [93292][53f59826-cc14-1aa5-7f55-557e8e9c0d20][FATAL] aor_reports for aor_report_aor_fields failed to load

Thu Oct 29 17:10:52 2015 [93292][53f59826-cc14-1aa5-7f55-557e8e9c0d20][FATAL] aor_reports for aor_report_aor_conditions failed to load

Thu Oct 29 17:10:52 2015 [93292][53f59826-cc14-1aa5-7f55-557e8e9c0d20][FATAL] aor_reports for aor_report_aor_conditions failed to load

Thu Oct 29 17:11:45 2015 [94882][53f59826-cc14-1aa5-7f55-557e8e9c0d20][FATAL] aor_reports for aor_report_aor_fields failed to load

Thu Oct 29 17:11:45 2015 [94882][53f59826-cc14-1aa5-7f55-557e8e9c0d20][FATAL] aor_reports for aor_report_aor_fields failed to load

Thu Oct 29 17:11:45 2015 [94882][53f59826-cc14-1aa5-7f55-557e8e9c0d20][FATAL] aor_reports for aor_report_aor_fields failed to load

Thu Oct 29 17:11:45 2015 [94882][53f59826-cc14-1aa5-7f55-557e8e9c0d20][FATAL] aor_reports for aor_report_aor_fields failed to load

Thu Oct 29 17:11:45 2015 [94882][53f59826-cc14-1aa5-7f55-557e8e9c0d20][FATAL] aor_reports for aor_report_aor_fields failed to load

Thu Oct 29 17:11:45 2015 [94882][53f59826-cc14-1aa5-7f55-557e8e9c0d20][FATAL] aor_reports for aor_report_aor_fields failed to load

Thu Oct 29 17:11:45 2015 [94882][53f59826-cc14-1aa5-7f55-557e8e9c0d20][FATAL] aor_reports for aor_report_aor_fields failed to load

Thu Oct 29 17:11:45 2015 [94882][53f59826-cc14-1aa5-7f55-557e8e9c0d20][FATAL] aor_reports for aor_report_aor_fields failed to load

Thu Oct 29 17:11:45 2015 [94882][53f59826-cc14-1aa5-7f55-557e8e9c0d20][FATAL] aor_reports for aor_report_aor_fields failed to load

Thu Oct 29 17:11:45 2015 [94882][53f59826-cc14-1aa5-7f55-557e8e9c0d20][FATAL] aor_reports for aor_report_aor_fields failed to load

Thu Oct 29 17:11:45 2015 [94882][53f59826-cc14-1aa5-7f55-557e8e9c0d20][FATAL] aor_reports for aor_report_aor_conditions failed to load

Thu Oct 29 17:11:45 2015 [94882][53f59826-cc14-1aa5-7f55-557e8e9c0d20][FATAL] aor_reports for aor_report_aor_conditions failed to load

Thu Oct 29 17:12:17 2015 [95914][53f59826-cc14-1aa5-7f55-557e8e9c0d20][FATAL] aor_reports for aor_report_aor_fields failed to load

Thu Oct 29 17:12:17 2015 [95914][53f59826-cc14-1aa5-7f55-557e8e9c0d20][FATAL] aor_reports for aor_report_aor_fields failed to load

Thu Oct 29 17:12:17 2015 [95914][53f59826-cc14-1aa5-7f55-557e8e9c0d20][FATAL] aor_reports for aor_report_aor_fields failed to load

Thu Oct 29 17:12:17 2015 [95914][53f59826-cc14-1aa5-7f55-557e8e9c0d20][FATAL] aor_reports for aor_report_aor_fields failed to load

Thu Oct 29 17:12:17 2015 [95914][53f59826-cc14-1aa5-7f55-557e8e9c0d20][FATAL] aor_reports for aor_report_aor_fields failed to load

Thu Oct 29 17:12:17 2015 [95914][53f59826-cc14-1aa5-7f55-557e8e9c0d20][FATAL] aor_reports for aor_report_aor_fields failed to load

Thu Oct 29 17:12:17 2015 [95914][53f59826-cc14-1aa5-7f55-557e8e9c0d20][FATAL] aor_reports for aor_report_aor_fields failed to load

Thu Oct 29 17:12:17 2015 [95914][53f59826-cc14-1aa5-7f55-557e8e9c0d20][FATAL] aor_reports for aor_report_aor_fields failed to load

Thu Oct 29 17:12:17 2015 [95914][53f59826-cc14-1aa5-7f55-557e8e9c0d20][FATAL] aor_reports for aor_report_aor_fields failed to load

Thu Oct 29 17:12:17 2015 [95914][53f59826-cc14-1aa5-7f55-557e8e9c0d20][FATAL] aor_reports for aor_report_aor_fields failed to load

Thu Oct 29 17:12:18 2015 [95914][53f59826-cc14-1aa5-7f55-557e8e9c0d20][FATAL] aor_reports for aor_report_aor_fields failed to load

Thu Oct 29 17:12:18 2015 [95914][53f59826-cc14-1aa5-7f55-557e8e9c0d20][FATAL] aor_reports for aor_report_aor_fields failed to load

Thu Oct 29 17:12:18 2015 [95914][53f59826-cc14-1aa5-7f55-557e8e9c0d20][FATAL] aor_reports for aor_report_aor_fields failed to load

Thu Oct 29 17:12:18 2015 [95914][53f59826-cc14-1aa5-7f55-557e8e9c0d20][FATAL] aor_reports for aor_report_aor_conditions failed to load

Thu Oct 29 17:13:07 2015 [97519][53f59826-cc14-1aa5-7f55-557e8e9c0d20][FATAL] aor_reports for aor_report_aor_fields failed to load

Thu Oct 29 17:13:07 2015 [97519][53f59826-cc14-1aa5-7f55-557e8e9c0d20][FATAL] aor_reports for aor_report_aor_fields failed to load

Thu Oct 29 17:13:07 2015 [97519][53f59826-cc14-1aa5-7f55-557e8e9c0d20][FATAL] aor_reports for aor_report_aor_fields failed to load

Thu Oct 29 17:13:07 2015 [97519][53f59826-cc14-1aa5-7f55-557e8e9c0d20][FATAL] aor_reports for aor_report_aor_fields failed to load

Thu Oct 29 17:13:07 2015 [97519][53f59826-cc14-1aa5-7f55-557e8e9c0d20][FATAL] aor_reports for aor_report_aor_fields failed to load

Thu Oct 29 17:13:07 2015 [97519][53f59826-cc14-1aa5-7f55-557e8e9c0d20][FATAL] aor_reports for aor_report_aor_fields failed to load

Thu Oct 29 17:13:07 2015 [97519][53f59826-cc14-1aa5-7f55-557e8e9c0d20][FATAL] aor_reports for aor_report_aor_fields failed to load

Thu Oct 29 17:13:08 2015 [97519][53f59826-cc14-1aa5-7f55-557e8e9c0d20][FATAL] aor_reports for aor_report_aor_fields failed to load

Thu Oct 29 17:13:08 2015 [97519][53f59826-cc14-1aa5-7f55-557e8e9c0d20][FATAL] aor_reports for aor_report_aor_fields failed to load

Thu Oct 29 17:13:08 2015 [97519][53f59826-cc14-1aa5-7f55-557e8e9c0d20][FATAL] aor_reports for aor_report_aor_fields failed to load

Thu Oct 29 17:13:08 2015 [97519][53f59826-cc14-1aa5-7f55-557e8e9c0d20][FATAL] aor_reports for aor_report_aor_fields failed to load

Thu Oct 29 17:13:08 2015 [97519][53f59826-cc14-1aa5-7f55-557e8e9c0d20][FATAL] aor_reports for aor_report_aor_fields failed to load

Thu Oct 29 17:13:08 2015 [97519][53f59826-cc14-1aa5-7f55-557e8e9c0d20][FATAL] aor_reports for aor_report_aor_fields failed to load

Thu Oct 29 17:13:08 2015 [97519][53f59826-cc14-1aa5-7f55-557e8e9c0d20][FATAL] aor_reports for aor_report_aor_conditions failed to load

Thu Oct 29 17:13:46 2015 [98646][53f59826-cc14-1aa5-7f55-557e8e9c0d20][FATAL] aor_reports for aor_report_aor_fields failed to load

Thu Oct 29 17:13:46 2015 [98646][53f59826-cc14-1aa5-7f55-557e8e9c0d20][FATAL] aor_reports for aor_report_aor_fields failed to load

Thu Oct 29 17:13:46 2015 [98646][53f59826-cc14-1aa5-7f55-557e8e9c0d20][FATAL] aor_reports for aor_report_aor_fields failed to load

Thu Oct 29 17:13:46 2015 [98646][53f59826-cc14-1aa5-7f55-557e8e9c0d20][FATAL] aor_reports for aor_report_aor_fields failed to load

Thu Oct 29 17:13:46 2015 [98646][53f59826-cc14-1aa5-7f55-557e8e9c0d20][FATAL] aor_reports for aor_report_aor_fields failed to load

Thu Oct 29 17:13:46 2015 [98646][53f59826-cc14-1aa5-7f55-557e8e9c0d20][FATAL] aor_reports for aor_report_aor_fields failed to load

Thu Oct 29 17:13:46 2015 [98646][53f59826-cc14-1aa5-7f55-557e8e9c0d20][FATAL] aor_reports for aor_report_aor_fields failed to load

Thu Oct 29 17:13:46 2015 [98646][53f59826-cc14-1aa5-7f55-557e8e9c0d20][FATAL] aor_reports for aor_report_aor_fields failed to load

Thu Oct 29 17:13:46 2015 [98646][53f59826-cc14-1aa5-7f55-557e8e9c0d20][FATAL] aor_reports for aor_report_aor_fields failed to load

Thu Oct 29 17:13:46 2015 [98646][53f59826-cc14-1aa5-7f55-557e8e9c0d20][FATAL] aor_reports for aor_report_aor_fields failed to load

Thu Oct 29 17:13:46 2015 [98646][53f59826-cc14-1aa5-7f55-557e8e9c0d20][FATAL] aor_reports for aor_report_aor_fields failed to load

Thu Oct 29 17:13:46 2015 [98646][53f59826-cc14-1aa5-7f55-557e8e9c0d20][FATAL] aor_reports for aor_report_aor_fields failed to load

Thu Oct 29 17:13:46 2015 [98646][53f59826-cc14-1aa5-7f55-557e8e9c0d20][FATAL] aor_reports for aor_report_aor_fields failed to load

Thu Oct 29 17:13:46 2015 [98646][53f59826-cc14-1aa5-7f55-557e8e9c0d20][FATAL] aor_reports for aor_report_aor_conditions failed to load

Thu Oct 29 11:15:07 2015 [101433][1][FATAL] Job 9b87e02d-f7c7-f5f1-0c52-5632463585ff (Run Reports) failed in CRON run
Thu Oct 29 11:15:07 2015 [101433][1][FATAL] Job de3562ee-b92a-6a6f-99c6-563246c8e827 (Run Report Generation Scheduled Tasks) failed in CRON run
Thu Oct 29 11:20:03 2015 [110719][1][FATAL] Job 17044cf6-3d27-9a96-ef08-56324770d6e9 (Run Reports) failed in CRON run
Thu Oct 29 11:20:04 2015 [110719][1][FATAL] Job ad045ef6-710e-f230-22e0-563247a03595 (Run Report Generation Scheduled Tasks) failed in CRON run
Thu Oct 29 11:25:03 2015 [120546][1][FATAL] Job 7b55a80b-4325-d68c-dc02-56324871e254 (Run Report Generation Scheduled Tasks) failed in CRON run
Thu Oct 29 11:25:05 2015 [120546][1][FATAL] Job e857fb5b-4901-6bf2-9e52-563248881ba9 (Run Reports) failed in CRON run
Thu Oct 29 11:30:05 2015 [130482][1][FATAL] Job 37b42c78-a5d5-fffd-1a38-563249b5ab62 (Run Report Generation Scheduled Tasks) failed in CRON run
Thu Oct 29 11:30:08 2015 [130482][1][FATAL] Job ada7a882-d5b1-89fe-727c-5632490f2364 (Run Reports) failed in CRON run
Thu Oct 29 11:35:03 2015 [10712][1][FATAL] Job 794277d3-4af5-5a4e-4730-56324aa1b6ff (Run Report Generation Scheduled Tasks) failed in CRON run
Thu Oct 29 11:35:05 2015 [10712][1][FATAL] Job ed174801-49d7-3b1c-e5b2-56324aca1c19 (Run Reports) failed in CRON run
Thu Oct 29 11:40:04 2015 [20446][1][FATAL] Job 776531d0-1939-8fdc-db72-56324b5b16f2 (Run Report Generation Scheduled Tasks) failed in CRON run
Thu Oct 29 11:40:06 2015 [20446][1][FATAL] Job f9090d21-b05c-a57b-2be0-56324b43362b (Run Reports) failed in CRON run
Thu Oct 29 11:45:04 2015 [30193][1][FATAL] Job 3fca0d0a-876c-7881-5b94-56324dd3db1a (Run Reports) failed in CRON run
Thu Oct 29 11:45:04 2015 [30193][1][FATAL] Job 665704b4-ae6c-1da7-fd43-56324d352077 (Run Report Generation Scheduled Tasks) failed in CRON run
Thu Oct 29 11:50:03 2015 [39680][1][FATAL] Job 180b5b2f-4399-3a37-f80e-56324edd82e4 (Run Report Generation Scheduled Tasks) failed in CRON run
Thu Oct 29 11:50:09 2015 [39680][1][FATAL] Job c3414a2c-f3d9-b064-134e-56324e9a0c9b (Run Reports) failed in CRON run
Thu Oct 29 11:55:03 2015 [49294][1][FATAL] Job 9c548afc-1819-f436-eb00-56324ffd5781 (Run Report Generation Scheduled Tasks) failed in CRON run
Thu Oct 29 12:00:18 2015 [58422][1][FATAL] Job e5fa614d-bd16-4d2c-dc25-56324f14c33e (Run Reports) failed in CRON run
Thu Oct 29 12:00:18 2015 [58422][1][FATAL] Job 29362cbe-fab3-7e8c-3bac-563250d5af2c (Run Report Generation Scheduled Tasks) failed in CRON run
Thu Oct 29 12:00:18 2015 [58422][1][FATAL] Job 7081feb0-2f31-eb1d-3985-5632501c4d66 (Optimise AOD Index) failed in CRON run
Thu Oct 29 12:05:03 2015 [70755][1][FATAL] Job 10ac548a-5a25-57dc-426e-563251176b30 (Run Reports) failed in CRON run
Thu Oct 29 12:05:03 2015 [70755][1][FATAL] Job a3b86260-7326-148c-e4f2-563251a96a10 (Run Report Generation Scheduled Tasks) failed in CRON run
Thu Oct 29 12:10:09 2015 [81786][1][FATAL] Job 4cf949ce-76b6-9774-abb9-5632524066c7 (Run Report Generation Scheduled Tasks) failed in CRON run
Thu Oct 29 12:10:13 2015 [81786][1][FATAL] Job c8561dab-815a-9837-1556-563252b3d95c (Run Reports) failed in CRON run
Thu Oct 29 12:15:03 2015 [92462][1][FATAL] Job 4da0f664-773a-feb5-8ddf-563254861caa (Run Report Generation Scheduled Tasks) failed in CRON run
Thu Oct 29 12:15:06 2015 [92462][1][FATAL] Job b7d9b15b-e575-40fa-14c3-563254e7c57a (Run Reports) failed in CRON run
Thu Oct 29 12:20:08 2015 [120546][1][FATAL] Job a8f8194b-129b-1a80-ea88-563255014d8d (Run Reports) failed in CRON run
Thu Oct 29 12:20:09 2015 [120546][1][FATAL] Job b74e99dc-e640-0ce9-6b65-56325575ec41 (Run Report Generation Scheduled Tasks) failed in CRON run
Thu Oct 29 12:25:05 2015 [130881][1][FATAL] Job 5179768b-5251-8cb1-994e-563256368515 (Run Reports) failed in CRON run
Thu Oct 29 12:25:05 2015 [130881][1][FATAL] Job ebaa0431-375c-799f-ba42-5632569ac778 (Run Report Generation Scheduled Tasks) failed in CRON run
Thu Oct 29 12:30:06 2015 [10685][1][FATAL] Job a23f9146-9d73-81f2-84e0-563257fad05d (Run Reports) failed in CRON run
Thu Oct 29 12:30:06 2015 [10685][1][FATAL] Job b2db0a26-e44a-8dff-0578-56325722aa46 (Run Report Generation Scheduled Tasks) failed in CRON run
Thu Oct 29 12:35:03 2015 [20751][1][FATAL] Job 8a9475b7-e11c-b8bf-7940-563258392ad0 (Run Report Generation Scheduled Tasks) failed in CRON run
Thu Oct 29 12:35:05 2015 [20751][1][FATAL] Job ecf02787-96b7-8c5f-5ddd-563258b8830f (Run Reports) failed in CRON run
Thu Oct 29 12:40:04 2015 [30126][1][FATAL] Job 63e2c80e-9f2d-32f9-b401-5632598132c8 (Run Report Generation Scheduled Tasks) failed in CRON run
Thu Oct 29 12:40:06 2015 [30126][1][FATAL] Job da4c8aa2-688f-5f00-79ca-5632596e963c (Run Reports) failed in CRON run
Thu Oct 29 12:45:06 2015 [39510][1][FATAL] Job 615debf5-0759-eb8c-02a2-56325b8bf980 (Run Reports) failed in CRON run
Thu Oct 29 12:45:06 2015 [39510][1][FATAL] Job 83d9ec52-6893-8ba5-d1a6-56325bcdefe1 (Run Report Generation Scheduled Tasks) failed in CRON run
Thu Oct 29 12:50:06 2015 [48915][1][FATAL] Job 717263e9-8b7e-d2c7-045d-56325cf488f3 (Run Reports) failed in CRON run
Thu Oct 29 12:50:06 2015 [48915][1][FATAL] Job be11c90e-c31d-4c1b-4328-56325c2e17c1 (Run Report Generation Scheduled Tasks) failed in CRON run
Thu Oct 29 12:55:08 2015 [58848][1][FATAL] Job 89abe46f-e522-e0d8-69ef-56325d3e58e6 (Run Reports) failed in CRON run
Thu Oct 29 12:55:08 2015 [58848][1][FATAL] Job bafa2458-d03e-46d5-17db-56325d31a31c (Run Report Generation Scheduled Tasks) failed in CRON run
Thu Oct 29 13:00:12 2015 [69070][1][FATAL] Job 29def889-ac85-e26d-f901-56325e1531ae (Run Report Generation Scheduled Tasks) failed in CRON run
Thu Oct 29 13:00:12 2015 [69070][1][FATAL] Job 7990ae63-9122-b54e-5de9-56325e322060 (Run Reports) failed in CRON run
Thu Oct 29 13:05:05 2015 [80154][1][FATAL] Job 2c61bf3c-fec6-93ac-735e-56325fac7f1b (Run Reports) failed in CRON run
Thu Oct 29 13:05:05 2015 [80154][1][FATAL] Job bda11618-4621-b142-7640-56325ff66e5a (Run Report Generation Scheduled Tasks) failed in CRON run
Thu Oct 29 13:10:06 2015 [97714][1][FATAL] Job 5882480a-90b6-fe13-8e94-563260f84f54 (Run Reports) failed in CRON run
Thu Oct 29 13:10:06 2015 [97714][1][FATAL] Job ae891f74-4cca-be9c-04dc-5632608731b1 (Run Report Generation Scheduled Tasks) failed in CRON run
Thu Oct 29 13:15:03 2015 [108974][1][FATAL] Job 3496460a-35f5-f9d5-90a0-563262ddffce (Run Report Generation Scheduled Tasks) failed in CRON run
Thu Oct 29 13:15:05 2015 [108974][1][FATAL] Job b55ba6a3-00e2-b874-2885-563262d96e0e (Run Reports) failed in CRON run
Thu Oct 29 13:20:04 2015 [120426][1][FATAL] Job 6677deec-6958-e1fe-b9e1-5632633217ca (Run Report Generation Scheduled Tasks) failed in CRON run
Thu Oct 29 13:20:07 2015 [120426][1][FATAL] Job e7ea4efe-09cf-4aee-3330-563263fb89eb (Run Reports) failed in CRON run
Thu Oct 29 13:25:03 2015 [887][1][FATAL] Job 1a903cf2-6a90-3804-17dc-5632643fa5a9 (Run Reports) failed in CRON run
Thu Oct 29 13:25:03 2015 [887][1][FATAL] Job 90328757-bd60-f15a-64f1-5632646fca48 (Run Report Generation Scheduled Tasks) failed in CRON run
Thu Oct 29 13:30:07 2015 [13740][1][FATAL] Job 898ef2f6-3f06-b3a0-8c23-5632652483ec (Run Reports) failed in CRON run
Thu Oct 29 13:30:07 2015 [13740][1][FATAL] Job c1623103-dd55-55e8-edbd-5632655e9861 (Run Report Generation Scheduled Tasks) failed in CRON run
Thu Oct 29 13:35:03 2015 [25207][1][FATAL] Job 6bcc00bf-579f-839a-7631-5632668e49cd (Run Report Generation Scheduled Tasks) failed in CRON run
Thu Oct 29 13:35:06 2015 [25207][1][FATAL] Job 8354f22e-18cb-c2fe-4763-56326638399f (Run Reports) failed in CRON run
Thu Oct 29 13:40:03 2015 [36654][1][FATAL] Job 61fa4319-1074-3a48-9cd5-56326860c48a (Run Report Generation Scheduled Tasks) failed in CRON run
Thu Oct 29 13:40:05 2015 [36654][1][FATAL] Job f08d90fa-7bc3-8dcc-a80c-563268e24b9e (Run Reports) failed in CRON run
Thu Oct 29 13:45:04 2015 [48899][1][FATAL] Job 1abf119e-73b8-81bf-d2c0-563269010866 (Run Reports) failed in CRON run
Thu Oct 29 13:45:04 2015 [48899][1][FATAL] Job 3104168a-7a86-767e-18b5-56326990f30e (Run Report Generation Scheduled Tasks) failed in CRON run
Thu Oct 29 13:50:04 2015 [58173][1][FATAL] Job 59c58169-10fc-6b5a-534d-56326a847d4c (Run Report Generation Scheduled Tasks) failed in CRON run
Thu Oct 29 13:50:07 2015 [58173][1][FATAL] Job f0710b6c-fe72-b592-e19c-56326a415085 (Run Reports) failed in CRON run
Thu Oct 29 13:55:03 2015 [67839][1][FATAL] Job 5684346b-1818-e6d4-1e82-56326b35db2f (Run Report Generation Scheduled Tasks) failed in CRON run
Thu Oct 29 13:55:05 2015 [67839][1][FATAL] Job dc7341a4-10e6-e9df-23a2-56326baca271 (Run Reports) failed in CRON run
Thu Oct 29 14:00:13 2015 [77809][1][FATAL] Job 78312287-bce7-9c71-e84b-56326c451ae3 (Run Report Generation Scheduled Tasks) failed in CRON run
Thu Oct 29 14:00:13 2015 [77809][1][FATAL] Job 9a6a868c-1fc9-e87a-3842-56326c881b42 (Run Reports) failed in CRON run
Thu Oct 29 14:05:02 2015 [87943][1][FATAL] Job 2cc9e8dd-4015-c098-e537-56326d1b6ad1 (Run Report Generation Scheduled Tasks) failed in CRON run
Thu Oct 29 14:05:05 2015 [87943][1][FATAL] Job c853a052-5f28-a7ce-b849-56326db706a1 (Run Reports) failed in CRON run
Thu Oct 29 14:10:05 2015 [103366][1][FATAL] Job 15dc2bdb-511d-6193-8867-56326f006708 (Run Reports) failed in CRON run
Thu Oct 29 14:10:10 2015 [103366][1][FATAL] Job e2970702-85d0-e9eb-1034-56326fae19f1 (Run Report Generation Scheduled Tasks) failed in CRON run
Thu Oct 29 14:15:03 2015 [113121][1][FATAL] Job 297500a7-e1f9-507c-8b07-563270f3412b (Run Report Generation Scheduled Tasks) failed in CRON run
Thu Oct 29 14:15:06 2015 [113121][1][FATAL] Job 78f30285-b1bb-88d4-b8b6-563270aa96bf (Run Reports) failed in CRON run
Thu Oct 29 14:20:05 2015 [122684][1][FATAL] Job 4adc1143-f2c2-94f0-7d48-563271f90020 (Run Reports) failed in CRON run
Thu Oct 29 14:20:05 2015 [122684][1][FATAL] Job 71ce5d33-c4fd-e8aa-0d78-5632714be0d5 (Run Report Generation Scheduled Tasks) failed in CRON run
Thu Oct 29 14:25:08 2015 [1645][1][FATAL] Job 473b601e-68ba-b62d-be09-5632720111ad (Run Reports) failed in CRON run
Thu Oct 29 14:25:08 2015 [1645][1][FATAL] Job 89b7c11b-6059-5a2f-a79c-563272edd172 (Run Report Generation Scheduled Tasks) failed in CRON run
Thu Oct 29 14:30:03 2015 [11155][1][FATAL] Job 3c47dd6e-8189-930b-0dac-563273fcf64b (Run Report Generation Scheduled Tasks) failed in CRON run
Thu Oct 29 14:30:06 2015 [11155][1][FATAL] Job b1d0734f-44eb-f2ce-eb68-563273355498 (Run Reports) failed in CRON run
Thu Oct 29 14:35:04 2015 [20539][1][FATAL] Job 3f930680-0760-e3b8-9e25-563274e4feaa (Run Reports) failed in CRON run
Thu Oct 29 14:35:04 2015 [20539][1][FATAL] Job d0b0aba9-3ab4-7e3f-9038-563274a24452 (Run Report Generation Scheduled Tasks) failed in CRON run
Thu Oct 29 14:40:04 2015 [30161][1][FATAL] Job 1b425122-e738-185a-7b58-5632765ad480 (Run Reports) failed in CRON run
Thu Oct 29 14:40:06 2015 [30161][1][FATAL] Job 60f5429f-0828-a5d4-6cdd-5632767032e7 (Run Report Generation Scheduled Tasks) failed in CRON run
Thu Oct 29 14:45:03 2015 [40500][1][FATAL] Job 1b57aa7b-6d11-ba47-8939-563277dc98f4 (Run Reports) failed in CRON run
Thu Oct 29 14:45:03 2015 [40500][1][FATAL] Job 7a359cc8-cf74-914a-9beb-5632777eed8c (Run Report Generation Scheduled Tasks) failed in CRON run
Thu Oct 29 14:50:05 2015 [50395][1][FATAL] Job 3cf04400-8674-7bf3-449b-56327806ae3a (Run Reports) failed in CRON run
Thu Oct 29 14:50:05 2015 [50395][1][FATAL] Job a7d0b79b-a3fb-6ed9-f28a-563278932745 (Run Report Generation Scheduled Tasks) failed in CRON run
Thu Oct 29 14:55:03 2015 [59513][1][FATAL] Job 2e844432-7e81-c395-d88e-563279f84d4b (Run Reports) failed in CRON run
Thu Oct 29 14:55:03 2015 [59513][1][FATAL] Job 4e18672c-3919-5793-1e9d-5632792305af (Run Report Generation Scheduled Tasks) failed in CRON run
Thu Oct 29 15:00:05 2015 [68514][1][FATAL] Job 1271b469-b338-5f75-87e6-56327a13a80e (Run Reports) failed in CRON run
Thu Oct 29 15:00:05 2015 [68514][1][FATAL] Job 78015372-f1aa-b16b-5793-56327a8171d6 (Run Report Generation Scheduled Tasks) failed in CRON run
Thu Oct 29 15:00:05 2015 [68514][1][FATAL] Job d54c6ad8-fd63-269a-6be2-56327a42604f (Optimise AOD Index) failed in CRON run
Thu Oct 29 15:05:05 2015 [78120][1][FATAL] Job 3513569d-b907-f212-ed91-56327b308809 (Run Report Generation Scheduled Tasks) failed in CRON run
Thu Oct 29 15:05:05 2015 [78120][1][FATAL] Job 8292b2ac-0c5a-12b3-d930-56327b311036 (Run Reports) failed in CRON run
Thu Oct 29 15:10:03 2015 [86883][1][FATAL] Job 8470836a-0050-e441-5552-56327d65668d (Run Report Generation Scheduled Tasks) failed in CRON run
Thu Oct 29 15:10:06 2015 [86883][1][FATAL] Job eff463b9-2ce2-5959-cd22-56327d2af25b (Run Reports) failed in CRON run
Thu Oct 29 15:15:04 2015 [96220][1][FATAL] Job 891d86de-21a1-953b-5387-56327ecff0f4 (Run Report Generation Scheduled Tasks) failed in CRON run
Thu Oct 29 15:15:06 2015 [96220][1][FATAL] Job f12a206b-e2c5-f7c6-349e-56327eb299c1 (Run Reports) failed in CRON run
Thu Oct 29 15:20:04 2015 [105713][1][FATAL] Job 2f01a428-57b7-13f0-2bb6-56327f66cf27 (Run Report Generation Scheduled Tasks) failed in CRON run
Thu Oct 29 15:20:06 2015 [105713][1][FATAL] Job efdc56e9-59d8-9183-d648-56327fef89cc (Run Reports) failed in CRON run
Thu Oct 29 15:25:05 2015 [115139][1][FATAL] Job 349c3581-81a7-97c5-e479-563280de8535 (Run Reports) failed in CRON run
Thu Oct 29 15:25:05 2015 [115139][1][FATAL] Job abbf57b7-10a5-d652-9c15-5632804c2e54 (Run Report Generation Scheduled Tasks) failed in CRON run
Thu Oct 29 15:30:04 2015 [124715][1][FATAL] Job 102e883a-5417-7779-d5d0-563281589846 (Run Report Generation Scheduled Tasks) failed in CRON run
Thu Oct 29 15:30:07 2015 [124715][1][FATAL] Job 94cae5d4-9605-f67a-d59e-56328158d7bf (Run Reports) failed in CRON run
Thu Oct 29 15:35:04 2015 [3905][1][FATAL] Job 487fe4e5-eee1-b718-d4a4-56328293823b (Run Reports) failed in CRON run
Thu Oct 29 15:35:04 2015 [3905][1][FATAL] Job bfd9f0ea-faa9-a687-019a-563282e56452 (Run Report Generation Scheduled Tasks) failed in CRON run
Thu Oct 29 15:40:04 2015 [13092][1][FATAL] Job 19d672f5-3d5b-db54-1280-563284e8f2bf (Run Reports) failed in CRON run
Thu Oct 29 15:40:04 2015 [13092][1][FATAL] Job 9a1c229c-10f1-1907-4c45-563284d3e011 (Run Report Generation Scheduled Tasks) failed in CRON run
Thu Oct 29 15:45:08 2015 [21879][1][FATAL] Job a25111d7-5aa1-b5db-16e4-563285734d90 (Run Reports) failed in CRON run
Thu Oct 29 15:45:08 2015 [21879][1][FATAL] Job bc8008bc-f370-beee-313f-563285ca1730 (Run Report Generation Scheduled Tasks) failed in CRON run
Thu Oct 29 15:50:02 2015 [30480][1][FATAL] Job 5eab9ec3-3725-384e-41d0-5632860201db (Run Report Generation Scheduled Tasks) failed in CRON run
Thu Oct 29 15:50:04 2015 [30480][1][FATAL] Job d4926ba6-2e0a-40a0-e121-5632864cd0c4 (Run Reports) failed in CRON run
Thu Oct 29 15:55:05 2015 [39393][1][FATAL] Job 49d78cce-61d8-74cb-a592-563287e20c7f (Run Reports) failed in CRON run
Thu Oct 29 15:55:05 2015 [39393][1][FATAL] Job bd395e23-8188-94ff-e029-563287fc8799 (Run Report Generation Scheduled Tasks) failed in CRON run
Thu Oct 29 16:00:08 2015 [48801][1][FATAL] Job affd09b9-c95b-c7d1-cdfa-563288ed481d (Run Reports) failed in CRON run
Thu Oct 29 16:00:08 2015 [48801][1][FATAL] Job e52cd45c-5a66-c98a-77ec-563288cbe64f (Run Report Generation Scheduled Tasks) failed in CRON run
Thu Oct 29 16:05:02 2015 [57763][1][FATAL] Job 51eecbe8-6395-9ec1-240c-56328971ee37 (Run Report Generation Scheduled Tasks) failed in CRON run
Thu Oct 29 16:05:05 2015 [57763][1][FATAL] Job bde7f56d-1e98-0dc0-6a20-5632895352e7 (Run Reports) failed in CRON run
Thu Oct 29 16:10:08 2015 [67252][1][FATAL] Job 7feb537d-e671-f850-4963-56328baceac1 (Run Reports) failed in CRON run
Thu Oct 29 16:10:08 2015 [67252][1][FATAL] Job d7eecf9e-1725-e466-1a72-56328b7b24f2 (Run Report Generation Scheduled Tasks) failed in CRON run
Thu Oct 29 16:15:05 2015 [75279][1][FATAL] Job 3a20b665-97e4-7661-ec87-56328cc63cf3 (Run Reports) failed in CRON run
Thu Oct 29 16:15:05 2015 [75279][1][FATAL] Job b3592540-60bc-6520-f3cd-56328c74a68d (Run Report Generation Scheduled Tasks) failed in CRON run
Thu Oct 29 16:20:03 2015 [83424][1][FATAL] Job a6ebea3b-628b-a8a9-297f-56328d22cd3c (Run Report Generation Scheduled Tasks) failed in CRON run
Thu Oct 29 16:20:03 2015 [83424][1][FATAL] Job b0c20b5c-0b5e-bfd4-465c-56328d4bb781 (Run Reports) failed in CRON run
Thu Oct 29 16:25:05 2015 [92184][1][FATAL] Job 3ed1bb9d-7893-c68b-5429-56328eee3249 (Run Reports) failed in CRON run
Thu Oct 29 16:25:05 2015 [92184][1][FATAL] Job bf7eba72-f7d9-572f-6803-56328ebcf826 (Run Report Generation Scheduled Tasks) failed in CRON run
Thu Oct 29 16:30:09 2015 [101224][1][FATAL] Job 2b1351fb-6a81-bd64-716c-56328fb1e043 (Run Reports) failed in CRON run
Thu Oct 29 16:30:12 2015 [101224][1][FATAL] Job ef430e1a-62e4-18d3-0a7e-56328fa3702d (Run Report Generation Scheduled Tasks) failed in CRON run
Thu Oct 29 16:35:06 2015 [110036][1][FATAL] Job a7d12479-81c6-9894-45c8-56329109f1ba (Run Report Generation Scheduled Tasks) failed in CRON run
Thu Oct 29 16:35:06 2015 [110036][1][FATAL] Job b485fa6e-b8f8-e568-243c-563291f13642 (Run Reports) failed in CRON run
Thu Oct 29 16:40:05 2015 [119060][1][FATAL] Job 2b82dc5d-12b8-c944-058c-563292590d4b (Run Reports) failed in CRON run
Thu Oct 29 16:40:05 2015 [119060][1][FATAL] Job 910d3f4d-910d-64de-79bb-56329231d7ed (Run Report Generation Scheduled Tasks) failed in CRON run
Thu Oct 29 22:43:18 2015 [124912][364bf5bc-ff62-c92f-96a3-55800394c989][FATAL] aor_reports for aor_report_aor_fields failed to load

Thu Oct 29 22:43:18 2015 [124912][364bf5bc-ff62-c92f-96a3-55800394c989][FATAL] aor_reports for aor_report_aor_fields failed to load

Thu Oct 29 22:43:18 2015 [124912][364bf5bc-ff62-c92f-96a3-55800394c989][FATAL] aor_reports for aor_report_aor_fields failed to load

Thu Oct 29 22:43:18 2015 [124912][364bf5bc-ff62-c92f-96a3-55800394c989][FATAL] aor_reports for aor_report_aor_fields failed to load

Thu Oct 29 22:43:18 2015 [124912][364bf5bc-ff62-c92f-96a3-55800394c989][FATAL] aor_reports for aor_report_aor_fields failed to load

Thu Oct 29 22:43:18 2015 [124912][364bf5bc-ff62-c92f-96a3-55800394c989][FATAL] aor_reports for aor_report_aor_fields failed to load

Thu Oct 29 22:43:18 2015 [124912][364bf5bc-ff62-c92f-96a3-55800394c989][FATAL] aor_reports for aor_report_aor_fields failed to load

Thu Oct 29 22:43:18 2015 [124912][364bf5bc-ff62-c92f-96a3-55800394c989][FATAL] aor_reports for aor_report_aor_fields failed to load

Thu Oct 29 22:43:19 2015 [124912][364bf5bc-ff62-c92f-96a3-55800394c989][FATAL] aor_reports for aor_report_aor_fields failed to load

Thu Oct 29 22:43:19 2015 [124912][364bf5bc-ff62-c92f-96a3-55800394c989][FATAL] aor_reports for aor_report_aor_fields failed to load

Thu Oct 29 22:43:19 2015 [124912][364bf5bc-ff62-c92f-96a3-55800394c989][FATAL] aor_reports for aor_report_aor_fields failed to load

Thu Oct 29 22:43:19 2015 [124912][364bf5bc-ff62-c92f-96a3-55800394c989][FATAL] aor_reports for aor_report_aor_fields failed to load

Thu Oct 29 22:43:19 2015 [124912][364bf5bc-ff62-c92f-96a3-55800394c989][FATAL] aor_reports for aor_report_aor_fields failed to load

Thu Oct 29 22:43:19 2015 [124912][364bf5bc-ff62-c92f-96a3-55800394c989][FATAL] aor_reports for aor_report_aor_conditions failed to load

Thu Oct 29 22:43:58 2015 [125873][364bf5bc-ff62-c92f-96a3-55800394c989][FATAL] aor_reports for aor_report_aor_fields failed to load

Thu Oct 29 22:43:58 2015 [125873][364bf5bc-ff62-c92f-96a3-55800394c989][FATAL] aor_reports for aor_report_aor_fields failed to load

Thu Oct 29 22:43:58 2015 [125873][364bf5bc-ff62-c92f-96a3-55800394c989][FATAL] aor_reports for aor_report_aor_fields failed to load

Thu Oct 29 22:43:58 2015 [125873][364bf5bc-ff62-c92f-96a3-55800394c989][FATAL] aor_reports for aor_report_aor_fields failed to load

Thu Oct 29 22:43:58 2015 [125873][364bf5bc-ff62-c92f-96a3-55800394c989][FATAL] aor_reports for aor_report_aor_fields failed to load

Thu Oct 29 22:43:58 2015 [125873][364bf5bc-ff62-c92f-96a3-55800394c989][FATAL] aor_reports for aor_report_aor_fields failed to load

Thu Oct 29 22:43:58 2015 [125873][364bf5bc-ff62-c92f-96a3-55800394c989][FATAL] aor_reports for aor_report_aor_fields failed to load

Thu Oct 29 22:43:58 2015 [125873][364bf5bc-ff62-c92f-96a3-55800394c989][FATAL] aor_reports for aor_report_aor_fields failed to load

Thu Oct 29 22:43:58 2015 [125873][364bf5bc-ff62-c92f-96a3-55800394c989][FATAL] aor_reports for aor_report_aor_fields failed to load

Thu Oct 29 22:43:58 2015 [125873][364bf5bc-ff62-c92f-96a3-55800394c989][FATAL] aor_reports for aor_report_aor_fields failed to load

Thu Oct 29 22:43:58 2015 [125873][364bf5bc-ff62-c92f-96a3-55800394c989][FATAL] aor_reports for aor_report_aor_fields failed to load

Thu Oct 29 22:43:58 2015 [125873][364bf5bc-ff62-c92f-96a3-55800394c989][FATAL] aor_reports for aor_report_aor_fields failed to load

Thu Oct 29 22:43:58 2015 [125873][364bf5bc-ff62-c92f-96a3-55800394c989][FATAL] aor_reports for aor_report_aor_fields failed to load

Thu Oct 29 22:43:58 2015 [125873][364bf5bc-ff62-c92f-96a3-55800394c989][FATAL] aor_reports for aor_report_aor_conditions failed to load

Thu Oct 29 16:45:03 2015 [127622][1][FATAL] Job 56a2030e-162e-3458-0cce-563293e24027 (Run Reports) failed in CRON run
Thu Oct 29 16:45:03 2015 [127622][1][FATAL] Job b339fcd2-a037-e170-a49b-56329370a72d (Run Report Generation Scheduled Tasks) failed in CRON run
Thu Oct 29 16:50:03 2015 [5465][1][FATAL] Job 2e6a05e0-5904-2475-a229-5632948c00bb (Run Report Generation Scheduled Tasks) failed in CRON run
Thu Oct 29 16:50:06 2015 [5465][1][FATAL] Job 8e3972aa-e7ac-c383-e88b-5632945f326e (Run Reports) failed in CRON run
Thu Oct 29 22:50:32 2015 [6472][364bf5bc-ff62-c92f-96a3-55800394c989][FATAL] aor_reports for aor_report_aor_fields failed to load

Thu Oct 29 22:50:32 2015 [6472][364bf5bc-ff62-c92f-96a3-55800394c989][FATAL] aor_reports for aor_report_aor_fields failed to load

Thu Oct 29 22:50:32 2015 [6472][364bf5bc-ff62-c92f-96a3-55800394c989][FATAL] aor_reports for aor_report_aor_fields failed to load

Thu Oct 29 22:50:32 2015 [6472][364bf5bc-ff62-c92f-96a3-55800394c989][FATAL] aor_reports for aor_report_aor_fields failed to load

Thu Oct 29 22:50:32 2015 [6472][364bf5bc-ff62-c92f-96a3-55800394c989][FATAL] aor_reports for aor_report_aor_fields failed to load

Thu Oct 29 22:50:32 2015 [6472][364bf5bc-ff62-c92f-96a3-55800394c989][FATAL] aor_reports for aor_report_aor_fields failed to load

Thu Oct 29 22:50:32 2015 [6472][364bf5bc-ff62-c92f-96a3-55800394c989][FATAL] aor_reports for aor_report_aor_fields failed to load

Thu Oct 29 22:50:32 2015 [6472][364bf5bc-ff62-c92f-96a3-55800394c989][FATAL] aor_reports for aor_report_aor_fields failed to load

Thu Oct 29 22:50:32 2015 [6472][364bf5bc-ff62-c92f-96a3-55800394c989][FATAL] aor_reports for aor_report_aor_fields failed to load

Thu Oct 29 22:50:32 2015 [6472][364bf5bc-ff62-c92f-96a3-55800394c989][FATAL] aor_reports for aor_report_aor_fields failed to load

Thu Oct 29 22:50:32 2015 [6472][364bf5bc-ff62-c92f-96a3-55800394c989][FATAL] aor_reports for aor_report_aor_fields failed to load

Thu Oct 29 22:50:32 2015 [6472][364bf5bc-ff62-c92f-96a3-55800394c989][FATAL] aor_reports for aor_report_aor_fields failed to load

Thu Oct 29 22:50:32 2015 [6472][364bf5bc-ff62-c92f-96a3-55800394c989][FATAL] aor_reports for aor_report_aor_fields failed to load

Thu Oct 29 22:50:32 2015 [6472][364bf5bc-ff62-c92f-96a3-55800394c989][FATAL] aor_reports for aor_report_aor_conditions failed to load

Thu Oct 29 22:51:08 2015 [7667][364bf5bc-ff62-c92f-96a3-55800394c989][FATAL] aor_reports for aor_report_aor_fields failed to load

Thu Oct 29 22:51:08 2015 [7667][364bf5bc-ff62-c92f-96a3-55800394c989][FATAL] aor_reports for aor_report_aor_fields failed to load

Thu Oct 29 22:51:08 2015 [7667][364bf5bc-ff62-c92f-96a3-55800394c989][FATAL] aor_reports for aor_report_aor_fields failed to load

Thu Oct 29 22:51:08 2015 [7667][364bf5bc-ff62-c92f-96a3-55800394c989][FATAL] aor_reports for aor_report_aor_fields failed to load

Thu Oct 29 22:51:08 2015 [7667][364bf5bc-ff62-c92f-96a3-55800394c989][FATAL] aor_reports for aor_report_aor_fields failed to load

Thu Oct 29 22:51:08 2015 [7667][364bf5bc-ff62-c92f-96a3-55800394c989][FATAL] aor_reports for aor_report_aor_fields failed to load

Thu Oct 29 22:51:08 2015 [7667][364bf5bc-ff62-c92f-96a3-55800394c989][FATAL] aor_reports for aor_report_aor_fields failed to load

Thu Oct 29 22:51:08 2015 [7667][364bf5bc-ff62-c92f-96a3-55800394c989][FATAL] aor_reports for aor_report_aor_fields failed to load

Thu Oct 29 22:51:08 2015 [7667][364bf5bc-ff62-c92f-96a3-55800394c989][FATAL] aor_reports for aor_report_aor_fields failed to load

Thu Oct 29 22:51:09 2015 [7667][364bf5bc-ff62-c92f-96a3-55800394c989][FATAL] aor_reports for aor_report_aor_fields failed to load

Thu Oct 29 22:51:09 2015 [7667][364bf5bc-ff62-c92f-96a3-55800394c989][FATAL] aor_reports for aor_report_aor_fields failed to load

Thu Oct 29 22:51:09 2015 [7667][364bf5bc-ff62-c92f-96a3-55800394c989][FATAL] aor_reports for aor_report_aor_fields failed to load

Thu Oct 29 22:51:09 2015 [7667][364bf5bc-ff62-c92f-96a3-55800394c989][FATAL] aor_reports for aor_report_aor_fields failed to load

Thu Oct 29 22:51:09 2015 [7667][364bf5bc-ff62-c92f-96a3-55800394c989][FATAL] aor_reports for aor_report_aor_conditions failed to load

Thu Oct 29 22:51:40 2015 [8541][364bf5bc-ff62-c92f-96a3-55800394c989][FATAL] aor_reports for aor_report_aor_fields failed to load

Thu Oct 29 22:51:40 2015 [8541][364bf5bc-ff62-c92f-96a3-55800394c989][FATAL] aor_reports for aor_report_aor_fields failed to load

Thu Oct 29 22:51:40 2015 [8541][364bf5bc-ff62-c92f-96a3-55800394c989][FATAL] aor_reports for aor_report_aor_fields failed to load

Thu Oct 29 22:51:40 2015 [8541][364bf5bc-ff62-c92f-96a3-55800394c989][FATAL] aor_reports for aor_report_aor_fields failed to load

Thu Oct 29 22:51:40 2015 [8541][364bf5bc-ff62-c92f-96a3-55800394c989][FATAL] aor_reports for aor_report_aor_fields failed to load

Thu Oct 29 22:51:40 2015 [8541][364bf5bc-ff62-c92f-96a3-55800394c989][FATAL] aor_reports for aor_report_aor_fields failed to load

Thu Oct 29 22:51:40 2015 [8541][364bf5bc-ff62-c92f-96a3-55800394c989][FATAL] aor_reports for aor_report_aor_fields failed to load

Thu Oct 29 22:51:40 2015 [8541][364bf5bc-ff62-c92f-96a3-55800394c989][FATAL] aor_reports for aor_report_aor_fields failed to load

Thu Oct 29 22:51:40 2015 [8541][364bf5bc-ff62-c92f-96a3-55800394c989][FATAL] aor_reports for aor_report_aor_fields failed to load

Thu Oct 29 22:51:40 2015 [8541][364bf5bc-ff62-c92f-96a3-55800394c989][FATAL] aor_reports for aor_report_aor_fields failed to load

Thu Oct 29 22:51:40 2015 [8541][364bf5bc-ff62-c92f-96a3-55800394c989][FATAL] aor_reports for aor_report_aor_fields failed to load

Thu Oct 29 22:51:40 2015 [8541][364bf5bc-ff62-c92f-96a3-55800394c989][FATAL] aor_reports for aor_report_aor_fields failed to load

Thu Oct 29 22:51:40 2015 [8541][364bf5bc-ff62-c92f-96a3-55800394c989][FATAL] aor_reports for aor_report_aor_fields failed to load

Thu Oct 29 22:51:40 2015 [8541][364bf5bc-ff62-c92f-96a3-55800394c989][FATAL] aor_reports for aor_report_aor_conditions failed to load

Thu Oct 29 22:52:00 2015 [9082][364bf5bc-ff62-c92f-96a3-55800394c989][FATAL] aor_reports for aor_report_aor_fields failed to load

Thu Oct 29 22:52:00 2015 [9082][364bf5bc-ff62-c92f-96a3-55800394c989][FATAL] aor_reports for aor_report_aor_fields failed to load

Thu Oct 29 22:52:00 2015 [9082][364bf5bc-ff62-c92f-96a3-55800394c989][FATAL] aor_reports for aor_report_aor_fields failed to load

Thu Oct 29 22:52:00 2015 [9082][364bf5bc-ff62-c92f-96a3-55800394c989][FATAL] aor_reports for aor_report_aor_fields failed to load

Thu Oct 29 22:52:00 2015 [9082][364bf5bc-ff62-c92f-96a3-55800394c989][FATAL] aor_reports for aor_report_aor_fields failed to load

Thu Oct 29 22:52:00 2015 [9082][364bf5bc-ff62-c92f-96a3-55800394c989][FATAL] aor_reports for aor_report_aor_fields failed to load

Thu Oct 29 22:52:00 2015 [9082][364bf5bc-ff62-c92f-96a3-55800394c989][FATAL] aor_reports for aor_report_aor_fields failed to load

Thu Oct 29 22:52:00 2015 [9082][364bf5bc-ff62-c92f-96a3-55800394c989][FATAL] aor_reports for aor_report_aor_fields failed to load

Thu Oct 29 22:52:01 2015 [9082][364bf5bc-ff62-c92f-96a3-55800394c989][FATAL] aor_reports for aor_report_aor_fields failed to load

Thu Oct 29 22:52:01 2015 [9082][364bf5bc-ff62-c92f-96a3-55800394c989][FATAL] aor_reports for aor_report_aor_fields failed to load

Thu Oct 29 22:52:01 2015 [9082][364bf5bc-ff62-c92f-96a3-55800394c989][FATAL] aor_reports for aor_report_aor_fields failed to load

Thu Oct 29 22:52:01 2015 [9082][364bf5bc-ff62-c92f-96a3-55800394c989][FATAL] aor_reports for aor_report_aor_fields failed to load

Thu Oct 29 22:52:01 2015 [9082][364bf5bc-ff62-c92f-96a3-55800394c989][FATAL] aor_reports for aor_report_aor_fields failed to load

Thu Oct 29 22:52:01 2015 [9082][364bf5bc-ff62-c92f-96a3-55800394c989][FATAL] aor_reports for aor_report_aor_conditions failed to load

Thu Oct 29 22:53:17 2015 [11318][364bf5bc-ff62-c92f-96a3-55800394c989][FATAL] aor_reports for aor_report_aor_fields failed to load

Thu Oct 29 22:53:17 2015 [11318][364bf5bc-ff62-c92f-96a3-55800394c989][FATAL] aor_reports for aor_report_aor_fields failed to load

Thu Oct 29 22:53:17 2015 [11318][364bf5bc-ff62-c92f-96a3-55800394c989][FATAL] aor_reports for aor_report_aor_fields failed to load

Thu Oct 29 22:53:17 2015 [11318][364bf5bc-ff62-c92f-96a3-55800394c989][FATAL] aor_reports for aor_report_aor_fields failed to load

Thu Oct 29 22:53:17 2015 [11318][364bf5bc-ff62-c92f-96a3-55800394c989][FATAL] aor_reports for aor_report_aor_fields failed to load

Thu Oct 29 22:53:17 2015 [11318][364bf5bc-ff62-c92f-96a3-55800394c989][FATAL] aor_reports for aor_report_aor_fields failed to load

Thu Oct 29 22:53:17 2015 [11318][364bf5bc-ff62-c92f-96a3-55800394c989][FATAL] aor_reports for aor_report_aor_fields failed to load

Thu Oct 29 22:53:17 2015 [11318][364bf5bc-ff62-c92f-96a3-55800394c989][FATAL] aor_reports for aor_report_aor_fields failed to load

Thu Oct 29 22:53:17 2015 [11318][364bf5bc-ff62-c92f-96a3-55800394c989][FATAL] aor_reports for aor_report_aor_fields failed to load

Thu Oct 29 22:53:17 2015 [11318][364bf5bc-ff62-c92f-96a3-55800394c989][FATAL] aor_reports for aor_report_aor_fields failed to load

Thu Oct 29 22:53:17 2015 [11318][364bf5bc-ff62-c92f-96a3-55800394c989][FATAL] aor_reports for aor_report_aor_fields failed to load

Thu Oct 29 22:53:17 2015 [11318][364bf5bc-ff62-c92f-96a3-55800394c989][FATAL] aor_reports for aor_report_aor_fields failed to load

Thu Oct 29 22:53:17 2015 [11318][364bf5bc-ff62-c92f-96a3-55800394c989][FATAL] aor_reports for aor_report_aor_fields failed to load

Thu Oct 29 22:53:17 2015 [11318][364bf5bc-ff62-c92f-96a3-55800394c989][FATAL] aor_reports for aor_report_aor_conditions failed to load

Thu Oct 29 16:55:02 2015 [14357][1][FATAL] Job 30d70d70-d4fd-0277-bf59-5632957e0f46 (Run Report Generation Scheduled Tasks) failed in CRON run
Thu Oct 29 16:55:04 2015 [14357][1][FATAL] Job 86774e22-8a34-4206-4179-56329561aacf (Run Reports) failed in CRON run
Thu Oct 29 17:00:07 2015 [23198][1][FATAL] Job 5d844b48-270a-e10b-f0a8-563296573f8e (Run Reports) failed in CRON run
Thu Oct 29 17:00:07 2015 [23198][1][FATAL] Job 61ee5cae-0551-82a9-d9f5-563296a25566 (Run Report Generation Scheduled Tasks) failed in CRON run
Thu Oct 29 17:05:03 2015 [32654][1][FATAL] Job 3307428b-b993-5f8c-f7cb-56329839dd46 (Run Report Generation Scheduled Tasks) failed in CRON run
Thu Oct 29 17:05:06 2015 [32654][1][FATAL] Job ad9ba56d-fcfb-21d8-30f4-563298b73f47 (Run Reports) failed in CRON run
Thu Oct 29 17:10:03 2015 [41224][1][FATAL] Job 9cdaea81-8fe3-ca99-3360-5632993c53d6 (Run Report Generation Scheduled Tasks) failed in CRON run
Thu Oct 29 17:10:05 2015 [41224][1][FATAL] Job e93b2409-1a0c-9539-fdc7-5632996e8fe4 (Run Reports) failed in CRON run
Thu Oct 29 17:15:03 2015 [49730][1][FATAL] Job a017036e-f615-a0bd-596c-56329af1ba40 (Run Report Generation Scheduled Tasks) failed in CRON run
Thu Oct 29 17:15:03 2015 [49730][1][FATAL] Job c9ce0060-a293-34a7-04c6-56329a8e4698 (Run Reports) failed in CRON run
Thu Oct 29 17:20:04 2015 [58511][1][FATAL] Job 2bbb0671-a6ed-522a-a130-56329ba0a9e4 (Run Reports) failed in CRON run
Thu Oct 29 17:20:04 2015 [58511][1][FATAL] Job 415240ee-afc7-4249-9f31-56329bb4b107 (Run Report Generation Scheduled Tasks) failed in CRON run
Thu Oct 29 17:25:02 2015 [66583][1][FATAL] Job 7b664971-b9ce-2c96-70a5-56329ce7352e (Run Report Generation Scheduled Tasks) failed in CRON run
Thu Oct 29 17:25:05 2015 [66583][1][FATAL] Job d17dd664-6134-4afa-a052-56329c8a6437 (Run Reports) failed in CRON run
Thu Oct 29 17:30:09 2015 [74795][1][FATAL] Job a4b767d7-fe8c-9fb4-4488-56329deb8919 (Run Reports) failed in CRON run
Thu Oct 29 17:30:09 2015 [74795][1][FATAL] Job e34702a6-f862-535d-3f83-56329d4c6439 (Run Report Generation Scheduled Tasks) failed in CRON run
Thu Oct 29 17:35:02 2015 [83512][1][FATAL] Job 5bda625e-9322-bd22-b630-56329f3e224e (Run Report Generation Scheduled Tasks) failed in CRON run
Thu Oct 29 17:35:04 2015 [83512][1][FATAL] Job a19fa6a2-bb04-2cac-42fa-56329fd89130 (Run Reports) failed in CRON run
Thu Oct 29 17:40:03 2015 [91669][1][FATAL] Job 6fbb0c35-1adc-c36e-0766-5632a000517a (Run Reports) failed in CRON run
Thu Oct 29 17:40:03 2015 [91669][1][FATAL] Job b3772430-1689-172d-9eed-5632a01cfc2d (Run Report Generation Scheduled Tasks) failed in CRON run
Thu Oct 29 17:45:07 2015 [100205][1][FATAL] Job 3cfcf6a0-a4b3-52ec-234a-5632a1539582 (Run Reports) failed in CRON run
Thu Oct 29 17:45:07 2015 [100205][1][FATAL] Job a01ceebc-77c4-5309-6506-5632a141732a (Run Report Generation Scheduled Tasks) failed in CRON run
Thu Oct 29 17:50:05 2015 [107862][1][FATAL] Job 2c442167-54aa-2733-048d-5632a2d91ad9 (Run Reports) failed in CRON run
Thu Oct 29 17:50:05 2015 [107862][1][FATAL] Job b995cdb9-8910-e3cd-e220-5632a208f4e6 (Run Report Generation Scheduled Tasks) failed in CRON run
Thu Oct 29 17:55:03 2015 [116090][1][FATAL] Job 75ed0873-877f-202f-0f56-5632a3c22cb5 (Run Reports) failed in CRON run
Thu Oct 29 17:55:03 2015 [116090][1][FATAL] Job 78d46790-60e7-a87f-318d-5632a3df299e (Run Report Generation Scheduled Tasks) failed in CRON run
Thu Oct 29 18:00:07 2015 [124224][1][FATAL] Job 183af049-1136-6d46-6448-5632a46aec9e (Run Reports) failed in CRON run
Thu Oct 29 18:00:18 2015 [124224][1][FATAL] Job 86dff424-3242-d260-fcc0-5632a4b637a0 (Perform Lucene Index) failed in CRON run
Thu Oct 29 18:05:03 2015 [2085][1][FATAL] Job 9dad8e58-9684-76af-a4da-5632a4bf8989 (Optimise AOD Index) failed in CRON run
Thu Oct 29 18:10:02 2015 [13358][1][FATAL] Job d61ce727-1810-84b1-9ba7-5632a4bd3fdd (Run Report Generation Scheduled Tasks) failed in CRON run
Thu Oct 29 18:10:04 2015 [13358][1][FATAL] Job 2732aff8-011f-1fb4-4f33-5632a680a265 (Run Reports) failed in CRON run
Thu Oct 29 18:15:04 2015 [20577][1][FATAL] Job 2e3fd5d9-1b79-e3e2-b15a-5632a8d93210 (Run Report Generation Scheduled Tasks) failed in CRON run
Thu Oct 29 18:15:04 2015 [20577][1][FATAL] Job b4100303-cbd2-fca3-0dfe-5632a80d02a9 (Run Reports) failed in CRON run
Thu Oct 29 18:20:03 2015 [28390][1][FATAL] Job 1bddf405-cc7d-77d5-d730-5632a984be4c (Run Report Generation Scheduled Tasks) failed in CRON run
Thu Oct 29 18:20:06 2015 [28390][1][FATAL] Job 788129b8-9b71-fb99-6d4d-5632a94682cd (Run Reports) failed in CRON run
Thu Oct 29 18:25:05 2015 [35443][1][FATAL] Job 77c2f8ad-9adf-007e-8ac1-5632aa734c6c (Run Reports) failed in CRON run
Thu Oct 29 18:25:05 2015 [35443][1][FATAL] Job c4924db0-020e-d5ce-fb2d-5632aade3e06 (Run Report Generation Scheduled Tasks) failed in CRON run
Thu Oct 29 18:30:06 2015 [42361][1][FATAL] Job 8b0b78a6-9b07-2e04-ddcd-5632ab24c075 (Run Report Generation Scheduled Tasks) failed in CRON run
Thu Oct 29 18:30:08 2015 [42361][1][FATAL] Job befec0a7-8b74-2db5-0094-5632ab8cd73f (Run Reports) failed in CRON run
Thu Oct 29 18:35:02 2015 [49529][1][FATAL] Job 3900a6e9-e3c6-5668-9086-5632adddaaa8 (Run Report Generation Scheduled Tasks) failed in CRON run
Thu Oct 29 18:35:04 2015 [49529][1][FATAL] Job a2754adc-8343-8c41-679b-5632ad570460 (Run Reports) failed in CRON run
Thu Oct 29 18:40:03 2015 [56499][1][FATAL] Job 1eaba89e-83a6-bd64-6a5d-5632ae3aacae (Run Report Generation Scheduled Tasks) failed in CRON run
Thu Oct 29 18:40:05 2015 [56499][1][FATAL] Job 973439c8-92c9-9089-d3ae-5632ae39e868 (Run Reports) failed in CRON run
Thu Oct 29 18:45:03 2015 [63749][1][FATAL] Job 12a5cade-e206-3e7b-3c4c-5632af427142 (Run Reports) failed in CRON run
Thu Oct 29 18:45:03 2015 [63749][1][FATAL] Job 6f614b67-0e17-ac6f-3cf1-5632af62e999 (Run Report Generation Scheduled Tasks) failed in CRON run
Thu Oct 29 18:50:06 2015 [70505][1][FATAL] Job 3bd560ec-f38f-26c5-ba74-5632b017b580 (Run Reports) failed in CRON run
Thu Oct 29 18:50:06 2015 [70505][1][FATAL] Job be93dcc6-cab9-4372-f296-5632b0a5d1fb (Run Report Generation Scheduled Tasks) failed in CRON run
Thu Oct 29 18:55:03 2015 [77164][1][FATAL] Job 63487a45-a6ff-ff1b-a539-5632b176a167 (Run Report Generation Scheduled Tasks) failed in CRON run
Thu Oct 29 18:55:04 2015 [77164][1][FATAL] Job ea44f469-3974-59bd-6317-5632b15617b2 (Run Reports) failed in CRON run
Thu Oct 29 19:00:05 2015 [83365][1][FATAL] Job 4c69f95e-219a-46db-842d-5632b343c028 (Run Report Generation Scheduled Tasks) failed in CRON run
Thu Oct 29 19:00:07 2015 [83365][1][FATAL] Job 69ff40b6-ac5a-dc88-91a9-5632b37f9e66 (Run Reports) failed in CRON run
Thu Oct 29 19:05:02 2015 [91003][1][FATAL] Job 4a5a8214-9601-2154-1443-5632b4b2cfc3 (Run Report Generation Scheduled Tasks) failed in CRON run
Thu Oct 29 19:05:04 2015 [91003][1][FATAL] Job a3995e31-a401-aef1-c767-5632b4fbfe63 (Run Reports) failed in CRON run
Thu Oct 29 19:10:05 2015 [98499][1][FATAL] Job 5a575f1a-1198-e200-56cc-5632b500c335 (Run Reports) failed in CRON run
Thu Oct 29 19:10:05 2015 [98499][1][FATAL] Job 97343958-1db8-476e-fbd2-5632b532d0e1 (Run Report Generation Scheduled Tasks) failed in CRON run
Thu Oct 29 19:15:04 2015 [105542][1][FATAL] Job 364d0302-098c-ec75-4bcb-5632b67844d4 (Run Reports) failed in CRON run
Thu Oct 29 19:15:04 2015 [105542][1][FATAL] Job aca4e95c-d5b4-1808-1b74-5632b6da11cc (Run Report Generation Scheduled Tasks) failed in CRON run
Thu Oct 29 19:20:03 2015 [112904][1][FATAL] Job 1d32b2db-0c08-f408-d4ae-5632b7fdf712 (Run Reports) failed in CRON run
Thu Oct 29 19:20:04 2015 [112904][1][FATAL] Job ae818526-b776-18ff-07e8-5632b778e646 (Run Report Generation Scheduled Tasks) failed in CRON run
Thu Oct 29 19:25:03 2015 [118890][1][FATAL] Job 19b16926-0396-9893-e7f7-5632b827e6ef (Run Reports) failed in CRON run
Thu Oct 29 19:25:03 2015 [118890][1][FATAL] Job 574c439f-0db7-b549-ef37-5632b862bcec (Run Report Generation Scheduled Tasks) failed in CRON run
Thu Oct 29 19:30:04 2015 [124741][1][FATAL] Job 64876773-5fb0-d75c-7606-5632ba4cddca (Run Report Generation Scheduled Tasks) failed in CRON run
Thu Oct 29 19:30:06 2015 [124741][1][FATAL] Job e9a40006-1e99-3985-5180-5632ba4904f2 (Run Reports) failed in CRON run
Thu Oct 29 19:35:02 2015 [1316][1][FATAL] Job 5aaabd13-5b17-2754-c560-5632bb5eee75 (Run Report Generation Scheduled Tasks) failed in CRON run
Thu Oct 29 19:35:04 2015 [1316][1][FATAL] Job d603cb1f-f8e1-c26f-9bf8-5632bb16daea (Run Reports) failed in CRON run
Thu Oct 29 19:40:02 2015 [8398][1][FATAL] Job 559ee946-e094-e1ad-1c70-5632bc6901c4 (Run Report Generation Scheduled Tasks) failed in CRON run
Thu Oct 29 19:40:04 2015 [8398][1][FATAL] Job cc22ef89-549d-dffc-c056-5632bc8953ab (Run Reports) failed in CRON run
Thu Oct 29 19:45:03 2015 [14036][1][FATAL] Job 854616c0-f76d-dc4f-e0ce-5632bd6dfb9c (Run Report Generation Scheduled Tasks) failed in CRON run
Thu Oct 29 19:45:04 2015 [14036][1][FATAL] Job e6996924-e9c9-6c58-b57a-5632bd42475b (Run Reports) failed in CRON run
Thu Oct 29 19:50:05 2015 [19492][1][FATAL] Job 2ea96462-189b-4422-04b3-5632beede386 (Run Reports) failed in CRON run
Thu Oct 29 19:50:05 2015 [19492][1][FATAL] Job b36632f0-fa65-57a9-c2ac-5632be578f23 (Run Report Generation Scheduled Tasks) failed in CRON run
Thu Oct 29 19:55:02 2015 [25441][1][FATAL] Job 72cda803-94d7-cc5e-b375-5632bfb462b4 (Run Report Generation Scheduled Tasks) failed in CRON run
Thu Oct 29 19:55:03 2015 [25441][1][FATAL] Job c19e24fd-8c6b-4752-af47-5632bfff0f6b (Run Reports) failed in CRON run
Thu Oct 29 20:00:10 2015 [31530][1][FATAL] Job b4c29721-6dd1-7cfa-472e-5632c1e81f95 (Run Reports) failed in CRON run
Thu Oct 29 20:00:10 2015 [31530][1][FATAL] Job d282074c-76fe-a5d7-961c-5632c108c158 (Run Report Generation Scheduled Tasks) failed in CRON run
Thu Oct 29 20:05:03 2015 [38493][1][FATAL] Job 322f0358-3272-704b-972f-5632c2c5d97c (Run Report Generation Scheduled Tasks) failed in CRON run
Thu Oct 29 20:05:06 2015 [38493][1][FATAL] Job 6f5c3f6f-9884-bf50-1584-5632c22bf33a (Run Reports) failed in CRON run
Thu Oct 29 20:10:06 2015 [45644][1][FATAL] Job 3bf3c2e4-e39e-1060-8023-5632c3f0379c (Run Reports) failed in CRON run
Thu Oct 29 20:10:06 2015 [45644][1][FATAL] Job c6b08961-a999-af26-814a-5632c35c2a09 (Run Report Generation Scheduled Tasks) failed in CRON run
Thu Oct 29 20:15:03 2015 [51864][1][FATAL] Job 4549286b-2913-6c95-061d-5632c43343be (Run Report Generation Scheduled Tasks) failed in CRON run
Thu Oct 29 20:15:05 2015 [51864][1][FATAL] Job c0803b36-7f59-2df9-c336-5632c48a1297 (Run Reports) failed in CRON run
Thu Oct 29 20:20:05 2015 [58504][1][FATAL] Job 52e611e7-9173-bb29-fe11-5632c5be82bc (Run Reports) failed in CRON run
Thu Oct 29 20:20:05 2015 [58504][1][FATAL] Job dca897cf-11c0-2fae-1f1b-5632c523d709 (Run Report Generation Scheduled Tasks) failed in CRON run
Thu Oct 29 20:25:03 2015 [64732][1][FATAL] Job 1ddcefc2-74b9-7997-f746-5632c64b1ad7 (Run Report Generation Scheduled Tasks) failed in CRON run
Thu Oct 29 20:25:06 2015 [64732][1][FATAL] Job 94058d0d-d0ba-3cff-d086-5632c65bc7fe (Run Reports) failed in CRON run
Thu Oct 29 20:30:03 2015 [69845][1][FATAL] Job 4e075291-c162-2bd7-4c28-5632c889edf8 (Run Report Generation Scheduled Tasks) failed in CRON run
Thu Oct 29 20:30:05 2015 [69845][1][FATAL] Job c0ea7a0e-f58f-48ae-4648-5632c8882031 (Run Reports) failed in CRON run
Thu Oct 29 20:35:02 2015 [75160][1][FATAL] Job 2341368a-cd9d-da9c-cf27-5632c97c5734 (Run Report Generation Scheduled Tasks) failed in CRON run
Thu Oct 29 20:35:03 2015 [75160][1][FATAL] Job 6d78598b-d5a1-313a-ff11-5632c9fb094b (Run Reports) failed in CRON run
Thu Oct 29 20:40:03 2015 [80233][1][FATAL] Job 29e04646-d3be-50dd-953e-5632ca1f8fb7 (Run Report Generation Scheduled Tasks) failed in CRON run
Thu Oct 29 20:40:05 2015 [80233][1][FATAL] Job 8eac709a-c7cc-dc97-476a-5632ca63112e (Run Reports) failed in CRON run
Thu Oct 29 20:45:03 2015 [86688][1][FATAL] Job 28bd092d-d8b1-ef15-35b9-5632cb6c2c78 (Run Report Generation Scheduled Tasks) failed in CRON run
Thu Oct 29 20:45:05 2015 [86688][1][FATAL] Job 9df9258b-4ed7-7cbe-114c-5632cb0dbdcb (Run Reports) failed in CRON run
Thu Oct 29 20:50:02 2015 [91850][1][FATAL] Job 47acc7b9-73c5-9ca3-7fd8-5632cce9f3a1 (Run Report Generation Scheduled Tasks) failed in CRON run
Thu Oct 29 20:50:05 2015 [91850][1][FATAL] Job ca00ff28-132a-3259-5792-5632cc144e28 (Run Reports) failed in CRON run
Thu Oct 29 20:55:02 2015 [96770][1][FATAL] Job 7e78a291-a0b2-00c7-8c33-5632cd05faa8 (Run Report Generation Scheduled Tasks) failed in CRON run
Thu Oct 29 20:55:05 2015 [96770][1][FATAL] Job d66bf0d2-b9ea-880f-b144-5632cd45cf03 (Run Reports) failed in CRON run
Thu Oct 29 21:00:06 2015 [102001][1][FATAL] Job 5ea4cc55-41e6-3d1f-5b1c-5632cf60b3e6 (Optimise AOD Index) failed in CRON run
Thu Oct 29 21:05:04 2015 [107455][1][FATAL] Job 9822ab08-babd-6c8c-36b3-5632cf88a801 (Run Report Generation Scheduled Tasks) failed in CRON run
Thu Oct 29 21:05:04 2015 [107455][1][FATAL] Job b23ab0f5-7b46-acbe-f399-5632cfb25b5e (Run Reports) failed in CRON run
Thu Oct 29 21:10:02 2015 [113029][1][FATAL] Job 6c94ac45-cb07-c5e9-bc73-5632d1f052e9 (Run Report Generation Scheduled Tasks) failed in CRON run
Thu Oct 29 21:10:05 2015 [113029][1][FATAL] Job b3ecd6e2-339f-3153-eecb-5632d1c5e2dc (Run Reports) failed in CRON run
Thu Oct 29 21:15:04 2015 [118572][1][FATAL] Job 8ca40eca-edd8-142f-9652-5632d20412ac (Run Report Generation Scheduled Tasks) failed in CRON run
Thu Oct 29 21:15:06 2015 [118572][1][FATAL] Job e48d31a0-c70e-0ff1-9005-5632d26ad73a (Run Reports) failed in CRON run
Thu Oct 29 21:20:05 2015 [124495][1][FATAL] Job 41253fd0-545c-0062-6614-5632d31eab23 (Run Reports) failed in CRON run
Thu Oct 29 21:20:05 2015 [124495][1][FATAL] Job bb4961f1-718f-73ac-1ba5-5632d3a2c789 (Run Report Generation Scheduled Tasks) failed in CRON run
Thu Oct 29 21:25:02 2015 [130216][1][FATAL] Job 2a717332-0b42-b916-1b30-5632d4e8dd75 (Run Report Generation Scheduled Tasks) failed in CRON run
Thu Oct 29 21:25:04 2015 [130216][1][FATAL] Job 8e19b14b-278a-24b7-d4fc-5632d4b4fe8b (Run Reports) failed in CRON run
Thu Oct 29 21:30:06 2015 [4474][1][FATAL] Job 462e52db-9f37-00af-5cfb-5632d64a8c9e (Run Reports) failed in CRON run
Thu Oct 29 21:30:06 2015 [4474][1][FATAL] Job b62ad72d-80ff-8a47-57cd-5632d6e86089 (Run Report Generation Scheduled Tasks) failed in CRON run
Thu Oct 29 21:35:06 2015 [9710][1][FATAL] Job eac6f334-d1b3-d74c-5752-5632d770441b (Run Report Generation Scheduled Tasks) failed in CRON run
Thu Oct 29 21:35:06 2015 [9710][1][FATAL] Job eebe4c80-b97d-9aea-c745-5632d73564f5 (Run Reports) failed in CRON run
Thu Oct 29 21:40:02 2015 [14750][1][FATAL] Job 462f35f2-b42c-87ce-0750-5632d8578b4b (Run Report Generation Scheduled Tasks) failed in CRON run
Thu Oct 29 21:40:04 2015 [14750][1][FATAL] Job 9bb29c1b-ba21-3271-a399-5632d81c171b (Run Reports) failed in CRON run
Thu Oct 29 21:45:03 2015 [19475][1][FATAL] Job 87daae36-854d-878d-fddd-5632d9ca71f4 (Run Report Generation Scheduled Tasks) failed in CRON run
Thu Oct 29 21:45:04 2015 [19475][1][FATAL] Job ee460a78-e265-56a8-4720-5632d95e8696 (Run Reports) failed in CRON run
Thu Oct 29 21:50:04 2015 [25081][1][FATAL] Job 3d4d976f-86a4-ba5a-88e7-5632da9b741b (Run Reports) failed in CRON run
Thu Oct 29 21:50:04 2015 [25081][1][FATAL] Job be1b26ee-b344-03d2-81d0-5632da09b307 (Run Report Generation Scheduled Tasks) failed in CRON run
Thu Oct 29 21:55:03 2015 [29933][1][FATAL] Job 64eb0c85-2a81-7634-44ac-5632dcc4e037 (Run Reports) failed in CRON run
Thu Oct 29 21:55:03 2015 [29933][1][FATAL] Job a9b6c3b0-1621-cf34-aa43-5632dc721830 (Run Report Generation Scheduled Tasks) failed in CRON run
Thu Oct 29 22:00:07 2015 [35180][1][FATAL] Job c18d8f19-3932-f08b-d217-5632dd28ea2e (Run Reports) failed in CRON run
Thu Oct 29 22:00:07 2015 [35180][1][FATAL] Job ea722839-c48b-c735-ad33-5632ddc6437e (Run Report Generation Scheduled Tasks) failed in CRON run
Thu Oct 29 22:05:03 2015 [41045][1][FATAL] Job 9d140464-4934-7c5e-1315-5632de23fdf0 (Run Reports) failed in CRON run
Thu Oct 29 22:05:03 2015 [41045][1][FATAL] Job b1c03e9b-6b4d-5ce8-5239-5632def81687 (Run Report Generation Scheduled Tasks) failed in CRON run
Thu Oct 29 22:10:02 2015 [46785][1][FATAL] Job 56e2f103-4c86-757b-3e4c-5632dfc8a095 (Run Report Generation Scheduled Tasks) failed in CRON run
Thu Oct 29 22:10:05 2015 [46785][1][FATAL] Job c8f42e36-df4a-a58a-9e9d-5632df6db6c6 (Run Reports) failed in CRON run
Thu Oct 29 22:15:03 2015 [52836][1][FATAL] Job 1c1cac6c-2530-a796-be99-5632e0953776 (Run Report Generation Scheduled Tasks) failed in CRON run
Thu Oct 29 22:15:07 2015 [52836][1][FATAL] Job b05eb958-089d-0a26-de41-5632e00e1e33 (Run Reports) failed in CRON run
Thu Oct 29 22:20:03 2015 [59272][1][FATAL] Job 3d70b75e-2fc8-b7ef-a408-5632e12ad20f (Run Report Generation Scheduled Tasks) failed in CRON run
Thu Oct 29 22:20:07 2015 [59272][1][FATAL] Job a83bc364-bc8b-d243-5054-5632e164c886 (Run Reports) failed in CRON run
Thu Oct 29 22:25:03 2015 [64922][1][FATAL] Job a3d6d6ca-5946-a14a-919d-5632e341a6ab (Run Report Generation Scheduled Tasks) failed in CRON run
Thu Oct 29 22:25:04 2015 [64922][1][FATAL] Job e69e373c-3213-6e92-5df8-5632e32eac32 (Run Reports) failed in CRON run
Thu Oct 29 22:30:06 2015 [70832][1][FATAL] Job 70e742af-0164-139f-b2d6-5632e43723ce (Run Report Generation Scheduled Tasks) failed in CRON run
Thu Oct 29 22:30:09 2015 [70832][1][FATAL] Job c043091e-1cbd-f4bd-4b0f-5632e4a56177 (Run Reports) failed in CRON run
Thu Oct 29 22:35:06 2015 [76919][1][FATAL] Job 2868c6f0-63b4-7363-6fbf-5632e5defec4 (Run Reports) failed in CRON run
Thu Oct 29 22:35:06 2015 [76919][1][FATAL] Job bf1ec2bb-d0bc-6d1e-4d68-5632e522f209 (Run Report Generation Scheduled Tasks) failed in CRON run
Thu Oct 29 22:40:02 2015 [82984][1][FATAL] Job 38e8b342-4c96-c35e-8e91-5632e69f3083 (Run Report Generation Scheduled Tasks) failed in CRON run
Thu Oct 29 22:40:04 2015 [82984][1][FATAL] Job a520e2d3-fa26-05f3-1960-5632e6c08378 (Run Reports) failed in CRON run
Thu Oct 29 22:45:05 2015 [89119][1][FATAL] Job 340e90df-b538-daa7-1e6b-5632e76303e4 (Run Reports) failed in CRON run
Thu Oct 29 22:45:05 2015 [89119][1][FATAL] Job a30204f7-1f9b-0eda-79aa-5632e7cf8584 (Run Report Generation Scheduled Tasks) failed in CRON run
Thu Oct 29 22:50:06 2015 [94880][1][FATAL] Job 526898b7-f866-f710-f7a7-5632e81992cd (Run Reports) failed in CRON run
Thu Oct 29 22:50:06 2015 [94880][1][FATAL] Job df5b479c-ce0f-dab0-c095-5632e8cce79c (Run Report Generation Scheduled Tasks) failed in CRON run
Thu Oct 29 22:55:03 2015 [100021][1][FATAL] Job 62c7a5a9-5729-e917-de84-5632ea13d3b9 (Run Report Generation Scheduled Tasks) failed in CRON run
Thu Oct 29 22:55:05 2015 [100021][1][FATAL] Job d945b55f-d894-89a8-85a8-5632ea3585a4 (Run Reports) failed in CRON run
Thu Oct 29 23:00:10 2015 [104901][1][FATAL] Job dd66024b-89f1-4244-73b6-5632ebb1187d (Run Reports) failed in CRON run
Thu Oct 29 23:00:10 2015 [104901][1][FATAL] Job e8a09602-bc95-5c61-cafb-5632eb2931a3 (Run Report Generation Scheduled Tasks) failed in CRON run
Thu Oct 29 23:05:05 2015 [110193][1][FATAL] Job 296c42f4-2599-fe7b-b002-5632ecb03847 (Run Reports) failed in CRON run
Thu Oct 29 23:05:05 2015 [110193][1][FATAL] Job ba30a9af-d033-1bf9-d700-5632eca2a0a4 (Run Report Generation Scheduled Tasks) failed in CRON run
Thu Oct 29 23:10:02 2015 [115377][1][FATAL] Job 86f93e9c-a4fb-2819-df7f-5632ed2925d3 (Run Report Generation Scheduled Tasks) failed in CRON run
Thu Oct 29 23:10:05 2015 [115377][1][FATAL] Job dd85d53a-fec7-20d5-06c2-5632ed5686a9 (Run Reports) failed in CRON run
Thu Oct 29 23:15:02 2015 [122098][1][FATAL] Job 35aad623-807b-abaf-2b8e-5632ee386e5f (Run Report Generation Scheduled Tasks) failed in CRON run
Thu Oct 29 23:15:04 2015 [122098][1][FATAL] Job 84487234-346c-270e-ace0-5632ee02eacc (Run Reports) failed in CRON run
Thu Oct 29 23:20:02 2015 [128165][1][FATAL] Job 759960eb-67b0-bc3f-d159-5632ef487d9b (Run Report Generation Scheduled Tasks) failed in CRON run
Thu Oct 29 23:20:05 2015 [128165][1][FATAL] Job cce5ef6a-77e1-ef1b-76e7-5632efb4870f (Run Reports) failed in CRON run
Thu Oct 29 23:25:02 2015 [2731][1][FATAL] Job 6926994e-adb2-fd94-a441-5632f1de281c (Run Report Generation Scheduled Tasks) failed in CRON run
Thu Oct 29 23:25:04 2015 [2731][1][FATAL] Job bc2cab88-b1b2-f2ad-08f1-5632f1939012 (Run Reports) failed in CRON run
Thu Oct 29 23:30:07 2015 [7853][1][FATAL] Job 55042f32-cb27-5acd-e6fe-5632f271af73 (Run Reports) failed in CRON run
Thu Oct 29 23:30:07 2015 [7853][1][FATAL] Job bdab2026-d156-6c82-4007-5632f2bd98b6 (Run Report Generation Scheduled Tasks) failed in CRON run
Thu Oct 29 23:35:03 2015 [13756][1][FATAL] Job 55b20e8e-e238-dd4e-8e31-5632f3b970b8 (Run Report Generation Scheduled Tasks) failed in CRON run
Thu Oct 29 23:35:06 2015 [13756][1][FATAL] Job e64b542e-0618-f187-e3c2-5632f39b89aa (Run Reports) failed in CRON run
Thu Oct 29 23:40:02 2015 [19111][1][FATAL] Job 4caaed3e-1d56-a142-b155-5632f41b6773 (Run Report Generation Scheduled Tasks) failed in CRON run
Thu Oct 29 23:40:04 2015 [19111][1][FATAL] Job 97b7fd3a-2892-4a3e-5726-5632f4a5d6ea (Run Reports) failed in CRON run
Thu Oct 29 23:45:03 2015 [24258][1][FATAL] Job 589005cf-595e-a513-953d-5632f5f91c3e (Run Reports) failed in CRON run
Thu Oct 29 23:45:03 2015 [24258][1][FATAL] Job 8beae15b-235f-0425-a0fc-5632f57e07a7 (Run Report Generation Scheduled Tasks) failed in CRON run
Thu Oct 29 23:50:03 2015 [30056][1][FATAL] Job 849f4282-a033-93f2-9334-5632f66fe7ad (Run Report Generation Scheduled Tasks) failed in CRON run
Thu Oct 29 23:50:04 2015 [30056][1][FATAL] Job dd6c930e-587c-b6c0-24bd-5632f67694cd (Run Reports) failed in CRON run
Thu Oct 29 23:55:07 2015 [35362][1][FATAL] Job 60ca11d4-62c6-d90f-3515-5632f8179a58 (Run Reports) failed in CRON run
Thu Oct 29 23:55:07 2015 [35362][1][FATAL] Job c95eb1f8-d426-b0c9-f9fa-5632f86639d0 (Run Report Generation Scheduled Tasks) failed in CRON run
