12/01/15 14:02:25 [9892][364bf5bc-ff62-c92f-96a3-55800394c989][FATAL] aor_reports for aor_report_aor_fields failed to load

12/01/15 14:02:25 [9892][364bf5bc-ff62-c92f-96a3-55800394c989][FATAL] aor_reports for aor_report_aor_fields failed to load

12/01/15 14:02:25 [9892][364bf5bc-ff62-c92f-96a3-55800394c989][FATAL] aor_reports for aor_report_aor_fields failed to load

12/01/15 14:02:25 [9892][364bf5bc-ff62-c92f-96a3-55800394c989][FATAL] aor_reports for aor_report_aor_fields failed to load

12/01/15 14:02:25 [9892][364bf5bc-ff62-c92f-96a3-55800394c989][FATAL] aor_reports for aor_report_aor_fields failed to load

12/01/15 14:02:25 [9892][364bf5bc-ff62-c92f-96a3-55800394c989][FATAL] aor_reports for aor_report_aor_fields failed to load

12/01/15 14:02:25 [9892][364bf5bc-ff62-c92f-96a3-55800394c989][FATAL] aor_reports for aor_report_aor_fields failed to load

12/01/15 14:02:25 [9892][364bf5bc-ff62-c92f-96a3-55800394c989][FATAL] aor_reports for aor_report_aor_fields failed to load

12/01/15 14:02:25 [9892][364bf5bc-ff62-c92f-96a3-55800394c989][FATAL] aor_reports for aor_report_aor_fields failed to load

12/01/15 14:02:25 [9892][364bf5bc-ff62-c92f-96a3-55800394c989][FATAL] aor_reports for aor_report_aor_fields failed to load

12/01/15 14:02:25 [9892][364bf5bc-ff62-c92f-96a3-55800394c989][FATAL] aor_reports for aor_report_aor_fields failed to load

12/01/15 14:02:25 [9892][364bf5bc-ff62-c92f-96a3-55800394c989][FATAL] aor_reports for aor_report_aor_fields failed to load

12/01/15 14:02:25 [9892][364bf5bc-ff62-c92f-96a3-55800394c989][FATAL] aor_reports for aor_report_aor_fields failed to load

12/01/15 14:02:25 [9892][364bf5bc-ff62-c92f-96a3-55800394c989][FATAL] aor_reports for aor_report_aor_fields failed to load

12/01/15 14:02:25 [9892][364bf5bc-ff62-c92f-96a3-55800394c989][FATAL] aor_reports for aor_report_aor_conditions failed to load

12/01/15 14:38:14 [6920][364bf5bc-ff62-c92f-96a3-55800394c989][FATAL] aor_reports for aor_report_aor_fields failed to load

12/01/15 14:38:14 [6920][364bf5bc-ff62-c92f-96a3-55800394c989][FATAL] aor_reports for aor_report_aor_fields failed to load

12/01/15 14:38:14 [6920][364bf5bc-ff62-c92f-96a3-55800394c989][FATAL] aor_reports for aor_report_aor_fields failed to load

12/01/15 14:38:14 [6920][364bf5bc-ff62-c92f-96a3-55800394c989][FATAL] aor_reports for aor_report_aor_fields failed to load

12/01/15 14:38:14 [6920][364bf5bc-ff62-c92f-96a3-55800394c989][FATAL] aor_reports for aor_report_aor_fields failed to load

12/01/15 14:38:14 [6920][364bf5bc-ff62-c92f-96a3-55800394c989][FATAL] aor_reports for aor_report_aor_fields failed to load

12/01/15 14:38:14 [6920][364bf5bc-ff62-c92f-96a3-55800394c989][FATAL] aor_reports for aor_report_aor_fields failed to load

12/01/15 14:38:14 [6920][364bf5bc-ff62-c92f-96a3-55800394c989][FATAL] aor_reports for aor_report_aor_fields failed to load

12/01/15 14:38:14 [6920][364bf5bc-ff62-c92f-96a3-55800394c989][FATAL] aor_reports for aor_report_aor_fields failed to load

12/01/15 14:38:14 [6920][364bf5bc-ff62-c92f-96a3-55800394c989][FATAL] aor_reports for aor_report_aor_fields failed to load

12/01/15 14:38:14 [6920][364bf5bc-ff62-c92f-96a3-55800394c989][FATAL] aor_reports for aor_report_aor_fields failed to load

12/01/15 14:38:14 [6920][364bf5bc-ff62-c92f-96a3-55800394c989][FATAL] aor_reports for aor_report_aor_fields failed to load

12/01/15 14:38:14 [6920][364bf5bc-ff62-c92f-96a3-55800394c989][FATAL] aor_reports for aor_report_aor_fields failed to load

12/01/15 14:38:14 [6920][364bf5bc-ff62-c92f-96a3-55800394c989][FATAL] aor_reports for aor_report_aor_conditions failed to load

12/01/15 14:38:14 [6920][364bf5bc-ff62-c92f-96a3-55800394c989][FATAL] aor_reports for aor_report_aor_conditions failed to load

12/01/15 14:38:14 [6920][364bf5bc-ff62-c92f-96a3-55800394c989][FATAL] aor_reports for aor_report_aor_conditions failed to load

12/01/15 14:41:30 [6316][364bf5bc-ff62-c92f-96a3-55800394c989][FATAL] aor_reports for aor_report_aor_fields failed to load

12/01/15 14:41:30 [6316][364bf5bc-ff62-c92f-96a3-55800394c989][FATAL] aor_reports for aor_report_aor_fields failed to load

12/01/15 14:41:30 [6316][364bf5bc-ff62-c92f-96a3-55800394c989][FATAL] aor_reports for aor_report_aor_fields failed to load

12/01/15 14:41:30 [6316][364bf5bc-ff62-c92f-96a3-55800394c989][FATAL] aor_reports for aor_report_aor_fields failed to load

12/01/15 14:41:30 [6316][364bf5bc-ff62-c92f-96a3-55800394c989][FATAL] aor_reports for aor_report_aor_fields failed to load

12/01/15 14:41:30 [6316][364bf5bc-ff62-c92f-96a3-55800394c989][FATAL] aor_reports for aor_report_aor_fields failed to load

12/01/15 14:41:30 [6316][364bf5bc-ff62-c92f-96a3-55800394c989][FATAL] aor_reports for aor_report_aor_fields failed to load

12/01/15 14:41:30 [6316][364bf5bc-ff62-c92f-96a3-55800394c989][FATAL] aor_reports for aor_report_aor_fields failed to load

12/01/15 14:41:30 [6316][364bf5bc-ff62-c92f-96a3-55800394c989][FATAL] aor_reports for aor_report_aor_fields failed to load

12/01/15 14:41:30 [6316][364bf5bc-ff62-c92f-96a3-55800394c989][FATAL] aor_reports for aor_report_aor_fields failed to load

12/01/15 14:41:30 [6316][364bf5bc-ff62-c92f-96a3-55800394c989][FATAL] aor_reports for aor_report_aor_fields failed to load

12/01/15 14:41:30 [6316][364bf5bc-ff62-c92f-96a3-55800394c989][FATAL] aor_reports for aor_report_aor_fields failed to load

12/01/15 14:41:30 [6316][364bf5bc-ff62-c92f-96a3-55800394c989][FATAL] aor_reports for aor_report_aor_fields failed to load

12/01/15 14:41:31 [6316][364bf5bc-ff62-c92f-96a3-55800394c989][FATAL] aor_reports for aor_report_aor_conditions failed to load

12/01/15 14:41:31 [6316][364bf5bc-ff62-c92f-96a3-55800394c989][FATAL] aor_reports for aor_report_aor_conditions failed to load

12/01/15 14:41:31 [6316][364bf5bc-ff62-c92f-96a3-55800394c989][FATAL] aor_reports for aor_report_aor_conditions failed to load

12/01/15 14:41:31 [6316][364bf5bc-ff62-c92f-96a3-55800394c989][FATAL] aor_reports for aor_report_aor_conditions failed to load

12/01/15 14:41:31 [6316][364bf5bc-ff62-c92f-96a3-55800394c989][FATAL] aor_reports for aor_report_aor_conditions failed to load

12/01/15 14:41:31 [6316][364bf5bc-ff62-c92f-96a3-55800394c989][FATAL] error loading relationship aor_reports
12/01/15 14:41:31 [6316][364bf5bc-ff62-c92f-96a3-55800394c989][FATAL] aor_reports for aor_report_aor_conditions failed to load

12/01/15 14:42:57 [7084][364bf5bc-ff62-c92f-96a3-55800394c989][FATAL] aor_reports for aor_report_aor_fields failed to load

12/01/15 14:42:57 [7084][364bf5bc-ff62-c92f-96a3-55800394c989][FATAL] aor_reports for aor_report_aor_fields failed to load

12/01/15 14:42:57 [7084][364bf5bc-ff62-c92f-96a3-55800394c989][FATAL] aor_reports for aor_report_aor_fields failed to load

12/01/15 14:42:57 [7084][364bf5bc-ff62-c92f-96a3-55800394c989][FATAL] aor_reports for aor_report_aor_fields failed to load

12/01/15 14:42:57 [7084][364bf5bc-ff62-c92f-96a3-55800394c989][FATAL] aor_reports for aor_report_aor_fields failed to load

12/01/15 14:42:57 [7084][364bf5bc-ff62-c92f-96a3-55800394c989][FATAL] aor_reports for aor_report_aor_fields failed to load

12/01/15 14:42:57 [7084][364bf5bc-ff62-c92f-96a3-55800394c989][FATAL] aor_reports for aor_report_aor_fields failed to load

12/01/15 14:42:57 [7084][364bf5bc-ff62-c92f-96a3-55800394c989][FATAL] aor_reports for aor_report_aor_fields failed to load

12/01/15 14:42:57 [7084][364bf5bc-ff62-c92f-96a3-55800394c989][FATAL] aor_reports for aor_report_aor_fields failed to load

12/01/15 14:42:57 [7084][364bf5bc-ff62-c92f-96a3-55800394c989][FATAL] aor_reports for aor_report_aor_fields failed to load

12/01/15 14:42:57 [7084][364bf5bc-ff62-c92f-96a3-55800394c989][FATAL] aor_reports for aor_report_aor_fields failed to load

12/01/15 14:42:57 [7084][364bf5bc-ff62-c92f-96a3-55800394c989][FATAL] aor_reports for aor_report_aor_fields failed to load

12/01/15 14:42:57 [7084][364bf5bc-ff62-c92f-96a3-55800394c989][FATAL] aor_reports for aor_report_aor_fields failed to load

12/01/15 14:42:57 [7084][364bf5bc-ff62-c92f-96a3-55800394c989][FATAL] aor_reports for aor_report_aor_fields failed to load

12/01/15 14:42:57 [7084][364bf5bc-ff62-c92f-96a3-55800394c989][FATAL] aor_reports for aor_report_aor_conditions failed to load

12/01/15 14:42:57 [7084][364bf5bc-ff62-c92f-96a3-55800394c989][FATAL] aor_reports for aor_report_aor_conditions failed to load

12/01/15 14:42:57 [7084][364bf5bc-ff62-c92f-96a3-55800394c989][FATAL] aor_reports for aor_report_aor_conditions failed to load

12/01/15 14:43:50 [7084][364bf5bc-ff62-c92f-96a3-55800394c989][FATAL] aor_reports for aor_report_aor_fields failed to load

12/01/15 14:43:50 [7084][364bf5bc-ff62-c92f-96a3-55800394c989][FATAL] aor_reports for aor_report_aor_fields failed to load

12/01/15 14:43:50 [7084][364bf5bc-ff62-c92f-96a3-55800394c989][FATAL] aor_reports for aor_report_aor_fields failed to load

12/01/15 14:43:50 [7084][364bf5bc-ff62-c92f-96a3-55800394c989][FATAL] aor_reports for aor_report_aor_fields failed to load

12/01/15 14:43:50 [7084][364bf5bc-ff62-c92f-96a3-55800394c989][FATAL] aor_reports for aor_report_aor_fields failed to load

12/01/15 14:43:50 [7084][364bf5bc-ff62-c92f-96a3-55800394c989][FATAL] aor_reports for aor_report_aor_fields failed to load

12/01/15 14:43:50 [7084][364bf5bc-ff62-c92f-96a3-55800394c989][FATAL] aor_reports for aor_report_aor_fields failed to load

12/01/15 14:43:50 [7084][364bf5bc-ff62-c92f-96a3-55800394c989][FATAL] aor_reports for aor_report_aor_fields failed to load

12/01/15 14:43:50 [7084][364bf5bc-ff62-c92f-96a3-55800394c989][FATAL] aor_reports for aor_report_aor_fields failed to load

12/01/15 14:43:50 [7084][364bf5bc-ff62-c92f-96a3-55800394c989][FATAL] aor_reports for aor_report_aor_fields failed to load

12/01/15 14:43:50 [7084][364bf5bc-ff62-c92f-96a3-55800394c989][FATAL] aor_reports for aor_report_aor_fields failed to load

12/01/15 14:43:50 [7084][364bf5bc-ff62-c92f-96a3-55800394c989][FATAL] aor_reports for aor_report_aor_fields failed to load

12/01/15 14:43:50 [7084][364bf5bc-ff62-c92f-96a3-55800394c989][FATAL] aor_reports for aor_report_aor_fields failed to load

12/01/15 14:43:50 [7084][364bf5bc-ff62-c92f-96a3-55800394c989][FATAL] aor_reports for aor_report_aor_fields failed to load

12/01/15 14:43:50 [7084][364bf5bc-ff62-c92f-96a3-55800394c989][FATAL] aor_reports for aor_report_aor_conditions failed to load

12/01/15 14:43:50 [7084][364bf5bc-ff62-c92f-96a3-55800394c989][FATAL] aor_reports for aor_report_aor_conditions failed to load

12/01/15 14:43:50 [7084][364bf5bc-ff62-c92f-96a3-55800394c989][FATAL] aor_reports for aor_report_aor_conditions failed to load

12/01/15 16:25:25 [7084][53f59826-cc14-1aa5-7f55-557e8e9c0d20][FATAL] SMTP -> ERROR: Failed to connect to server. Code: 0 Reply: php_network_getaddresses: getaddrinfo failed: No such host is known.  
12/01/15 16:25:25 [7084][53f59826-cc14-1aa5-7f55-557e8e9c0d20][FATAL] SugarPHPMailer encountered an error: The following From address failed: support@oaucdl.edu.ng
12/01/15 16:54:38 [7084][53f59826-cc14-1aa5-7f55-557e8e9c0d20][FATAL] SugarPHPMailer encountered an error: Invalid address: 
12/01/15 16:54:43 [7084][53f59826-cc14-1aa5-7f55-557e8e9c0d20][FATAL] SugarPHPMailer encountered an error: Invalid address: 
