Fri Oct 30 00:00:12 2015 [40553][1][FATAL] Job 2429cdac-3637-2f81-c3cf-5632f911f7bb (Run Report Generation Scheduled Tasks) failed in CRON run
Fri Oct 30 00:00:14 2015 [40553][1][FATAL] Job 4513de3d-01ef-c91b-81fa-5632f93577c5 (Run Reports) failed in CRON run
Fri Oct 30 00:00:15 2015 [40553][1][FATAL] Job f0a0d414-6ad9-6781-44c2-5632f994d652 (Optimise AOD Index) failed in CRON run
Fri Oct 30 00:05:03 2015 [49445][1][FATAL] Job 469f4986-728c-83c1-aba2-5632fa4523dd (Run Reports) failed in CRON run
Fri Oct 30 00:05:03 2015 [49445][1][FATAL] Job e6f56d3a-5129-3d03-471b-5632fa79d1bd (Run Report Generation Scheduled Tasks) failed in CRON run
Fri Oct 30 00:10:04 2015 [57706][1][FATAL] Job 20da041e-9e81-6fe4-339c-5632fbf3e7fb (Run Reports) failed in CRON run
Fri Oct 30 00:10:04 2015 [57706][1][FATAL] Job 60e73c25-8acf-df84-bfc2-5632fb1d80d1 (Run Report Generation Scheduled Tasks) failed in CRON run
Fri Oct 30 00:15:08 2015 [63968][1][FATAL] Job 5e98b7d8-d034-201c-aa30-5632fc6dbda8 (Run Reports) failed in CRON run
Fri Oct 30 00:15:08 2015 [63968][1][FATAL] Job c0d4eeca-1189-bf71-73d9-5632fc097fe8 (Run Report Generation Scheduled Tasks) failed in CRON run
Fri Oct 30 00:20:02 2015 [68996][1][FATAL] Job a0952e6e-b315-7d01-3794-5632fe287930 (Run Report Generation Scheduled Tasks) failed in CRON run
Fri Oct 30 00:20:02 2015 [68996][1][FATAL] Job d2cf03e3-13af-dadb-5084-5632fe4b1dc3 (Run Reports) failed in CRON run
Fri Oct 30 00:25:03 2015 [74189][1][FATAL] Job 8b82b5b0-5ac0-d7b8-ca6d-5632ff331ced (Run Report Generation Scheduled Tasks) failed in CRON run
Fri Oct 30 00:25:03 2015 [74189][1][FATAL] Job ddb5010e-b69e-50bf-50b4-5632ffee57a8 (Run Reports) failed in CRON run
Fri Oct 30 00:30:04 2015 [80821][1][FATAL] Job 1a8169da-92b7-c676-5858-563300fe9c29 (Run Report Generation Scheduled Tasks) failed in CRON run
Fri Oct 30 00:30:07 2015 [80821][1][FATAL] Job cc4b91f0-1424-64b1-b263-563300f85d3c (Run Reports) failed in CRON run
Fri Oct 30 00:35:04 2015 [86472][1][FATAL] Job 296e4eca-1d67-3266-e17a-563301d84d74 (Run Reports) failed in CRON run
Fri Oct 30 00:35:04 2015 [86472][1][FATAL] Job a8477cbf-37aa-3364-694a-563301042e77 (Run Report Generation Scheduled Tasks) failed in CRON run
Fri Oct 30 00:40:02 2015 [92383][1][FATAL] Job 848c5330-96ec-0b45-7038-5633020492be (Run Report Generation Scheduled Tasks) failed in CRON run
Fri Oct 30 00:40:05 2015 [92383][1][FATAL] Job c759fd8f-5e8c-a5d0-002b-563302e885e4 (Run Reports) failed in CRON run
Fri Oct 30 00:45:04 2015 [98106][1][FATAL] Job 1e309217-0cbf-617c-673e-5633037534ca (Run Report Generation Scheduled Tasks) failed in CRON run
Fri Oct 30 00:45:06 2015 [98106][1][FATAL] Job a7dbb6c3-3c38-8628-bd27-5633033c0e72 (Run Reports) failed in CRON run
Fri Oct 30 00:50:02 2015 [104429][1][FATAL] Job 3077012d-2732-6ccb-dd5d-56330591e7e5 (Run Report Generation Scheduled Tasks) failed in CRON run
Fri Oct 30 00:50:05 2015 [104429][1][FATAL] Job c3a0a5d2-da41-ca28-ba2e-5633054cdeb1 (Run Reports) failed in CRON run
Fri Oct 30 00:55:03 2015 [109589][1][FATAL] Job 6ef4d182-b9f5-25e7-d2a9-5633068494db (Run Report Generation Scheduled Tasks) failed in CRON run
Fri Oct 30 00:55:04 2015 [109589][1][FATAL] Job eee3e907-58a3-d448-e9a8-563306871126 (Run Reports) failed in CRON run
Fri Oct 30 01:00:06 2015 [114102][1][FATAL] Job 69cd54a2-2719-f93b-7619-5633070a8482 (Run Report Generation Scheduled Tasks) failed in CRON run
Fri Oct 30 01:00:08 2015 [114102][1][FATAL] Job e4785f6f-1bb1-922d-6637-5633071edf33 (Run Reports) failed in CRON run
Fri Oct 30 01:05:02 2015 [119240][1][FATAL] Job 3ad1f851-d9ad-f6dd-b5ec-5633084d9fa3 (Run Report Generation Scheduled Tasks) failed in CRON run
Fri Oct 30 01:05:03 2015 [119240][1][FATAL] Job 88f74479-c193-1941-1ec1-5633089a8109 (Run Reports) failed in CRON run
Fri Oct 30 01:10:03 2015 [124570][1][FATAL] Job 13fda2ec-dabe-09f7-c1a7-5633091a3daa (Run Reports) failed in CRON run
Fri Oct 30 01:10:04 2015 [124570][1][FATAL] Job 7c6c6c40-a647-0c25-ce03-5633090a06bc (Run Report Generation Scheduled Tasks) failed in CRON run
Fri Oct 30 01:15:03 2015 [129934][1][FATAL] Job 4b5b031c-ee58-d0c8-2600-56330a4bdca7 (Run Report Generation Scheduled Tasks) failed in CRON run
Fri Oct 30 01:15:06 2015 [129934][1][FATAL] Job 84efface-431d-1d5e-8f6b-56330a833ff8 (Run Reports) failed in CRON run
Fri Oct 30 01:20:03 2015 [5736][1][FATAL] Job 5b85a720-34ac-2354-e5d0-56330c9a27dd (Run Report Generation Scheduled Tasks) failed in CRON run
Fri Oct 30 01:20:05 2015 [5736][1][FATAL] Job e980beac-537d-3f06-ea49-56330c088a56 (Run Reports) failed in CRON run
Fri Oct 30 01:25:06 2015 [11041][1][FATAL] Job 325f5e72-260f-dd8a-4a4b-56330df467a7 (Run Reports) failed in CRON run
Fri Oct 30 01:25:06 2015 [11041][1][FATAL] Job b2f6d51d-9ce3-a393-3621-56330d6f6baa (Run Report Generation Scheduled Tasks) failed in CRON run
Fri Oct 30 01:30:03 2015 [16405][1][FATAL] Job 446cb953-70ea-ca7c-7d9f-56330e422033 (Run Report Generation Scheduled Tasks) failed in CRON run
Fri Oct 30 01:30:06 2015 [16405][1][FATAL] Job ab3d500f-5e8e-f7b7-4dba-56330ed4f1b7 (Run Reports) failed in CRON run
Fri Oct 30 01:35:06 2015 [21617][1][FATAL] Job 2987805c-52d2-909b-4956-56330fada2a4 (Run Reports) failed in CRON run
Fri Oct 30 01:35:06 2015 [21617][1][FATAL] Job 8174b097-bc09-3737-45c8-56330f1c909d (Run Report Generation Scheduled Tasks) failed in CRON run
Fri Oct 30 01:40:03 2015 [27975][1][FATAL] Job 1c69a1d7-2244-0efe-086c-563310f564a4 (Run Reports) failed in CRON run
Fri Oct 30 01:40:04 2015 [27975][1][FATAL] Job 9a4d978d-dc25-09c3-825d-563310802bca (Run Report Generation Scheduled Tasks) failed in CRON run
Fri Oct 30 01:45:03 2015 [32598][1][FATAL] Job 63520d56-f252-e4c3-7810-563311f9cc29 (Run Report Generation Scheduled Tasks) failed in CRON run
Fri Oct 30 01:45:05 2015 [32598][1][FATAL] Job 8f031a7c-37df-5d55-e228-563311316b53 (Run Reports) failed in CRON run
Fri Oct 30 01:50:02 2015 [38356][1][FATAL] Job 23371140-6932-cd0f-07f3-563313cf0633 (Run Report Generation Scheduled Tasks) failed in CRON run
Fri Oct 30 01:50:04 2015 [38356][1][FATAL] Job 768fd1bb-707b-f1fb-b72b-563313eddc71 (Run Reports) failed in CRON run
Fri Oct 30 01:55:03 2015 [43696][1][FATAL] Job 11e5f461-303f-83d8-5b3a-563314a4f98c (Run Reports) failed in CRON run
Fri Oct 30 01:55:05 2015 [43696][1][FATAL] Job 9506abfb-c59d-bcc5-339e-563314d46b72 (Run Report Generation Scheduled Tasks) failed in CRON run
Fri Oct 30 02:00:11 2015 [49256][1][FATAL] Job 857269f7-6c98-f385-2bb2-56331598c8d6 (Run Report Generation Scheduled Tasks) failed in CRON run
Fri Oct 30 02:00:11 2015 [49256][1][FATAL] Job 87ad2ded-bb5d-190b-e14c-563315571f2f (Run Reports) failed in CRON run
Fri Oct 30 02:05:03 2015 [55143][1][FATAL] Job 619b3caa-3bb4-243c-f79d-56331658d7a3 (Run Report Generation Scheduled Tasks) failed in CRON run
Fri Oct 30 02:05:04 2015 [55143][1][FATAL] Job e11f41db-e825-39f9-bc5e-5633164cede0 (Run Reports) failed in CRON run
Fri Oct 30 02:10:02 2015 [61586][1][FATAL] Job 4543361d-5fb6-3a4a-cbd6-563317d0467f (Run Report Generation Scheduled Tasks) failed in CRON run
Fri Oct 30 02:10:03 2015 [61586][1][FATAL] Job 9050ff0e-8f95-5cfb-7f9b-563317099375 (Run Reports) failed in CRON run
Fri Oct 30 02:15:09 2015 [67429][1][FATAL] Job dadb072b-6351-e592-1d0c-5633185dc08f (Run Report Generation Scheduled Tasks) failed in CRON run
Fri Oct 30 02:15:09 2015 [67429][1][FATAL] Job e4d7736a-5b29-d967-a764-563318658e08 (Run Reports) failed in CRON run
Fri Oct 30 02:20:04 2015 [73799][1][FATAL] Job 15490ac9-ac13-4e84-dc7b-56331aa48ee5 (Run Reports) failed in CRON run
Fri Oct 30 02:20:04 2015 [73799][1][FATAL] Job 608f2f7c-a75c-925c-3cd2-56331abdb103 (Run Report Generation Scheduled Tasks) failed in CRON run
Fri Oct 30 02:25:03 2015 [79449][1][FATAL] Job 4a860639-aa14-497f-15a8-56331be9cddd (Run Reports) failed in CRON run
Fri Oct 30 02:25:03 2015 [79449][1][FATAL] Job 56171f37-f20a-af6b-e112-56331b2c6df4 (Run Report Generation Scheduled Tasks) failed in CRON run
Fri Oct 30 02:30:05 2015 [85512][1][FATAL] Job 1a9712b5-6859-3c70-5fdd-56331c8f922b (Run Report Generation Scheduled Tasks) failed in CRON run
Fri Oct 30 02:30:09 2015 [85512][1][FATAL] Job 796524d6-44e2-641f-eb44-56331c77e2af (Run Reports) failed in CRON run
Fri Oct 30 02:35:06 2015 [91438][1][FATAL] Job 4e8b16b1-b148-256d-65e7-56331d8fcef1 (Run Reports) failed in CRON run
Fri Oct 30 02:35:06 2015 [91438][1][FATAL] Job cae07c02-8b48-8c5a-c847-56331dc891b3 (Run Report Generation Scheduled Tasks) failed in CRON run
Fri Oct 30 02:40:05 2015 [96649][1][FATAL] Job 4c2542ad-2151-da18-e747-56331e904489 (Run Reports) failed in CRON run
Fri Oct 30 02:40:05 2015 [96649][1][FATAL] Job dbffb0fb-a3ee-69ba-ae65-56331ea0a62e (Run Report Generation Scheduled Tasks) failed in CRON run
Fri Oct 30 02:45:04 2015 [101791][1][FATAL] Job 1ce7df5b-9dca-9f8a-4644-56331f966fbd (Run Reports) failed in CRON run
Fri Oct 30 02:45:05 2015 [101791][1][FATAL] Job c36a40db-c6bb-b764-71ac-56331f12d1b6 (Run Report Generation Scheduled Tasks) failed in CRON run
Fri Oct 30 02:50:02 2015 [106756][1][FATAL] Job 1886fee9-09e6-c478-cd01-56332175b48f (Run Reports) failed in CRON run
Fri Oct 30 02:50:03 2015 [106756][1][FATAL] Job c3c2f64c-84e0-b41d-b436-563321b080b2 (Run Report Generation Scheduled Tasks) failed in CRON run
Fri Oct 30 02:55:03 2015 [113074][1][FATAL] Job 3b2b0270-b8be-439c-4b66-5633222087f9 (Run Reports) failed in CRON run
Fri Oct 30 02:55:03 2015 [113074][1][FATAL] Job 7a6f463d-ffc7-5e36-ab33-56332279a7f7 (Run Report Generation Scheduled Tasks) failed in CRON run
Fri Oct 30 03:00:04 2015 [118565][1][FATAL] Job 2fe9322e-f6b3-6c3d-a430-563323bf6d53 (Run Reports) failed in CRON run
Fri Oct 30 03:00:04 2015 [118565][1][FATAL] Job 937ed1a4-5312-9d50-a443-5633234b4d6b (Run Report Generation Scheduled Tasks) failed in CRON run
Fri Oct 30 03:00:07 2015 [118565][1][FATAL] Job c89087ee-5bae-4ca0-8b77-56332353fc9c (Optimise AOD Index) failed in CRON run
Fri Oct 30 03:05:03 2015 [734][1][FATAL] Job 8706223f-d2c4-7bdc-a6a0-56332485a985 (Run Report Generation Scheduled Tasks) failed in CRON run
Fri Oct 30 03:05:03 2015 [734][1][FATAL] Job b7a004b5-ea02-6912-7131-563324043ae2 (Run Reports) failed in CRON run
Fri Oct 30 03:10:03 2015 [7184][1][FATAL] Job 42bb8053-5221-a8de-30fd-5633254a9aad (Run Report Generation Scheduled Tasks) failed in CRON run
Fri Oct 30 03:10:05 2015 [7184][1][FATAL] Job e54fed93-e767-79e3-e0fb-563325765bac (Run Reports) failed in CRON run
Fri Oct 30 03:15:03 2015 [12578][1][FATAL] Job 13ac0bd5-96a0-3f8b-d3b4-5633273951a3 (Run Report Generation Scheduled Tasks) failed in CRON run
Fri Oct 30 03:15:05 2015 [12578][1][FATAL] Job 6e320e9c-0f07-ed31-276c-56332735c24b (Run Reports) failed in CRON run
Fri Oct 30 03:20:03 2015 [17743][1][FATAL] Job 58d44ebe-eaa7-68c7-8e34-563328dd8fec (Run Report Generation Scheduled Tasks) failed in CRON run
Fri Oct 30 03:20:05 2015 [17743][1][FATAL] Job e9e4ce35-7e4b-eaec-0dc6-563328e20ac6 (Run Reports) failed in CRON run
Fri Oct 30 03:25:03 2015 [22458][1][FATAL] Job 160f7e07-04aa-683a-1af0-5633294c9095 (Run Reports) failed in CRON run
Fri Oct 30 03:25:04 2015 [22458][1][FATAL] Job c1670959-0774-e29d-a5e6-563329108f12 (Run Report Generation Scheduled Tasks) failed in CRON run
Fri Oct 30 03:30:03 2015 [27586][1][FATAL] Job 1cce7b0f-a099-974a-03f8-56332a44b219 (Run Report Generation Scheduled Tasks) failed in CRON run
Fri Oct 30 03:30:05 2015 [27586][1][FATAL] Job 69d8ec23-1659-a3df-d0fa-56332acb4890 (Run Reports) failed in CRON run
Fri Oct 30 03:35:05 2015 [34583][1][FATAL] Job 2d5c4d52-f640-ee0b-7e7e-56332b08380e (Run Reports) failed in CRON run
Fri Oct 30 03:35:05 2015 [34583][1][FATAL] Job 978b0cad-f75d-2ffe-a812-56332b98c66b (Run Report Generation Scheduled Tasks) failed in CRON run
Fri Oct 30 03:40:02 2015 [40206][1][FATAL] Job 98d6c849-965b-625f-35fd-56332c427865 (Run Report Generation Scheduled Tasks) failed in CRON run
Fri Oct 30 03:40:04 2015 [40206][1][FATAL] Job e4400f55-e121-43d0-ac1e-56332c9559ba (Run Reports) failed in CRON run
Fri Oct 30 03:45:05 2015 [45757][1][FATAL] Job 5c67811a-4f91-fb62-fa84-56332ecf44eb (Run Reports) failed in CRON run
Fri Oct 30 03:45:05 2015 [45757][1][FATAL] Job e30bf702-1c73-399a-a019-56332edd6680 (Run Report Generation Scheduled Tasks) failed in CRON run
Fri Oct 30 03:50:02 2015 [51085][1][FATAL] Job 23e18926-eb7d-3191-9544-56332f61af13 (Run Report Generation Scheduled Tasks) failed in CRON run
Fri Oct 30 03:50:05 2015 [51085][1][FATAL] Job 845fa3e4-1f40-4532-9bd4-56332f32502f (Run Reports) failed in CRON run
Fri Oct 30 03:55:02 2015 [57884][1][FATAL] Job 3565362d-ed81-5176-e891-563330e36767 (Run Report Generation Scheduled Tasks) failed in CRON run
Fri Oct 30 03:55:04 2015 [57884][1][FATAL] Job 78a92d51-a694-6047-e186-56333018e7af (Run Reports) failed in CRON run
Fri Oct 30 04:00:04 2015 [63536][1][FATAL] Job 80cc083f-3cf0-18c3-e130-56333153b170 (Run Reports) failed in CRON run
Fri Oct 30 04:00:04 2015 [63536][1][FATAL] Job afa1581f-3edf-6d7c-1bfe-563331bba7a8 (Run Report Generation Scheduled Tasks) failed in CRON run
Fri Oct 30 04:05:04 2015 [70004][1][FATAL] Job 319e774d-0d83-6e29-6783-56333277d185 (Run Reports) failed in CRON run
Fri Oct 30 04:05:04 2015 [70004][1][FATAL] Job cad12941-b09e-87a5-24f9-563332ecf349 (Run Report Generation Scheduled Tasks) failed in CRON run
Fri Oct 30 04:10:05 2015 [76198][1][FATAL] Job 2c42a320-085d-b3bc-6bea-563333691ea2 (Run Reports) failed in CRON run
Fri Oct 30 04:10:05 2015 [76198][1][FATAL] Job c9e880ca-1bd9-7642-65e0-56333306c914 (Run Report Generation Scheduled Tasks) failed in CRON run
Fri Oct 30 04:15:02 2015 [81489][1][FATAL] Job 60fa53b5-e153-cc76-882e-563335a7f05b (Run Report Generation Scheduled Tasks) failed in CRON run
Fri Oct 30 04:15:04 2015 [81489][1][FATAL] Job b8f19760-2be9-6ac8-8c12-563335b75745 (Run Reports) failed in CRON run
Fri Oct 30 04:20:06 2015 [87246][1][FATAL] Job 8f151bca-9a62-910a-1b55-56333605d8d1 (Run Reports) failed in CRON run
Fri Oct 30 04:20:07 2015 [87246][1][FATAL] Job a12fb7d8-f589-644f-6964-563336f48ce9 (Run Report Generation Scheduled Tasks) failed in CRON run
Fri Oct 30 04:25:02 2015 [92497][1][FATAL] Job 73592e3f-999c-18fd-1b23-5633370b21a7 (Run Report Generation Scheduled Tasks) failed in CRON run
Fri Oct 30 04:25:04 2015 [92497][1][FATAL] Job cdc92204-619e-2d87-887e-5633377adc57 (Run Reports) failed in CRON run
Fri Oct 30 04:30:03 2015 [98117][1][FATAL] Job 4c545c72-1361-27c5-13b1-563338322fae (Run Report Generation Scheduled Tasks) failed in CRON run
Fri Oct 30 04:30:08 2015 [98117][1][FATAL] Job bc2878be-552d-5e23-f5d7-563338171782 (Run Reports) failed in CRON run
Fri Oct 30 04:35:05 2015 [105050][1][FATAL] Job bcc8fa09-baac-09a1-c87a-563339602039 (Run Report Generation Scheduled Tasks) failed in CRON run
Fri Oct 30 04:35:08 2015 [105050][1][FATAL] Job d6600630-1e9e-02ab-aca1-563339afccf3 (Run Reports) failed in CRON run
Fri Oct 30 04:40:02 2015 [112597][1][FATAL] Job 5e6d254d-3e0f-8d05-4fa7-56333ab3f2ee (Run Report Generation Scheduled Tasks) failed in CRON run
Fri Oct 30 04:40:05 2015 [112597][1][FATAL] Job d22feb32-2e39-c6db-f1c6-56333a11873c (Run Reports) failed in CRON run
Fri Oct 30 04:45:03 2015 [119527][1][FATAL] Job 211cb5d4-84d4-1c4a-4768-56333c85a6ab (Run Report Generation Scheduled Tasks) failed in CRON run
Fri Oct 30 04:45:06 2015 [119527][1][FATAL] Job 6aab79fc-6d54-9936-8bea-56333cb769e6 (Run Reports) failed in CRON run
Fri Oct 30 10:49:20 2015 [125021][53f59826-cc14-1aa5-7f55-557e8e9c0d20][FATAL] aor_reports for aor_report_aor_fields failed to load

Fri Oct 30 10:49:20 2015 [125021][53f59826-cc14-1aa5-7f55-557e8e9c0d20][FATAL] aor_reports for aor_report_aor_fields failed to load

Fri Oct 30 10:49:20 2015 [125021][53f59826-cc14-1aa5-7f55-557e8e9c0d20][FATAL] aor_reports for aor_report_aor_fields failed to load

Fri Oct 30 10:49:20 2015 [125021][53f59826-cc14-1aa5-7f55-557e8e9c0d20][FATAL] aor_reports for aor_report_aor_fields failed to load

Fri Oct 30 10:49:20 2015 [125021][53f59826-cc14-1aa5-7f55-557e8e9c0d20][FATAL] aor_reports for aor_report_aor_fields failed to load

Fri Oct 30 10:49:20 2015 [125021][53f59826-cc14-1aa5-7f55-557e8e9c0d20][FATAL] aor_reports for aor_report_aor_fields failed to load

Fri Oct 30 10:49:20 2015 [125021][53f59826-cc14-1aa5-7f55-557e8e9c0d20][FATAL] aor_reports for aor_report_aor_fields failed to load

Fri Oct 30 10:49:20 2015 [125021][53f59826-cc14-1aa5-7f55-557e8e9c0d20][FATAL] aor_reports for aor_report_aor_fields failed to load

Fri Oct 30 10:49:20 2015 [125021][53f59826-cc14-1aa5-7f55-557e8e9c0d20][FATAL] aor_reports for aor_report_aor_fields failed to load

Fri Oct 30 10:49:20 2015 [125021][53f59826-cc14-1aa5-7f55-557e8e9c0d20][FATAL] aor_reports for aor_report_aor_fields failed to load

Fri Oct 30 10:49:20 2015 [125021][53f59826-cc14-1aa5-7f55-557e8e9c0d20][FATAL] aor_reports for aor_report_aor_fields failed to load

Fri Oct 30 10:49:20 2015 [125021][53f59826-cc14-1aa5-7f55-557e8e9c0d20][FATAL] aor_reports for aor_report_aor_fields failed to load

Fri Oct 30 10:49:20 2015 [125021][53f59826-cc14-1aa5-7f55-557e8e9c0d20][FATAL] aor_reports for aor_report_aor_conditions failed to load

Fri Oct 30 04:50:03 2015 [125708][1][FATAL] Job 20464d64-9ec5-a5b5-8289-56333de73d8c (Run Reports) failed in CRON run
Fri Oct 30 04:50:03 2015 [125708][1][FATAL] Job 802cbd12-4dd0-232f-7805-56333d221921 (Run Report Generation Scheduled Tasks) failed in CRON run
Fri Oct 30 04:55:05 2015 [651][1][FATAL] Job 76c7d06f-c9a6-70e5-7af3-56333e13d470 (Run Reports) failed in CRON run
Fri Oct 30 04:55:05 2015 [651][1][FATAL] Job e4ffc962-6a45-dcf4-1d6c-56333e8ec9ca (Run Report Generation Scheduled Tasks) failed in CRON run
Fri Oct 30 05:00:07 2015 [6398][1][FATAL] Job 275d7f76-c195-fed2-7c1f-56333f9f01c9 (Run Report Generation Scheduled Tasks) failed in CRON run
Fri Oct 30 05:00:11 2015 [6398][1][FATAL] Job b1500353-7292-b899-ab32-56333fc39baa (Run Reports) failed in CRON run
Fri Oct 30 05:05:03 2015 [13281][1][FATAL] Job 28ee929c-589f-7020-89c0-5633404d3f22 (Run Report Generation Scheduled Tasks) failed in CRON run
Fri Oct 30 05:05:06 2015 [13281][1][FATAL] Job b8786c1b-cd8b-cd4e-0177-5633401ac5d1 (Run Reports) failed in CRON run
Fri Oct 30 05:10:03 2015 [20224][1][FATAL] Job 3b3b028c-07c0-8737-1942-563341ea0abd (Run Reports) failed in CRON run
Fri Oct 30 05:10:03 2015 [20224][1][FATAL] Job a82a389c-4353-5a32-1326-5633413a972b (Run Report Generation Scheduled Tasks) failed in CRON run
Fri Oct 30 05:15:07 2015 [27097][1][FATAL] Job 50b47d72-6eb1-6fa5-49b9-563343e4b906 (Run Reports) failed in CRON run
Fri Oct 30 05:15:07 2015 [27097][1][FATAL] Job d53b9200-0ceb-41e5-8b7e-5633438d6d1e (Run Report Generation Scheduled Tasks) failed in CRON run
Fri Oct 30 05:20:06 2015 [34725][1][FATAL] Job 57e82158-4f3e-49a0-3783-5633447e9cf1 (Run Reports) failed in CRON run
Fri Oct 30 05:20:06 2015 [34725][1][FATAL] Job a3b1d823-1a2d-3ce8-2e41-5633442ab0c6 (Run Report Generation Scheduled Tasks) failed in CRON run
Fri Oct 30 05:25:07 2015 [42371][1][FATAL] Job 3dc86053-4b83-d9cd-1ee6-56334547ec74 (Run Reports) failed in CRON run
Fri Oct 30 05:25:07 2015 [42371][1][FATAL] Job a753cdcd-004c-f83d-fb3a-563345e8572c (Run Report Generation Scheduled Tasks) failed in CRON run
Fri Oct 30 05:30:10 2015 [50037][1][FATAL] Job 7f6b8b22-0bab-9600-e941-5633460d1bab (Run Reports) failed in CRON run
Fri Oct 30 05:30:10 2015 [50037][1][FATAL] Job 80340842-2f74-1a3a-3352-563346de10f0 (Run Report Generation Scheduled Tasks) failed in CRON run
Fri Oct 30 05:35:03 2015 [57105][1][FATAL] Job 1f89cb09-38d5-a4f8-385c-563347a07f4d (Run Report Generation Scheduled Tasks) failed in CRON run
Fri Oct 30 05:35:06 2015 [57105][1][FATAL] Job bb982f75-7995-2888-2479-563347af8151 (Run Reports) failed in CRON run
Fri Oct 30 05:40:06 2015 [64507][1][FATAL] Job 83fc005d-bded-ac92-2ed6-5633499e5f57 (Run Report Generation Scheduled Tasks) failed in CRON run
Fri Oct 30 05:40:06 2015 [64507][1][FATAL] Job bcc31597-49b2-e118-f3c8-5633498c83bb (Run Reports) failed in CRON run
Fri Oct 30 05:45:03 2015 [72641][1][FATAL] Job 6490c58f-5b4c-2d19-88ef-56334a88173b (Run Report Generation Scheduled Tasks) failed in CRON run
Fri Oct 30 05:45:05 2015 [72641][1][FATAL] Job c554bd2c-9679-86fa-3b9c-56334abf1dfa (Run Reports) failed in CRON run
Fri Oct 30 05:50:02 2015 [79934][1][FATAL] Job 60521dcf-2527-1695-3d98-56334b0c4696 (Run Report Generation Scheduled Tasks) failed in CRON run
Fri Oct 30 05:50:04 2015 [79934][1][FATAL] Job d3d7f6ff-0c7b-5b3a-645c-56334bb298da (Run Reports) failed in CRON run
Fri Oct 30 05:55:04 2015 [86768][1][FATAL] Job 439226f6-c195-d564-9ad6-56334c1cdb75 (Run Reports) failed in CRON run
Fri Oct 30 05:55:04 2015 [86768][1][FATAL] Job e386d124-9763-93bf-55fb-56334c351130 (Run Report Generation Scheduled Tasks) failed in CRON run
Fri Oct 30 06:00:04 2015 [93534][1][FATAL] Job 55be3631-ace2-f048-2c1b-56334d8affcc (Run Report Generation Scheduled Tasks) failed in CRON run
Fri Oct 30 06:00:04 2015 [93534][1][FATAL] Job a606dc35-183a-3bd6-5c32-56334df232ba (Optimise AOD Index) failed in CRON run
Fri Oct 30 06:05:04 2015 [101960][1][FATAL] Job f39a2bc6-e418-f192-960a-56334d6921de (Run Reports) failed in CRON run
Fri Oct 30 06:05:04 2015 [101960][1][FATAL] Job 616984e9-dd29-d2c1-599d-56334e14672d (Run Report Generation Scheduled Tasks) failed in CRON run
Fri Oct 30 06:10:03 2015 [109660][1][FATAL] Job 5d97a92d-7180-aae0-4cbc-5633500b1c02 (Run Report Generation Scheduled Tasks) failed in CRON run
Fri Oct 30 06:10:05 2015 [109660][1][FATAL] Job d5025d08-e522-151a-8f28-563350f9b2f3 (Run Reports) failed in CRON run
Fri Oct 30 06:15:03 2015 [117054][1][FATAL] Job 128801e9-2971-520a-89a5-563351d0919e (Run Report Generation Scheduled Tasks) failed in CRON run
Fri Oct 30 06:15:05 2015 [117054][1][FATAL] Job 809ee647-ee6c-0ddd-1f89-563351c0e64c (Run Reports) failed in CRON run
Fri Oct 30 06:20:03 2015 [123661][1][FATAL] Job 8cba13f4-2561-0a45-2483-563352264b3c (Run Report Generation Scheduled Tasks) failed in CRON run
Fri Oct 30 06:20:04 2015 [123661][1][FATAL] Job edfdebce-1c16-f995-82df-563352f05296 (Run Reports) failed in CRON run
Fri Oct 30 06:25:02 2015 [456][1][FATAL] Job 46468b0b-eb7d-89b0-19a6-5633531c54b4 (Run Report Generation Scheduled Tasks) failed in CRON run
Fri Oct 30 06:25:05 2015 [456][1][FATAL] Job aa2c8a55-3273-5dd4-4db1-563353ad413e (Run Reports) failed in CRON run
Fri Oct 30 06:30:13 2015 [7859][1][FATAL] Job d9c00e50-98ae-e4df-83ac-5633544d6812 (Run Reports) failed in CRON run
Fri Oct 30 06:30:13 2015 [7859][1][FATAL] Job ec0c001b-a3be-798a-4f1a-563354307b53 (Run Report Generation Scheduled Tasks) failed in CRON run
Fri Oct 30 06:35:03 2015 [15632][1][FATAL] Job 27c3b876-3574-8fb3-e62e-563355528f44 (Run Reports) failed in CRON run
Fri Oct 30 06:35:03 2015 [15632][1][FATAL] Job cb406cdd-38f2-2b46-eacb-563355eccaa4 (Run Report Generation Scheduled Tasks) failed in CRON run
Fri Oct 30 06:40:03 2015 [22802][1][FATAL] Job 91969c18-e488-b2d4-6ff7-563357c5133f (Run Report Generation Scheduled Tasks) failed in CRON run
Fri Oct 30 06:40:05 2015 [22802][1][FATAL] Job f413562a-98f3-0531-9488-563357e8a7f9 (Run Reports) failed in CRON run
Fri Oct 30 06:45:06 2015 [29929][1][FATAL] Job 3be74215-2f4d-27cd-b1b7-56335862fb47 (Run Reports) failed in CRON run
Fri Oct 30 06:45:06 2015 [29929][1][FATAL] Job 97ecd0b6-15b7-f326-432c-563358303eab (Run Report Generation Scheduled Tasks) failed in CRON run
Fri Oct 30 12:49:06 2015 [32663][-none-][FATAL] Retrieving record by id users:53f59826-cc14-1aa5-7f55-557e8e9c0d20 found  Query Failed: SELECT users.* FROM users  WHERE users.id = '53f59826-cc14-1aa5-7f55-557e8e9c0d20' AND users.deleted=0 LIMIT 0,1: MySQL error 2006: MySQL server has gone away
Fri Oct 30 06:50:05 2015 [36868][1][FATAL] Job 58a39b3d-51e0-e5d2-2f90-563359f8fbb3 (Run Reports) failed in CRON run
Fri Oct 30 06:50:05 2015 [36868][1][FATAL] Job cfd8e5ee-bfad-9962-8c67-563359654a27 (Run Report Generation Scheduled Tasks) failed in CRON run
Fri Oct 30 06:55:02 2015 [43896][1][FATAL] Job 38c6c850-4d80-1281-7a8c-56335addd90c (Run Report Generation Scheduled Tasks) failed in CRON run
Fri Oct 30 06:55:04 2015 [43896][1][FATAL] Job b28c6a56-3946-045f-8308-56335a6b614b (Run Reports) failed in CRON run
Fri Oct 30 07:00:05 2015 [51556][1][FATAL] Job 23a602ae-fa4e-bafc-cb2d-56335b9e7ac3 (Run Report Generation Scheduled Tasks) failed in CRON run
Fri Oct 30 07:00:08 2015 [51556][1][FATAL] Job ebda0373-513b-a766-6f7d-56335b1a48c4 (Run Reports) failed in CRON run
Fri Oct 30 07:05:03 2015 [59621][1][FATAL] Job 52d1d354-f7c2-3aa3-54b3-56335c7c5776 (Run Report Generation Scheduled Tasks) failed in CRON run
Fri Oct 30 07:05:05 2015 [59621][1][FATAL] Job e73bb7b9-d634-9684-8e76-56335c16b22f (Run Reports) failed in CRON run
Fri Oct 30 13:08:57 2015 [66448][364bf5bc-ff62-c92f-96a3-55800394c989][FATAL] aor_reports for aor_report_aor_fields failed to load

Fri Oct 30 13:08:57 2015 [66448][364bf5bc-ff62-c92f-96a3-55800394c989][FATAL] aor_reports for aor_report_aor_fields failed to load

Fri Oct 30 13:08:57 2015 [66448][364bf5bc-ff62-c92f-96a3-55800394c989][FATAL] aor_reports for aor_report_aor_fields failed to load

Fri Oct 30 13:08:57 2015 [66448][364bf5bc-ff62-c92f-96a3-55800394c989][FATAL] aor_reports for aor_report_aor_fields failed to load

Fri Oct 30 13:08:57 2015 [66448][364bf5bc-ff62-c92f-96a3-55800394c989][FATAL] aor_reports for aor_report_aor_fields failed to load

Fri Oct 30 13:08:57 2015 [66448][364bf5bc-ff62-c92f-96a3-55800394c989][FATAL] aor_reports for aor_report_aor_fields failed to load

Fri Oct 30 13:08:57 2015 [66448][364bf5bc-ff62-c92f-96a3-55800394c989][FATAL] aor_reports for aor_report_aor_fields failed to load

Fri Oct 30 13:08:57 2015 [66448][364bf5bc-ff62-c92f-96a3-55800394c989][FATAL] aor_reports for aor_report_aor_fields failed to load

Fri Oct 30 13:08:57 2015 [66448][364bf5bc-ff62-c92f-96a3-55800394c989][FATAL] aor_reports for aor_report_aor_fields failed to load

Fri Oct 30 13:08:57 2015 [66448][364bf5bc-ff62-c92f-96a3-55800394c989][FATAL] aor_reports for aor_report_aor_fields failed to load

Fri Oct 30 13:08:57 2015 [66448][364bf5bc-ff62-c92f-96a3-55800394c989][FATAL] aor_reports for aor_report_aor_fields failed to load

Fri Oct 30 13:08:57 2015 [66448][364bf5bc-ff62-c92f-96a3-55800394c989][FATAL] aor_reports for aor_report_aor_conditions failed to load

Fri Oct 30 13:08:57 2015 [66448][364bf5bc-ff62-c92f-96a3-55800394c989][FATAL] aor_reports for aor_report_aor_conditions failed to load

Fri Oct 30 13:09:55 2015 [68121][364bf5bc-ff62-c92f-96a3-55800394c989][FATAL] aor_reports for aor_report_aor_fields failed to load

Fri Oct 30 13:09:55 2015 [68121][364bf5bc-ff62-c92f-96a3-55800394c989][FATAL] aor_reports for aor_report_aor_fields failed to load

Fri Oct 30 13:09:55 2015 [68121][364bf5bc-ff62-c92f-96a3-55800394c989][FATAL] aor_reports for aor_report_aor_fields failed to load

Fri Oct 30 13:09:55 2015 [68121][364bf5bc-ff62-c92f-96a3-55800394c989][FATAL] aor_reports for aor_report_aor_fields failed to load

Fri Oct 30 13:09:55 2015 [68121][364bf5bc-ff62-c92f-96a3-55800394c989][FATAL] aor_reports for aor_report_aor_fields failed to load

Fri Oct 30 13:09:55 2015 [68121][364bf5bc-ff62-c92f-96a3-55800394c989][FATAL] aor_reports for aor_report_aor_fields failed to load

Fri Oct 30 13:09:55 2015 [68121][364bf5bc-ff62-c92f-96a3-55800394c989][FATAL] aor_reports for aor_report_aor_fields failed to load

Fri Oct 30 13:09:55 2015 [68121][364bf5bc-ff62-c92f-96a3-55800394c989][FATAL] aor_reports for aor_report_aor_fields failed to load

Fri Oct 30 13:09:55 2015 [68121][364bf5bc-ff62-c92f-96a3-55800394c989][FATAL] aor_reports for aor_report_aor_fields failed to load

Fri Oct 30 13:09:55 2015 [68121][364bf5bc-ff62-c92f-96a3-55800394c989][FATAL] aor_reports for aor_report_aor_fields failed to load

Fri Oct 30 13:09:55 2015 [68121][364bf5bc-ff62-c92f-96a3-55800394c989][FATAL] aor_reports for aor_report_aor_fields failed to load

Fri Oct 30 13:09:55 2015 [68121][364bf5bc-ff62-c92f-96a3-55800394c989][FATAL] aor_reports for aor_report_aor_conditions failed to load

Fri Oct 30 13:09:55 2015 [68121][364bf5bc-ff62-c92f-96a3-55800394c989][FATAL] aor_reports for aor_report_aor_conditions failed to load

Fri Oct 30 07:10:02 2015 [68301][1][FATAL] Job 8ebb00fa-ff89-dc17-a02f-56335eb19e28 (Run Report Generation Scheduled Tasks) failed in CRON run
Fri Oct 30 07:10:05 2015 [68301][1][FATAL] Job db0aa6df-27ad-c591-cda1-56335ea80f3f (Run Reports) failed in CRON run
Fri Oct 30 07:15:05 2015 [76991][1][FATAL] Job 354c0dc5-b854-2147-334f-56335fd79f36 (Run Reports) failed in CRON run
Fri Oct 30 07:15:05 2015 [76991][1][FATAL] Job e0e10bc3-7f07-bc8b-e522-56335fbe02ac (Run Report Generation Scheduled Tasks) failed in CRON run
Fri Oct 30 07:20:03 2015 [85592][1][FATAL] Job 22ace495-5ede-c5be-fee6-563360512d3d (Run Report Generation Scheduled Tasks) failed in CRON run
Fri Oct 30 07:20:06 2015 [85592][1][FATAL] Job b534d208-c3ff-655e-e693-5633601da439 (Run Reports) failed in CRON run
Fri Oct 30 07:25:02 2015 [95098][1][FATAL] Job 2609f1af-a2ac-17fe-579a-563361d8a703 (Run Report Generation Scheduled Tasks) failed in CRON run
Fri Oct 30 07:25:04 2015 [95098][1][FATAL] Job 724d060c-52fa-6371-6352-563361611376 (Run Reports) failed in CRON run
Fri Oct 30 07:30:03 2015 [103277][1][FATAL] Job 1d7782ca-b091-a59a-7449-563362f27979 (Run Report Generation Scheduled Tasks) failed in CRON run
Fri Oct 30 07:30:05 2015 [103277][1][FATAL] Job ad09b593-1cad-76c5-e6c3-563362812f83 (Run Reports) failed in CRON run
Fri Oct 30 07:35:02 2015 [111644][1][FATAL] Job 8907c59d-9abc-2d77-0f64-563363af6f77 (Run Report Generation Scheduled Tasks) failed in CRON run
Fri Oct 30 07:35:04 2015 [111644][1][FATAL] Job debc6d9e-2a6d-5eed-191c-56336376f0f0 (Run Reports) failed in CRON run
Fri Oct 30 07:40:03 2015 [119937][1][FATAL] Job 2e919b64-1925-3aec-3e34-563365c46da9 (Run Report Generation Scheduled Tasks) failed in CRON run
Fri Oct 30 07:40:05 2015 [119937][1][FATAL] Job 7b6ae4c2-82c9-1360-57f3-56336537a221 (Run Reports) failed in CRON run
Fri Oct 30 07:45:07 2015 [128301][1][FATAL] Job 8940d64e-e3c0-0112-a22b-5633665efdab (Run Reports) failed in CRON run
Fri Oct 30 07:45:07 2015 [128301][1][FATAL] Job e186f1c1-2a82-a9f6-0e79-563366c652ff (Run Report Generation Scheduled Tasks) failed in CRON run
Fri Oct 30 07:50:09 2015 [6552][1][FATAL] Job a8986bb2-f50f-e704-4323-56336787b78b (Run Reports) failed in CRON run
Fri Oct 30 07:50:09 2015 [6552][1][FATAL] Job e714892f-e85c-0f61-c3bf-5633678801a1 (Run Report Generation Scheduled Tasks) failed in CRON run
Fri Oct 30 07:55:06 2015 [15775][1][FATAL] Job 25ac117f-7944-614b-62d8-563368e4af59 (Run Reports) failed in CRON run
Fri Oct 30 07:55:06 2015 [15775][1][FATAL] Job a0fc44fe-07f9-c856-c13f-5633688898b6 (Run Report Generation Scheduled Tasks) failed in CRON run
Fri Oct 30 08:00:07 2015 [24102][1][FATAL] Job 233239e8-61a7-8b24-befb-563369cd511e (Run Report Generation Scheduled Tasks) failed in CRON run
Fri Oct 30 08:00:12 2015 [24102][1][FATAL] Job f015ea50-0816-5b25-c0a5-563369cbb662 (Run Reports) failed in CRON run
Fri Oct 30 08:05:03 2015 [32613][1][FATAL] Job 289ada5f-66b6-e8c7-4923-56336a7facb7 (Run Report Generation Scheduled Tasks) failed in CRON run
Fri Oct 30 08:05:11 2015 [32613][1][FATAL] Job e02a9625-37ce-bacd-36e5-56336a3e786c (Run Reports) failed in CRON run
Fri Oct 30 08:10:06 2015 [40736][1][FATAL] Job 3b8a40ee-4241-6819-a7ac-56336cd4e64b (Run Reports) failed in CRON run
Fri Oct 30 08:10:06 2015 [40736][1][FATAL] Job a3c2a20d-46b0-3da6-5cd5-56336cc53c79 (Run Report Generation Scheduled Tasks) failed in CRON run
Fri Oct 30 08:15:04 2015 [48100][1][FATAL] Job 621f1672-66d7-fd09-2ee1-56336d2d645d (Run Report Generation Scheduled Tasks) failed in CRON run
Fri Oct 30 08:15:07 2015 [48100][1][FATAL] Job e83428dc-7d59-0f8b-13b5-56336d7eeb80 (Run Reports) failed in CRON run
Fri Oct 30 08:20:03 2015 [55100][1][FATAL] Job 271c5499-f488-86dc-72bf-56336e33dd26 (Run Report Generation Scheduled Tasks) failed in CRON run
Fri Oct 30 08:20:07 2015 [55100][1][FATAL] Job b55b55e4-6549-5185-5bc4-56336ee4e1e2 (Run Reports) failed in CRON run
Fri Oct 30 08:25:03 2015 [62755][1][FATAL] Job 7d23bffc-a329-c786-4465-56336fa8ed74 (Run Report Generation Scheduled Tasks) failed in CRON run
Fri Oct 30 08:25:05 2015 [62755][1][FATAL] Job e4114c0b-7710-8ffa-66a3-56336f87fa05 (Run Reports) failed in CRON run
Fri Oct 30 08:30:05 2015 [70334][1][FATAL] Job 56f003dc-70ad-f55a-aa82-56337039862c (Run Report Generation Scheduled Tasks) failed in CRON run
Fri Oct 30 08:30:10 2015 [70334][1][FATAL] Job a5a14be2-7ecb-8f6c-30c0-563370766e58 (Run Reports) failed in CRON run
Fri Oct 30 08:35:05 2015 [78551][1][FATAL] Job 38983a06-5c4e-b562-38ec-563372fe891a (Run Reports) failed in CRON run
Fri Oct 30 08:35:05 2015 [78551][1][FATAL] Job b2a73457-7b68-8752-bb14-5633722f120f (Run Report Generation Scheduled Tasks) failed in CRON run
Fri Oct 30 08:40:07 2015 [85791][1][FATAL] Job 6db71511-2f04-f656-c59d-563373f39e4d (Run Report Generation Scheduled Tasks) failed in CRON run
Fri Oct 30 08:40:07 2015 [85791][1][FATAL] Job 6e04ff7a-b961-4ce4-5f03-563373a92f80 (Run Reports) failed in CRON run
Fri Oct 30 08:45:06 2015 [93864][1][FATAL] Job 67f78486-feb8-bfd9-6cb3-563374737457 (Run Reports) failed in CRON run
Fri Oct 30 08:45:06 2015 [93864][1][FATAL] Job cf778d74-4fca-1fa3-4a63-563374a48ff6 (Run Report Generation Scheduled Tasks) failed in CRON run
Fri Oct 30 08:50:03 2015 [101705][1][FATAL] Job 427fa7f9-e678-10d4-d984-5633757d7c2f (Run Report Generation Scheduled Tasks) failed in CRON run
Fri Oct 30 08:50:06 2015 [101705][1][FATAL] Job d0cccaba-e0c8-fda7-4a54-56337503ceaa (Run Reports) failed in CRON run
Fri Oct 30 08:55:03 2015 [109803][1][FATAL] Job 92fc93fd-6ac7-b28c-3bdb-5633762a78ab (Run Report Generation Scheduled Tasks) failed in CRON run
Fri Oct 30 08:55:06 2015 [109803][1][FATAL] Job ec45b589-432d-706f-ec39-563376eface1 (Run Reports) failed in CRON run
Fri Oct 30 09:00:07 2015 [117614][1][FATAL] Job 728f1692-f566-4a99-5406-5633771e24e4 (Optimise AOD Index) failed in CRON run
Fri Oct 30 09:05:04 2015 [126854][1][FATAL] Job b529b023-eb17-bb15-68e8-5633775b21fa (Run Reports) failed in CRON run
Fri Oct 30 09:05:04 2015 [126854][1][FATAL] Job d6ce1ec3-52ef-d4b7-d6dd-5633774a91b8 (Run Report Generation Scheduled Tasks) failed in CRON run
Fri Oct 30 09:10:03 2015 [3682][1][FATAL] Job 1adbaa2b-4b98-ee53-def5-56337ab00f22 (Run Reports) failed in CRON run
Fri Oct 30 09:10:03 2015 [3682][1][FATAL] Job 90be11c4-49c6-05c4-ce2d-56337ae667d2 (Run Report Generation Scheduled Tasks) failed in CRON run
Fri Oct 30 09:15:05 2015 [11931][1][FATAL] Job 22024f1c-192e-443f-03d3-56337b2e34a3 (Run Reports) failed in CRON run
Fri Oct 30 09:15:05 2015 [11931][1][FATAL] Job b9ed5dd1-55ea-93c7-ec02-56337b6ebf3f (Run Report Generation Scheduled Tasks) failed in CRON run
Fri Oct 30 09:20:02 2015 [20524][1][FATAL] Job 2f5b0f0a-4777-db44-19ee-56337c81f7a7 (Run Report Generation Scheduled Tasks) failed in CRON run
Fri Oct 30 09:20:04 2015 [20524][1][FATAL] Job 6803df6c-2584-149c-26e1-56337ce39af8 (Run Reports) failed in CRON run
Fri Oct 30 09:25:02 2015 [28249][1][FATAL] Job 3549b1e9-7a53-c84c-a80d-56337d612bca (Run Report Generation Scheduled Tasks) failed in CRON run
Fri Oct 30 09:25:04 2015 [28249][1][FATAL] Job a816d611-dc34-9e7e-5ee7-56337d38fd6a (Run Reports) failed in CRON run
Fri Oct 30 09:30:04 2015 [35034][1][FATAL] Job 560f8d6b-9c06-8779-fd84-56337e852b22 (Run Report Generation Scheduled Tasks) failed in CRON run
Fri Oct 30 09:30:06 2015 [35034][1][FATAL] Job d1a5e363-72db-f8bd-b523-56337e3fc6ec (Run Reports) failed in CRON run
Fri Oct 30 09:35:03 2015 [42977][1][FATAL] Job 57064bc3-9c30-1528-d4ae-563380c15c2d (Run Report Generation Scheduled Tasks) failed in CRON run
Fri Oct 30 09:35:06 2015 [42977][1][FATAL] Job d1740e78-c761-62b3-e9e3-563380150d91 (Run Reports) failed in CRON run
Fri Oct 30 09:40:06 2015 [49954][1][FATAL] Job 43ead3c7-9d41-2b07-59e3-563381af0eb0 (Run Reports) failed in CRON run
Fri Oct 30 09:40:06 2015 [49954][1][FATAL] Job c07e6093-269d-f485-10eb-563381374b11 (Run Report Generation Scheduled Tasks) failed in CRON run
Fri Oct 30 09:45:02 2015 [57107][1][FATAL] Job 385bb696-a630-962a-fff5-563382baf133 (Run Report Generation Scheduled Tasks) failed in CRON run
Fri Oct 30 09:45:05 2015 [57107][1][FATAL] Job 9ee615a4-64c5-ced0-2236-56338259cf17 (Run Reports) failed in CRON run
Fri Oct 30 09:50:04 2015 [64977][1][FATAL] Job 59a89f56-e42c-88cd-13ac-563383c83a7c (Run Report Generation Scheduled Tasks) failed in CRON run
Fri Oct 30 09:50:06 2015 [64977][1][FATAL] Job f165dee0-a988-7a8a-9fe4-5633838f183b (Run Reports) failed in CRON run
Fri Oct 30 09:55:06 2015 [73170][1][FATAL] Job c374e0d8-7966-48c7-8e1b-563384bec28f (Run Report Generation Scheduled Tasks) failed in CRON run
Fri Oct 30 09:55:06 2015 [73170][1][FATAL] Job cbe87224-3d95-9703-1cb5-563384ef91e5 (Run Reports) failed in CRON run
Fri Oct 30 10:00:07 2015 [81384][1][FATAL] Job 7c355919-7427-2e56-4434-5633854c8630 (Run Reports) failed in CRON run
Fri Oct 30 10:00:07 2015 [81384][1][FATAL] Job c749aa5f-ad58-3d4e-f975-563385fc581a (Run Report Generation Scheduled Tasks) failed in CRON run
Fri Oct 30 10:05:06 2015 [89949][1][FATAL] Job 75954a47-12af-7521-d410-563387fd1080 (Run Reports) failed in CRON run
Fri Oct 30 10:05:06 2015 [89949][1][FATAL] Job 9bc76859-f8dc-0e30-2c9e-5633879bc6d9 (Run Report Generation Scheduled Tasks) failed in CRON run
Fri Oct 30 10:10:04 2015 [98875][1][FATAL] Job 36458abf-ee29-ffe3-9955-563388568bb4 (Run Reports) failed in CRON run
Fri Oct 30 10:10:04 2015 [98875][1][FATAL] Job a2842ad7-e769-e952-6901-5633881df8ce (Run Report Generation Scheduled Tasks) failed in CRON run
Fri Oct 30 10:15:03 2015 [106931][1][FATAL] Job 44944ea1-83d6-4e4a-5ea7-563389a65714 (Run Report Generation Scheduled Tasks) failed in CRON run
Fri Oct 30 10:15:06 2015 [106931][1][FATAL] Job ae01801f-a82b-24d3-84c0-563389bff2ea (Run Reports) failed in CRON run
Fri Oct 30 10:20:02 2015 [114688][1][FATAL] Job 219e0d20-328e-5a44-b0f0-56338a1669e3 (Run Report Generation Scheduled Tasks) failed in CRON run
Fri Oct 30 10:20:05 2015 [114688][1][FATAL] Job b9f6fb14-52dd-5836-5661-56338afe7fb4 (Run Reports) failed in CRON run
Fri Oct 30 10:25:02 2015 [122750][1][FATAL] Job 2d805cfd-e373-f843-6f1e-56338bc1ac7f (Run Report Generation Scheduled Tasks) failed in CRON run
Fri Oct 30 10:25:05 2015 [122750][1][FATAL] Job a31a6c66-5332-8f03-597e-56338b382d02 (Run Reports) failed in CRON run
Fri Oct 30 10:30:06 2015 [129551][1][FATAL] Job 134804f2-0e4c-f8f4-f46e-56338c7582ab (Run Report Generation Scheduled Tasks) failed in CRON run
Fri Oct 30 10:30:10 2015 [129551][1][FATAL] Job d0f23702-6532-d3a0-fef4-56338c544f6a (Run Reports) failed in CRON run
Fri Oct 30 10:35:03 2015 [7126][1][FATAL] Job 1781ad78-c750-d44d-4b20-56338ef437b0 (Run Reports) failed in CRON run
Fri Oct 30 10:35:03 2015 [7126][1][FATAL] Job 7f71aa60-6fae-3412-1b7c-56338eafe50c (Run Report Generation Scheduled Tasks) failed in CRON run
Fri Oct 30 10:40:04 2015 [14567][1][FATAL] Job 1e7a5049-6e55-dfd5-5bbb-56338f801405 (Run Reports) failed in CRON run
Fri Oct 30 10:40:05 2015 [14567][1][FATAL] Job 9c379fff-5837-bd41-75ab-56338f0ce006 (Run Report Generation Scheduled Tasks) failed in CRON run
Fri Oct 30 10:45:06 2015 [22207][1][FATAL] Job a6f50042-e7c0-020b-fc24-56339078400f (Run Reports) failed in CRON run
Fri Oct 30 10:45:08 2015 [22207][1][FATAL] Job ea10e82c-01d0-58de-6659-563390785e53 (Run Report Generation Scheduled Tasks) failed in CRON run
Fri Oct 30 10:50:02 2015 [29611][1][FATAL] Job 815c3f48-9656-ad84-1a62-5633919f41a6 (Run Report Generation Scheduled Tasks) failed in CRON run
Fri Oct 30 10:50:05 2015 [29611][1][FATAL] Job dcca44e0-c70a-df4a-fdb2-563391f191da (Run Reports) failed in CRON run
Fri Oct 30 10:55:05 2015 [36882][1][FATAL] Job 5ed9f764-8318-92d3-d658-563392ac3d97 (Run Reports) failed in CRON run
Fri Oct 30 10:55:05 2015 [36882][1][FATAL] Job bbbe39a6-e76d-e2f5-a1ef-5633923e0236 (Run Report Generation Scheduled Tasks) failed in CRON run
Fri Oct 30 11:00:12 2015 [44828][1][FATAL] Job 64819346-623a-63b0-3ca8-563394b85500 (Run Report Generation Scheduled Tasks) failed in CRON run
Fri Oct 30 11:00:34 2015 [44828][1][FATAL] Job c60ec764-a550-14ef-5d27-563394f03834 (Run Reports) failed in CRON run
Fri Oct 30 11:05:02 2015 [53213][1][FATAL] Job 533f32c4-df31-c7bb-c782-563395c2393d (Run Report Generation Scheduled Tasks) failed in CRON run
Fri Oct 30 11:05:05 2015 [53213][1][FATAL] Job b8bd1240-b55d-08d5-4b7b-56339566faa6 (Run Reports) failed in CRON run
Fri Oct 30 11:10:02 2015 [60266][1][FATAL] Job 52026bcf-fdfd-dbd4-dc36-56339659f2be (Run Report Generation Scheduled Tasks) failed in CRON run
Fri Oct 30 11:10:04 2015 [60266][1][FATAL] Job 9a7fd782-724a-c9f8-fe6c-5633960fa984 (Run Reports) failed in CRON run
Fri Oct 30 11:15:03 2015 [67841][1][FATAL] Job 8699e73a-d059-0963-ffbb-563397c468db (Run Report Generation Scheduled Tasks) failed in CRON run
Fri Oct 30 11:15:05 2015 [67841][1][FATAL] Job dba5d70c-e1a3-45af-3906-563397a34436 (Run Reports) failed in CRON run
Fri Oct 30 11:20:05 2015 [75461][1][FATAL] Job 3b190329-4126-1b34-911f-5633988c1701 (Run Report Generation Scheduled Tasks) failed in CRON run
Fri Oct 30 11:20:05 2015 [75461][1][FATAL] Job 4982fba3-f7a2-cac5-d9f8-563398971664 (Run Reports) failed in CRON run
Fri Oct 30 11:25:07 2015 [83438][1][FATAL] Job 9530b5fb-3620-1ff2-cfad-563399b35f66 (Run Reports) failed in CRON run
Fri Oct 30 11:25:07 2015 [83438][1][FATAL] Job e59a6426-4f2f-6f74-b306-5633991b9182 (Run Report Generation Scheduled Tasks) failed in CRON run
Fri Oct 30 11:30:08 2015 [91867][1][FATAL] Job 6e3c7540-f206-e0ba-6198-56339b7554db (Run Reports) failed in CRON run
Fri Oct 30 11:30:08 2015 [91867][1][FATAL] Job 88b5b42f-286e-3aa2-b24c-56339b87515e (Run Report Generation Scheduled Tasks) failed in CRON run
Fri Oct 30 11:35:03 2015 [100424][1][FATAL] Job 1e7f0327-0770-dd9a-9c2f-56339c56b28b (Run Reports) failed in CRON run
Fri Oct 30 11:35:05 2015 [100424][1][FATAL] Job 9ba35fd3-1b09-43cf-b81a-56339c4b023d (Run Report Generation Scheduled Tasks) failed in CRON run
Fri Oct 30 11:40:02 2015 [108571][1][FATAL] Job 3325dd1d-8ae5-0574-00b4-56339d5bf029 (Run Report Generation Scheduled Tasks) failed in CRON run
Fri Oct 30 11:40:04 2015 [108571][1][FATAL] Job 83c7022a-abe4-8e3b-2d7f-56339d79b022 (Run Reports) failed in CRON run
Fri Oct 30 11:45:07 2015 [117055][1][FATAL] Job 37c47bcb-45dd-babd-5d9c-56339efa8cf2 (Run Reports) failed in CRON run
Fri Oct 30 11:45:07 2015 [117055][1][FATAL] Job 66a87377-b03c-fe71-12b3-56339ec28b34 (Run Report Generation Scheduled Tasks) failed in CRON run
Fri Oct 30 11:50:06 2015 [1256][1][FATAL] Job 81c65a98-3e2c-8273-187c-56339f843ed3 (Run Reports) failed in CRON run
Fri Oct 30 11:50:06 2015 [1256][1][FATAL] Job e108835b-3e67-22bc-87a9-56339fac6cf6 (Run Report Generation Scheduled Tasks) failed in CRON run
Fri Oct 30 11:55:02 2015 [10194][1][FATAL] Job 4f4226b6-39b4-a6ac-1019-5633a08f8bf1 (Run Report Generation Scheduled Tasks) failed in CRON run
Fri Oct 30 11:55:05 2015 [10194][1][FATAL] Job b9f4c966-4079-0f6b-290e-5633a0cd5df9 (Run Reports) failed in CRON run
Fri Oct 30 12:05:05 2015 [31012][1][FATAL] Job 807a15d3-ec92-d426-07e8-5633a2b332d2 (Run Reports) failed in CRON run
Fri Oct 30 12:05:05 2015 [31012][1][FATAL] Job c063f01c-1cc9-daf8-dbd9-5633a24ec4a1 (Run Report Generation Scheduled Tasks) failed in CRON run
Fri Oct 30 12:05:05 2015 [31012][1][FATAL] Job ce49c7be-02c5-5248-bd1a-5633a2b956c1 (Optimise AOD Index) failed in CRON run
Fri Oct 30 12:10:04 2015 [41041][1][FATAL] Job 17fc78c2-a69b-99bf-5669-5633a41b1677 (Run Report Generation Scheduled Tasks) failed in CRON run
Fri Oct 30 12:10:07 2015 [41041][1][FATAL] Job 309ee9cc-0286-e190-33e6-5633a43c47e5 (Run Reports) failed in CRON run
Fri Oct 30 12:15:06 2015 [49828][1][FATAL] Job 8d9e31e3-561b-b7f3-a0af-5633a5133f8d (Run Reports) failed in CRON run
Fri Oct 30 12:15:06 2015 [49828][1][FATAL] Job f3d3c395-b1a7-d9d7-0ad6-5633a584d6c7 (Run Report Generation Scheduled Tasks) failed in CRON run
Fri Oct 30 12:20:02 2015 [58798][1][FATAL] Job 1fde63e6-3e7f-fd08-1fb4-5633a6cbea32 (Run Report Generation Scheduled Tasks) failed in CRON run
Fri Oct 30 12:20:05 2015 [58798][1][FATAL] Job 961f63cd-3489-6102-3a17-5633a6515c37 (Run Reports) failed in CRON run
Fri Oct 30 12:25:02 2015 [67553][1][FATAL] Job 5b92fe0a-7504-a799-f8d5-5633a794a4c1 (Run Report Generation Scheduled Tasks) failed in CRON run
Fri Oct 30 12:25:04 2015 [67553][1][FATAL] Job e0719064-dabc-0e42-af47-5633a7dc5659 (Run Reports) failed in CRON run
Fri Oct 30 12:30:06 2015 [75773][1][FATAL] Job 6bd61e1e-8016-b0dc-5763-5633a9a37e61 (Run Reports) failed in CRON run
Fri Oct 30 12:30:06 2015 [75773][1][FATAL] Job d5f6f5ca-b5ec-880b-81f6-5633a9e1a2d1 (Run Report Generation Scheduled Tasks) failed in CRON run
Fri Oct 30 12:35:02 2015 [84385][1][FATAL] Job 221f0291-8f80-aa0d-1d66-5633aad79574 (Run Report Generation Scheduled Tasks) failed in CRON run
Fri Oct 30 12:35:04 2015 [84385][1][FATAL] Job c1474bf3-2033-f402-b4eb-5633aad7df87 (Run Reports) failed in CRON run
Fri Oct 30 12:40:03 2015 [92495][1][FATAL] Job a3cf2946-16bf-df0e-8daf-5633ab89f1c7 (Run Report Generation Scheduled Tasks) failed in CRON run
Fri Oct 30 12:40:05 2015 [92495][1][FATAL] Job e429c0d8-4eeb-410c-8f10-5633ab1fee97 (Run Reports) failed in CRON run
Fri Oct 30 12:45:09 2015 [101180][1][FATAL] Job 600df777-a260-2865-a4d2-5633acf8a980 (Run Reports) failed in CRON run
Fri Oct 30 12:45:09 2015 [101180][1][FATAL] Job d1f6f55c-e5fb-4cb0-6815-5633acccb5e3 (Run Report Generation Scheduled Tasks) failed in CRON run
Fri Oct 30 12:50:06 2015 [110601][1][FATAL] Job 31f5c2b8-abce-41d0-eac5-5633ad2338d3 (Run Reports) failed in CRON run
Fri Oct 30 12:50:06 2015 [110601][1][FATAL] Job d7fadb3b-0534-1084-d129-5633ad37963f (Run Report Generation Scheduled Tasks) failed in CRON run
Fri Oct 30 12:55:05 2015 [119736][1][FATAL] Job 378d8918-5fd6-a47b-a09d-5633aec0962c (Run Reports) failed in CRON run
Fri Oct 30 12:55:05 2015 [119736][1][FATAL] Job caa652f8-39a1-2c7b-0a55-5633aefa6b65 (Run Report Generation Scheduled Tasks) failed in CRON run
Fri Oct 30 13:00:11 2015 [129217][1][FATAL] Job 633c29e5-5556-3d97-361d-5633b0ce2883 (Run Reports) failed in CRON run
Fri Oct 30 13:00:11 2015 [129217][1][FATAL] Job 874033f6-9e60-79af-5bd6-5633b093b296 (Run Report Generation Scheduled Tasks) failed in CRON run
Fri Oct 30 13:05:03 2015 [8058][1][FATAL] Job 8bf9a516-6573-1a05-a848-5633b1bbd5ac (Run Report Generation Scheduled Tasks) failed in CRON run
Fri Oct 30 13:05:05 2015 [8058][1][FATAL] Job e078c4a4-b355-e8f4-b1a8-5633b1cf8691 (Run Reports) failed in CRON run
Fri Oct 30 13:10:03 2015 [16987][1][FATAL] Job a1d1142c-b112-29e1-a822-5633b214c720 (Run Report Generation Scheduled Tasks) failed in CRON run
Fri Oct 30 13:10:03 2015 [16987][1][FATAL] Job b86006a7-8c3b-a069-aff0-5633b253de83 (Run Reports) failed in CRON run
Fri Oct 30 13:15:02 2015 [27513][1][FATAL] Job 754ec1fd-0432-b25f-5ed5-5633b3785611 (Run Report Generation Scheduled Tasks) failed in CRON run
Fri Oct 30 13:15:05 2015 [27513][1][FATAL] Job e6bd88c5-cffe-d2c8-fbc6-5633b37670e5 (Run Reports) failed in CRON run
Fri Oct 30 13:20:09 2015 [37633][1][FATAL] Job 4bd57c85-b494-03ab-63ce-5633b40defa1 (Run Reports) failed in CRON run
Fri Oct 30 13:20:09 2015 [37633][1][FATAL] Job f265febd-a571-29f8-ae3c-5633b47c6e59 (Run Report Generation Scheduled Tasks) failed in CRON run
Fri Oct 30 13:25:06 2015 [46855][1][FATAL] Job 23d2dbb3-658d-38d2-437b-5633b585ae76 (Run Reports) failed in CRON run
Fri Oct 30 13:25:06 2015 [46855][1][FATAL] Job b794f39a-e305-8fb5-5f92-5633b5941059 (Run Report Generation Scheduled Tasks) failed in CRON run
Fri Oct 30 13:30:09 2015 [57975][1][FATAL] Job e63f54af-4f28-4dc3-fb9a-5633b7727639 (Run Reports) failed in CRON run
Fri Oct 30 13:30:09 2015 [57975][1][FATAL] Job f405f2d0-3f28-3865-8847-5633b7bcc3fb (Run Report Generation Scheduled Tasks) failed in CRON run
Fri Oct 30 13:35:02 2015 [68146][1][FATAL] Job 64f537c2-b293-fae1-f150-5633b84f803c (Run Report Generation Scheduled Tasks) failed in CRON run
Fri Oct 30 13:35:04 2015 [68146][1][FATAL] Job c89fb6f4-2c90-14c6-6d6b-5633b8527ca2 (Run Reports) failed in CRON run
Fri Oct 30 13:40:06 2015 [77379][1][FATAL] Job 987cca9b-b11d-dc78-456b-5633b94fd8b5 (Run Reports) failed in CRON run
Fri Oct 30 13:40:06 2015 [77379][1][FATAL] Job d77155e8-cf42-e37d-50e3-5633b9bef06c (Run Report Generation Scheduled Tasks) failed in CRON run
Fri Oct 30 13:45:06 2015 [88370][1][FATAL] Job 41f315e9-0031-8a1c-319b-5633ba26cb54 (Run Reports) failed in CRON run
Fri Oct 30 13:45:06 2015 [88370][1][FATAL] Job eee3518b-a88e-0ada-e79f-5633bafe088c (Run Report Generation Scheduled Tasks) failed in CRON run
Fri Oct 30 13:50:08 2015 [100011][1][FATAL] Job 34e694a5-e3b0-372f-1861-5633bb681fe3 (Run Reports) failed in CRON run
Fri Oct 30 13:50:08 2015 [100011][1][FATAL] Job 83d5b602-3a23-4304-b2f4-5633bba1f45b (Run Report Generation Scheduled Tasks) failed in CRON run
Fri Oct 30 13:55:09 2015 [111799][1][FATAL] Job 65b97b10-4c7d-ac56-37d1-5633bdc026ab (Run Report Generation Scheduled Tasks) failed in CRON run
Fri Oct 30 13:55:09 2015 [111799][1][FATAL] Job 734a12a1-2ab3-26fa-9a3c-5633bd8b2044 (Run Reports) failed in CRON run
Fri Oct 30 14:00:08 2015 [123002][1][FATAL] Job 9feb5e82-09ba-fbf3-5de7-5633be50030a (Run Report Generation Scheduled Tasks) failed in CRON run
Fri Oct 30 14:00:13 2015 [123002][1][FATAL] Job bf5a3d46-5534-c945-c87d-5633be3c4e0c (Run Reports) failed in CRON run
Fri Oct 30 14:05:03 2015 [2736][1][FATAL] Job 53c14f01-155b-6167-b415-5633bf093d09 (Run Report Generation Scheduled Tasks) failed in CRON run
Fri Oct 30 14:05:03 2015 [2736][1][FATAL] Job 7cb908c6-27ba-b5e2-7ea7-5633bf9aec89 (Run Reports) failed in CRON run
Fri Oct 30 14:10:02 2015 [13456][1][FATAL] Job 478e259a-4002-07da-4776-5633c0ce3570 (Run Report Generation Scheduled Tasks) failed in CRON run
Fri Oct 30 14:10:05 2015 [13456][1][FATAL] Job 96209c84-5fcf-f01b-d100-5633c0721726 (Run Reports) failed in CRON run
Fri Oct 30 14:15:04 2015 [23121][1][FATAL] Job 4f4557eb-570d-ba54-3d1c-5633c1eb4283 (Run Report Generation Scheduled Tasks) failed in CRON run
Fri Oct 30 14:15:06 2015 [23121][1][FATAL] Job b3b6a450-efcc-3b3b-8984-5633c17b2261 (Run Reports) failed in CRON run
Fri Oct 30 14:20:03 2015 [32842][1][FATAL] Job 6909065e-59b7-e3d1-13c3-5633c2a519f2 (Run Reports) failed in CRON run
Fri Oct 30 14:20:03 2015 [32842][1][FATAL] Job 8dcd9bf3-f23a-ccc0-d998-5633c2f82cdf (Run Report Generation Scheduled Tasks) failed in CRON run
Fri Oct 30 14:25:04 2015 [42695][1][FATAL] Job 2365980d-67ac-bea2-a41a-5633c480c4d2 (Run Report Generation Scheduled Tasks) failed in CRON run
Fri Oct 30 14:25:07 2015 [42695][1][FATAL] Job de0eff37-ca43-a505-2141-5633c49a1947 (Run Reports) failed in CRON run
Fri Oct 30 14:30:04 2015 [52580][1][FATAL] Job 2ef3d1b7-d0bd-d961-e951-5633c5958243 (Run Reports) failed in CRON run
Fri Oct 30 14:30:04 2015 [52580][1][FATAL] Job 94e7d052-fec8-8b22-1f42-5633c56c120f (Run Report Generation Scheduled Tasks) failed in CRON run
Fri Oct 30 14:35:06 2015 [63329][1][FATAL] Job 64599ae6-211d-0061-6c4e-5633c6e43143 (Run Reports) failed in CRON run
Fri Oct 30 14:35:06 2015 [63329][1][FATAL] Job 9e7fd51d-3288-2270-76d1-5633c638de1c (Run Report Generation Scheduled Tasks) failed in CRON run
Fri Oct 30 14:40:07 2015 [71738][1][FATAL] Job 4bd86e7d-2f15-47be-9b7d-5633c7189d63 (Run Report Generation Scheduled Tasks) failed in CRON run
Fri Oct 30 14:40:10 2015 [71738][1][FATAL] Job e8690b62-d618-b3fd-8f78-5633c705a684 (Run Reports) failed in CRON run
Fri Oct 30 14:45:02 2015 [79722][1][FATAL] Job 5f730b56-e27b-3fba-cb5f-5633c8273847 (Run Report Generation Scheduled Tasks) failed in CRON run
Fri Oct 30 14:45:05 2015 [79722][1][FATAL] Job b8b78bd8-3d79-a374-20fa-5633c8d592db (Run Reports) failed in CRON run
Fri Oct 30 14:50:02 2015 [88429][1][FATAL] Job 2e01bee7-eeff-a691-3c3f-5633c99eb97b (Run Report Generation Scheduled Tasks) failed in CRON run
Fri Oct 30 14:50:04 2015 [88429][1][FATAL] Job 848d0793-0f77-7e3e-e244-5633c9f36971 (Run Reports) failed in CRON run
Fri Oct 30 14:55:05 2015 [96449][1][FATAL] Job 5d301c8a-d7a1-806e-7e81-5633cbf778f7 (Run Reports) failed in CRON run
Fri Oct 30 14:55:05 2015 [96449][1][FATAL] Job f03ef079-565b-578c-d3d4-5633cb9ccb64 (Run Report Generation Scheduled Tasks) failed in CRON run
Fri Oct 30 15:00:07 2015 [105846][1][FATAL] Job 3c466e94-c9b0-e59b-6b81-5633cc9b424b (Run Report Generation Scheduled Tasks) failed in CRON run
Fri Oct 30 15:00:07 2015 [105846][1][FATAL] Job b2ce0f68-25aa-42b6-b0b0-5633cc96eeee (Optimise AOD Index) failed in CRON run
Fri Oct 30 15:05:05 2015 [114257][1][FATAL] Job e29f06b3-9664-8b11-54aa-5633cca83c03 (Run Reports) failed in CRON run
Fri Oct 30 15:05:05 2015 [114257][1][FATAL] Job 987c7f34-02ae-0840-48eb-5633cdad50dc (Run Report Generation Scheduled Tasks) failed in CRON run
Fri Oct 30 15:10:05 2015 [121787][1][FATAL] Job 724cfc60-5847-0f73-93e1-5633ce4811ff (Run Reports) failed in CRON run
Fri Oct 30 15:10:05 2015 [121787][1][FATAL] Job a0c9c7d5-9a6e-b6c6-1782-5633ce19f473 (Run Report Generation Scheduled Tasks) failed in CRON run
Fri Oct 30 15:15:03 2015 [129407][1][FATAL] Job 97d15e41-74c0-6122-ea74-5633cff3ffd6 (Run Report Generation Scheduled Tasks) failed in CRON run
Fri Oct 30 15:15:05 2015 [129407][1][FATAL] Job eccd43f6-437a-010d-12be-5633cfc2afdc (Run Reports) failed in CRON run
Fri Oct 30 15:20:02 2015 [7467][1][FATAL] Job 7a524a86-87be-9ae3-de10-5633d0b26a72 (Run Report Generation Scheduled Tasks) failed in CRON run
Fri Oct 30 15:20:06 2015 [7467][1][FATAL] Job d2c275d3-0511-03f3-15d1-5633d0b9c0e0 (Run Reports) failed in CRON run
Fri Oct 30 15:25:11 2015 [16467][1][FATAL] Job 3007c850-0c5e-7d67-5047-5633d2bcb664 (Run Reports) failed in CRON run
Fri Oct 30 15:25:11 2015 [16467][1][FATAL] Job 82150cea-202a-af5c-8bfc-5633d2fb0af1 (Run Report Generation Scheduled Tasks) failed in CRON run
Fri Oct 30 15:30:11 2015 [26279][1][FATAL] Job 5e80be11-7613-2380-982f-5633d3090239 (Run Reports) failed in CRON run
Fri Oct 30 15:30:11 2015 [26279][1][FATAL] Job df4e6fd9-cb40-986d-e786-5633d375dadf (Run Report Generation Scheduled Tasks) failed in CRON run
Fri Oct 30 15:35:03 2015 [36814][1][FATAL] Job 11e4c561-3352-040e-05f5-5633d44f1e1c (Run Reports) failed in CRON run
Fri Oct 30 15:35:04 2015 [36814][1][FATAL] Job 7283c491-01e4-0d81-a535-5633d4fc12d3 (Run Report Generation Scheduled Tasks) failed in CRON run
Fri Oct 30 15:40:02 2015 [47592][1][FATAL] Job 537a077c-be19-4acd-6355-5633d5349254 (Run Report Generation Scheduled Tasks) failed in CRON run
Fri Oct 30 15:40:04 2015 [47592][1][FATAL] Job 968c5757-cb0d-3844-92f7-5633d522a4eb (Run Reports) failed in CRON run
Fri Oct 30 15:45:06 2015 [58069][1][FATAL] Job 44d9986d-2c5e-b812-dbde-5633d61be8e5 (Run Reports) failed in CRON run
Fri Oct 30 15:45:06 2015 [58069][1][FATAL] Job cce95cb1-3870-5d80-aa2c-5633d6bea736 (Run Report Generation Scheduled Tasks) failed in CRON run
Fri Oct 30 15:50:03 2015 [68997][1][FATAL] Job 2154054e-7467-feea-066f-5633d7def511 (Run Reports) failed in CRON run
Fri Oct 30 15:50:03 2015 [68997][1][FATAL] Job 7d3703a9-453c-78ad-b64b-5633d7d47583 (Run Report Generation Scheduled Tasks) failed in CRON run
Fri Oct 30 15:55:02 2015 [79217][1][FATAL] Job 113bc3ee-6024-9157-a24c-5633d935a1d8 (Run Report Generation Scheduled Tasks) failed in CRON run
Fri Oct 30 15:55:05 2015 [79217][1][FATAL] Job 8000288c-8cc8-6de2-180b-5633d9e28236 (Run Reports) failed in CRON run
Fri Oct 30 16:00:10 2015 [91024][1][FATAL] Job 9bbf6f44-20f3-79ac-f30a-5633daddbe21 (Run Reports) failed in CRON run
Fri Oct 30 16:00:10 2015 [91024][1][FATAL] Job cb3e47f4-3999-8552-cf7a-5633da23cbde (Run Report Generation Scheduled Tasks) failed in CRON run
Fri Oct 30 16:05:03 2015 [102976][1][FATAL] Job 4d5ac058-1f82-f0c8-d8d0-5633db32f4c4 (Run Report Generation Scheduled Tasks) failed in CRON run
Fri Oct 30 16:05:05 2015 [102976][1][FATAL] Job debdd176-1bc3-0d16-8c34-5633dbc44e7c (Run Reports) failed in CRON run
Fri Oct 30 16:10:03 2015 [115607][1][FATAL] Job 102334d4-71f2-ba52-5ef8-5633dcf79d51 (Run Report Generation Scheduled Tasks) failed in CRON run
Fri Oct 30 16:10:06 2015 [115607][1][FATAL] Job 8d986a18-dee0-d615-938d-5633dcdfbbec (Run Reports) failed in CRON run
Fri Oct 30 16:15:06 2015 [126953][1][FATAL] Job e87c1819-29b7-32ef-96af-5633dd067002 (Run Report Generation Scheduled Tasks) failed in CRON run
Fri Oct 30 16:15:06 2015 [126953][1][FATAL] Job f005f9e5-0bee-e203-56da-5633dd880db0 (Run Reports) failed in CRON run
Fri Oct 30 16:20:09 2015 [7380][1][FATAL] Job 744b35c4-c52a-e775-704e-5633dfa6a551 (Run Reports) failed in CRON run
Fri Oct 30 16:20:09 2015 [7380][1][FATAL] Job bd76d2da-9428-aca8-f514-5633dfe07b86 (Run Report Generation Scheduled Tasks) failed in CRON run
Fri Oct 30 16:25:06 2015 [17351][1][FATAL] Job 67d99d01-b548-9ad1-9ea6-5633e039a9dc (Run Reports) failed in CRON run
Fri Oct 30 16:25:06 2015 [17351][1][FATAL] Job ea42ca2b-69a7-0af8-29fb-5633e082feec (Run Report Generation Scheduled Tasks) failed in CRON run
Fri Oct 30 16:30:04 2015 [27984][1][FATAL] Job 71abb8fa-99e5-bef6-06b9-5633e1314cdf (Run Report Generation Scheduled Tasks) failed in CRON run
Fri Oct 30 16:30:06 2015 [27984][1][FATAL] Job d9e7047e-bb73-2050-1200-5633e17652bc (Run Reports) failed in CRON run
Fri Oct 30 16:35:06 2015 [37343][1][FATAL] Job 789c02f6-7200-891e-3736-5633e2ac05c5 (Run Reports) failed in CRON run
Fri Oct 30 16:35:06 2015 [37343][1][FATAL] Job b67a1b99-d866-c295-74fc-5633e2c1fbfc (Run Report Generation Scheduled Tasks) failed in CRON run
Fri Oct 30 16:40:02 2015 [46114][1][FATAL] Job 995f7c85-e35d-5802-553d-5633e3fdf107 (Run Report Generation Scheduled Tasks) failed in CRON run
Fri Oct 30 16:40:04 2015 [46114][1][FATAL] Job de5bafd7-6671-7cff-7a12-5633e345139b (Run Reports) failed in CRON run
Fri Oct 30 16:45:08 2015 [55992][1][FATAL] Job c8bcb557-050f-8480-d63b-5633e43ecd45 (Run Reports) failed in CRON run
Fri Oct 30 16:45:08 2015 [55992][1][FATAL] Job d437a912-04e1-199d-2496-5633e403c3ee (Run Report Generation Scheduled Tasks) failed in CRON run
Fri Oct 30 16:50:02 2015 [65999][1][FATAL] Job 5b3e64db-044b-f4d4-61b2-5633e67b835d (Run Report Generation Scheduled Tasks) failed in CRON run
Fri Oct 30 16:50:04 2015 [65999][1][FATAL] Job 9ef0d294-f26c-4245-0704-5633e623cfb8 (Run Reports) failed in CRON run
Fri Oct 30 16:55:05 2015 [75698][1][FATAL] Job 9739541a-2e03-6ebb-4c3d-5633e7e72b95 (Run Reports) failed in CRON run
Fri Oct 30 16:55:06 2015 [75698][1][FATAL] Job f88e0ac9-8be6-3a20-55ee-5633e76700ae (Run Report Generation Scheduled Tasks) failed in CRON run
Fri Oct 30 17:00:08 2015 [85457][1][FATAL] Job a0c072c3-64d8-6285-dbbd-5633e8a12346 (Run Report Generation Scheduled Tasks) failed in CRON run
Fri Oct 30 17:00:08 2015 [85457][1][FATAL] Job a37557b1-9f43-5149-d9bf-5633e8cf921f (Run Reports) failed in CRON run
Fri Oct 30 17:05:03 2015 [95372][1][FATAL] Job 127e03fc-e08e-8f67-62f9-5633e97cd263 (Run Reports) failed in CRON run
Fri Oct 30 17:05:03 2015 [95372][1][FATAL] Job 7119d49a-72f2-00b2-a476-5633e9a428b8 (Run Report Generation Scheduled Tasks) failed in CRON run
Fri Oct 30 17:10:03 2015 [103410][1][FATAL] Job 1009979e-691d-7b4d-34e5-5633eabd87ca (Run Reports) failed in CRON run
Fri Oct 30 17:10:05 2015 [103410][1][FATAL] Job c1af4922-d807-a6a2-4190-5633ea2949da (Run Report Generation Scheduled Tasks) failed in CRON run
Fri Oct 30 17:15:03 2015 [112558][1][FATAL] Job 6e2501b9-2769-7e84-799c-5633eb107fa6 (Run Reports) failed in CRON run
Fri Oct 30 17:15:03 2015 [112558][1][FATAL] Job 913b6dd9-163b-b09e-20b9-5633eb6ef22e (Run Report Generation Scheduled Tasks) failed in CRON run
Fri Oct 30 17:20:02 2015 [120712][1][FATAL] Job 7ba17200-9312-d2f9-489a-5633edc70f7d (Run Report Generation Scheduled Tasks) failed in CRON run
Fri Oct 30 17:20:05 2015 [120712][1][FATAL] Job df05ee05-3ff5-24cf-cf92-5633eddd5571 (Run Reports) failed in CRON run
Fri Oct 30 17:25:05 2015 [128961][1][FATAL] Job 3b477daa-43b2-1158-8f8a-5633eef280e0 (Run Reports) failed in CRON run
Fri Oct 30 17:25:05 2015 [128961][1][FATAL] Job df3d0037-6f34-3cc2-83e6-5633eeb7fc36 (Run Report Generation Scheduled Tasks) failed in CRON run
Fri Oct 30 17:30:03 2015 [7199][1][FATAL] Job 184402d0-e97a-ae76-734c-5633ef84c9d7 (Run Report Generation Scheduled Tasks) failed in CRON run
Fri Oct 30 17:30:06 2015 [7199][1][FATAL] Job 80ede20d-5be3-497d-f06c-5633ef2a37e6 (Run Reports) failed in CRON run
Fri Oct 30 17:35:02 2015 [14722][1][FATAL] Job 68d266ef-96cc-7ab0-ee0e-5633f019fe2e (Run Report Generation Scheduled Tasks) failed in CRON run
Fri Oct 30 17:35:06 2015 [14722][1][FATAL] Job bfefd89d-facb-ed71-c1a8-5633f09b062c (Run Reports) failed in CRON run
Fri Oct 30 17:40:06 2015 [23399][1][FATAL] Job cc43493e-e58c-736d-fab3-5633f1d3df25 (Run Reports) failed in CRON run
Fri Oct 30 17:40:06 2015 [23399][1][FATAL] Job e136382f-e41f-94a5-53f4-5633f1d3b7eb (Run Report Generation Scheduled Tasks) failed in CRON run
Fri Oct 30 17:45:06 2015 [30117][1][FATAL] Job 43d2a447-a0a4-ae6a-65fc-5633f221a599 (Run Reports) failed in CRON run
Fri Oct 30 17:45:06 2015 [30117][1][FATAL] Job af12f382-99c1-09c3-865f-5633f21a8b26 (Run Report Generation Scheduled Tasks) failed in CRON run
Fri Oct 30 17:50:05 2015 [37375][1][FATAL] Job 35805e7b-1f53-12b3-6b4c-5633f43da1a7 (Run Reports) failed in CRON run
Fri Oct 30 17:50:05 2015 [37375][1][FATAL] Job c4398493-28f7-7315-0302-5633f47fce49 (Run Report Generation Scheduled Tasks) failed in CRON run
Fri Oct 30 17:55:02 2015 [46094][1][FATAL] Job 68772871-8440-06e2-a9cf-5633f592596e (Run Report Generation Scheduled Tasks) failed in CRON run
Fri Oct 30 17:55:04 2015 [46094][1][FATAL] Job b8ede2f5-df7b-453b-1940-5633f54b9778 (Run Reports) failed in CRON run
Fri Oct 30 18:00:04 2015 [55459][1][FATAL] Job 44e92d66-1a25-d845-a270-5633f6c9b197 (Run Report Generation Scheduled Tasks) failed in CRON run
Fri Oct 30 18:00:14 2015 [55459][1][FATAL] Job 86c3b112-ea22-9e6a-fcfc-5633f6011f3d (Perform Lucene Index) failed in CRON run
Fri Oct 30 18:05:02 2015 [65389][1][FATAL] Job 8afc8c39-af4e-c6cd-6ed5-5633f6c63aa2 (Optimise AOD Index) failed in CRON run
Fri Oct 30 18:10:05 2015 [74327][1][FATAL] Job bd545489-2fc2-ec96-c78d-5633f636efd5 (Run Reports) failed in CRON run
Fri Oct 30 18:10:05 2015 [74327][1][FATAL] Job e1653db4-fab2-086d-b479-5633f71da5c3 (Run Report Generation Scheduled Tasks) failed in CRON run
Fri Oct 30 18:15:03 2015 [81502][1][FATAL] Job 3ce96583-b8f9-dc21-8881-5633f99af795 (Run Report Generation Scheduled Tasks) failed in CRON run
Fri Oct 30 18:15:06 2015 [81502][1][FATAL] Job b6470aa5-457f-d70f-712d-5633f9248df8 (Run Reports) failed in CRON run
Fri Oct 30 18:20:02 2015 [92813][1][FATAL] Job 62e3014d-486b-c98f-3354-5633fbcb1e4a (Run Report Generation Scheduled Tasks) failed in CRON run
Fri Oct 30 18:20:05 2015 [92813][1][FATAL] Job c2f74b03-9ba6-6d45-55bf-5633fb22484d (Run Reports) failed in CRON run
Fri Oct 30 18:25:05 2015 [102247][1][FATAL] Job 66a3e143-e798-c240-fca7-5633fcee123c (Run Reports) failed in CRON run
Fri Oct 30 18:25:05 2015 [102247][1][FATAL] Job dba2c23a-e841-cc21-7259-5633fc510cb3 (Run Report Generation Scheduled Tasks) failed in CRON run
Fri Oct 30 18:30:04 2015 [108389][1][FATAL] Job 6e5005f4-f496-381f-84ee-5633fd110633 (Run Reports) failed in CRON run
Fri Oct 30 18:30:04 2015 [108389][1][FATAL] Job 6f65e78f-9664-e21d-ca75-5633fdbcde41 (Run Report Generation Scheduled Tasks) failed in CRON run
Fri Oct 30 18:35:02 2015 [115870][1][FATAL] Job 39c3c601-8391-a7bb-5757-5633fe6c4060 (Run Report Generation Scheduled Tasks) failed in CRON run
Fri Oct 30 18:35:04 2015 [115870][1][FATAL] Job 862fbd03-3d5f-bc2e-d177-5633fe204c08 (Run Reports) failed in CRON run
Fri Oct 30 18:40:02 2015 [122183][1][FATAL] Job 6d01f805-7c65-0e71-1139-5633ff65ec0e (Run Report Generation Scheduled Tasks) failed in CRON run
Fri Oct 30 18:40:04 2015 [122183][1][FATAL] Job d984dece-e0ec-073f-15ba-5633ff986b76 (Run Reports) failed in CRON run
Fri Oct 30 18:45:04 2015 [130115][1][FATAL] Job 174b4ab3-e46e-f94b-dcfd-563401dc974a (Run Reports) failed in CRON run
Fri Oct 30 18:45:04 2015 [130115][1][FATAL] Job 56497756-d8e3-4517-065b-5634002b7f75 (Run Report Generation Scheduled Tasks) failed in CRON run
Fri Oct 30 18:50:05 2015 [7044][1][FATAL] Job 7344b331-8224-b9b6-d969-563402ef5cee (Run Reports) failed in CRON run
Fri Oct 30 18:50:05 2015 [7044][1][FATAL] Job c6a944e9-c6ff-4541-4baf-5634020b72b6 (Run Report Generation Scheduled Tasks) failed in CRON run
Fri Oct 30 18:55:05 2015 [14040][1][FATAL] Job 48f54602-04cb-60c2-74b9-56340388c2ca (Run Reports) failed in CRON run
Fri Oct 30 18:55:05 2015 [14040][1][FATAL] Job d5bc7e83-1bdc-87d6-edbe-563403119a89 (Run Report Generation Scheduled Tasks) failed in CRON run
Fri Oct 30 19:00:08 2015 [21696][1][FATAL] Job 416be472-2fe7-ed57-ca4e-5634045c61c5 (Run Reports) failed in CRON run
Fri Oct 30 19:00:08 2015 [21696][1][FATAL] Job a7055505-720f-8289-03ad-5634048bebeb (Run Report Generation Scheduled Tasks) failed in CRON run
Fri Oct 30 19:05:05 2015 [28687][1][FATAL] Job b34ee955-1a6f-bfcd-93a2-563405954ed9 (Run Reports) failed in CRON run
Fri Oct 30 19:05:05 2015 [28687][1][FATAL] Job df9b6ee9-272e-4346-8077-563405e36259 (Run Report Generation Scheduled Tasks) failed in CRON run
Fri Oct 30 19:10:03 2015 [35276][1][FATAL] Job 389a2007-47be-d7e4-ce04-563406701c45 (Run Report Generation Scheduled Tasks) failed in CRON run
Fri Oct 30 19:10:04 2015 [35276][1][FATAL] Job de528fd0-02e8-4815-d414-563406833561 (Run Reports) failed in CRON run
Fri Oct 30 19:15:03 2015 [42553][1][FATAL] Job 6b358c0f-2109-cb87-77a1-563408975d96 (Run Report Generation Scheduled Tasks) failed in CRON run
Fri Oct 30 19:15:06 2015 [42553][1][FATAL] Job cd70b9aa-da61-f2ba-c947-563408d0f571 (Run Reports) failed in CRON run
Fri Oct 30 19:20:05 2015 [49568][1][FATAL] Job 57cec4ee-7646-b608-4c03-563409ed7f7f (Run Reports) failed in CRON run
Fri Oct 30 19:20:05 2015 [49568][1][FATAL] Job b88c2a63-32b1-1046-7d54-56340990427a (Run Report Generation Scheduled Tasks) failed in CRON run
Fri Oct 30 19:25:06 2015 [56294][1][FATAL] Job 269195f5-a656-9d3c-fdd5-56340a201f1a (Run Reports) failed in CRON run
Fri Oct 30 19:25:06 2015 [56294][1][FATAL] Job 7f631d05-4680-6e50-63da-56340aca741e (Run Report Generation Scheduled Tasks) failed in CRON run
Fri Oct 30 19:30:06 2015 [62305][1][FATAL] Job 3c874118-aeca-420c-effd-56340b515c3a (Run Reports) failed in CRON run
Fri Oct 30 19:30:06 2015 [62305][1][FATAL] Job 9a7e3472-8f51-a4f8-5d20-56340bd28c59 (Run Report Generation Scheduled Tasks) failed in CRON run
Fri Oct 30 19:35:02 2015 [68816][1][FATAL] Job 6983fba3-8850-5116-1889-56340c508be1 (Run Report Generation Scheduled Tasks) failed in CRON run
Fri Oct 30 19:35:04 2015 [68816][1][FATAL] Job ae7adf69-3507-32fe-6893-56340cad8ac9 (Run Reports) failed in CRON run
Fri Oct 30 19:40:05 2015 [75182][1][FATAL] Job 573bb4b9-5226-9bc6-bd9d-56340d1f49aa (Run Reports) failed in CRON run
Fri Oct 30 19:40:05 2015 [75182][1][FATAL] Job d53c88ec-02f6-8893-d601-56340d33196e (Run Report Generation Scheduled Tasks) failed in CRON run
Fri Oct 30 19:45:05 2015 [81692][1][FATAL] Job 59ccddd1-3795-b1a2-2267-56340f23d97e (Run Reports) failed in CRON run
Fri Oct 30 19:45:05 2015 [81692][1][FATAL] Job d27d75c5-a6f9-2fe9-69bd-56340f7dedb8 (Run Report Generation Scheduled Tasks) failed in CRON run
Fri Oct 30 19:50:02 2015 [87780][1][FATAL] Job 181b4cc8-0b29-523d-8919-5634107f5365 (Run Report Generation Scheduled Tasks) failed in CRON run
Fri Oct 30 19:50:04 2015 [87780][1][FATAL] Job 7ac8a9f0-10ac-ee63-3ff1-56341030c4c1 (Run Reports) failed in CRON run
Fri Oct 30 19:55:03 2015 [93512][1][FATAL] Job 8d6b583f-c250-615f-f72b-563411522493 (Run Report Generation Scheduled Tasks) failed in CRON run
Fri Oct 30 19:55:04 2015 [93512][1][FATAL] Job f1074e39-1350-3d21-fff5-563411c49f90 (Run Reports) failed in CRON run
Fri Oct 30 20:00:06 2015 [100005][1][FATAL] Job 46707180-cc76-5d01-021d-5634122c77d0 (Run Report Generation Scheduled Tasks) failed in CRON run
Fri Oct 30 20:00:09 2015 [100005][1][FATAL] Job df0282c6-739e-fe30-7c4c-56341230c4ff (Run Reports) failed in CRON run
Fri Oct 30 20:05:04 2015 [106865][1][FATAL] Job 81913fa1-481a-59cf-02c2-56341333115a (Run Reports) failed in CRON run
Fri Oct 30 20:05:04 2015 [106865][1][FATAL] Job f2aac5bd-5548-4563-1b69-56341366e6d0 (Run Report Generation Scheduled Tasks) failed in CRON run
Fri Oct 30 20:10:03 2015 [114531][1][FATAL] Job 4c8c0d61-8406-8511-75d5-5634143d521e (Run Reports) failed in CRON run
Fri Oct 30 20:10:03 2015 [114531][1][FATAL] Job 9fc6dbd2-8a06-f4b7-241d-5634144ebadb (Run Report Generation Scheduled Tasks) failed in CRON run
Fri Oct 30 20:15:03 2015 [121470][1][FATAL] Job 727ba26c-d088-0e15-1396-563416462f03 (Run Report Generation Scheduled Tasks) failed in CRON run
Fri Oct 30 20:15:06 2015 [121470][1][FATAL] Job ede70e5f-09f8-4ad4-b2ca-563416aa9a2d (Run Reports) failed in CRON run
Fri Oct 30 20:20:02 2015 [127903][1][FATAL] Job 4fad2ea9-754b-fb8c-f0bb-563417282823 (Run Report Generation Scheduled Tasks) failed in CRON run
Fri Oct 30 20:20:04 2015 [127903][1][FATAL] Job a4160820-6c1a-825b-e69b-563417880019 (Run Reports) failed in CRON run
Fri Oct 30 20:25:02 2015 [3308][1][FATAL] Job 13455d4a-8cd5-bc92-bb5d-56341822d3be (Run Reports) failed in CRON run
Fri Oct 30 20:25:03 2015 [3308][1][FATAL] Job b11d7d49-cbfe-84db-fa82-563418fb8c4e (Run Report Generation Scheduled Tasks) failed in CRON run
Fri Oct 30 20:30:04 2015 [9954][1][FATAL] Job 21bf9806-8a08-89b7-5a95-563419cc2ef4 (Run Report Generation Scheduled Tasks) failed in CRON run
Fri Oct 30 20:30:07 2015 [9954][1][FATAL] Job baecdda9-a6d6-5bcc-cc43-56341998238a (Run Reports) failed in CRON run
Fri Oct 30 20:35:05 2015 [16649][1][FATAL] Job 3c35e3af-00f7-add3-a27c-56341a314303 (Run Reports) failed in CRON run
Fri Oct 30 20:35:05 2015 [16649][1][FATAL] Job c2b1f8e9-99ed-35d4-86fe-56341af9025f (Run Report Generation Scheduled Tasks) failed in CRON run
Fri Oct 30 20:40:04 2015 [22947][1][FATAL] Job 68fe0194-3b15-c712-6fd6-56341b843fd5 (Run Reports) failed in CRON run
Fri Oct 30 20:40:04 2015 [22947][1][FATAL] Job 731e5b68-8838-9055-428c-56341bfa9946 (Run Report Generation Scheduled Tasks) failed in CRON run
Fri Oct 30 20:45:05 2015 [28705][1][FATAL] Job 3db7f029-5411-88c1-fbac-56341dcfebfd (Run Reports) failed in CRON run
Fri Oct 30 20:45:05 2015 [28705][1][FATAL] Job c4bb3b15-edd7-8adb-634a-56341d129d09 (Run Report Generation Scheduled Tasks) failed in CRON run
Fri Oct 30 20:50:03 2015 [35325][1][FATAL] Job 5b976f29-b303-17a1-ced9-56341ed99d5e (Run Report Generation Scheduled Tasks) failed in CRON run
Fri Oct 30 20:50:05 2015 [35325][1][FATAL] Job ef7b06cd-056b-5541-89d8-56341e2a5847 (Run Reports) failed in CRON run
Fri Oct 30 20:55:02 2015 [41614][1][FATAL] Job 6791039c-abd4-5b08-b0ae-56341f8daa3e (Run Report Generation Scheduled Tasks) failed in CRON run
Fri Oct 30 20:55:05 2015 [41614][1][FATAL] Job b315972d-4e87-8241-56e9-56341f5073ea (Run Reports) failed in CRON run
Fri Oct 30 21:00:05 2015 [64941][1][FATAL] Job 6d18212e-9221-4172-8456-563420c8dfc5 (Run Report Generation Scheduled Tasks) failed in CRON run
Fri Oct 30 21:00:05 2015 [64941][1][FATAL] Job a82e0ff5-1783-1a6a-9cb0-56342064d080 (Run Reports) failed in CRON run
Fri Oct 30 21:00:05 2015 [64941][1][FATAL] Job d48b0f43-9ccd-5f51-f03c-56342006115e (Optimise AOD Index) failed in CRON run
Fri Oct 30 21:05:04 2015 [71508][1][FATAL] Job 6c2a3922-99d6-47a4-4b8c-56342167a19f (Run Reports) failed in CRON run
Fri Oct 30 21:05:04 2015 [71508][1][FATAL] Job f1f8c739-016a-10fa-da82-5634216953ed (Run Report Generation Scheduled Tasks) failed in CRON run
Fri Oct 30 21:10:03 2015 [76834][1][FATAL] Job 82bcb128-c59b-1129-071d-5634223ba919 (Run Report Generation Scheduled Tasks) failed in CRON run
Fri Oct 30 21:10:03 2015 [76834][1][FATAL] Job 895d0dfe-1b93-b8dd-4ac9-5634226c2a77 (Run Reports) failed in CRON run
Fri Oct 30 21:15:02 2015 [82223][1][FATAL] Job 75282dfa-5446-9b1d-55d2-56342458e7fb (Run Report Generation Scheduled Tasks) failed in CRON run
Fri Oct 30 21:15:04 2015 [82223][1][FATAL] Job ca8a1cb7-d123-1bbb-449a-563424e31da2 (Run Reports) failed in CRON run
Fri Oct 30 21:20:06 2015 [88031][1][FATAL] Job 4c3d2d75-5b49-c1a2-e15a-563425769688 (Run Reports) failed in CRON run
Fri Oct 30 21:20:06 2015 [88031][1][FATAL] Job a6bad0dc-9044-8d08-8880-563425ab6c61 (Run Report Generation Scheduled Tasks) failed in CRON run
Fri Oct 30 21:25:06 2015 [93799][1][FATAL] Job 7b4c40ec-0641-08f5-cdd1-56342607745a (Run Reports) failed in CRON run
Fri Oct 30 21:25:06 2015 [93799][1][FATAL] Job a23ed9d5-4f58-ff91-2839-563426a6e3c3 (Run Report Generation Scheduled Tasks) failed in CRON run
Fri Oct 30 21:30:04 2015 [99138][1][FATAL] Job 195ea1c9-4ff9-1042-e56b-563427d26e0a (Run Report Generation Scheduled Tasks) failed in CRON run
Fri Oct 30 21:30:08 2015 [99138][1][FATAL] Job 8e66194e-9d20-6395-2fdb-563427e82e74 (Run Reports) failed in CRON run
Fri Oct 30 21:35:02 2015 [105697][1][FATAL] Job 5e5f2b68-77e6-8690-2e85-563428768200 (Run Report Generation Scheduled Tasks) failed in CRON run
Fri Oct 30 21:35:05 2015 [105697][1][FATAL] Job b3c75c9f-e7bd-80c6-458f-5634281e7eb7 (Run Reports) failed in CRON run
Fri Oct 30 21:40:02 2015 [111326][1][FATAL] Job 6a991357-2368-86c3-2ae4-56342a3e168a (Run Report Generation Scheduled Tasks) failed in CRON run
Fri Oct 30 21:40:04 2015 [111326][1][FATAL] Job d45d6cf7-c3c2-c175-bcc9-56342a9cfd0d (Run Reports) failed in CRON run
Fri Oct 30 21:45:03 2015 [116925][1][FATAL] Job 7cfa418a-1b66-d94a-29ed-56342b97743b (Run Report Generation Scheduled Tasks) failed in CRON run
Fri Oct 30 21:45:05 2015 [116925][1][FATAL] Job f0a8a7b3-8788-78e8-b50f-56342b15c992 (Run Reports) failed in CRON run
Fri Oct 30 21:50:03 2015 [122618][1][FATAL] Job 123d0d82-4e83-6d3d-2e82-56342c41641a (Run Reports) failed in CRON run
Fri Oct 30 21:50:03 2015 [122618][1][FATAL] Job 794d6a98-f7f7-6035-2d73-56342c2f7d0d (Run Report Generation Scheduled Tasks) failed in CRON run
Fri Oct 30 21:55:02 2015 [128271][1][FATAL] Job 24b2c0f3-eb6a-e49a-1e05-56342d9f36aa (Run Report Generation Scheduled Tasks) failed in CRON run
Fri Oct 30 21:55:04 2015 [128271][1][FATAL] Job a9095e5b-205c-e52a-e06a-56342d57f6b5 (Run Reports) failed in CRON run
Fri Oct 30 22:00:08 2015 [4223][1][FATAL] Job 8c042b0b-2e76-150d-9034-56342e989dce (Run Reports) failed in CRON run
Fri Oct 30 22:00:08 2015 [4223][1][FATAL] Job d2ae9dfd-f303-2de8-a7f1-56342ee90d0b (Run Report Generation Scheduled Tasks) failed in CRON run
Fri Oct 30 22:05:02 2015 [11387][1][FATAL] Job 145106d4-7553-858f-3620-56342f24d60a (Run Report Generation Scheduled Tasks) failed in CRON run
Fri Oct 30 22:05:04 2015 [11387][1][FATAL] Job 7e8605f9-da70-84a4-85d8-56342fb6788e (Run Reports) failed in CRON run
Fri Oct 30 22:10:05 2015 [17254][1][FATAL] Job 3db8134a-7242-bb6f-901b-563431bdb894 (Run Reports) failed in CRON run
Fri Oct 30 22:10:05 2015 [17254][1][FATAL] Job d63144f0-1b62-acd2-5b5e-56343118e03c (Run Report Generation Scheduled Tasks) failed in CRON run
Fri Oct 30 22:15:04 2015 [23553][1][FATAL] Job 89620400-89bc-86d1-53ad-5634329bd651 (Run Reports) failed in CRON run
Fri Oct 30 22:15:04 2015 [23553][1][FATAL] Job 8be271fb-3c8f-639c-07b1-563432008c57 (Run Report Generation Scheduled Tasks) failed in CRON run
Fri Oct 30 22:20:03 2015 [30723][1][FATAL] Job 816781c0-c2c0-ae72-12cf-563433499a85 (Run Report Generation Scheduled Tasks) failed in CRON run
Fri Oct 30 22:20:06 2015 [30723][1][FATAL] Job ede28bb5-c22e-0afd-180e-56343399546f (Run Reports) failed in CRON run
Fri Oct 30 22:25:03 2015 [36760][1][FATAL] Job b38ae958-1038-cdc5-2e30-563434783f60 (Run Report Generation Scheduled Tasks) failed in CRON run
Fri Oct 30 22:25:03 2015 [36760][1][FATAL] Job b842068d-4e91-38cd-844d-56343482661b (Run Reports) failed in CRON run
Fri Oct 30 22:30:05 2015 [42737][1][FATAL] Job 372a0ec8-48ef-3bd4-1b1f-5634355a66cd (Run Reports) failed in CRON run
Fri Oct 30 22:30:05 2015 [42737][1][FATAL] Job 5963ee6e-b418-5011-cb69-563435668743 (Run Report Generation Scheduled Tasks) failed in CRON run
Fri Oct 30 22:35:03 2015 [48443][1][FATAL] Job 729681ad-6859-fce6-605f-563436749270 (Run Report Generation Scheduled Tasks) failed in CRON run
Fri Oct 30 22:35:05 2015 [48443][1][FATAL] Job c27b1581-6c1b-cd30-7494-5634365462fb (Run Reports) failed in CRON run
Fri Oct 30 22:40:06 2015 [54110][1][FATAL] Job 4dce62b7-8880-321a-d162-56343806ef84 (Run Reports) failed in CRON run
Fri Oct 30 22:40:06 2015 [54110][1][FATAL] Job b21ce78a-131e-6201-c872-563438eb6313 (Run Report Generation Scheduled Tasks) failed in CRON run
Fri Oct 30 22:45:03 2015 [59371][1][FATAL] Job 3641064a-c9f9-6984-4552-56343992fd96 (Run Report Generation Scheduled Tasks) failed in CRON run
Fri Oct 30 22:45:07 2015 [59371][1][FATAL] Job ca2dba1d-f84b-d86e-d4cb-563439865ab8 (Run Reports) failed in CRON run
Fri Oct 30 22:50:03 2015 [64815][1][FATAL] Job 3e5b3af7-8746-88c9-40e9-56343a68e1b9 (Run Report Generation Scheduled Tasks) failed in CRON run
Fri Oct 30 22:50:06 2015 [64815][1][FATAL] Job ea14bcdc-74bd-404f-a01d-56343a9abba6 (Run Reports) failed in CRON run
Fri Oct 30 22:55:02 2015 [70478][1][FATAL] Job 86b481be-1d46-48a6-048a-56343b6d8d4c (Run Report Generation Scheduled Tasks) failed in CRON run
Fri Oct 30 22:55:05 2015 [70478][1][FATAL] Job e4d1566e-b5dd-2cf2-de6c-56343bb5612b (Run Reports) failed in CRON run
Fri Oct 30 23:00:13 2015 [76731][1][FATAL] Job 7521d357-6f0a-e2fe-ec6d-56343c8f8a20 (Run Reports) failed in CRON run
Fri Oct 30 23:00:13 2015 [76731][1][FATAL] Job 778b7881-544d-585c-48d4-56343cf390c3 (Run Report Generation Scheduled Tasks) failed in CRON run
Fri Oct 30 23:05:06 2015 [82757][1][FATAL] Job bbd88498-43af-adc6-4db5-56343d2ee8a2 (Run Reports) failed in CRON run
Fri Oct 30 23:05:06 2015 [82757][1][FATAL] Job eb38a5ee-4668-0bdf-0aec-56343da982be (Run Report Generation Scheduled Tasks) failed in CRON run
Fri Oct 30 23:10:07 2015 [88561][1][FATAL] Job 9feebb02-bfba-d341-6e8e-56343f3c0701 (Run Reports) failed in CRON run
Fri Oct 30 23:10:07 2015 [88561][1][FATAL] Job f057b780-fa51-af13-5955-56343fa51d05 (Run Report Generation Scheduled Tasks) failed in CRON run
Fri Oct 30 23:15:05 2015 [94637][1][FATAL] Job 20ea725f-f05d-e2fd-db77-563440d0c669 (Run Reports) failed in CRON run
Fri Oct 30 23:15:05 2015 [94637][1][FATAL] Job bd871ba3-b9e5-abc6-ec84-56344085fb56 (Run Report Generation Scheduled Tasks) failed in CRON run
Fri Oct 30 23:20:06 2015 [100838][1][FATAL] Job 4ea3d5c6-35ca-ae62-3d2e-5634418a992b (Run Reports) failed in CRON run
Fri Oct 30 23:20:06 2015 [100838][1][FATAL] Job d1f79a87-f1a3-b76a-832e-563441775519 (Run Report Generation Scheduled Tasks) failed in CRON run
Fri Oct 30 23:25:02 2015 [106311][1][FATAL] Job 5576269d-df3a-967d-e6ad-5634428de048 (Run Report Generation Scheduled Tasks) failed in CRON run
Fri Oct 30 23:25:05 2015 [106311][1][FATAL] Job c159aaa3-0154-33f7-2c6c-56344206b19b (Run Reports) failed in CRON run
Fri Oct 30 23:30:04 2015 [111744][1][FATAL] Job 1a53c06b-1d6e-c109-9965-5634436e008b (Run Reports) failed in CRON run
Fri Oct 30 23:30:04 2015 [111744][1][FATAL] Job 9c42a328-8acd-4ab4-a510-5634433b30ae (Run Report Generation Scheduled Tasks) failed in CRON run
Fri Oct 30 23:35:05 2015 [118799][1][FATAL] Job 46c99d7c-9066-900d-3dd4-56344448f8ce (Run Reports) failed in CRON run
Fri Oct 30 23:35:05 2015 [118799][1][FATAL] Job 9be14d0d-8d69-5a2e-74fd-563444580488 (Run Report Generation Scheduled Tasks) failed in CRON run
Fri Oct 30 23:40:03 2015 [124861][1][FATAL] Job 2fbe8ecb-9ad0-b33f-e539-5634461279e3 (Run Report Generation Scheduled Tasks) failed in CRON run
Fri Oct 30 23:40:05 2015 [124861][1][FATAL] Job 92151e03-e78b-c88e-d784-563446447ae3 (Run Reports) failed in CRON run
Fri Oct 30 23:45:06 2015 [130541][1][FATAL] Job 2586364f-7765-430e-9e9c-56344776987c (Run Reports) failed in CRON run
Fri Oct 30 23:45:06 2015 [130541][1][FATAL] Job c2ad266a-c303-490d-156d-563447fc557d (Run Report Generation Scheduled Tasks) failed in CRON run
Fri Oct 30 23:50:03 2015 [5030][1][FATAL] Job 35423f85-87d5-51ed-9218-5634483ed057 (Run Report Generation Scheduled Tasks) failed in CRON run
Fri Oct 30 23:50:05 2015 [5030][1][FATAL] Job 9d4e6b13-d389-7a8c-ea82-5634484dfd08 (Run Reports) failed in CRON run
Fri Oct 30 23:55:02 2015 [10930][1][FATAL] Job 56b946f0-b58d-da59-21b2-56344997a3e9 (Run Report Generation Scheduled Tasks) failed in CRON run
Fri Oct 30 23:55:05 2015 [10930][1][FATAL] Job c456ec17-c033-7e75-4cf9-5634493696e2 (Run Reports) failed in CRON run
