Sun Nov  1 00:00:14 2015 [47301][1][FATAL] Job 882c033f-1487-1f18-b176-56359ce22023 (Run Reports) failed in CRON run
Sun Nov  1 00:00:15 2015 [47301][1][FATAL] Job a16484de-4a0d-7f64-9fdd-56359c2e61c2 (Optimise AOD Index) failed in CRON run
Sun Nov  1 00:05:03 2015 [56429][1][FATAL] Job b77da62b-df08-ea38-21f6-56359c6f6db4 (Run Report Generation Scheduled Tasks) failed in CRON run
Sun Nov  1 00:05:07 2015 [56429][1][FATAL] Job 4902e811-3edf-4826-9ebf-56359d74f571 (Run Reports) failed in CRON run
Sun Nov  1 00:10:09 2015 [62495][1][FATAL] Job 3f865e18-6c10-83ce-6918-56359e03cfe4 (Run Reports) failed in CRON run
Sun Nov  1 00:10:09 2015 [62495][1][FATAL] Job a6344809-1f91-21eb-38c9-56359e14c4a6 (Run Report Generation Scheduled Tasks) failed in CRON run
Sun Nov  1 00:15:09 2015 [70422][1][FATAL] Job 4e62720b-b16d-e74c-d0cf-56359f2eb06d (Run Reports) failed in CRON run
Sun Nov  1 00:15:09 2015 [70422][1][FATAL] Job 847d36eb-91be-6ae0-e3ae-56359fd0b0b4 (Run Report Generation Scheduled Tasks) failed in CRON run
Sun Nov  1 00:20:09 2015 [78042][1][FATAL] Job 62d32ab0-d317-615f-50af-5635a1514ef9 (Run Report Generation Scheduled Tasks) failed in CRON run
Sun Nov  1 00:20:09 2015 [78042][1][FATAL] Job 75047cc5-6469-6dcd-6fae-5635a162c6d0 (Run Reports) failed in CRON run
Sun Nov  1 00:25:06 2015 [85132][1][FATAL] Job 4944f23a-e6cf-d98d-158e-5635a28b92bc (Run Reports) failed in CRON run
Sun Nov  1 00:25:06 2015 [85132][1][FATAL] Job c2c3532d-feeb-a49e-b058-5635a2fda55c (Run Report Generation Scheduled Tasks) failed in CRON run
Sun Nov  1 00:30:05 2015 [91242][1][FATAL] Job 631784a3-c1d3-4561-fc8f-5635a36a7e2e (Run Report Generation Scheduled Tasks) failed in CRON run
Sun Nov  1 00:30:07 2015 [91242][1][FATAL] Job f1d52cdb-b761-01e6-f3ff-5635a3c0a5ed (Run Reports) failed in CRON run
Sun Nov  1 00:35:06 2015 [98325][1][FATAL] Job 68b7ae9d-606b-1054-1990-5635a4f184bb (Run Reports) failed in CRON run
Sun Nov  1 00:35:06 2015 [98325][1][FATAL] Job df50540c-0d03-5741-cef4-5635a46f6056 (Run Report Generation Scheduled Tasks) failed in CRON run
Sun Nov  1 00:40:04 2015 [104441][1][FATAL] Job 130c6491-d8fd-9a70-af2d-5635a53fa460 (Run Reports) failed in CRON run
Sun Nov  1 00:40:07 2015 [104441][1][FATAL] Job 7e925963-7957-a895-1a34-5635a53b1299 (Run Report Generation Scheduled Tasks) failed in CRON run
Sun Nov  1 00:45:03 2015 [110654][1][FATAL] Job 327408ec-4ecb-d45a-6ba8-5635a6f98b86 (Run Report Generation Scheduled Tasks) failed in CRON run
Sun Nov  1 00:45:05 2015 [110654][1][FATAL] Job 96104039-910a-9f9a-f588-5635a6f15f25 (Run Reports) failed in CRON run
Sun Nov  1 00:50:02 2015 [116758][1][FATAL] Job 4f52da5b-1b51-c82d-9c8d-5635a89e95ee (Run Report Generation Scheduled Tasks) failed in CRON run
Sun Nov  1 00:50:04 2015 [116758][1][FATAL] Job c4d8736b-d4ce-bd7b-1b45-5635a8d474bd (Run Reports) failed in CRON run
Sun Nov  1 00:55:03 2015 [123677][1][FATAL] Job 376c98ee-01d4-bd29-3670-5635a983834b (Run Report Generation Scheduled Tasks) failed in CRON run
Sun Nov  1 00:55:06 2015 [123677][1][FATAL] Job 9c0c1088-9532-118e-2af9-5635a909f317 (Run Reports) failed in CRON run
Sun Nov  1 01:00:05 2015 [130722][1][FATAL] Job 1fa709fb-5f42-27ef-e013-5635aaf58718 (Run Report Generation Scheduled Tasks) failed in CRON run
Sun Nov  1 01:00:09 2015 [130722][1][FATAL] Job b3319958-98ab-659a-f148-5635aa9c944d (Run Reports) failed in CRON run
Sun Nov  1 01:05:02 2015 [9581][1][FATAL] Job 384d30c7-ec54-5e1b-fca8-5635ab818028 (Run Report Generation Scheduled Tasks) failed in CRON run
Sun Nov  1 01:05:05 2015 [9581][1][FATAL] Job 926a13b7-2707-2be5-7be3-5635ab3ff623 (Run Reports) failed in CRON run
Sun Nov  1 01:10:03 2015 [17344][1][FATAL] Job 1c970229-383b-79fc-7973-5635ac3074b4 (Run Report Generation Scheduled Tasks) failed in CRON run
Sun Nov  1 01:10:06 2015 [17344][1][FATAL] Job aa72042f-0c76-f158-7b0e-5635ac85eb15 (Run Reports) failed in CRON run
Sun Nov  1 01:15:03 2015 [23683][1][FATAL] Job 84c728c4-5f4e-24b6-8f7b-5635ad731ed2 (Run Report Generation Scheduled Tasks) failed in CRON run
Sun Nov  1 01:15:06 2015 [23683][1][FATAL] Job d4a689d7-353a-0d5c-504d-5635add87716 (Run Reports) failed in CRON run
Sun Nov  1 01:20:03 2015 [32867][1][FATAL] Job 3f066843-e83c-aaed-69f7-5635af87d0dc (Run Report Generation Scheduled Tasks) failed in CRON run
Sun Nov  1 01:20:06 2015 [32867][1][FATAL] Job bee7f984-cb19-1f27-d607-5635af03b748 (Run Reports) failed in CRON run
Sun Nov  1 01:25:06 2015 [40051][1][FATAL] Job 5c13389e-f121-64c3-56cc-5635b0296641 (Run Reports) failed in CRON run
Sun Nov  1 01:25:06 2015 [40051][1][FATAL] Job a8a330b9-0928-3d17-acab-5635b0b12316 (Run Report Generation Scheduled Tasks) failed in CRON run
Sun Nov  1 01:30:08 2015 [46423][1][FATAL] Job 720f7634-309d-07d3-7ed5-5635b1038c37 (Run Reports) failed in CRON run
Sun Nov  1 01:30:08 2015 [46423][1][FATAL] Job be8aa99c-97d5-ff37-8cac-5635b1667dd0 (Run Report Generation Scheduled Tasks) failed in CRON run
Sun Nov  1 01:35:05 2015 [54091][1][FATAL] Job 5e25a2e7-a52f-52c2-bd9b-5635b26d2cd0 (Run Report Generation Scheduled Tasks) failed in CRON run
Sun Nov  1 01:35:08 2015 [54091][1][FATAL] Job 6b9bead7-0e72-ee53-7d43-5635b2cde33a (Run Reports) failed in CRON run
Sun Nov  1 01:40:09 2015 [61182][1][FATAL] Job 31721447-279a-4607-429c-5635b3cac3e9 (Run Reports) failed in CRON run
Sun Nov  1 01:40:09 2015 [61182][1][FATAL] Job 89b1fb46-f2f9-c34b-4237-5635b3a3e578 (Run Report Generation Scheduled Tasks) failed in CRON run
Sun Nov  1 01:45:04 2015 [67401][1][FATAL] Job 48598667-3ee4-7026-dce8-5635b42cac12 (Run Report Generation Scheduled Tasks) failed in CRON run
Sun Nov  1 01:45:08 2015 [67401][1][FATAL] Job f0abfd7f-4272-2a1f-d1c7-5635b4b11b6a (Run Reports) failed in CRON run
Sun Nov  1 01:50:06 2015 [74424][1][FATAL] Job 3283f2ea-0401-ca34-dc66-5635b6841ed7 (Run Reports) failed in CRON run
Sun Nov  1 01:50:06 2015 [74424][1][FATAL] Job 9f34587f-47c6-5e49-7b43-5635b6aad56e (Run Report Generation Scheduled Tasks) failed in CRON run
Sun Nov  1 01:55:07 2015 [81300][1][FATAL] Job 4bf1a94b-c7d6-864a-97be-5635b7e8892a (Run Report Generation Scheduled Tasks) failed in CRON run
Sun Nov  1 01:55:07 2015 [81300][1][FATAL] Job 61f388d5-9489-d5ad-f4ea-5635b7ea99cc (Run Reports) failed in CRON run
Sun Nov  1 01:00:07 2015 [88399][1][FATAL] Job 633fa268-95e2-38ec-3955-5635b8703169 (Run Report Generation Scheduled Tasks) failed in CRON run
Sun Nov  1 01:00:08 2015 [88399][1][FATAL] Job 8997bb01-9e61-b9d0-82bd-5635b81808b9 (Run Reports) failed in CRON run
Sun Nov  1 01:05:03 2015 [96432][1][FATAL] Job 82f24d8b-9ab6-a6a3-2297-5635b9c94117 (Run Report Generation Scheduled Tasks) failed in CRON run
Sun Nov  1 01:05:03 2015 [96432][1][FATAL] Job e3a488ae-f1d6-737e-e60e-5635b9156a6a (Run Reports) failed in CRON run
Sun Nov  1 01:10:03 2015 [103495][1][FATAL] Job 11e013e5-ef52-8a23-6e91-5635ba11d142 (Run Reports) failed in CRON run
Sun Nov  1 01:10:03 2015 [103495][1][FATAL] Job a7a0583c-e3c3-cfdf-40e7-5635ba36b9db (Run Report Generation Scheduled Tasks) failed in CRON run
Sun Nov  1 01:15:03 2015 [110648][1][FATAL] Job 70c87720-3363-8c20-daff-5635bb20ccd5 (Run Reports) failed in CRON run
Sun Nov  1 01:15:03 2015 [110648][1][FATAL] Job ebc1c8ee-12fa-30aa-519c-5635bbf2a401 (Run Report Generation Scheduled Tasks) failed in CRON run
Sun Nov  1 01:20:03 2015 [117159][1][FATAL] Job 13c971cf-a5fb-b918-08ed-5635bd68a312 (Run Report Generation Scheduled Tasks) failed in CRON run
Sun Nov  1 01:20:03 2015 [117159][1][FATAL] Job 74dc5c9d-204d-831b-be54-5635bd55ae76 (Run Reports) failed in CRON run
Sun Nov  1 01:25:02 2015 [123550][1][FATAL] Job 1a4b8ac7-62c1-d362-c7d7-5635be3de578 (Run Report Generation Scheduled Tasks) failed in CRON run
Sun Nov  1 01:25:02 2015 [123550][1][FATAL] Job 7cbfccd9-a843-c0db-335d-5635be0346de (Run Reports) failed in CRON run
Sun Nov  1 01:30:04 2015 [128916][1][FATAL] Job 8e8d4553-d4e7-1256-1de3-5635bf1ab678 (Run Report Generation Scheduled Tasks) failed in CRON run
Sun Nov  1 01:30:04 2015 [128916][1][FATAL] Job 95880433-ead7-48d6-f33a-5635bf856236 (Run Reports) failed in CRON run
Sun Nov  1 01:35:02 2015 [3234][1][FATAL] Job 4b45373e-b125-5bea-50b8-5635c03c1a9b (Run Report Generation Scheduled Tasks) failed in CRON run
Sun Nov  1 01:35:02 2015 [3234][1][FATAL] Job ac7178e2-f1e7-dbb2-742e-5635c005b80e (Run Reports) failed in CRON run
Sun Nov  1 01:40:03 2015 [9410][1][FATAL] Job 3275ebd9-3694-fad3-5032-5635c1d17402 (Run Report Generation Scheduled Tasks) failed in CRON run
Sun Nov  1 01:40:03 2015 [9410][1][FATAL] Job be9f6a63-3bbc-c5da-e8dc-5635c1693ee7 (Run Reports) failed in CRON run
Sun Nov  1 01:45:03 2015 [15542][1][FATAL] Job 75f6fb25-0a6d-40b1-5aef-5635c20b994d (Run Reports) failed in CRON run
Sun Nov  1 01:45:03 2015 [15542][1][FATAL] Job dca6fee9-e0db-a2a4-89d4-5635c262b938 (Run Report Generation Scheduled Tasks) failed in CRON run
Sun Nov  1 01:50:03 2015 [21024][1][FATAL] Job 37f3b947-92d2-569c-bb23-5635c481dd4c (Run Reports) failed in CRON run
Sun Nov  1 01:50:03 2015 [21024][1][FATAL] Job ad5ead5f-0613-b88f-623f-5635c4067902 (Run Report Generation Scheduled Tasks) failed in CRON run
Sun Nov  1 01:55:02 2015 [26771][1][FATAL] Job 1a4e0f84-9da0-a6c5-b21a-5635c5487374 (Run Report Generation Scheduled Tasks) failed in CRON run
Sun Nov  1 01:55:02 2015 [26771][1][FATAL] Job 5297728d-03aa-b4eb-9675-5635c5ab89eb (Run Reports) failed in CRON run
Sun Nov  1 02:00:06 2015 [32838][1][FATAL] Job 232debcc-1985-9738-406b-5635c6c140db (Optimise AOD Index) failed in CRON run
Sun Nov  1 02:05:07 2015 [39060][1][FATAL] Job 7417b88e-3dc9-eaa2-a8b9-5635c67d1eac (Run Reports) failed in CRON run
Sun Nov  1 02:05:07 2015 [39060][1][FATAL] Job 7868d963-6109-3049-0ee4-5635c67734a1 (Run Report Generation Scheduled Tasks) failed in CRON run
Sun Nov  1 02:10:03 2015 [46180][1][FATAL] Job 13b54193-e5e6-877d-f1a0-5635c8f74916 (Run Reports) failed in CRON run
Sun Nov  1 02:10:05 2015 [46180][1][FATAL] Job 5f3c07bd-a48b-1a82-b8da-5635c8732fae (Run Report Generation Scheduled Tasks) failed in CRON run
Sun Nov  1 02:15:05 2015 [51555][1][FATAL] Job 61d782f2-7794-084e-3ecf-5635ca149a6c (Run Reports) failed in CRON run
Sun Nov  1 02:15:05 2015 [51555][1][FATAL] Job d5d8a258-0cb4-efc4-9d69-5635cab9ca2f (Run Report Generation Scheduled Tasks) failed in CRON run
Sun Nov  1 02:20:02 2015 [56872][1][FATAL] Job 55d5c618-e991-0879-b8da-5635cb8aa49c (Run Report Generation Scheduled Tasks) failed in CRON run
Sun Nov  1 02:20:04 2015 [56872][1][FATAL] Job a7f7dfb9-c1d2-bbb6-33c5-5635cba86ea9 (Run Reports) failed in CRON run
Sun Nov  1 02:25:02 2015 [62639][1][FATAL] Job 568c6d8a-d470-8043-548d-5635cc35fee8 (Run Report Generation Scheduled Tasks) failed in CRON run
Sun Nov  1 02:25:04 2015 [62639][1][FATAL] Job b20be45b-7acb-24d3-3bc4-5635ccf391ac (Run Reports) failed in CRON run
Sun Nov  1 02:30:10 2015 [68105][1][FATAL] Job b2ef711a-6dbb-214e-d02b-5635cd3d5227 (Run Reports) failed in CRON run
Sun Nov  1 02:30:10 2015 [68105][1][FATAL] Job ea148b65-a952-0d3a-dece-5635cdfb2011 (Run Report Generation Scheduled Tasks) failed in CRON run
Sun Nov  1 02:35:03 2015 [74430][1][FATAL] Job 92af07db-9ba1-6e99-fa5a-5635ce186e03 (Run Reports) failed in CRON run
Sun Nov  1 02:35:03 2015 [74430][1][FATAL] Job a144c150-6ff2-5b80-91ec-5635ce75ca88 (Run Report Generation Scheduled Tasks) failed in CRON run
Sun Nov  1 02:40:04 2015 [80363][1][FATAL] Job 2a51b13b-e001-f447-22ad-5635cf4eebb2 (Run Report Generation Scheduled Tasks) failed in CRON run
Sun Nov  1 02:40:07 2015 [80363][1][FATAL] Job fea6004b-0437-4bc2-657a-5635cf3c3664 (Run Reports) failed in CRON run
Sun Nov  1 02:45:03 2015 [86442][1][FATAL] Job 89c20578-858b-697f-79fb-5635d13214f2 (Run Reports) failed in CRON run
Sun Nov  1 02:45:03 2015 [86442][1][FATAL] Job 9fc68546-d3f5-b800-529a-5635d1a5004b (Run Report Generation Scheduled Tasks) failed in CRON run
Sun Nov  1 02:50:02 2015 [92842][1][FATAL] Job 5296ae0e-1932-16b4-e331-5635d2d7d899 (Run Report Generation Scheduled Tasks) failed in CRON run
Sun Nov  1 02:50:05 2015 [92842][1][FATAL] Job bf47f741-d81a-45f3-b9e4-5635d2d4f960 (Run Reports) failed in CRON run
Sun Nov  1 02:55:06 2015 [99818][1][FATAL] Job 310d3b8f-f36e-0158-53e5-5635d3cde773 (Run Reports) failed in CRON run
Sun Nov  1 02:55:06 2015 [99818][1][FATAL] Job c28b8eb0-de80-e041-9107-5635d30203e8 (Run Report Generation Scheduled Tasks) failed in CRON run
Sun Nov  1 03:00:09 2015 [105849][1][FATAL] Job 1bc576fc-c297-7366-79f2-5635d4f01de0 (Run Report Generation Scheduled Tasks) failed in CRON run
Sun Nov  1 03:00:09 2015 [105849][1][FATAL] Job 4902842a-5236-9ab2-49a9-5635d466f156 (Run Reports) failed in CRON run
Sun Nov  1 03:05:02 2015 [111768][1][FATAL] Job 38c0237b-6d33-2afe-3118-5635d5816f0f (Run Report Generation Scheduled Tasks) failed in CRON run
Sun Nov  1 03:05:06 2015 [111768][1][FATAL] Job abcc5c86-f054-d507-9248-5635d598ba4c (Run Reports) failed in CRON run
Sun Nov  1 03:10:02 2015 [117232][1][FATAL] Job 49fb091f-d854-9366-9abd-5635d64a16cb (Run Report Generation Scheduled Tasks) failed in CRON run
Sun Nov  1 03:10:05 2015 [117232][1][FATAL] Job ae9f9d93-874f-6635-3061-5635d660fb36 (Run Reports) failed in CRON run
Sun Nov  1 03:15:03 2015 [123014][1][FATAL] Job 22b71604-250e-fbdf-2ddc-5635d82a8011 (Run Report Generation Scheduled Tasks) failed in CRON run
Sun Nov  1 03:15:07 2015 [123014][1][FATAL] Job 98dc0c1f-ab8b-5dca-6986-5635d8f5ab09 (Run Reports) failed in CRON run
Sun Nov  1 03:20:03 2015 [128149][1][FATAL] Job 437237f8-09e3-dd20-78f6-5635d95ed0f6 (Run Report Generation Scheduled Tasks) failed in CRON run
Sun Nov  1 03:20:06 2015 [128149][1][FATAL] Job e5c7358e-ed93-9e66-378e-5635d966f1da (Run Reports) failed in CRON run
Sun Nov  1 03:25:02 2015 [3507][1][FATAL] Job 5792a268-a1ac-8309-8f53-5635da9b696e (Run Report Generation Scheduled Tasks) failed in CRON run
Sun Nov  1 03:25:06 2015 [3507][1][FATAL] Job ac33d55b-602c-894e-a84e-5635daf26dba (Run Reports) failed in CRON run
Sun Nov  1 03:30:05 2015 [9096][1][FATAL] Job 3a240ea2-6694-1f85-f777-5635db901cf8 (Run Report Generation Scheduled Tasks) failed in CRON run
Sun Nov  1 03:30:05 2015 [9096][1][FATAL] Job 7c300340-08e0-8cc6-6840-5635dbdf9d0f (Run Reports) failed in CRON run
Sun Nov  1 03:35:04 2015 [15378][1][FATAL] Job 53bbbb17-a6e7-fb3e-e9d7-5635dc082d83 (Run Report Generation Scheduled Tasks) failed in CRON run
Sun Nov  1 03:35:07 2015 [15378][1][FATAL] Job d2aa6b73-676f-6e94-fca2-5635dcfcd570 (Run Reports) failed in CRON run
Sun Nov  1 03:40:04 2015 [21215][1][FATAL] Job 11a1c386-e769-8f85-7a52-5635dd71d795 (Run Reports) failed in CRON run
Sun Nov  1 03:40:04 2015 [21215][1][FATAL] Job 9ce38fd9-c9a1-71b3-4f8d-5635dd3e5b85 (Run Report Generation Scheduled Tasks) failed in CRON run
Sun Nov  1 03:45:05 2015 [28587][1][FATAL] Job 216b1fda-4b6f-8ddd-32b9-5635df937b72 (Run Report Generation Scheduled Tasks) failed in CRON run
Sun Nov  1 03:45:09 2015 [28587][1][FATAL] Job 89cd0abd-a6c7-3a36-1f89-5635df454e40 (Run Reports) failed in CRON run
Sun Nov  1 03:50:08 2015 [35361][1][FATAL] Job 574aaaef-6203-5240-1262-5635e02024e4 (Run Reports) failed in CRON run
Sun Nov  1 03:50:08 2015 [35361][1][FATAL] Job ba8b87d5-84e3-c299-39fa-5635e0f57ebe (Run Report Generation Scheduled Tasks) failed in CRON run
Sun Nov  1 03:55:07 2015 [42480][1][FATAL] Job 751674d8-a4a6-b246-786e-5635e1d32c13 (Run Reports) failed in CRON run
Sun Nov  1 03:55:07 2015 [42480][1][FATAL] Job d151247d-18e3-0b17-d303-5635e12ba62b (Run Report Generation Scheduled Tasks) failed in CRON run
Sun Nov  1 04:00:13 2015 [48585][1][FATAL] Job af1893c5-a4bb-240a-ca5f-5635e27f0933 (Run Report Generation Scheduled Tasks) failed in CRON run
Sun Nov  1 04:00:13 2015 [48585][1][FATAL] Job bdf65ab2-501f-7336-8d6a-5635e2f7d234 (Run Reports) failed in CRON run
Sun Nov  1 04:05:06 2015 [56698][1][FATAL] Job 34659b90-bfac-04a6-22b3-5635e361f0ba (Run Reports) failed in CRON run
Sun Nov  1 04:05:06 2015 [56698][1][FATAL] Job bd3d5d3d-0d89-5e88-ba12-5635e3ffe078 (Run Report Generation Scheduled Tasks) failed in CRON run
Sun Nov  1 04:10:02 2015 [63873][1][FATAL] Job 45c0e12e-c917-fc1b-8756-5635e4d205c6 (Run Report Generation Scheduled Tasks) failed in CRON run
Sun Nov  1 04:10:05 2015 [63873][1][FATAL] Job 92beafc3-d9ed-51ec-87dd-5635e47f4f9a (Run Reports) failed in CRON run
Sun Nov  1 04:15:03 2015 [69805][1][FATAL] Job 70d5af62-b178-bb9a-371b-5635e6a22db8 (Run Report Generation Scheduled Tasks) failed in CRON run
Sun Nov  1 04:15:05 2015 [69805][1][FATAL] Job de92b620-e840-b259-156c-5635e6f3ebd3 (Run Reports) failed in CRON run
Sun Nov  1 04:20:03 2015 [75104][1][FATAL] Job 16300fe9-78c1-a43f-6de0-5635e7b0fdcd (Run Reports) failed in CRON run
Sun Nov  1 04:20:03 2015 [75104][1][FATAL] Job 822c8685-ce34-fc90-c1f2-5635e71ffc6f (Run Report Generation Scheduled Tasks) failed in CRON run
Sun Nov  1 04:25:06 2015 [80583][1][FATAL] Job 6c11812b-0f16-1197-c35d-5635e8fa5af8 (Run Reports) failed in CRON run
Sun Nov  1 04:25:06 2015 [80583][1][FATAL] Job eaaff118-c3a3-63d5-54b6-5635e806312d (Run Report Generation Scheduled Tasks) failed in CRON run
Sun Nov  1 04:30:04 2015 [95172][1][FATAL] Job 220718ef-48df-3a46-5014-5635e9820348 (Run Report Generation Scheduled Tasks) failed in CRON run
Sun Nov  1 04:30:08 2015 [95172][1][FATAL] Job a0076542-a732-dbc2-b003-5635e9682f07 (Run Reports) failed in CRON run
Sun Nov  1 04:35:07 2015 [100740][1][FATAL] Job 325e85a9-b5a3-ea34-036c-5635eabda840 (Run Reports) failed in CRON run
Sun Nov  1 04:35:07 2015 [100740][1][FATAL] Job a77567ed-c458-39cc-d9b5-5635eaf62ee6 (Run Report Generation Scheduled Tasks) failed in CRON run
Sun Nov  1 04:40:03 2015 [106432][1][FATAL] Job 34400196-0887-e33b-1835-5635ec3efad1 (Run Report Generation Scheduled Tasks) failed in CRON run
Sun Nov  1 04:40:06 2015 [106432][1][FATAL] Job 688a5d9c-1016-1c0d-5394-5635ec7a8421 (Run Reports) failed in CRON run
Sun Nov  1 04:45:07 2015 [113558][1][FATAL] Job 2c749dbd-17fd-196f-cd3a-5635edb9aaaf (Run Reports) failed in CRON run
Sun Nov  1 04:45:07 2015 [113558][1][FATAL] Job bca2d43d-5cfc-45cd-88e4-5635ed5a42a7 (Run Report Generation Scheduled Tasks) failed in CRON run
Sun Nov  1 04:50:06 2015 [120211][1][FATAL] Job 3b280fb7-2f44-4719-144d-5635ee0803d1 (Run Reports) failed in CRON run
Sun Nov  1 04:50:06 2015 [120211][1][FATAL] Job a8383df2-099f-2a74-03e6-5635ee0a0668 (Run Report Generation Scheduled Tasks) failed in CRON run
Sun Nov  1 04:55:03 2015 [126469][1][FATAL] Job 2b480f1a-a245-b48a-2bb9-5635ef22ec7f (Run Reports) failed in CRON run
Sun Nov  1 04:55:03 2015 [126469][1][FATAL] Job af2184af-bf69-b2ac-5f11-5635ef4706fc (Run Report Generation Scheduled Tasks) failed in CRON run
Sun Nov  1 05:00:15 2015 [2682][1][FATAL] Job 3722cab6-0204-25bb-842f-5635f04218fb (Run Report Generation Scheduled Tasks) failed in CRON run
Sun Nov  1 05:00:15 2015 [2682][1][FATAL] Job 3cfef9e0-2689-0063-9062-5635f0d6c185 (Optimise AOD Index) failed in CRON run
Sun Nov  1 05:05:02 2015 [11829][1][FATAL] Job 3f6b0979-2c93-758f-3861-5635f094db63 (Run Reports) failed in CRON run
Sun Nov  1 05:05:03 2015 [11829][1][FATAL] Job 4a3a64d1-dc0a-c9c5-2e6a-5635f1580610 (Run Report Generation Scheduled Tasks) failed in CRON run
Sun Nov  1 05:10:05 2015 [19376][1][FATAL] Job 73e17c84-ac5a-59e1-4af0-5635f3ce6b90 (Run Reports) failed in CRON run
Sun Nov  1 05:10:05 2015 [19376][1][FATAL] Job 92710d4b-d28d-e37b-e39d-5635f3598cf2 (Run Report Generation Scheduled Tasks) failed in CRON run
Sun Nov  1 05:15:05 2015 [25391][1][FATAL] Job 3fe85fe7-89db-70df-34fb-5635f45731df (Run Reports) failed in CRON run
Sun Nov  1 05:15:05 2015 [25391][1][FATAL] Job c30bda1b-0d9d-88f4-9cf6-5635f4153850 (Run Report Generation Scheduled Tasks) failed in CRON run
Sun Nov  1 05:20:03 2015 [30912][1][FATAL] Job 1d843bfe-54d4-8d3a-96d6-5635f55f4214 (Run Reports) failed in CRON run
Sun Nov  1 05:20:05 2015 [30912][1][FATAL] Job a5eb3e82-8491-45db-3254-5635f5500579 (Run Report Generation Scheduled Tasks) failed in CRON run
Sun Nov  1 05:25:06 2015 [38734][1][FATAL] Job 2e4f75ef-4890-b5ae-2036-5635f677c814 (Run Reports) failed in CRON run
Sun Nov  1 05:25:06 2015 [38734][1][FATAL] Job d5a62679-5f50-82a5-a98b-5635f6d0a8f6 (Run Report Generation Scheduled Tasks) failed in CRON run
Sun Nov  1 05:30:07 2015 [44224][1][FATAL] Job 2528ac5c-fbce-fff2-dad9-5635f769fc1d (Run Reports) failed in CRON run
Sun Nov  1 05:30:07 2015 [44224][1][FATAL] Job 8255f2e9-7b0e-9e84-21bc-5635f72c593d (Run Report Generation Scheduled Tasks) failed in CRON run
Sun Nov  1 05:35:02 2015 [49506][1][FATAL] Job 4969ffe1-f676-a954-dea9-5635f87b18fc (Run Report Generation Scheduled Tasks) failed in CRON run
Sun Nov  1 05:35:04 2015 [49506][1][FATAL] Job 99d40e09-4fe0-9568-3eca-5635f8eb2c79 (Run Reports) failed in CRON run
Sun Nov  1 05:40:03 2015 [54913][1][FATAL] Job 74010135-bb3b-cc41-a79d-5635fa93b801 (Run Reports) failed in CRON run
Sun Nov  1 05:40:03 2015 [54913][1][FATAL] Job 91c541b6-5de0-8e8a-6dd8-5635face684e (Run Report Generation Scheduled Tasks) failed in CRON run
Sun Nov  1 05:45:05 2015 [60039][1][FATAL] Job 225ee37c-f6be-e53b-b9b0-5635fb39596d (Run Reports) failed in CRON run
Sun Nov  1 05:45:05 2015 [60039][1][FATAL] Job 8f9b80e6-7197-5c2e-8a90-5635fb20d995 (Run Report Generation Scheduled Tasks) failed in CRON run
Sun Nov  1 05:50:02 2015 [65867][1][FATAL] Job 6767fe8b-725d-100d-8c7c-5635fcbd0533 (Run Report Generation Scheduled Tasks) failed in CRON run
Sun Nov  1 05:50:05 2015 [65867][1][FATAL] Job bdd7f528-2743-61d2-cef2-5635fcbc7a09 (Run Reports) failed in CRON run
Sun Nov  1 05:55:02 2015 [72214][1][FATAL] Job 5e9191af-0294-2d00-d458-5635fdb19f52 (Run Report Generation Scheduled Tasks) failed in CRON run
Sun Nov  1 05:55:05 2015 [72214][1][FATAL] Job d8e8ae09-3206-2616-dd1f-5635fd5b8095 (Run Reports) failed in CRON run
Sun Nov  1 06:00:11 2015 [77757][1][FATAL] Job 17cee558-d656-68c9-3c2a-5635fea22452 (Run Reports) failed in CRON run
Sun Nov  1 06:00:13 2015 [77757][1][FATAL] Job c56d0eec-602b-2e46-dbc7-5635fef315ef (Run Report Generation Scheduled Tasks) failed in CRON run
Sun Nov  1 06:05:04 2015 [84834][1][FATAL] Job 29bdbd5a-2cdd-fcf5-ed3f-5635ff8a19e0 (Run Reports) failed in CRON run
Sun Nov  1 06:05:04 2015 [84834][1][FATAL] Job c00c2696-c0ed-967a-0138-5635ff9660fd (Run Report Generation Scheduled Tasks) failed in CRON run
Sun Nov  1 06:10:03 2015 [92102][1][FATAL] Job 23645ef5-9229-db73-9753-563601c9f083 (Run Report Generation Scheduled Tasks) failed in CRON run
Sun Nov  1 06:10:05 2015 [92102][1][FATAL] Job 904f2cf9-b032-0394-3c5c-5636016e5a8b (Run Reports) failed in CRON run
Sun Nov  1 06:15:06 2015 [98730][1][FATAL] Job 8fa10dd9-f04b-3db1-76dc-56360274169f (Run Reports) failed in CRON run
Sun Nov  1 06:15:06 2015 [98730][1][FATAL] Job c7f07390-a869-c702-1903-563602dd31b0 (Run Report Generation Scheduled Tasks) failed in CRON run
Sun Nov  1 06:20:02 2015 [105802][1][FATAL] Job 756e4bf8-08d3-aa6d-bf76-563603600425 (Run Report Generation Scheduled Tasks) failed in CRON run
Sun Nov  1 06:20:05 2015 [105802][1][FATAL] Job c3f1cc33-e7e2-69e2-fb4c-56360377815a (Run Reports) failed in CRON run
Sun Nov  1 06:25:06 2015 [114202][1][FATAL] Job b9c87af9-6c63-7724-35af-5636044e6bbb (Run Reports) failed in CRON run
Sun Nov  1 06:25:06 2015 [114202][1][FATAL] Job ed82c72a-e753-7aed-4b9c-5636045ea1e3 (Run Report Generation Scheduled Tasks) failed in CRON run
Sun Nov  1 06:30:09 2015 [121712][1][FATAL] Job b5e06efa-b4c6-a02e-33f1-563605e51063 (Run Reports) failed in CRON run
Sun Nov  1 06:30:09 2015 [121712][1][FATAL] Job e0d1dc01-bbe1-613c-78c2-563605f69af9 (Run Report Generation Scheduled Tasks) failed in CRON run
Sun Nov  1 06:35:07 2015 [129393][1][FATAL] Job 71d58de0-deff-a575-1ff0-56360671f31a (Run Reports) failed in CRON run
Sun Nov  1 06:35:07 2015 [129393][1][FATAL] Job e4a8476c-484d-91bb-07ac-563606bf3b54 (Run Report Generation Scheduled Tasks) failed in CRON run
Sun Nov  1 06:40:03 2015 [6726][1][FATAL] Job 23f330a3-b37a-af53-c5a2-5636082e5ea2 (Run Report Generation Scheduled Tasks) failed in CRON run
Sun Nov  1 06:40:07 2015 [6726][1][FATAL] Job 8fa9ee80-3950-8f9f-960f-5636081bdb77 (Run Reports) failed in CRON run
Sun Nov  1 06:45:03 2015 [13653][1][FATAL] Job 4a5408aa-32a8-1293-9660-563609537caf (Run Report Generation Scheduled Tasks) failed in CRON run
Sun Nov  1 06:45:07 2015 [13653][1][FATAL] Job b819c30a-e5f7-aeeb-6ad5-56360974fd56 (Run Reports) failed in CRON run
Sun Nov  1 06:50:03 2015 [20357][1][FATAL] Job 621e0287-873d-ecfc-36e7-56360a339677 (Run Report Generation Scheduled Tasks) failed in CRON run
Sun Nov  1 06:50:06 2015 [20357][1][FATAL] Job 8cc487e6-d406-7fc0-0489-56360a0ffa61 (Run Reports) failed in CRON run
Sun Nov  1 06:55:04 2015 [28062][1][FATAL] Job 25b9d8a1-64e7-04fd-e982-56360ba2bcff (Run Reports) failed in CRON run
Sun Nov  1 06:55:09 2015 [28062][1][FATAL] Job 59b02887-0dfd-6ac0-e559-56360b63055e (Run Report Generation Scheduled Tasks) failed in CRON run
Sun Nov  1 07:00:07 2015 [34264][1][FATAL] Job 1ded29f3-a825-91c5-4e2a-56360c0b5b83 (Run Reports) failed in CRON run
Sun Nov  1 07:00:07 2015 [34264][1][FATAL] Job 5c8ead42-2c14-d7b5-2467-56360c9da664 (Run Report Generation Scheduled Tasks) failed in CRON run
Sun Nov  1 07:05:02 2015 [41107][1][FATAL] Job 2387a6ed-0094-5b75-ad11-56360dc0c5b9 (Run Report Generation Scheduled Tasks) failed in CRON run
Sun Nov  1 07:05:04 2015 [41107][1][FATAL] Job 7e304170-c59f-ff73-a8f6-56360dbe91f7 (Run Reports) failed in CRON run
Sun Nov  1 07:10:02 2015 [46738][1][FATAL] Job 695a3e57-6859-9ae3-1127-56360f7d76a8 (Run Report Generation Scheduled Tasks) failed in CRON run
Sun Nov  1 07:10:04 2015 [46738][1][FATAL] Job b7ef7df2-8a25-4364-a0b1-56360f45048b (Run Reports) failed in CRON run
Sun Nov  1 07:15:07 2015 [52294][1][FATAL] Job 37e4394e-54d1-5d27-3ad9-5636103e542c (Run Reports) failed in CRON run
Sun Nov  1 07:15:07 2015 [52294][1][FATAL] Job a7964fcd-8aff-4177-2738-563610635212 (Run Report Generation Scheduled Tasks) failed in CRON run
Sun Nov  1 07:20:05 2015 [60546][1][FATAL] Job 2bbe3812-7036-9d80-ddd9-56361164053a (Run Reports) failed in CRON run
Sun Nov  1 07:20:05 2015 [60546][1][FATAL] Job b0cd7d16-9f30-9871-262f-5636111013d1 (Run Report Generation Scheduled Tasks) failed in CRON run
Sun Nov  1 07:25:02 2015 [66334][1][FATAL] Job 545ee3fd-0110-f1d3-9bad-5636120875dd (Run Report Generation Scheduled Tasks) failed in CRON run
Sun Nov  1 07:25:04 2015 [66334][1][FATAL] Job a36c1d13-5998-db94-d8ba-563612a22420 (Run Reports) failed in CRON run
Sun Nov  1 07:30:03 2015 [73173][1][FATAL] Job 25d70c77-aadc-c723-c05c-56361342e6ac (Run Report Generation Scheduled Tasks) failed in CRON run
Sun Nov  1 07:30:06 2015 [73173][1][FATAL] Job 893badcf-9267-0120-1301-56361328d050 (Run Reports) failed in CRON run
Sun Nov  1 07:35:02 2015 [80108][1][FATAL] Job 5f66403a-19c7-ad93-332a-5636156d810d (Run Report Generation Scheduled Tasks) failed in CRON run
Sun Nov  1 07:35:04 2015 [80108][1][FATAL] Job c9c7705f-ca36-b6a3-8abf-56361540ea13 (Run Reports) failed in CRON run
Sun Nov  1 07:40:07 2015 [86535][1][FATAL] Job 24d198c3-dd23-5233-12c2-563616d845ea (Run Reports) failed in CRON run
Sun Nov  1 07:40:07 2015 [86535][1][FATAL] Job a3739f48-1425-a41f-27bf-5636168b2ff1 (Run Report Generation Scheduled Tasks) failed in CRON run
Sun Nov  1 07:45:03 2015 [93317][1][FATAL] Job 1b444252-6202-1cc9-14ec-563617625fef (Run Reports) failed in CRON run
Sun Nov  1 07:45:03 2015 [93317][1][FATAL] Job 9da012ae-1680-b53f-d69b-56361739b21c (Run Report Generation Scheduled Tasks) failed in CRON run
Sun Nov  1 07:50:05 2015 [99119][1][FATAL] Job 479ca709-cc99-6fec-65d3-5636180aa9d9 (Run Reports) failed in CRON run
Sun Nov  1 07:50:05 2015 [99119][1][FATAL] Job 7fc16567-3366-ddad-2c0c-563618b84964 (Run Report Generation Scheduled Tasks) failed in CRON run
Sun Nov  1 07:55:02 2015 [104830][1][FATAL] Job 29ff0343-0077-ad80-3cd3-5636195a6596 (Run Report Generation Scheduled Tasks) failed in CRON run
Sun Nov  1 07:55:05 2015 [104830][1][FATAL] Job ab70c74d-aff6-b10a-dbbb-5636197156a8 (Run Reports) failed in CRON run
Sun Nov  1 08:00:09 2015 [111716][1][FATAL] Job 3f5009ed-5011-8df4-d1f1-56361a13da58 (Run Report Generation Scheduled Tasks) failed in CRON run
Sun Nov  1 08:00:10 2015 [111716][1][FATAL] Job 773cba75-d6c8-7c19-3445-56361aa64a07 (Optimise AOD Index) failed in CRON run
Sun Nov  1 08:05:04 2015 [118675][1][FATAL] Job a9d7a5a0-7a24-8ec6-b7e5-56361a3d458c (Run Reports) failed in CRON run
Sun Nov  1 08:05:04 2015 [118675][1][FATAL] Job 40c2358b-79e1-45b9-31a9-56361c784784 (Run Report Generation Scheduled Tasks) failed in CRON run
Sun Nov  1 08:10:05 2015 [125746][1][FATAL] Job a703b2a3-b904-d966-2d7f-56361d72b324 (Run Report Generation Scheduled Tasks) failed in CRON run
Sun Nov  1 08:10:05 2015 [125746][1][FATAL] Job fe4203c7-a623-313b-0f20-56361d6fc97d (Run Reports) failed in CRON run
Sun Nov  1 08:15:06 2015 [1969][1][FATAL] Job 729a3e0c-0051-a752-22fa-56361e0cdf02 (Run Reports) failed in CRON run
Sun Nov  1 08:15:06 2015 [1969][1][FATAL] Job eca3ed69-63b6-f8c7-35dc-56361e6c5ff5 (Run Report Generation Scheduled Tasks) failed in CRON run
Sun Nov  1 08:20:04 2015 [8323][1][FATAL] Job 32a8eea5-b4f5-e0e6-577a-56361f450837 (Run Reports) failed in CRON run
Sun Nov  1 08:20:04 2015 [8323][1][FATAL] Job d42e8b33-9b84-d49c-e22a-56361f68a04f (Run Report Generation Scheduled Tasks) failed in CRON run
Sun Nov  1 08:25:02 2015 [14578][1][FATAL] Job 35d1bd7a-a69f-a898-7bbc-563620b5f679 (Run Report Generation Scheduled Tasks) failed in CRON run
Sun Nov  1 08:25:04 2015 [14578][1][FATAL] Job aacbd390-652f-ed9b-cf2a-56362084b568 (Run Reports) failed in CRON run
Sun Nov  1 08:30:03 2015 [21388][1][FATAL] Job 2a348ecc-d7b7-4991-2386-5636214cc69e (Run Report Generation Scheduled Tasks) failed in CRON run
Sun Nov  1 08:30:06 2015 [21388][1][FATAL] Job a37755d4-1355-eaa2-6fd1-563621c5d1fc (Run Reports) failed in CRON run
Sun Nov  1 08:35:02 2015 [27737][1][FATAL] Job 63561858-6dfc-c8a0-ffa2-5636238f9793 (Run Report Generation Scheduled Tasks) failed in CRON run
Sun Nov  1 08:35:05 2015 [27737][1][FATAL] Job b87bd3e6-9a97-9bac-c95c-563623cf48ae (Run Reports) failed in CRON run
Sun Nov  1 08:40:05 2015 [33763][1][FATAL] Job 40a374fa-f2e5-5419-d057-563624b0138a (Run Report Generation Scheduled Tasks) failed in CRON run
Sun Nov  1 08:40:08 2015 [33763][1][FATAL] Job df77b48e-8f50-2e23-804d-5636244ec1c9 (Run Reports) failed in CRON run
Sun Nov  1 08:45:06 2015 [40288][1][FATAL] Job 931d35e9-48c9-8cbd-d63b-563625d0a4d9 (Run Reports) failed in CRON run
Sun Nov  1 08:45:06 2015 [40288][1][FATAL] Job b2b409fe-0081-8b0a-88c9-56362514c2a7 (Run Report Generation Scheduled Tasks) failed in CRON run
Sun Nov  1 08:50:03 2015 [46000][1][FATAL] Job 35d2f8f3-8a80-127b-aaac-563626a3e682 (Run Report Generation Scheduled Tasks) failed in CRON run
Sun Nov  1 08:50:05 2015 [46000][1][FATAL] Job 92c6fa0f-59db-6cbc-fe07-563626e6ff23 (Run Reports) failed in CRON run
Sun Nov  1 08:55:05 2015 [51546][1][FATAL] Job 2d7ae375-c4b2-47b5-9f07-563627b4321e (Run Reports) failed in CRON run
Sun Nov  1 08:55:05 2015 [51546][1][FATAL] Job d3ca88bd-4e81-06ad-3e1a-563627c0b83a (Run Report Generation Scheduled Tasks) failed in CRON run
Sun Nov  1 09:00:09 2015 [58553][1][FATAL] Job 557cedbf-e9cd-99fd-665b-5636282b219f (Run Reports) failed in CRON run
Sun Nov  1 09:00:10 2015 [58553][1][FATAL] Job 9c232e78-5bc5-0366-8eba-5636288b1f09 (Run Report Generation Scheduled Tasks) failed in CRON run
Sun Nov  1 09:05:03 2015 [65071][1][FATAL] Job 1a6563d2-d9c8-0741-80a4-56362ac78260 (Run Reports) failed in CRON run
Sun Nov  1 09:05:06 2015 [65071][1][FATAL] Job 8f69f577-6506-0258-1da5-56362afd79b0 (Run Report Generation Scheduled Tasks) failed in CRON run
Sun Nov  1 09:10:06 2015 [71074][1][FATAL] Job 33af3aaa-f1ac-98f4-e9c9-56362b23814d (Run Reports) failed in CRON run
Sun Nov  1 09:10:06 2015 [71074][1][FATAL] Job a6a947fb-1c8b-e6b3-dbea-56362b2270cc (Run Report Generation Scheduled Tasks) failed in CRON run
Sun Nov  1 09:15:05 2015 [78396][1][FATAL] Job 7c4eea85-5ea0-2b63-82ba-56362c1db9ed (Run Reports) failed in CRON run
Sun Nov  1 09:15:05 2015 [78396][1][FATAL] Job d50007ac-64f0-e0d5-bf09-56362c1f1c72 (Run Report Generation Scheduled Tasks) failed in CRON run
Sun Nov  1 09:20:07 2015 [84475][1][FATAL] Job 5c5530cb-ddd3-a9f5-bb93-56362d5377a1 (Run Reports) failed in CRON run
Sun Nov  1 09:20:07 2015 [84475][1][FATAL] Job d671f282-3c8d-16e7-6076-56362d061eb6 (Run Report Generation Scheduled Tasks) failed in CRON run
Sun Nov  1 09:25:03 2015 [91082][1][FATAL] Job 8cec263c-754a-6305-1e97-56362e50382e (Run Report Generation Scheduled Tasks) failed in CRON run
Sun Nov  1 09:25:05 2015 [91082][1][FATAL] Job ea419019-8e61-06e0-a029-56362e086fa4 (Run Reports) failed in CRON run
Sun Nov  1 09:30:12 2015 [97498][1][FATAL] Job a033bbd7-857f-79b4-13cd-56362f8a47be (Run Reports) failed in CRON run
Sun Nov  1 09:30:12 2015 [97498][1][FATAL] Job efdae50e-9169-9561-0346-56362f330bbb (Run Report Generation Scheduled Tasks) failed in CRON run
Sun Nov  1 09:35:05 2015 [103715][1][FATAL] Job 2d7b508a-c7ee-1a95-65a4-563631d85454 (Run Reports) failed in CRON run
Sun Nov  1 09:35:05 2015 [103715][1][FATAL] Job aeac7564-90e4-06b2-30df-5636318ce969 (Run Report Generation Scheduled Tasks) failed in CRON run
Sun Nov  1 09:40:03 2015 [110169][1][FATAL] Job 13c6d29b-0986-945c-7e37-563632904383 (Run Reports) failed in CRON run
Sun Nov  1 09:40:03 2015 [110169][1][FATAL] Job 6d72e514-43e9-e765-4d87-5636327bb95d (Run Report Generation Scheduled Tasks) failed in CRON run
Sun Nov  1 09:45:03 2015 [117087][1][FATAL] Job 4d680c67-7c31-805c-da08-563633476c46 (Run Report Generation Scheduled Tasks) failed in CRON run
Sun Nov  1 09:45:06 2015 [117087][1][FATAL] Job 81eb76e8-b140-e70b-7845-563633bb63e0 (Run Reports) failed in CRON run
Sun Nov  1 09:50:03 2015 [122814][1][FATAL] Job 62fbc5a3-04e2-45f1-42d4-56363474c3fa (Run Report Generation Scheduled Tasks) failed in CRON run
Sun Nov  1 09:50:05 2015 [122814][1][FATAL] Job d547833e-2b01-d4cf-dcb4-56363409991a (Run Reports) failed in CRON run
Sun Nov  1 09:55:02 2015 [128776][1][FATAL] Job 217d1381-4b13-585c-f7e5-56363518b0f4 (Run Report Generation Scheduled Tasks) failed in CRON run
Sun Nov  1 09:55:04 2015 [128776][1][FATAL] Job 73073648-3083-430f-ef7f-5636354957de (Run Reports) failed in CRON run
Sun Nov  1 10:00:10 2015 [4394][1][FATAL] Job 7da82b70-f5d0-ee69-8d22-56363733162a (Run Report Generation Scheduled Tasks) failed in CRON run
Sun Nov  1 10:00:10 2015 [4394][1][FATAL] Job 88bf5066-bb8b-6390-3487-563637530ab9 (Run Reports) failed in CRON run
Sun Nov  1 10:05:04 2015 [11373][1][FATAL] Job 3e8628f8-efb1-7863-13e7-563638d1ca0d (Run Reports) failed in CRON run
Sun Nov  1 10:05:04 2015 [11373][1][FATAL] Job e0a7e079-bc2e-3e4b-b08c-56363873f6ea (Run Report Generation Scheduled Tasks) failed in CRON run
Sun Nov  1 10:10:03 2015 [20030][1][FATAL] Job 61320b49-d5eb-540e-ad12-563639c7a0e5 (Run Reports) failed in CRON run
Sun Nov  1 10:10:03 2015 [20030][1][FATAL] Job 997319c5-c0d2-23df-34ed-563639061fff (Run Report Generation Scheduled Tasks) failed in CRON run
Sun Nov  1 10:15:02 2015 [27079][1][FATAL] Job 5a5b8442-3251-43d9-254c-56363ab6f0d5 (Run Report Generation Scheduled Tasks) failed in CRON run
Sun Nov  1 10:15:05 2015 [27079][1][FATAL] Job c2870271-2e9d-6be4-9b62-56363ad6676b (Run Reports) failed in CRON run
Sun Nov  1 10:20:05 2015 [34167][1][FATAL] Job 1bb9ac73-a548-9ba5-2786-56363b11a71f (Run Reports) failed in CRON run
Sun Nov  1 10:20:05 2015 [34167][1][FATAL] Job afcfc55b-e6ba-8bca-5d9a-56363b597d90 (Run Report Generation Scheduled Tasks) failed in CRON run
Sun Nov  1 10:25:06 2015 [40866][1][FATAL] Job 543c81c6-7221-afc6-ddac-56363c64db1c (Run Reports) failed in CRON run
Sun Nov  1 10:25:06 2015 [40866][1][FATAL] Job d01b3013-fe66-dcb4-c7bd-56363c99b3a4 (Run Report Generation Scheduled Tasks) failed in CRON run
Sun Nov  1 10:30:04 2015 [48467][1][FATAL] Job 23f3d450-d04f-db5f-0a0d-56363e6e7943 (Run Reports) failed in CRON run
Sun Nov  1 10:30:06 2015 [48467][1][FATAL] Job b526d09f-41bb-c915-0ecf-56363eb97ff2 (Run Report Generation Scheduled Tasks) failed in CRON run
Sun Nov  1 10:35:02 2015 [54351][1][FATAL] Job 84fd6749-8b78-c489-791d-56363fa6b3b8 (Run Report Generation Scheduled Tasks) failed in CRON run
Sun Nov  1 10:35:05 2015 [54351][1][FATAL] Job cd06da83-6822-6a6b-0cda-56363f5c3618 (Run Reports) failed in CRON run
Sun Nov  1 10:40:03 2015 [60929][1][FATAL] Job 16c538b1-469a-2e38-c548-56364031fc89 (Run Report Generation Scheduled Tasks) failed in CRON run
Sun Nov  1 10:40:05 2015 [60929][1][FATAL] Job 9c11d0f4-462d-5bd8-0fc1-563640fd5fe3 (Run Reports) failed in CRON run
Sun Nov  1 10:45:03 2015 [68649][1][FATAL] Job 17bf4e9a-e6c2-b2a9-75ea-5636413ced01 (Run Reports) failed in CRON run
Sun Nov  1 10:45:03 2015 [68649][1][FATAL] Job ad84a9e4-d83a-0df2-d3f6-563641a85033 (Run Report Generation Scheduled Tasks) failed in CRON run
Sun Nov  1 10:50:02 2015 [76567][1][FATAL] Job 4a20d6b1-b84a-37e9-9733-563642b8fd35 (Run Report Generation Scheduled Tasks) failed in CRON run
Sun Nov  1 10:50:05 2015 [76567][1][FATAL] Job 937114e1-fbc6-55ff-3de8-563642c6dc83 (Run Reports) failed in CRON run
Sun Nov  1 10:55:03 2015 [84569][1][FATAL] Job 198b0fb8-f0a8-23ca-b6af-5636439fb159 (Run Report Generation Scheduled Tasks) failed in CRON run
Sun Nov  1 10:55:06 2015 [84569][1][FATAL] Job a3a7d9ed-cb13-86c8-5602-56364380f300 (Run Reports) failed in CRON run
Sun Nov  1 11:05:05 2015 [100838][1][FATAL] Job 3d10d918-526b-7136-5db6-56364511e6d1 (Run Reports) failed in CRON run
Sun Nov  1 11:05:05 2015 [100838][1][FATAL] Job 40340c1c-88a1-db9e-37cb-5636456f9800 (Optimise AOD Index) failed in CRON run
Sun Nov  1 11:10:02 2015 [106949][1][FATAL] Job 73d65f63-1fce-2d5f-8f05-563645a3049b (Run Report Generation Scheduled Tasks) failed in CRON run
Sun Nov  1 11:10:06 2015 [106949][1][FATAL] Job e2ce8b38-d0f0-892e-41db-563647b37f8b (Run Reports) failed in CRON run
Sun Nov  1 11:15:02 2015 [112963][1][FATAL] Job 4f09b6ad-7f71-4e6c-4ca6-5636481a2055 (Run Report Generation Scheduled Tasks) failed in CRON run
Sun Nov  1 11:15:04 2015 [112963][1][FATAL] Job d23e9da4-823f-8016-9fe5-563648aac198 (Run Reports) failed in CRON run
Sun Nov  1 11:20:04 2015 [119325][1][FATAL] Job 67af59a5-b335-a9e1-7621-563649acc2bb (Run Report Generation Scheduled Tasks) failed in CRON run
Sun Nov  1 11:20:06 2015 [119325][1][FATAL] Job d1893c3c-066e-3ac2-31e4-563649f1b662 (Run Reports) failed in CRON run
Sun Nov  1 11:25:06 2015 [125513][1][FATAL] Job 86b6cf38-815f-20d5-c628-56364a26c7e3 (Run Reports) failed in CRON run
Sun Nov  1 11:25:06 2015 [125513][1][FATAL] Job f8990943-5451-d429-556e-56364a422804 (Run Report Generation Scheduled Tasks) failed in CRON run
Sun Nov  1 11:30:07 2015 [998][1][FATAL] Job 4ba220ab-4e59-f76e-42ed-56364c2f8200 (Run Reports) failed in CRON run
Sun Nov  1 11:30:07 2015 [998][1][FATAL] Job 91211198-222f-e37d-b325-56364c68ea9d (Run Report Generation Scheduled Tasks) failed in CRON run
Sun Nov  1 11:35:06 2015 [8116][1][FATAL] Job 67140fa1-0c00-073b-ec1c-56364d32c106 (Run Reports) failed in CRON run
Sun Nov  1 11:35:06 2015 [8116][1][FATAL] Job d17856e5-fb87-bfe0-2de9-56364d9c229c (Run Report Generation Scheduled Tasks) failed in CRON run
Sun Nov  1 11:40:02 2015 [14324][1][FATAL] Job 283d0cdf-5b05-6ea4-92cf-56364e4eef2a (Run Report Generation Scheduled Tasks) failed in CRON run
Sun Nov  1 11:40:05 2015 [14324][1][FATAL] Job a48fbfa0-e842-4b23-f6d3-56364e65ad3c (Run Reports) failed in CRON run
Sun Nov  1 11:45:05 2015 [21340][1][FATAL] Job 26dc9241-abf7-2c35-71a6-56364fd22b6f (Run Reports) failed in CRON run
Sun Nov  1 11:45:05 2015 [21340][1][FATAL] Job accb06ca-1cf5-ec52-795e-56364fae4e3d (Run Report Generation Scheduled Tasks) failed in CRON run
Sun Nov  1 11:50:02 2015 [28747][1][FATAL] Job 47ad4cda-8b47-d45e-cb48-563650c906bf (Run Report Generation Scheduled Tasks) failed in CRON run
Sun Nov  1 11:50:04 2015 [28747][1][FATAL] Job 879fbefb-6396-7974-3afb-563650e1dd19 (Run Reports) failed in CRON run
Sun Nov  1 11:55:03 2015 [34803][1][FATAL] Job 163814c0-c896-d81d-c566-56365149044c (Run Reports) failed in CRON run
Sun Nov  1 11:55:03 2015 [34803][1][FATAL] Job bcc5d16f-27b4-52c4-2433-563651047e51 (Run Report Generation Scheduled Tasks) failed in CRON run
Sun Nov  1 12:00:09 2015 [41619][1][FATAL] Job 4e5228eb-af2d-46ab-6e56-563653724471 (Run Report Generation Scheduled Tasks) failed in CRON run
Sun Nov  1 12:00:12 2015 [41619][1][FATAL] Job a88e4522-0417-371b-1f56-563653da62f9 (Run Reports) failed in CRON run
Sun Nov  1 12:05:02 2015 [51423][1][FATAL] Job 59cf0ecd-4d6e-6c7a-db28-563654923049 (Run Report Generation Scheduled Tasks) failed in CRON run
Sun Nov  1 12:05:04 2015 [51423][1][FATAL] Job b120936e-1935-a828-0117-563654f001ff (Run Reports) failed in CRON run
Sun Nov  1 12:10:04 2015 [58508][1][FATAL] Job 720f314b-771c-8b14-0c01-563655b79ebc (Run Report Generation Scheduled Tasks) failed in CRON run
Sun Nov  1 12:10:06 2015 [58508][1][FATAL] Job d602bff1-99dc-b2c7-9946-563655ff0513 (Run Reports) failed in CRON run
Sun Nov  1 12:15:02 2015 [65328][1][FATAL] Job 3b5e0f99-8cd3-70a8-b108-5636562f7d01 (Run Report Generation Scheduled Tasks) failed in CRON run
Sun Nov  1 12:15:05 2015 [65328][1][FATAL] Job cbca4c3d-a238-fa8f-accb-563656547df4 (Run Reports) failed in CRON run
Sun Nov  1 12:20:03 2015 [71466][1][FATAL] Job 6b11071a-06a5-804f-7c49-563657dc956c (Run Reports) failed in CRON run
Sun Nov  1 12:20:03 2015 [71466][1][FATAL] Job 8ee302c4-6ddc-dab3-5b10-56365746814e (Run Report Generation Scheduled Tasks) failed in CRON run
Sun Nov  1 12:25:02 2015 [77624][1][FATAL] Job 3b677560-d38b-26ff-68df-563658f732ec (Run Report Generation Scheduled Tasks) failed in CRON run
Sun Nov  1 12:25:06 2015 [77624][1][FATAL] Job d2ff5cc0-8e56-59e9-8ea2-563658d35e3e (Run Reports) failed in CRON run
Sun Nov  1 12:30:03 2015 [84682][1][FATAL] Job 1a4424d0-8887-0a91-4bf1-56365a7f4b3d (Run Report Generation Scheduled Tasks) failed in CRON run
Sun Nov  1 12:30:06 2015 [84682][1][FATAL] Job b720af83-3752-ed9c-43b1-56365aebb940 (Run Reports) failed in CRON run
Sun Nov  1 12:35:07 2015 [91491][1][FATAL] Job c6b00903-286c-13bf-39db-56365b91a76a (Run Report Generation Scheduled Tasks) failed in CRON run
Sun Nov  1 12:35:07 2015 [91491][1][FATAL] Job c7f80dbd-0354-f5bd-dcff-56365bd36cc6 (Run Reports) failed in CRON run
Sun Nov  1 12:40:06 2015 [97377][1][FATAL] Job 33e80d8d-dcdf-7042-c4b7-56365c065d7a (Run Reports) failed in CRON run
Sun Nov  1 12:40:06 2015 [97377][1][FATAL] Job c83e4bb9-6046-e195-328f-56365ccf75f2 (Run Report Generation Scheduled Tasks) failed in CRON run
Sun Nov  1 12:45:04 2015 [104176][1][FATAL] Job 6714f1d6-a416-e9ef-b8d2-56365df96681 (Run Report Generation Scheduled Tasks) failed in CRON run
Sun Nov  1 12:45:06 2015 [104176][1][FATAL] Job ec449d38-d870-c15f-3296-56365d7fd085 (Run Reports) failed in CRON run
Sun Nov  1 12:50:06 2015 [110698][1][FATAL] Job 55a6e037-05db-6638-eb42-56365e9f9311 (Run Reports) failed in CRON run
Sun Nov  1 12:50:06 2015 [110698][1][FATAL] Job cf12411b-2e2b-f334-13d1-56365ed86d00 (Run Report Generation Scheduled Tasks) failed in CRON run
Sun Nov  1 12:55:03 2015 [117682][1][FATAL] Job 899349c9-14d0-14a6-8670-563660a89ff3 (Run Report Generation Scheduled Tasks) failed in CRON run
Sun Nov  1 12:55:06 2015 [117682][1][FATAL] Job eee56397-3946-8a47-ba3b-563660cf2b3f (Run Reports) failed in CRON run
Sun Nov  1 13:00:06 2015 [124990][1][FATAL] Job 91600c0c-f592-7c3b-48d8-5636619a38c2 (Run Report Generation Scheduled Tasks) failed in CRON run
Sun Nov  1 13:00:09 2015 [124990][1][FATAL] Job bff3be2c-162c-e0d4-8dd7-56366133b726 (Run Reports) failed in CRON run
Sun Nov  1 13:05:02 2015 [1003][1][FATAL] Job 11441089-1bfd-0ee8-140d-563662ee67c5 (Run Report Generation Scheduled Tasks) failed in CRON run
Sun Nov  1 13:05:04 2015 [1003][1][FATAL] Job 6e9b28db-1efd-b641-6676-5636629d39e1 (Run Reports) failed in CRON run
Sun Nov  1 13:10:02 2015 [7853][1][FATAL] Job 693d7c67-01e0-1482-281c-563663a94e10 (Run Report Generation Scheduled Tasks) failed in CRON run
Sun Nov  1 13:10:04 2015 [7853][1][FATAL] Job a744a386-1ddf-03a2-9583-563663e24491 (Run Reports) failed in CRON run
Sun Nov  1 13:15:04 2015 [14958][1][FATAL] Job 67e8ee0a-5217-c79d-63ad-56366495975e (Run Report Generation Scheduled Tasks) failed in CRON run
Sun Nov  1 13:15:07 2015 [14958][1][FATAL] Job e0926a6d-2f3b-f984-cc7e-563664e58f84 (Run Reports) failed in CRON run
Sun Nov  1 13:20:06 2015 [22155][1][FATAL] Job 14993c5e-8579-f564-1c8a-563665cb9958 (Run Reports) failed in CRON run
Sun Nov  1 13:20:07 2015 [22155][1][FATAL] Job 9110da77-0047-d40f-f5ba-563665ea9e72 (Run Report Generation Scheduled Tasks) failed in CRON run
Sun Nov  1 13:25:03 2015 [29481][1][FATAL] Job 1ea1b6d1-c6a5-f5bc-abe8-56366729270f (Run Reports) failed in CRON run
Sun Nov  1 13:25:03 2015 [29481][1][FATAL] Job a03829b9-395a-1f0e-bd36-56366789e967 (Run Report Generation Scheduled Tasks) failed in CRON run
Sun Nov  1 13:30:03 2015 [37126][1][FATAL] Job 1ef6bcb2-c6d6-6b3f-6df1-563668097308 (Run Report Generation Scheduled Tasks) failed in CRON run
Sun Nov  1 13:30:06 2015 [37126][1][FATAL] Job 8e91ed8f-6171-eb8e-0ad1-56366846fec2 (Run Reports) failed in CRON run
Sun Nov  1 13:35:05 2015 [45209][1][FATAL] Job 6c1bba9c-7a02-05bc-afed-56366964f658 (Run Reports) failed in CRON run
Sun Nov  1 13:35:05 2015 [45209][1][FATAL] Job dd166939-e716-1223-c2e4-5636695fef13 (Run Report Generation Scheduled Tasks) failed in CRON run
Sun Nov  1 13:40:05 2015 [51857][1][FATAL] Job 387a3275-a212-f2dc-f272-56366a3780b2 (Run Report Generation Scheduled Tasks) failed in CRON run
Sun Nov  1 13:40:09 2015 [51857][1][FATAL] Job e364c977-1726-2364-9a86-56366a958747 (Run Reports) failed in CRON run
Sun Nov  1 13:45:03 2015 [60039][1][FATAL] Job a1aa346b-727e-fc58-438f-56366b2537f3 (Run Report Generation Scheduled Tasks) failed in CRON run
Sun Nov  1 13:45:03 2015 [60039][1][FATAL] Job b3090faf-56c7-833e-b1a4-56366bd9e945 (Run Reports) failed in CRON run
Sun Nov  1 13:50:02 2015 [67350][1][FATAL] Job 474e142e-2eec-34be-1647-56366c1f0406 (Run Report Generation Scheduled Tasks) failed in CRON run
Sun Nov  1 13:50:04 2015 [67350][1][FATAL] Job b2908c7b-239c-fb98-9941-56366c7f4163 (Run Reports) failed in CRON run
Sun Nov  1 13:55:04 2015 [75260][1][FATAL] Job 6577b196-5cac-fca9-46a7-56366e472d70 (Run Report Generation Scheduled Tasks) failed in CRON run
Sun Nov  1 13:55:07 2015 [75260][1][FATAL] Job e6ff43a3-948a-a5c4-431a-56366e9fe774 (Run Reports) failed in CRON run
Sun Nov  1 14:00:07 2015 [82835][1][FATAL] Job 24a19798-996e-e903-98bd-56366f6f7591 (Optimise AOD Index) failed in CRON run
Sun Nov  1 14:05:05 2015 [90667][1][FATAL] Job 49ad3d90-3dc3-7738-6fae-56366f5314b8 (Run Reports) failed in CRON run
Sun Nov  1 14:05:05 2015 [90667][1][FATAL] Job 7163cde5-b18f-d423-4757-56366fd05d56 (Run Report Generation Scheduled Tasks) failed in CRON run
Sun Nov  1 14:10:05 2015 [98838][1][FATAL] Job 4f22b173-970e-b1f5-088b-563671e0c4c6 (Run Reports) failed in CRON run
Sun Nov  1 14:10:05 2015 [98838][1][FATAL] Job 5ac107b4-0c6b-2180-5391-563671abbaef (Run Report Generation Scheduled Tasks) failed in CRON run
Sun Nov  1 14:15:03 2015 [106506][1][FATAL] Job 29fb988b-c243-dcdf-15a1-563672c11bd6 (Run Reports) failed in CRON run
Sun Nov  1 14:15:06 2015 [106506][1][FATAL] Job b11e2180-6ef0-c7bf-6c94-563672968ae6 (Run Report Generation Scheduled Tasks) failed in CRON run
Sun Nov  1 14:20:03 2015 [113143][1][FATAL] Job 5fbe3532-3412-514a-a9f0-5636731aebf9 (Run Report Generation Scheduled Tasks) failed in CRON run
Sun Nov  1 14:20:07 2015 [113143][1][FATAL] Job dd09e2d9-1b7f-a35f-160f-563673b4aa59 (Run Reports) failed in CRON run
Sun Nov  1 14:25:03 2015 [119548][1][FATAL] Job 2516f8b3-1401-db5c-5679-563675e2857a (Run Report Generation Scheduled Tasks) failed in CRON run
Sun Nov  1 14:25:08 2015 [119548][1][FATAL] Job b09e4e23-2b7d-96d0-3218-5636752af1dc (Run Reports) failed in CRON run
Sun Nov  1 14:30:07 2015 [126679][1][FATAL] Job 44574554-7ee0-3804-d1e7-5636762b6ae6 (Run Reports) failed in CRON run
Sun Nov  1 14:30:07 2015 [126679][1][FATAL] Job 9331f1a6-7c3d-8d94-8dc0-5636767ca6bd (Run Report Generation Scheduled Tasks) failed in CRON run
Sun Nov  1 14:35:03 2015 [3746][1][FATAL] Job 2cb042d3-3c6f-d30b-4432-563677595695 (Run Report Generation Scheduled Tasks) failed in CRON run
Sun Nov  1 14:35:07 2015 [3746][1][FATAL] Job b057af10-d28b-d053-e824-563677596ac1 (Run Reports) failed in CRON run
Sun Nov  1 14:40:08 2015 [11007][1][FATAL] Job 62c2801a-7f1c-9c54-9891-563678c621d1 (Run Reports) failed in CRON run
Sun Nov  1 14:40:08 2015 [11007][1][FATAL] Job ae2a651c-75b4-030f-fd12-5636785289d9 (Run Report Generation Scheduled Tasks) failed in CRON run
Sun Nov  1 14:45:08 2015 [18893][1][FATAL] Job 8dfce9e8-3cd2-3dd3-7873-5636790ba260 (Run Reports) failed in CRON run
Sun Nov  1 14:45:08 2015 [18893][1][FATAL] Job e9ffe54a-145d-3c7e-3cd4-5636795562c8 (Run Report Generation Scheduled Tasks) failed in CRON run
Sun Nov  1 14:50:08 2015 [25998][1][FATAL] Job a1e1a253-ea65-eb69-197c-56367a812a20 (Run Report Generation Scheduled Tasks) failed in CRON run
Sun Nov  1 14:50:08 2015 [25998][1][FATAL] Job adc8cb74-a020-d40d-bf3f-56367ad7c2b8 (Run Reports) failed in CRON run
Sun Nov  1 14:55:02 2015 [33233][1][FATAL] Job 5729e3d6-7750-cfc6-6d82-56367c5fa54d (Run Report Generation Scheduled Tasks) failed in CRON run
Sun Nov  1 14:55:05 2015 [33233][1][FATAL] Job d4086be9-0dc7-2326-656a-56367cc7d4cb (Run Reports) failed in CRON run
Sun Nov  1 15:00:09 2015 [39818][1][FATAL] Job 9b6ddbbb-4a3b-d291-a4b2-56367dadac9b (Run Report Generation Scheduled Tasks) failed in CRON run
Sun Nov  1 15:00:13 2015 [39818][1][FATAL] Job ddc0251b-8680-2952-da3a-56367dc48791 (Run Reports) failed in CRON run
Sun Nov  1 15:05:07 2015 [46544][1][FATAL] Job aaf6f87e-cee3-8020-3f8b-56367e067f7f (Run Reports) failed in CRON run
Sun Nov  1 15:05:07 2015 [46544][1][FATAL] Job c36a02b1-f875-d8d4-d034-56367e055114 (Run Report Generation Scheduled Tasks) failed in CRON run
Sun Nov  1 15:10:03 2015 [53327][1][FATAL] Job 20a295c5-bb2d-68b2-8e40-56367f93d580 (Run Report Generation Scheduled Tasks) failed in CRON run
Sun Nov  1 15:10:07 2015 [53327][1][FATAL] Job c4e5f845-dfe5-1631-7fa6-56367f831ae1 (Run Reports) failed in CRON run
Sun Nov  1 15:15:03 2015 [61631][1][FATAL] Job 17de29c3-3f95-c883-d9d9-5636809822f5 (Run Report Generation Scheduled Tasks) failed in CRON run
Sun Nov  1 15:15:06 2015 [61631][1][FATAL] Job 838ab2bd-4c9e-7777-5716-5636804da817 (Run Reports) failed in CRON run
Sun Nov  1 15:20:03 2015 [69940][1][FATAL] Job 303c0cac-a999-4c78-9a3d-5636822fe86d (Run Reports) failed in CRON run
Sun Nov  1 15:20:03 2015 [69940][1][FATAL] Job aad0018b-2184-b2c4-f638-563682192476 (Run Report Generation Scheduled Tasks) failed in CRON run
Sun Nov  1 15:25:04 2015 [78324][1][FATAL] Job 9ce9f311-71c0-a4ba-d4f4-56368390b18f (Run Report Generation Scheduled Tasks) failed in CRON run
Sun Nov  1 15:25:08 2015 [78324][1][FATAL] Job f180dadc-564e-42d1-eed8-563683c9f947 (Run Reports) failed in CRON run
Sun Nov  1 15:30:06 2015 [86346][1][FATAL] Job 60cd26d6-a30b-d29a-e443-563684e68bab (Run Reports) failed in CRON run
Sun Nov  1 15:30:09 2015 [86346][1][FATAL] Job d4890aad-7295-0ca5-bd3f-5636845900a6 (Run Report Generation Scheduled Tasks) failed in CRON run
Sun Nov  1 15:35:03 2015 [94760][1][FATAL] Job 18972f44-115c-bce9-7acf-563685441f51 (Run Report Generation Scheduled Tasks) failed in CRON run
Sun Nov  1 15:35:11 2015 [94760][1][FATAL] Job cb5a7bef-f1f3-0fd6-b3ab-563685a6bbcd (Run Reports) failed in CRON run
Sun Nov  1 15:40:07 2015 [102281][1][FATAL] Job 83d0800c-ac77-9b62-0995-563686ed63e6 (Run Reports) failed in CRON run
Sun Nov  1 15:40:07 2015 [102281][1][FATAL] Job c1afc8b1-1a5a-2c19-de19-563686d2006c (Run Report Generation Scheduled Tasks) failed in CRON run
Sun Nov  1 15:45:07 2015 [110738][1][FATAL] Job 7a1c0ed9-cdc5-0e59-f1c9-563687c2fe7e (Run Reports) failed in CRON run
Sun Nov  1 15:45:07 2015 [110738][1][FATAL] Job c92675d5-e01c-d3e4-b6cf-563687b464a5 (Run Report Generation Scheduled Tasks) failed in CRON run
Sun Nov  1 15:50:06 2015 [117924][1][FATAL] Job 402f287c-00a8-18a1-b110-56368900f973 (Run Reports) failed in CRON run
Sun Nov  1 15:50:06 2015 [117924][1][FATAL] Job abaaa969-49ba-0158-a5e2-56368924be5c (Run Report Generation Scheduled Tasks) failed in CRON run
Sun Nov  1 15:55:03 2015 [125289][1][FATAL] Job 4d7f02be-631e-d388-c3ca-56368acb74b4 (Run Report Generation Scheduled Tasks) failed in CRON run
Sun Nov  1 15:55:05 2015 [125289][1][FATAL] Job 820cde5e-8735-a6d1-3a74-56368a9764ef (Run Reports) failed in CRON run
Sun Nov  1 16:00:09 2015 [2772][1][FATAL] Job 49b12f19-dbd9-2089-1760-56368be9768c (Run Report Generation Scheduled Tasks) failed in CRON run
Sun Nov  1 16:00:13 2015 [2772][1][FATAL] Job 607342d7-8090-809e-92a6-56368b4c3518 (Run Reports) failed in CRON run
Sun Nov  1 16:05:06 2015 [10846][1][FATAL] Job 338c9340-630a-4b21-1318-56368c0fe000 (Run Reports) failed in CRON run
Sun Nov  1 16:05:06 2015 [10846][1][FATAL] Job be19b682-f725-6fe8-eb64-56368c7c809e (Run Report Generation Scheduled Tasks) failed in CRON run
Sun Nov  1 16:10:03 2015 [18576][1][FATAL] Job 63bb0c01-0d4e-599c-9b39-56368d39db91 (Run Reports) failed in CRON run
Sun Nov  1 16:10:03 2015 [18576][1][FATAL] Job ad9cfa2a-4288-3b19-73b8-56368d8eab25 (Run Report Generation Scheduled Tasks) failed in CRON run
Sun Nov  1 16:15:06 2015 [26390][1][FATAL] Job 69bdd5d8-095b-b610-4864-56368e01b9a4 (Run Reports) failed in CRON run
Sun Nov  1 16:15:06 2015 [26390][1][FATAL] Job eda698c0-98c4-2c75-5821-56368e45fed3 (Run Report Generation Scheduled Tasks) failed in CRON run
Sun Nov  1 16:20:02 2015 [32946][1][FATAL] Job 3328fbf1-ccb7-9f2a-0fce-563690fc923d (Run Report Generation Scheduled Tasks) failed in CRON run
Sun Nov  1 16:20:04 2015 [32946][1][FATAL] Job 7dd052e6-4a94-5eab-6b08-56369084728e (Run Reports) failed in CRON run
Sun Nov  1 16:25:04 2015 [39416][1][FATAL] Job 276cfa76-98cd-9f7e-46fc-5636912af81b (Run Report Generation Scheduled Tasks) failed in CRON run
Sun Nov  1 16:25:04 2015 [39416][1][FATAL] Job b2110e82-b987-9ec9-a94a-563691d6edec (Run Reports) failed in CRON run
Sun Nov  1 16:30:10 2015 [45926][1][FATAL] Job be55edc5-6f86-0062-6d69-56369279505b (Run Reports) failed in CRON run
Sun Nov  1 16:30:10 2015 [45926][1][FATAL] Job e5b90c50-809d-7fd6-068e-56369276658c (Run Report Generation Scheduled Tasks) failed in CRON run
Sun Nov  1 16:35:03 2015 [52431][1][FATAL] Job 7cbed7ed-9e53-a87f-dc28-563693d8894a (Run Report Generation Scheduled Tasks) failed in CRON run
Sun Nov  1 16:35:03 2015 [52431][1][FATAL] Job 7e5306c8-1925-b6bc-e3ff-563693c25b50 (Run Reports) failed in CRON run
Sun Nov  1 16:40:06 2015 [59515][1][FATAL] Job 8815478b-8e58-8522-6019-563694d538a6 (Run Reports) failed in CRON run
Sun Nov  1 16:40:06 2015 [59515][1][FATAL] Job c466bea0-e829-8f2a-9901-5636940f34da (Run Report Generation Scheduled Tasks) failed in CRON run
Sun Nov  1 16:45:03 2015 [66782][1][FATAL] Job 29859001-ea15-ce39-6d68-5636952c568a (Run Report Generation Scheduled Tasks) failed in CRON run
Sun Nov  1 16:45:06 2015 [66782][1][FATAL] Job b05d73c2-34a4-c19e-9c0c-563695469412 (Run Reports) failed in CRON run
Sun Nov  1 16:50:06 2015 [73040][1][FATAL] Job 361205bc-cc36-e9d2-8279-563697c092d6 (Run Reports) failed in CRON run
Sun Nov  1 16:50:06 2015 [73040][1][FATAL] Job bfa6cb78-8210-0d54-a058-5636971a11d4 (Run Report Generation Scheduled Tasks) failed in CRON run
Sun Nov  1 16:55:03 2015 [80210][1][FATAL] Job 1a89600c-c090-242c-4e85-56369884dfe1 (Run Reports) failed in CRON run
Sun Nov  1 16:55:03 2015 [80210][1][FATAL] Job aa38f9aa-7b90-e4dd-47fb-5636981d8c3d (Run Report Generation Scheduled Tasks) failed in CRON run
Sun Nov  1 17:00:05 2015 [87009][1][FATAL] Job 304002a8-c0b6-592d-9629-5636995ae584 (Run Reports) failed in CRON run
Sun Nov  1 17:00:05 2015 [87009][1][FATAL] Job 8f832c1b-6ef0-cce6-86e8-5636996e3537 (Run Report Generation Scheduled Tasks) failed in CRON run
Sun Nov  1 17:00:12 2015 [87009][1][FATAL] Job c63df994-e576-f32d-7d71-56369913fec6 (Perform Lucene Index) failed in CRON run
Sun Nov  1 17:05:02 2015 [93936][1][FATAL] Job ccd6821f-9493-078a-dd6f-5636990d8998 (Optimise AOD Index) failed in CRON run
Sun Nov  1 17:10:04 2015 [100742][1][FATAL] Job 4cbf9d59-9e6c-2d28-420b-56369ad99370 (Run Report Generation Scheduled Tasks) failed in CRON run
Sun Nov  1 17:10:04 2015 [100742][1][FATAL] Job 871bdf12-55d4-5771-6e89-56369a904c43 (Run Reports) failed in CRON run
Sun Nov  1 17:15:04 2015 [107123][1][FATAL] Job 33767a08-5298-cebc-2612-56369ceaf192 (Run Reports) failed in CRON run
Sun Nov  1 17:15:04 2015 [107123][1][FATAL] Job ca8a6e39-2cb8-3b09-df3a-56369c09066c (Run Report Generation Scheduled Tasks) failed in CRON run
Sun Nov  1 17:20:03 2015 [113591][1][FATAL] Job af2ae190-1563-7e42-aec3-56369e0f2c06 (Run Report Generation Scheduled Tasks) failed in CRON run
Sun Nov  1 17:20:03 2015 [113591][1][FATAL] Job ecc20dd6-3baa-ead6-e275-56369e8cc632 (Run Reports) failed in CRON run
Sun Nov  1 17:25:03 2015 [119909][1][FATAL] Job 1e0805da-a486-1454-4145-56369fcf80a5 (Run Reports) failed in CRON run
Sun Nov  1 17:25:03 2015 [119909][1][FATAL] Job 96b8bd03-1998-7748-0ee8-56369fce6c6d (Run Report Generation Scheduled Tasks) failed in CRON run
Sun Nov  1 17:30:03 2015 [125894][1][FATAL] Job 284c0ac9-d0b7-374a-06bc-5636a04e3fb1 (Run Report Generation Scheduled Tasks) failed in CRON run
Sun Nov  1 17:30:05 2015 [125894][1][FATAL] Job 788fa7f0-80d4-7856-0e24-5636a08272c7 (Run Reports) failed in CRON run
Sun Nov  1 17:35:05 2015 [469][1][FATAL] Job 3bc4f136-3f65-be02-3aa0-5636a1c82b5a (Run Reports) failed in CRON run
Sun Nov  1 17:35:05 2015 [469][1][FATAL] Job b7043d47-1312-b8f0-06f2-5636a16f169e (Run Report Generation Scheduled Tasks) failed in CRON run
Sun Nov  1 17:40:04 2015 [6205][1][FATAL] Job 49e05386-b37e-6ba2-46b5-5636a28a2c5c (Run Reports) failed in CRON run
Sun Nov  1 17:40:04 2015 [6205][1][FATAL] Job e1c20bba-6c8d-c7e7-e2d9-5636a212450e (Run Report Generation Scheduled Tasks) failed in CRON run
Sun Nov  1 17:45:04 2015 [11845][1][FATAL] Job 22ba659a-4a2a-d398-e294-5636a3f3009c (Run Reports) failed in CRON run
Sun Nov  1 17:45:05 2015 [11845][1][FATAL] Job ade1cc40-1c24-3140-f39c-5636a39f2213 (Run Report Generation Scheduled Tasks) failed in CRON run
Sun Nov  1 17:50:06 2015 [18121][1][FATAL] Job 5460b772-d058-1c9a-5765-5636a521b005 (Run Reports) failed in CRON run
Sun Nov  1 17:50:06 2015 [18121][1][FATAL] Job d90b6652-6fef-af1e-a4bd-5636a50fd5d6 (Run Report Generation Scheduled Tasks) failed in CRON run
Sun Nov  1 17:55:02 2015 [24557][1][FATAL] Job 7fed54d8-67c7-e050-e0f8-5636a6eb2dc2 (Run Report Generation Scheduled Tasks) failed in CRON run
Sun Nov  1 17:55:04 2015 [24557][1][FATAL] Job dc27b3ef-0436-0f27-4255-5636a64a63d4 (Run Reports) failed in CRON run
Sun Nov  1 18:00:08 2015 [31214][1][FATAL] Job 54d70109-3dad-b405-1cf9-5636a78d98ab (Run Report Generation Scheduled Tasks) failed in CRON run
Sun Nov  1 18:00:11 2015 [31214][1][FATAL] Job c2389bf1-4c6c-fdc6-cf19-5636a7f74515 (Run Reports) failed in CRON run
Sun Nov  1 18:05:05 2015 [37905][1][FATAL] Job 9c5167fa-fe79-dc74-ef89-5636a8fa5283 (Run Reports) failed in CRON run
Sun Nov  1 18:05:05 2015 [37905][1][FATAL] Job bfac00ca-dc51-25f3-b4e6-5636a876de6f (Run Report Generation Scheduled Tasks) failed in CRON run
Sun Nov  1 18:10:02 2015 [45421][1][FATAL] Job 3a86d012-2a1b-a36b-7383-5636a9e64b19 (Run Report Generation Scheduled Tasks) failed in CRON run
Sun Nov  1 18:10:04 2015 [45421][1][FATAL] Job 854fe6e6-b487-a16a-9244-5636a9318421 (Run Reports) failed in CRON run
Sun Nov  1 18:15:03 2015 [51377][1][FATAL] Job 6bdb492c-4169-d408-b35e-5636ab0ffce1 (Run Report Generation Scheduled Tasks) failed in CRON run
Sun Nov  1 18:15:03 2015 [51377][1][FATAL] Job 76de0221-611b-9c79-48a4-5636ab2a1e54 (Run Reports) failed in CRON run
Sun Nov  1 18:20:03 2015 [58380][1][FATAL] Job 8d11047e-350c-e3e0-75b5-5636ac86cf17 (Run Report Generation Scheduled Tasks) failed in CRON run
Sun Nov  1 18:20:04 2015 [58380][1][FATAL] Job dfb677bd-ca04-c1c6-fa5b-5636ac63da03 (Run Reports) failed in CRON run
Sun Nov  1 18:25:05 2015 [64912][1][FATAL] Job 8b107342-f2ea-5950-390c-5636ad84663b (Run Reports) failed in CRON run
Sun Nov  1 18:25:05 2015 [64912][1][FATAL] Job d9e20813-475e-ef23-d4b8-5636ad580522 (Run Report Generation Scheduled Tasks) failed in CRON run
Sun Nov  1 18:30:08 2015 [71108][1][FATAL] Job 357c677c-68f2-9390-a2fc-5636ae3f2cd4 (Run Reports) failed in CRON run
Sun Nov  1 18:30:08 2015 [71108][1][FATAL] Job 5bc178f4-3ca9-2940-d0f9-5636ae747e68 (Run Report Generation Scheduled Tasks) failed in CRON run
Sun Nov  1 18:35:05 2015 [77791][1][FATAL] Job 70b2daf6-f0d9-6839-5c4a-5636af02f7cb (Run Reports) failed in CRON run
Sun Nov  1 18:35:05 2015 [77791][1][FATAL] Job c4f40f44-dec1-a55e-3be8-5636afcccd7a (Run Report Generation Scheduled Tasks) failed in CRON run
Sun Nov  1 18:40:04 2015 [84355][1][FATAL] Job 15427659-fa02-4be7-dcfc-5636b061af45 (Run Report Generation Scheduled Tasks) failed in CRON run
Sun Nov  1 18:40:07 2015 [84355][1][FATAL] Job cf8c9fd7-bbfb-298e-cc41-5636b0bfad3f (Run Reports) failed in CRON run
Sun Nov  1 18:45:17 2015 [92036][1][FATAL] Job 4f8f2040-f8f7-a628-2096-5636b27668ae (Run Reports) failed in CRON run
Sun Nov  1 18:45:17 2015 [92036][1][FATAL] Job c555ad75-682f-b611-0c4c-5636b2c62b52 (Run Report Generation Scheduled Tasks) failed in CRON run
Sun Nov  1 18:50:06 2015 [99101][1][FATAL] Job 90459226-ce12-0e9b-bbed-5636b3e607e5 (Run Reports) failed in CRON run
Sun Nov  1 18:50:06 2015 [99101][1][FATAL] Job e0e55b49-4f79-1801-79cf-5636b3c269b6 (Run Report Generation Scheduled Tasks) failed in CRON run
Sun Nov  1 18:55:06 2015 [106701][1][FATAL] Job 6a323443-746f-0b5a-fbc3-5636b422169a (Run Reports) failed in CRON run
Sun Nov  1 18:55:06 2015 [106701][1][FATAL] Job f36efdbe-3ee3-3839-a71c-5636b4666698 (Run Report Generation Scheduled Tasks) failed in CRON run
Sun Nov  1 19:00:10 2015 [114021][1][FATAL] Job d71b452b-1fe8-4ce3-71e1-5636b553d988 (Run Report Generation Scheduled Tasks) failed in CRON run
Sun Nov  1 19:00:10 2015 [114021][1][FATAL] Job d9001ca8-842c-211f-f663-5636b5f34d34 (Run Reports) failed in CRON run
Sun Nov  1 19:05:02 2015 [121743][1][FATAL] Job 435f5675-1584-ba4c-2cee-5636b630e894 (Run Report Generation Scheduled Tasks) failed in CRON run
Sun Nov  1 19:05:05 2015 [121743][1][FATAL] Job 93b35644-1fb0-bda9-e8a5-5636b62e23b1 (Run Reports) failed in CRON run
Sun Nov  1 19:10:07 2015 [128986][1][FATAL] Job 9ca2c7eb-a0a6-a0e5-97b7-5636b77fc555 (Run Reports) failed in CRON run
Sun Nov  1 19:10:07 2015 [128986][1][FATAL] Job b5ef0743-ab53-8021-46db-5636b77ed247 (Run Report Generation Scheduled Tasks) failed in CRON run
Sun Nov  1 19:15:07 2015 [5757][1][FATAL] Job 83c7e8f9-2eb6-5bb6-3b61-5636b92d0cba (Run Reports) failed in CRON run
Sun Nov  1 19:15:07 2015 [5757][1][FATAL] Job aae5010f-674a-723b-2599-5636b918febe (Run Report Generation Scheduled Tasks) failed in CRON run
Sun Nov  1 19:20:09 2015 [13031][1][FATAL] Job a0ec033d-fa8a-442c-9eb5-5636ba8b100a (Run Reports) failed in CRON run
Sun Nov  1 19:20:09 2015 [13031][1][FATAL] Job c97be8f6-2500-85d7-cb08-5636baff1fdd (Run Report Generation Scheduled Tasks) failed in CRON run
Sun Nov  1 19:25:02 2015 [20525][1][FATAL] Job 61e66ba3-ccdd-3a90-e3c1-5636bbd3f105 (Run Report Generation Scheduled Tasks) failed in CRON run
Sun Nov  1 19:25:05 2015 [20525][1][FATAL] Job d403578e-6bb6-99d1-0335-5636bbe041de (Run Reports) failed in CRON run
Sun Nov  1 19:30:06 2015 [27748][1][FATAL] Job 5308526e-8d30-c32c-d99e-5636bca8f174 (Run Report Generation Scheduled Tasks) failed in CRON run
Sun Nov  1 19:30:09 2015 [27748][1][FATAL] Job d2576708-fa5c-8f6d-b5f9-5636bcd0ece6 (Run Reports) failed in CRON run
Sun Nov  1 19:35:07 2015 [33836][1][FATAL] Job 428f9bcf-727c-2f7a-b93e-5636bd9442c9 (Run Reports) failed in CRON run
Sun Nov  1 19:35:07 2015 [33836][1][FATAL] Job a9411693-362a-1a10-1f9b-5636bd0fe1f4 (Run Report Generation Scheduled Tasks) failed in CRON run
Sun Nov  1 19:40:03 2015 [39918][1][FATAL] Job 59feb17c-3dab-d570-a1e1-5636be35d4ed (Run Report Generation Scheduled Tasks) failed in CRON run
Sun Nov  1 19:40:04 2015 [39918][1][FATAL] Job df5a9f1e-393c-9075-5cc9-5636bef7f3c9 (Run Reports) failed in CRON run
Sun Nov  1 19:45:09 2015 [47142][1][FATAL] Job 314c02aa-0e75-c3ac-96b6-5636c066de76 (Run Reports) failed in CRON run
Sun Nov  1 19:45:09 2015 [47142][1][FATAL] Job 814414b1-42f6-a148-f3ac-5636c0f5b1c0 (Run Report Generation Scheduled Tasks) failed in CRON run
Sun Nov  1 19:50:03 2015 [53321][1][FATAL] Job 1e648a1f-26ac-ce4d-3378-5636c1a8e8fc (Run Report Generation Scheduled Tasks) failed in CRON run
Sun Nov  1 19:50:07 2015 [53321][1][FATAL] Job 9640c2e8-01f6-ae4b-c85a-5636c1fe9343 (Run Reports) failed in CRON run
Sun Nov  1 19:55:02 2015 [59782][1][FATAL] Job 41265a16-efa0-10a6-4577-5636c2721ccd (Run Report Generation Scheduled Tasks) failed in CRON run
Sun Nov  1 19:55:04 2015 [59782][1][FATAL] Job 8db0fef4-b4ba-8f02-4601-5636c2be0e36 (Run Reports) failed in CRON run
Sun Nov  1 20:00:09 2015 [65895][1][FATAL] Job 239c0f9c-377a-b61b-a26b-5636c3923b6a (Optimise AOD Index) failed in CRON run
Sun Nov  1 20:05:07 2015 [72623][1][FATAL] Job b738bece-155f-44a5-a8a1-5636c3a18741 (Run Report Generation Scheduled Tasks) failed in CRON run
Sun Nov  1 20:05:08 2015 [72623][1][FATAL] Job be69be02-14fc-8c38-f3f3-5636c345c152 (Run Reports) failed in CRON run
Sun Nov  1 20:10:02 2015 [79504][1][FATAL] Job 38f608d6-0034-22ca-ea57-5636c5cb0651 (Run Report Generation Scheduled Tasks) failed in CRON run
Sun Nov  1 20:10:10 2015 [79504][1][FATAL] Job 98065b7d-2557-5298-c61f-5636c523269e (Run Reports) failed in CRON run
Sun Nov  1 20:15:06 2015 [85836][1][FATAL] Job 50509038-6d21-feef-9ca3-5636c738d4a5 (Run Reports) failed in CRON run
Sun Nov  1 20:15:06 2015 [85836][1][FATAL] Job d4c6fbde-a427-bb82-76ef-5636c7a658c6 (Run Report Generation Scheduled Tasks) failed in CRON run
Sun Nov  1 20:20:06 2015 [92144][1][FATAL] Job 54218030-cc45-ac93-f476-5636c869b876 (Run Reports) failed in CRON run
Sun Nov  1 20:20:06 2015 [92144][1][FATAL] Job ca255a70-87e0-7cdc-bbe5-5636c82bd446 (Run Report Generation Scheduled Tasks) failed in CRON run
Sun Nov  1 20:25:03 2015 [98780][1][FATAL] Job 7930d52d-f5e3-118b-e0ad-5636c9a5a8e2 (Run Report Generation Scheduled Tasks) failed in CRON run
Sun Nov  1 20:25:06 2015 [98780][1][FATAL] Job df780d8b-d838-dfc5-c0d2-5636c9cb75f5 (Run Reports) failed in CRON run
Sun Nov  1 20:30:08 2015 [106067][1][FATAL] Job 5939d9bc-2521-9a4a-9885-5636cac59522 (Run Reports) failed in CRON run
Sun Nov  1 20:30:08 2015 [106067][1][FATAL] Job d29161c1-d359-ed0e-23d6-5636ca4a91c6 (Run Report Generation Scheduled Tasks) failed in CRON run
Sun Nov  1 20:35:07 2015 [113135][1][FATAL] Job 98cbf38d-7395-dd0a-d030-5636cbdd3bb3 (Run Reports) failed in CRON run
Sun Nov  1 20:35:07 2015 [113135][1][FATAL] Job e991caca-acad-36cc-5085-5636cb978946 (Run Report Generation Scheduled Tasks) failed in CRON run
Sun Nov  1 20:40:06 2015 [120872][1][FATAL] Job 7ac49168-c070-1b33-24a8-5636cda27b4e (Run Reports) failed in CRON run
Sun Nov  1 20:40:06 2015 [120872][1][FATAL] Job a0a21753-f241-0143-8d3a-5636cd052696 (Run Report Generation Scheduled Tasks) failed in CRON run
Sun Nov  1 20:45:03 2015 [128313][1][FATAL] Job 49e6c7a7-63b4-49ed-c008-5636cef6dac2 (Run Report Generation Scheduled Tasks) failed in CRON run
Sun Nov  1 20:45:06 2015 [128313][1][FATAL] Job bca19284-8084-ee0b-a55b-5636ce207283 (Run Reports) failed in CRON run
Sun Nov  1 20:50:03 2015 [4629][1][FATAL] Job 14f5a4fd-048e-a866-8ca9-5636cf72e78f (Run Reports) failed in CRON run
Sun Nov  1 20:50:06 2015 [4629][1][FATAL] Job b45ede26-57eb-3e7a-6b53-5636cf6d10b1 (Run Report Generation Scheduled Tasks) failed in CRON run
Sun Nov  1 20:55:07 2015 [12360][1][FATAL] Job 6d607628-f12c-6930-f80c-5636d0653f4a (Run Reports) failed in CRON run
Sun Nov  1 20:55:07 2015 [12360][1][FATAL] Job c28aa7ce-42e6-0f8a-a420-5636d0419e28 (Run Report Generation Scheduled Tasks) failed in CRON run
Sun Nov  1 21:00:09 2015 [18652][1][FATAL] Job bb3e4f3f-934f-df62-752a-5636d1897b95 (Run Reports) failed in CRON run
Sun Nov  1 21:00:09 2015 [18652][1][FATAL] Job bded6244-8bcb-bcc5-2ff8-5636d1edcfe2 (Run Report Generation Scheduled Tasks) failed in CRON run
Sun Nov  1 21:05:05 2015 [25404][1][FATAL] Job 211877ea-c4b2-07d8-cc2c-5636d233fdd0 (Run Reports) failed in CRON run
Sun Nov  1 21:05:05 2015 [25404][1][FATAL] Job 9e9d3a6a-b0fe-cc41-ad18-5636d290800c (Run Report Generation Scheduled Tasks) failed in CRON run
Sun Nov  1 21:10:02 2015 [32328][1][FATAL] Job 628d6d62-f798-2375-1f91-5636d49078be (Run Report Generation Scheduled Tasks) failed in CRON run
Sun Nov  1 21:10:04 2015 [32328][1][FATAL] Job bc53e6d1-ec0a-2afb-c74d-5636d41212f5 (Run Reports) failed in CRON run
Sun Nov  1 21:15:03 2015 [38597][1][FATAL] Job 32db0f60-80c2-6346-5efb-5636d57cf40d (Run Report Generation Scheduled Tasks) failed in CRON run
Sun Nov  1 21:15:05 2015 [38597][1][FATAL] Job 7ffe733e-e6b3-5395-5782-5636d5d38058 (Run Reports) failed in CRON run
Sun Nov  1 21:20:05 2015 [44773][1][FATAL] Job 26e847b1-8f6c-7a88-5f14-5636d6833c40 (Run Reports) failed in CRON run
Sun Nov  1 21:20:05 2015 [44773][1][FATAL] Job d2cc0f49-f109-53bb-0ac9-5636d697aa7d (Run Report Generation Scheduled Tasks) failed in CRON run
Sun Nov  1 21:25:02 2015 [51962][1][FATAL] Job 3728b609-608f-e70a-7bc1-5636d7de0a7f (Run Report Generation Scheduled Tasks) failed in CRON run
Sun Nov  1 21:25:05 2015 [51962][1][FATAL] Job a4241388-ca6b-fb0e-d860-5636d7e88cff (Run Reports) failed in CRON run
Sun Nov  1 21:30:06 2015 [58447][1][FATAL] Job 44d4245e-49b9-7fd5-3bb0-5636d81a76a8 (Run Report Generation Scheduled Tasks) failed in CRON run
Sun Nov  1 21:30:09 2015 [58447][1][FATAL] Job a497afa2-ee73-d8b7-f91a-5636d8247d47 (Run Reports) failed in CRON run
Sun Nov  1 21:35:06 2015 [64865][1][FATAL] Job 47132f58-8b40-bcd7-466a-5636d92e5e77 (Run Reports) failed in CRON run
Sun Nov  1 21:35:06 2015 [64865][1][FATAL] Job b7b49075-d6aa-c42c-d080-5636d9259b84 (Run Report Generation Scheduled Tasks) failed in CRON run
Sun Nov  1 21:40:02 2015 [72037][1][FATAL] Job 81187f79-966e-0106-041d-5636db418653 (Run Report Generation Scheduled Tasks) failed in CRON run
Sun Nov  1 21:40:05 2015 [72037][1][FATAL] Job df71e431-e356-9ca7-2f6d-5636db49d4ab (Run Reports) failed in CRON run
Sun Nov  1 21:45:06 2015 [78649][1][FATAL] Job 5cb21208-55e4-1a9c-864f-5636dc3d6e3f (Run Reports) failed in CRON run
Sun Nov  1 21:45:06 2015 [78649][1][FATAL] Job fcbb0361-89dc-6cb2-1b73-5636dc96e5b0 (Run Report Generation Scheduled Tasks) failed in CRON run
Sun Nov  1 21:50:05 2015 [85135][1][FATAL] Job 789ed3c6-2791-b2e1-26ab-5636dd9ffdad (Run Reports) failed in CRON run
Sun Nov  1 21:50:05 2015 [85135][1][FATAL] Job c7680bc0-cab9-e249-a409-5636dd84d3f8 (Run Report Generation Scheduled Tasks) failed in CRON run
Sun Nov  1 21:55:05 2015 [91670][1][FATAL] Job 4cbf6d64-da46-a390-c7c8-5636defe9ebe (Run Reports) failed in CRON run
Sun Nov  1 21:55:05 2015 [91670][1][FATAL] Job d850e9f1-4822-e637-55ce-5636de49c6e8 (Run Report Generation Scheduled Tasks) failed in CRON run
Sun Nov  1 22:00:08 2015 [98006][1][FATAL] Job 3606f5ac-34eb-0606-d1e2-5636dffd574d (Run Report Generation Scheduled Tasks) failed in CRON run
Sun Nov  1 22:00:08 2015 [98006][1][FATAL] Job 36416b64-23bd-c6ed-5433-5636df417953 (Run Reports) failed in CRON run
Sun Nov  1 22:05:06 2015 [105465][1][FATAL] Job 85ea1891-0f15-7137-cfe0-5636e0451b34 (Run Reports) failed in CRON run
Sun Nov  1 22:05:06 2015 [105465][1][FATAL] Job f10205c9-2d58-d081-84e8-5636e03814c5 (Run Report Generation Scheduled Tasks) failed in CRON run
Sun Nov  1 22:10:08 2015 [112692][1][FATAL] Job 31d12d1b-6ba3-5466-606c-5636e228cdb2 (Run Reports) failed in CRON run
Sun Nov  1 22:10:08 2015 [112692][1][FATAL] Job 927853ae-edd1-f1f4-c756-5636e2b79caa (Run Report Generation Scheduled Tasks) failed in CRON run
Sun Nov  1 22:15:04 2015 [119222][1][FATAL] Job 1726cd9b-dda2-d697-f0a8-5636e34d69ed (Run Report Generation Scheduled Tasks) failed in CRON run
Sun Nov  1 22:15:08 2015 [119222][1][FATAL] Job 9bfd910f-1d89-df91-e0d8-5636e3d4e28e (Run Reports) failed in CRON run
Sun Nov  1 22:20:06 2015 [125359][1][FATAL] Job 64091393-2f1a-555b-d61a-5636e427cac7 (Run Reports) failed in CRON run
Sun Nov  1 22:20:06 2015 [125359][1][FATAL] Job e11afff5-2ef0-9223-0786-5636e4b19964 (Run Report Generation Scheduled Tasks) failed in CRON run
Sun Nov  1 22:25:07 2015 [1897][1][FATAL] Job b06a4b7b-43f7-8416-a834-5636e5f00ed7 (Run Reports) failed in CRON run
Sun Nov  1 22:25:07 2015 [1897][1][FATAL] Job eda81487-f595-7bbc-e1fe-5636e58bd2eb (Run Report Generation Scheduled Tasks) failed in CRON run
Sun Nov  1 22:30:04 2015 [8187][1][FATAL] Job 86f473a1-6584-ce90-dd96-5636e6cdca0f (Run Report Generation Scheduled Tasks) failed in CRON run
Sun Nov  1 22:30:08 2015 [8187][1][FATAL] Job e7daa27c-4088-f6c4-426e-5636e68e47f0 (Run Reports) failed in CRON run
Sun Nov  1 22:35:03 2015 [14431][1][FATAL] Job 19474aa1-f79b-2281-e344-5636e7b08a13 (Run Report Generation Scheduled Tasks) failed in CRON run
Sun Nov  1 22:35:07 2015 [14431][1][FATAL] Job d1c12c49-b8b2-2563-081c-5636e7cc423c (Run Reports) failed in CRON run
Sun Nov  1 22:40:02 2015 [21024][1][FATAL] Job 5454a948-9941-4528-b3af-5636e9d8016e (Run Report Generation Scheduled Tasks) failed in CRON run
Sun Nov  1 22:40:06 2015 [21024][1][FATAL] Job ca8ff020-3a08-b4bc-ae92-5636e955e977 (Run Reports) failed in CRON run
Sun Nov  1 22:45:03 2015 [27408][1][FATAL] Job 1c38dba3-1e15-d6df-6c4e-5636ea903fe9 (Run Report Generation Scheduled Tasks) failed in CRON run
Sun Nov  1 22:45:06 2015 [27408][1][FATAL] Job 7c4e086f-7fa3-2a99-9731-5636eaabf43c (Run Reports) failed in CRON run
Sun Nov  1 22:50:04 2015 [34086][1][FATAL] Job 11bf0630-b4f7-60f4-5588-5636eb5bd7c0 (Run Reports) failed in CRON run
Sun Nov  1 22:50:04 2015 [34086][1][FATAL] Job 2cad665e-50c1-291a-5a5b-5636ebe2295d (Run Report Generation Scheduled Tasks) failed in CRON run
Sun Nov  1 22:55:02 2015 [43141][1][FATAL] Job 28d62759-73dd-cda5-2bbc-5636ec37de5b (Run Report Generation Scheduled Tasks) failed in CRON run
Sun Nov  1 22:55:05 2015 [43141][1][FATAL] Job 8c4c924c-32e0-0207-628e-5636ecf0589f (Run Reports) failed in CRON run
Sun Nov  1 23:00:08 2015 [49967][1][FATAL] Job 602e19a3-8fc7-6e28-54b2-5636ed5cb4b0 (Optimise AOD Index) failed in CRON run
Sun Nov  1 23:05:04 2015 [57314][1][FATAL] Job cb59887c-d366-2af3-56e5-5636ed06e5ac (Run Report Generation Scheduled Tasks) failed in CRON run
Sun Nov  1 23:05:04 2015 [57314][1][FATAL] Job d2a572d5-8c63-12d9-eef0-5636eda1492b (Run Reports) failed in CRON run
Sun Nov  1 23:10:04 2015 [64848][1][FATAL] Job a9ad5e51-2218-e418-b8d1-5636f0499ece (Run Report Generation Scheduled Tasks) failed in CRON run
Sun Nov  1 23:10:05 2015 [64848][1][FATAL] Job c8610009-e4a6-c403-2c9c-5636f003eeda (Run Reports) failed in CRON run
Sun Nov  1 23:15:03 2015 [71354][1][FATAL] Job 1598f8a3-2102-2893-a5b1-5636f1824c81 (Run Report Generation Scheduled Tasks) failed in CRON run
Sun Nov  1 23:15:05 2015 [71354][1][FATAL] Job a718f0ce-caaa-3b80-9103-5636f1c6141d (Run Reports) failed in CRON run
Sun Nov  1 23:20:02 2015 [77134][1][FATAL] Job 5125006a-4708-6938-1c68-5636f27f77ca (Run Report Generation Scheduled Tasks) failed in CRON run
Sun Nov  1 23:20:05 2015 [77134][1][FATAL] Job c59d2a55-bc84-a012-d6f9-5636f2a02cbe (Run Reports) failed in CRON run
Sun Nov  1 23:25:03 2015 [83088][1][FATAL] Job 1a0b2517-6cc2-dd88-a8b1-5636f3cbedaf (Run Reports) failed in CRON run
Sun Nov  1 23:25:03 2015 [83088][1][FATAL] Job 99e26707-4b25-4144-c08f-5636f3a21ad8 (Run Report Generation Scheduled Tasks) failed in CRON run
Sun Nov  1 23:30:04 2015 [89078][1][FATAL] Job 1e64b1e6-0f65-d355-b21b-5636f45cd421 (Run Report Generation Scheduled Tasks) failed in CRON run
Sun Nov  1 23:30:07 2015 [89078][1][FATAL] Job cdb3b53e-aa28-a778-ea28-5636f4d60bbf (Run Reports) failed in CRON run
Sun Nov  1 23:35:02 2015 [94926][1][FATAL] Job 66e61b60-30ff-b82b-714b-5636f68c2107 (Run Report Generation Scheduled Tasks) failed in CRON run
Sun Nov  1 23:35:05 2015 [94926][1][FATAL] Job d697af33-521e-ddb9-2c0a-5636f64815f8 (Run Reports) failed in CRON run
Sun Nov  1 23:40:03 2015 [100960][1][FATAL] Job 81a42187-b696-d176-bef1-5636f781f890 (Run Report Generation Scheduled Tasks) failed in CRON run
Sun Nov  1 23:40:05 2015 [100960][1][FATAL] Job df97ee37-093d-4be7-311f-5636f77686ea (Run Reports) failed in CRON run
Sun Nov  1 23:45:06 2015 [106713][1][FATAL] Job 65128338-50b9-16dc-bd4c-5636f8415e6a (Run Reports) failed in CRON run
Sun Nov  1 23:45:06 2015 [106713][1][FATAL] Job ec0c4e4c-c102-4a2b-fc99-5636f8f8be8f (Run Report Generation Scheduled Tasks) failed in CRON run
Sun Nov  1 23:50:07 2015 [113852][1][FATAL] Job 4334c02f-397c-060a-e8f3-5636f94a4451 (Run Reports) failed in CRON run
Sun Nov  1 23:50:07 2015 [113852][1][FATAL] Job 6f4b486a-2395-a4b1-80fb-5636f947829f (Run Report Generation Scheduled Tasks) failed in CRON run
Sun Nov  1 23:55:02 2015 [120556][1][FATAL] Job 5f6f017f-9ae4-6041-7977-5636faa3f7c7 (Run Report Generation Scheduled Tasks) failed in CRON run
Sun Nov  1 23:55:04 2015 [120556][1][FATAL] Job af4d74fd-62b4-1a2b-b943-5636fa37c5e0 (Run Reports) failed in CRON run
