Mon, 12 Oct 2015 05:34:41 -0500 [UpgradeWizard] - setting session variables...
Mon, 12 Oct 2015 05:34:41 -0500 [UpgradeWizard] - -----------------------------------------------------------------------------
Mon, 12 Oct 2015 05:34:41 -0500 [UpgradeWizard] - Upgrade started. At start.php
Mon, 12 Oct 2015 05:34:41 -0500 [UpgradeWizard] - at unlinkUWTempFiles()
Mon, 12 Oct 2015 05:34:41 -0500 [UpgradeWizard] - finished!
Mon, 12 Oct 2015 05:34:41 -0500 [UpgradeWizard] - resetting $_SESSION
Mon, 12 Oct 2015 05:34:51 -0500 [UpgradeWizard] - setting session variables...
Mon, 12 Oct 2015 05:34:51 -0500 [UpgradeWizard] - [At systemCheck.php]
Mon, 12 Oct 2015 05:34:51 -0500 [UpgradeWizard] - Starting file permission check...
Mon, 12 Oct 2015 05:36:31 -0500 [UpgradeWizard] - setting session variables...
Mon, 12 Oct 2015 05:36:31 -0500 [UpgradeWizard] - -----------------------------------------------------------------------------
Mon, 12 Oct 2015 05:36:31 -0500 [UpgradeWizard] - Upgrade started. At start.php
Mon, 12 Oct 2015 05:36:31 -0500 [UpgradeWizard] - at unlinkUWTempFiles()
Mon, 12 Oct 2015 05:36:31 -0500 [UpgradeWizard] - finished!
Mon, 12 Oct 2015 05:36:31 -0500 [UpgradeWizard] - resetting $_SESSION
Mon, 12 Oct 2015 05:36:39 -0500 [UpgradeWizard] - setting session variables...
Mon, 12 Oct 2015 05:36:39 -0500 [UpgradeWizard] - [At systemCheck.php]
Mon, 12 Oct 2015 05:36:39 -0500 [UpgradeWizard] - Starting file permission check...
Mon, 12 Oct 2015 05:38:30 -0500 [UpgradeWizard] - setting session variables...
Mon, 12 Oct 2015 05:38:30 -0500 [UpgradeWizard] - -----------------------------------------------------------------------------
Mon, 12 Oct 2015 05:38:30 -0500 [UpgradeWizard] - Upgrade started. At start.php
Mon, 12 Oct 2015 05:38:30 -0500 [UpgradeWizard] - at unlinkUWTempFiles()
Mon, 12 Oct 2015 05:38:30 -0500 [UpgradeWizard] - finished!
Mon, 12 Oct 2015 05:38:30 -0500 [UpgradeWizard] - resetting $_SESSION
Mon, 12 Oct 2015 05:38:36 -0500 [UpgradeWizard] - setting session variables...
Mon, 12 Oct 2015 05:38:36 -0500 [UpgradeWizard] - [At systemCheck.php]
Mon, 12 Oct 2015 05:38:36 -0500 [UpgradeWizard] - Starting file permission check...
Mon, 12 Oct 2015 05:42:56 -0500 [UpgradeWizard] - setting session variables...
Mon, 12 Oct 2015 05:42:56 -0500 [UpgradeWizard] - -----------------------------------------------------------------------------
Mon, 12 Oct 2015 05:42:56 -0500 [UpgradeWizard] - Upgrade started. At start.php
Mon, 12 Oct 2015 05:42:56 -0500 [UpgradeWizard] - at unlinkUWTempFiles()
Mon, 12 Oct 2015 05:42:56 -0500 [UpgradeWizard] - finished!
Mon, 12 Oct 2015 05:42:56 -0500 [UpgradeWizard] - resetting $_SESSION
Mon, 12 Oct 2015 05:43:07 -0500 [UpgradeWizard] - setting session variables...
Mon, 12 Oct 2015 05:43:07 -0500 [UpgradeWizard] - [At systemCheck.php]
Mon, 12 Oct 2015 05:43:07 -0500 [UpgradeWizard] - Starting file permission check...
Mon, 12 Oct 2015 05:49:33 -0500 [UpgradeWizard] - setting session variables...
Mon, 12 Oct 2015 05:49:33 -0500 [UpgradeWizard] - -----------------------------------------------------------------------------
Mon, 12 Oct 2015 05:49:33 -0500 [UpgradeWizard] - Upgrade started. At start.php
Mon, 12 Oct 2015 05:49:33 -0500 [UpgradeWizard] - at unlinkUWTempFiles()
Mon, 12 Oct 2015 05:49:33 -0500 [UpgradeWizard] - finished!
Mon, 12 Oct 2015 05:49:33 -0500 [UpgradeWizard] - resetting $_SESSION
Mon, 12 Oct 2015 05:50:40 -0500 [UpgradeWizard] - setting session variables...
Mon, 12 Oct 2015 05:50:40 -0500 [UpgradeWizard] - [At systemCheck.php]
Mon, 12 Oct 2015 05:50:40 -0500 [UpgradeWizard] - Starting file permission check...
Mon, 12 Oct 2015 10:42:28 -0500 [UpgradeWizard] - setting session variables...
Mon, 12 Oct 2015 10:42:28 -0500 [UpgradeWizard] - -----------------------------------------------------------------------------
Mon, 12 Oct 2015 10:42:28 -0500 [UpgradeWizard] - Upgrade started. At start.php
Mon, 12 Oct 2015 10:42:28 -0500 [UpgradeWizard] - at unlinkUWTempFiles()
Mon, 12 Oct 2015 10:42:28 -0500 [UpgradeWizard] - finished!
Mon, 12 Oct 2015 10:42:28 -0500 [UpgradeWizard] - resetting $_SESSION
Mon, 12 Oct 2015 10:42:42 -0500 [UpgradeWizard] - setting session variables...
Mon, 12 Oct 2015 10:42:42 -0500 [UpgradeWizard] - [At systemCheck.php]
Mon, 12 Oct 2015 10:42:42 -0500 [UpgradeWizard] - Starting file permission check...
Mon, 12 Oct 2015 12:36:06 -0500 [UpgradeWizard] - setting session variables...
Mon, 12 Oct 2015 12:36:06 -0500 [UpgradeWizard] - -----------------------------------------------------------------------------
Mon, 12 Oct 2015 12:36:06 -0500 [UpgradeWizard] - Upgrade started. At start.php
Mon, 12 Oct 2015 12:36:06 -0500 [UpgradeWizard] - at unlinkUWTempFiles()
Mon, 12 Oct 2015 12:36:06 -0500 [UpgradeWizard] - finished!
Mon, 12 Oct 2015 12:36:06 -0500 [UpgradeWizard] - resetting $_SESSION
Mon, 12 Oct 2015 12:37:50 -0500 [UpgradeWizard] - setting session variables...
Mon, 12 Oct 2015 12:37:50 -0500 [UpgradeWizard] - -----------------------------------------------------------------------------
Mon, 12 Oct 2015 12:37:50 -0500 [UpgradeWizard] - Upgrade started. At start.php
Mon, 12 Oct 2015 12:37:50 -0500 [UpgradeWizard] - at unlinkUWTempFiles()
Mon, 12 Oct 2015 12:37:50 -0500 [UpgradeWizard] - finished!
Mon, 12 Oct 2015 12:37:50 -0500 [UpgradeWizard] - resetting $_SESSION
Mon, 12 Oct 2015 12:38:54 -0500 [UpgradeWizard] - setting session variables...
Mon, 12 Oct 2015 12:38:54 -0500 [UpgradeWizard] - [At systemCheck.php]
Mon, 12 Oct 2015 12:38:54 -0500 [UpgradeWizard] - Starting file permission check...
Tue, 13 Oct 2015 03:08:58 -0500 [UpgradeWizard] - setting session variables...
Tue, 13 Oct 2015 03:08:58 -0500 [UpgradeWizard] - -----------------------------------------------------------------------------
Tue, 13 Oct 2015 03:08:58 -0500 [UpgradeWizard] - Upgrade started. At start.php
Tue, 13 Oct 2015 03:08:58 -0500 [UpgradeWizard] - at unlinkUWTempFiles()
Tue, 13 Oct 2015 03:08:58 -0500 [UpgradeWizard] - finished!
Tue, 13 Oct 2015 03:08:58 -0500 [UpgradeWizard] - resetting $_SESSION
Tue, 13 Oct 2015 03:10:04 -0500 [UpgradeWizard] - setting session variables...
Tue, 13 Oct 2015 03:10:04 -0500 [UpgradeWizard] - [At systemCheck.php]
Tue, 13 Oct 2015 03:10:04 -0500 [UpgradeWizard] - Starting file permission check...
Tue, 13 Oct 2015 03:11:54 -0500 [UpgradeWizard] - Finished file permission check.
Tue, 13 Oct 2015 03:11:54 -0500 [UpgradeWizard] - Starting database permissions check...
Tue, 13 Oct 2015 03:11:54 -0500 [UpgradeWizard] - Checking CREATE TABLE permissions...
Tue, 13 Oct 2015 03:11:54 -0500 [UpgradeWizard] - Checking INSERT INTO permissions...
Tue, 13 Oct 2015 03:11:54 -0500 [UpgradeWizard] - Checking UPDATE TABLE permissions...
Tue, 13 Oct 2015 03:11:54 -0500 [UpgradeWizard] - Checking SELECT permissions...
Tue, 13 Oct 2015 03:11:54 -0500 [UpgradeWizard] - Checking DELETE FROM permissions...
Tue, 13 Oct 2015 03:11:54 -0500 [UpgradeWizard] - Checking ALTER TABLE ADD COLUMN permissions...
Tue, 13 Oct 2015 03:11:54 -0500 [UpgradeWizard] - Checking ALTER TABLE CHANGE COLUMN permissions...
Tue, 13 Oct 2015 03:11:54 -0500 [UpgradeWizard] - Checking ALTER TABLE DROP COLUMN permissions...
Tue, 13 Oct 2015 03:11:54 -0500 [UpgradeWizard] - Checking DROP TABLE permissions...
Tue, 13 Oct 2015 03:11:54 -0500 [UpgradeWizard] - No permissions errors found!
Tue, 13 Oct 2015 03:11:54 -0500 [UpgradeWizard] - Finished database permissions check.
Tue, 13 Oct 2015 03:13:22 -0500 [UpgradeWizard] - setting session variables...
Tue, 13 Oct 2015 03:13:22 -0500 [UpgradeWizard] - At upload.php
Tue, 13 Oct 2015 03:13:22 -0500 [UpgradeWizard] - finding new files for upgrade
Tue, 13 Oct 2015 03:13:23 -0500 [UpgradeWizard] - *** UW using [  ] as source for patch files.
Tue, 13 Oct 2015 03:14:26 -0500 [UpgradeWizard] - setting session variables...
Tue, 13 Oct 2015 03:14:26 -0500 [UpgradeWizard] - At upload.php
Tue, 13 Oct 2015 03:14:26 -0500 [UpgradeWizard] - running upload
Tue, 13 Oct 2015 03:14:26 -0500 [UpgradeWizard] - File uploaded to upload://SuiteCRM-Upgrade-7.2.x-to-7.3.1.zip
Tue, 13 Oct 2015 03:14:26 -0500 [UpgradeWizard] - extracting manifest.
Tue, 13 Oct 2015 03:14:26 -0500 [UpgradeWizard] - validating manifest.php file
Tue, 13 Oct 2015 03:14:26 -0500 [UpgradeWizard] - copying manifest.php to final destination.
Tue, 13 Oct 2015 03:14:26 -0500 [UpgradeWizard] - zip file moved to [SuiteCRM-Upgrade-7.2.x-to-7.3.1.zip]
Tue, 13 Oct 2015 03:14:26 -0500 [UpgradeWizard] - updating UpgradeWizard code: modules/UpgradeWizard/silentUpgrade_step2.php
Tue, 13 Oct 2015 03:14:26 -0500 [UpgradeWizard] - updating UpgradeWizard code: modules/UpgradeWizard/end.php
Tue, 13 Oct 2015 03:14:26 -0500 [UpgradeWizard] - updating UpgradeWizard code: modules/UpgradeWizard/silentUpgrade_step2.php
Tue, 13 Oct 2015 03:14:26 -0500 [UpgradeWizard] - updating UpgradeWizard code: modules/UpgradeWizard/end.php
Tue, 13 Oct 2015 03:14:26 -0500 [UpgradeWizard] - updating UpgradeWizard code: include/SugarTheme/SugarTheme.php
Tue, 13 Oct 2015 03:14:26 -0500 [UpgradeWizard] - updating UpgradeWizard code: include/utils/sugar_file_utils.php
Tue, 13 Oct 2015 03:14:26 -0500 [UpgradeWizard] - updating UpgradeWizard code: include/utils/autoloader.php
Tue, 13 Oct 2015 03:14:26 -0500 [UpgradeWizard] - finding new files for upgrade
Tue, 13 Oct 2015 03:14:26 -0500 [UpgradeWizard] - *** UW using [ upload://upgrades/patch/SuiteCRM-Upgrade-7.2.x-to-7.3.1.zip ] as source for patch files.
Tue, 13 Oct 2015 03:14:41 -0500 [UpgradeWizard] - setting session variables...
Tue, 13 Oct 2015 03:14:41 -0500 [UpgradeWizard] - at preflight.php
Tue, 13 Oct 2015 03:14:41 -0500 [UpgradeWizard] - unzipping files in upgrade archive...
Tue, 13 Oct 2015 03:14:42 -0500 [UpgradeWizard] - verifying md5 checksums for files...
Tue, 13 Oct 2015 03:14:42 -0500 [UpgradeWizard] - found a file with a differing md5: [./modules/vCals/vCal.php]
Tue, 13 Oct 2015 03:14:42 -0500 [UpgradeWizard] - found a file with a differing md5: [./modules/Users/views/view.detail.php]
Tue, 13 Oct 2015 03:14:42 -0500 [UpgradeWizard] - found a file with a differing md5: [./modules/Users/tpls/EditViewFooter.tpl]
Tue, 13 Oct 2015 03:14:42 -0500 [UpgradeWizard] - found a file with a differing md5: [./modules/Users/language/en_us.lang.php]
Tue, 13 Oct 2015 03:14:42 -0500 [UpgradeWizard] - found a file with a differing md5: [./modules/Users/Logout.php]
Tue, 13 Oct 2015 03:14:42 -0500 [UpgradeWizard] - found a file with a differing md5: [./modules/Users/GeneratePassword.php]
Tue, 13 Oct 2015 03:14:42 -0500 [UpgradeWizard] - found a file with a differing md5: [./modules/UserPreferences/UserPreference.php]
Tue, 13 Oct 2015 03:14:42 -0500 [UpgradeWizard] - found a file with a differing md5: [./modules/SchedulersJobs/language/en_us.lang.php]
Tue, 13 Oct 2015 03:14:42 -0500 [UpgradeWizard] - found a file with a differing md5: [./modules/Schedulers/language/en_us.lang.php]
Tue, 13 Oct 2015 03:14:42 -0500 [UpgradeWizard] - found a file with a differing md5: [./modules/Schedulers/Scheduler.php]
Tue, 13 Oct 2015 03:14:42 -0500 [UpgradeWizard] - found a file with a differing md5: [./modules/ProspectLists/ProspectList.php]
Tue, 13 Oct 2015 03:14:42 -0500 [UpgradeWizard] - found a file with a differing md5: [./modules/Opportunities/SaveOverload.php]
Tue, 13 Oct 2015 03:14:42 -0500 [UpgradeWizard] - found a file with a differing md5: [./modules/Notes/vardefs.php]
Tue, 13 Oct 2015 03:14:42 -0500 [UpgradeWizard] - found a file with a differing md5: [./modules/ModuleBuilder/tpls/MBModule/vardef.tpl]
Tue, 13 Oct 2015 03:14:42 -0500 [UpgradeWizard] - found a file with a differing md5: [./modules/ModuleBuilder/tpls/LayoutEditor.css]
Tue, 13 Oct 2015 03:14:42 -0500 [UpgradeWizard] - found a file with a differing md5: [./modules/ModuleBuilder/language/en_us.lang.php]
Tue, 13 Oct 2015 03:14:42 -0500 [UpgradeWizard] - found a file with a differing md5: [./modules/ModuleBuilder/javascript/ModuleBuilder.js]
Tue, 13 Oct 2015 03:14:42 -0500 [UpgradeWizard] - found a file with a differing md5: [./modules/ModuleBuilder/MB/MBModule.php]
Tue, 13 Oct 2015 03:14:42 -0500 [UpgradeWizard] - found a file with a differing md5: [./modules/Meetings/views/view.edit.php]
Tue, 13 Oct 2015 03:14:42 -0500 [UpgradeWizard] - found a file with a differing md5: [./modules/Meetings/tpls/footer.tpl]
Tue, 13 Oct 2015 03:14:42 -0500 [UpgradeWizard] - found a file with a differing md5: [./modules/Meetings/metadata/additionalDetails.php]
Tue, 13 Oct 2015 03:14:42 -0500 [UpgradeWizard] - found a file with a differing md5: [./modules/Leads/views/view.convertlead.php]
Tue, 13 Oct 2015 03:14:42 -0500 [UpgradeWizard] - found a file with a differing md5: [./modules/Leads/metadata/detailviewdefs.php]
Tue, 13 Oct 2015 03:14:42 -0500 [UpgradeWizard] - found a file with a differing md5: [./modules/Leads/metadata/additionalDetails.php]
Tue, 13 Oct 2015 03:14:42 -0500 [UpgradeWizard] - found a file with a differing md5: [./modules/Emails/EditViewArchive.html]
Tue, 13 Oct 2015 03:14:42 -0500 [UpgradeWizard] - found a file with a differing md5: [./modules/Emails/EditView.php]
Tue, 13 Oct 2015 03:14:42 -0500 [UpgradeWizard] - found a file with a differing md5: [./modules/DynamicFields/templates/Fields/TemplateField.php]
Tue, 13 Oct 2015 03:14:42 -0500 [UpgradeWizard] - found a file with a differing md5: [./modules/DynamicFields/templates/Fields/Forms/coreBottom.tpl]
Tue, 13 Oct 2015 03:14:42 -0500 [UpgradeWizard] - found a file with a differing md5: [./modules/DynamicFields/language/en_us.lang.php]
Tue, 13 Oct 2015 03:14:42 -0500 [UpgradeWizard] - found a file with a differing md5: [./modules/DynamicFields/FieldsMetaData.php]
Tue, 13 Oct 2015 03:14:42 -0500 [UpgradeWizard] - found a file with a differing md5: [./modules/DynamicFields/DynamicField.php]
Tue, 13 Oct 2015 03:14:42 -0500 [UpgradeWizard] - found a file with a differing md5: [./modules/Contacts/vardefs.php]
Tue, 13 Oct 2015 03:14:42 -0500 [UpgradeWizard] - found a file with a differing md5: [./modules/Contacts/metadata/detailviewdefs.php]
Tue, 13 Oct 2015 03:14:42 -0500 [UpgradeWizard] - found a file with a differing md5: [./modules/Contacts/metadata/additionalDetails.php]
Tue, 13 Oct 2015 03:14:42 -0500 [UpgradeWizard] - found a file with a differing md5: [./modules/Connectors/InstallDefaultConnectors.php]
Tue, 13 Oct 2015 03:14:42 -0500 [UpgradeWizard] - found a file with a differing md5: [./modules/Configurator/tpls/EditView.tpl]
Tue, 13 Oct 2015 03:14:42 -0500 [UpgradeWizard] - found a file with a differing md5: [./modules/Configurator/language/en_us.lang.php]
Tue, 13 Oct 2015 03:14:42 -0500 [UpgradeWizard] - found a file with a differing md5: [./modules/Configurator/UploadFileCheck.php]
Tue, 13 Oct 2015 03:14:42 -0500 [UpgradeWizard] - found a file with a differing md5: [./modules/Configurator/Configurator.php]
Tue, 13 Oct 2015 03:14:42 -0500 [UpgradeWizard] - found a file with a differing md5: [./modules/Campaigns/tpls/WizardCampaignTargetListForNonNewsLetter.tpl]
Tue, 13 Oct 2015 03:14:42 -0500 [UpgradeWizard] - found a file with a differing md5: [./modules/CampaignLog/CampaignLog.php]
Tue, 13 Oct 2015 03:14:42 -0500 [UpgradeWizard] - found a file with a differing md5: [./modules/Calls/metadata/additionalDetails.php]
Tue, 13 Oct 2015 03:14:42 -0500 [UpgradeWizard] - found a file with a differing md5: [./modules/Calendar/Calendar.php]
Tue, 13 Oct 2015 03:14:42 -0500 [UpgradeWizard] - found a file with a differing md5: [./modules/Calendar/Cal.js]
Tue, 13 Oct 2015 03:14:42 -0500 [UpgradeWizard] - found a file with a differing md5: [./modules/Administration/views/view.globalsearchsettings.php]
Tue, 13 Oct 2015 03:14:42 -0500 [UpgradeWizard] - found a file with a differing md5: [./modules/Accounts/metadata/detailviewdefs.php]
Tue, 13 Oct 2015 03:14:43 -0500 [UpgradeWizard] - found a file with a differing md5: [./jssource/src_files/modules/Meetings/jsclass_scheduler.js]
Tue, 13 Oct 2015 03:14:43 -0500 [UpgradeWizard] - found a file with a differing md5: [./jssource/src_files/include/javascript/sugar_3.js]
Tue, 13 Oct 2015 03:14:43 -0500 [UpgradeWizard] - found a file with a differing md5: [./jssource/src_files/include/javascript/quickCompose.js]
Tue, 13 Oct 2015 03:14:43 -0500 [UpgradeWizard] - found a file with a differing md5: [./jssource/src_files/include/javascript/jsclass_async.js]
Tue, 13 Oct 2015 03:14:43 -0500 [UpgradeWizard] - found a file with a differing md5: [./jssource/JSGroupings.php]
Tue, 13 Oct 2015 03:14:43 -0500 [UpgradeWizard] - found a file with a differing md5: [./install/install_utils.php]
Tue, 13 Oct 2015 03:14:43 -0500 [UpgradeWizard] - found a file with a differing md5: [./install/checkDBSettings.php]
Tue, 13 Oct 2015 03:14:43 -0500 [UpgradeWizard] - found a file with a differing md5: [./include/utils/sugar_file_utils.php]
Tue, 13 Oct 2015 03:14:43 -0500 [UpgradeWizard] - found a file with a differing md5: [./include/utils/layout_utils.php]
Tue, 13 Oct 2015 03:14:43 -0500 [UpgradeWizard] - found a file with a differing md5: [./include/utils/file_utils.php]
Tue, 13 Oct 2015 03:14:43 -0500 [UpgradeWizard] - found a file with a differing md5: [./include/utils/autoloader.php]
Tue, 13 Oct 2015 03:14:43 -0500 [UpgradeWizard] - found a file with a differing md5: [./include/javascript/sugar_3.js]
Tue, 13 Oct 2015 03:14:43 -0500 [UpgradeWizard] - found a file with a differing md5: [./include/javascript/quickCompose.js]
Tue, 13 Oct 2015 03:14:43 -0500 [UpgradeWizard] - found a file with a differing md5: [./include/javascript/jsAlerts.php]
Tue, 13 Oct 2015 03:14:43 -0500 [UpgradeWizard] - found a file with a differing md5: [./include/javascript/jquery/bootstrap.min.js]
Tue, 13 Oct 2015 03:14:43 -0500 [UpgradeWizard] - found a file with a differing md5: [./include/generic/SugarWidgets/SugarWidgetSubPanelTopButton.php]
Tue, 13 Oct 2015 03:14:43 -0500 [UpgradeWizard] - found a file with a differing md5: [./include/generic/SugarWidgets/SugarWidgetSubPanelTopArchiveEmailButton.php]
Tue, 13 Oct 2015 03:14:43 -0500 [UpgradeWizard] - found a file with a differing md5: [./include/generic/SugarWidgets/SugarWidgetSubPanelRemoveButton.php]
Tue, 13 Oct 2015 03:14:43 -0500 [UpgradeWizard] - found a file with a differing md5: [./include/formbase.php]
Tue, 13 Oct 2015 03:14:43 -0500 [UpgradeWizard] - found a file with a differing md5: [./include/SugarTheme/SugarTheme.php]
Tue, 13 Oct 2015 03:14:43 -0500 [UpgradeWizard] - found a file with a differing md5: [./include/SubPanel/SubPanelTiles.php]
Tue, 13 Oct 2015 03:14:43 -0500 [UpgradeWizard] - found a file with a differing md5: [./include/SearchForm/SearchForm2.php]
Tue, 13 Oct 2015 03:14:43 -0500 [UpgradeWizard] - found a file with a differing md5: [./include/Popups/tpls/footer.tpl]
Tue, 13 Oct 2015 03:14:43 -0500 [UpgradeWizard] - found a file with a differing md5: [./include/MVC/SugarApplication.php]
Tue, 13 Oct 2015 03:14:43 -0500 [UpgradeWizard] - found a file with a differing md5: [./include/ListView/ListViewSmarty.php]
Tue, 13 Oct 2015 03:14:43 -0500 [UpgradeWizard] - found a file with a differing md5: [./include/ListView/ListViewGeneric.tpl]
Tue, 13 Oct 2015 03:14:43 -0500 [UpgradeWizard] - found a file with a differing md5: [./include/HTMLPurifier/HTMLPurifier.standalone.php]
Tue, 13 Oct 2015 03:14:43 -0500 [UpgradeWizard] - found a file with a differing md5: [./include/DetailView/DetailView2.php]
Tue, 13 Oct 2015 03:14:43 -0500 [UpgradeWizard] - found a file with a differing md5: [./include/DetailView/DetailView.tpl]
Tue, 13 Oct 2015 03:14:44 -0500 [UpgradeWizard] - md5 verification done.
Tue, 13 Oct 2015 03:14:44 -0500 [UpgradeWizard] - updating UpgradeWizard code: include/database/DBManager.php
Tue, 13 Oct 2015 03:14:44 -0500 [UpgradeWizard] - updating UpgradeWizard code: include/utils/sugar_file_utils.php
Tue, 13 Oct 2015 03:14:44 -0500 [UpgradeWizard] - updating UpgradeWizard code: include/utils/sugar_file_utils.php
Tue, 13 Oct 2015 03:14:44 -0500 [UpgradeWizard] - updating UpgradeWizard code: include/utils/autoloader.php
Tue, 13 Oct 2015 03:14:44 -0500 [UpgradeWizard] - file preflight check passed successfully.
Tue, 13 Oct 2015 03:14:44 -0500 [UpgradeWizard] - starting schema preflight check...
Tue, 13 Oct 2015 03:14:44 -0500 [UpgradeWizard] - looking for schema script at: /home/supportv/public_html/cache/upgrades/temp/VDvjk7/scripts/650_to_730_mysql.sql
Tue, 13 Oct 2015 03:14:44 -0500 [UpgradeWizard] - no schema script found - all schema preflight skipped
Tue, 13 Oct 2015 03:14:44 -0500 [UpgradeWizard] - schema preflight done.
Tue, 13 Oct 2015 03:14:58 -0500 [UpgradeWizard] - setting session variables...
Tue, 13 Oct 2015 03:14:58 -0500 [UpgradeWizard] - [At commit.php]
Tue, 13 Oct 2015 03:14:58 -0500 [UpgradeWizard] - Setting error_reporting() to E_ERROR while running upgrade
Tue, 13 Oct 2015 03:14:58 -0500 [UpgradeWizard] - backing up files to be overwritten...
Tue, 13 Oct 2015 03:14:58 -0500 [UpgradeWizard] - Backing up file: /home/supportv/public_html/themes/SuiteR/tpls/login.tpl
Tue, 13 Oct 2015 03:14:58 -0500 [UpgradeWizard] - Backing up file: /home/supportv/public_html/themes/SuiteR/tpls/footer.tpl
Tue, 13 Oct 2015 03:14:58 -0500 [UpgradeWizard] - Backing up file: /home/supportv/public_html/themes/SuiteR/tpls/_headerModuleList.tpl
Tue, 13 Oct 2015 03:14:58 -0500 [UpgradeWizard] - Backing up file: /home/supportv/public_html/themes/SuiteR/themedef.php
Tue, 13 Oct 2015 03:14:58 -0500 [UpgradeWizard] - Backing up file: /home/supportv/public_html/themes/SuiteR/js/style.js
Tue, 13 Oct 2015 03:14:58 -0500 [UpgradeWizard] - Backing up file: /home/supportv/public_html/themes/SuiteR/js/jscolor.js
Tue, 13 Oct 2015 03:14:58 -0500 [UpgradeWizard] - Backing up file: /home/supportv/public_html/themes/SuiteR/css/style.css
Tue, 13 Oct 2015 03:14:58 -0500 [UpgradeWizard] - Backing up file: /home/supportv/public_html/themes/SuiteR/css/colourSelector.php
Tue, 13 Oct 2015 03:14:58 -0500 [UpgradeWizard] - Backing up file: /home/supportv/public_html/themes/SuiteR/css/bootstrap.min.css
Tue, 13 Oct 2015 03:14:58 -0500 [UpgradeWizard] - Backing up file: /home/supportv/public_html/themes/Suite7/tpls/_globalLinks.tpl
Tue, 13 Oct 2015 03:14:58 -0500 [UpgradeWizard] - Backing up file: /home/supportv/public_html/themes/Suite7/css/style.css
Tue, 13 Oct 2015 03:14:58 -0500 [UpgradeWizard] - Backing up file: /home/supportv/public_html/suitecrm_version.php
Tue, 13 Oct 2015 03:14:58 -0500 [UpgradeWizard] - Backing up file: /home/supportv/public_html/modules/vCals/vCal.php
Tue, 13 Oct 2015 03:14:58 -0500 [UpgradeWizard] - Backing up file: /home/supportv/public_html/modules/Users/views/view.detail.php
Tue, 13 Oct 2015 03:14:58 -0500 [UpgradeWizard] - Backing up file: /home/supportv/public_html/modules/Users/tpls/EditViewFooter.tpl
Tue, 13 Oct 2015 03:14:58 -0500 [UpgradeWizard] - Backing up file: /home/supportv/public_html/modules/Users/language/ru_ru.lang.php
Tue, 13 Oct 2015 03:14:58 -0500 [UpgradeWizard] - Backing up file: /home/supportv/public_html/modules/Users/language/es_es.lang.php
Tue, 13 Oct 2015 03:14:58 -0500 [UpgradeWizard] - Backing up file: /home/supportv/public_html/modules/Users/language/en_us.lang.php
Tue, 13 Oct 2015 03:14:58 -0500 [UpgradeWizard] - Backing up file: /home/supportv/public_html/modules/Users/Logout.php
Tue, 13 Oct 2015 03:14:58 -0500 [UpgradeWizard] - Backing up file: /home/supportv/public_html/modules/Users/GeneratePassword.php
Tue, 13 Oct 2015 03:14:58 -0500 [UpgradeWizard] - Backing up file: /home/supportv/public_html/modules/UserPreferences/UserPreference.php
Tue, 13 Oct 2015 03:14:58 -0500 [UpgradeWizard] - Backing up file: /home/supportv/public_html/modules/UpgradeWizard/silentUpgrade_step2.php
Tue, 13 Oct 2015 03:14:58 -0500 [UpgradeWizard] - Backing up file: /home/supportv/public_html/modules/UpgradeWizard/end.php
Tue, 13 Oct 2015 03:14:58 -0500 [UpgradeWizard] - Backing up file: /home/supportv/public_html/modules/SchedulersJobs/language/en_us.lang.php
Tue, 13 Oct 2015 03:14:58 -0500 [UpgradeWizard] - Backing up file: /home/supportv/public_html/modules/Schedulers/language/ru_ru.lang.php
Tue, 13 Oct 2015 03:14:58 -0500 [UpgradeWizard] - Backing up file: /home/supportv/public_html/modules/Schedulers/language/en_us.lang.php
Tue, 13 Oct 2015 03:14:58 -0500 [UpgradeWizard] - Backing up file: /home/supportv/public_html/modules/Schedulers/Scheduler.php
Tue, 13 Oct 2015 03:14:58 -0500 [UpgradeWizard] - Backing up file: /home/supportv/public_html/modules/ProspectLists/ProspectList.php
Tue, 13 Oct 2015 03:14:58 -0500 [UpgradeWizard] - Backing up file: /home/supportv/public_html/modules/Opportunities/SaveOverload.php
Tue, 13 Oct 2015 03:14:58 -0500 [UpgradeWizard] - Backing up file: /home/supportv/public_html/modules/Notes/vardefs.php
Tue, 13 Oct 2015 03:14:58 -0500 [UpgradeWizard] - Backing up file: /home/supportv/public_html/modules/ModuleBuilder/tpls/MBModule/vardef.tpl
Tue, 13 Oct 2015 03:14:58 -0500 [UpgradeWizard] - Backing up file: /home/supportv/public_html/modules/ModuleBuilder/tpls/LayoutEditor.css
Tue, 13 Oct 2015 03:14:58 -0500 [UpgradeWizard] - Backing up file: /home/supportv/public_html/modules/ModuleBuilder/language/ru_ru.lang.php
Tue, 13 Oct 2015 03:14:58 -0500 [UpgradeWizard] - Backing up file: /home/supportv/public_html/modules/ModuleBuilder/language/es_es.lang.php
Tue, 13 Oct 2015 03:14:58 -0500 [UpgradeWizard] - Backing up file: /home/supportv/public_html/modules/ModuleBuilder/language/en_us.lang.php
Tue, 13 Oct 2015 03:14:58 -0500 [UpgradeWizard] - Backing up file: /home/supportv/public_html/modules/ModuleBuilder/javascript/ModuleBuilder.js
Tue, 13 Oct 2015 03:14:58 -0500 [UpgradeWizard] - Backing up file: /home/supportv/public_html/modules/ModuleBuilder/MB/MBModule.php
Tue, 13 Oct 2015 03:14:58 -0500 [UpgradeWizard] - Backing up file: /home/supportv/public_html/modules/Meetings/views/view.edit.php
Tue, 13 Oct 2015 03:14:58 -0500 [UpgradeWizard] - Backing up file: /home/supportv/public_html/modules/Meetings/tpls/footer.tpl
Tue, 13 Oct 2015 03:14:58 -0500 [UpgradeWizard] - Backing up file: /home/supportv/public_html/modules/Meetings/metadata/additionalDetails.php
Tue, 13 Oct 2015 03:14:58 -0500 [UpgradeWizard] - Backing up file: /home/supportv/public_html/modules/Meetings/jsclass_scheduler.js
Tue, 13 Oct 2015 03:14:58 -0500 [UpgradeWizard] - Backing up file: /home/supportv/public_html/modules/Leads/views/view.convertlead.php
Tue, 13 Oct 2015 03:14:58 -0500 [UpgradeWizard] - Backing up file: /home/supportv/public_html/modules/Leads/metadata/detailviewdefs.php
Tue, 13 Oct 2015 03:14:58 -0500 [UpgradeWizard] - Backing up file: /home/supportv/public_html/modules/Leads/metadata/additionalDetails.php
Tue, 13 Oct 2015 03:14:58 -0500 [UpgradeWizard] - Backing up file: /home/supportv/public_html/modules/Emails/EditViewArchive.html
Tue, 13 Oct 2015 03:14:58 -0500 [UpgradeWizard] - Backing up file: /home/supportv/public_html/modules/Emails/EditView.php
Tue, 13 Oct 2015 03:14:58 -0500 [UpgradeWizard] - Backing up file: /home/supportv/public_html/modules/DynamicFields/templates/Fields/TemplateField.php
Tue, 13 Oct 2015 03:14:58 -0500 [UpgradeWizard] - Backing up file: /home/supportv/public_html/modules/DynamicFields/templates/Fields/Forms/coreBottom.tpl
Tue, 13 Oct 2015 03:14:58 -0500 [UpgradeWizard] - Backing up file: /home/supportv/public_html/modules/DynamicFields/language/en_us.lang.php
Tue, 13 Oct 2015 03:14:58 -0500 [UpgradeWizard] - Backing up file: /home/supportv/public_html/modules/DynamicFields/FieldsMetaData.php
Tue, 13 Oct 2015 03:14:58 -0500 [UpgradeWizard] - Backing up file: /home/supportv/public_html/modules/DynamicFields/DynamicField.php
Tue, 13 Oct 2015 03:14:58 -0500 [UpgradeWizard] - Backing up file: /home/supportv/public_html/modules/Contacts/vardefs.php
Tue, 13 Oct 2015 03:14:58 -0500 [UpgradeWizard] - Backing up file: /home/supportv/public_html/modules/Contacts/metadata/detailviewdefs.php
Tue, 13 Oct 2015 03:14:58 -0500 [UpgradeWizard] - Backing up file: /home/supportv/public_html/modules/Contacts/metadata/additionalDetails.php
Tue, 13 Oct 2015 03:14:58 -0500 [UpgradeWizard] - Backing up file: /home/supportv/public_html/modules/Connectors/InstallDefaultConnectors.php
Tue, 13 Oct 2015 03:14:58 -0500 [UpgradeWizard] - Backing up file: /home/supportv/public_html/modules/Configurator/tpls/EditView.tpl
Tue, 13 Oct 2015 03:14:58 -0500 [UpgradeWizard] - Backing up file: /home/supportv/public_html/modules/Configurator/language/en_us.lang.php
Tue, 13 Oct 2015 03:14:58 -0500 [UpgradeWizard] - Backing up file: /home/supportv/public_html/modules/Configurator/UploadFileCheck.php
Tue, 13 Oct 2015 03:14:58 -0500 [UpgradeWizard] - Backing up file: /home/supportv/public_html/modules/Configurator/Configurator.php
Tue, 13 Oct 2015 03:14:58 -0500 [UpgradeWizard] - Backing up file: /home/supportv/public_html/modules/Campaigns/tpls/WizardCampaignTargetListForNonNewsLetter.tpl
Tue, 13 Oct 2015 03:14:58 -0500 [UpgradeWizard] - Backing up file: /home/supportv/public_html/modules/CampaignLog/CampaignLog.php
Tue, 13 Oct 2015 03:14:58 -0500 [UpgradeWizard] - Backing up file: /home/supportv/public_html/modules/Calls/metadata/additionalDetails.php
Tue, 13 Oct 2015 03:14:58 -0500 [UpgradeWizard] - Backing up file: /home/supportv/public_html/modules/Calendar/Calendar.php
Tue, 13 Oct 2015 03:14:58 -0500 [UpgradeWizard] - Backing up file: /home/supportv/public_html/modules/Calendar/Cal.js
Tue, 13 Oct 2015 03:14:58 -0500 [UpgradeWizard] - Backing up file: /home/supportv/public_html/modules/Administration/views/view.globalsearchsettings.php
Tue, 13 Oct 2015 03:14:58 -0500 [UpgradeWizard] - Backing up file: /home/supportv/public_html/modules/Administration/templates/themeConfigSettings.tpl
Tue, 13 Oct 2015 03:14:58 -0500 [UpgradeWizard] - Backing up file: /home/supportv/public_html/modules/Accounts/metadata/detailviewdefs.php
Tue, 13 Oct 2015 03:14:58 -0500 [UpgradeWizard] - Backing up file: /home/supportv/public_html/modules/AOW_WorkFlow/vardefs.php
Tue, 13 Oct 2015 03:14:58 -0500 [UpgradeWizard] - Backing up file: /home/supportv/public_html/modules/AOW_WorkFlow/metadata/editviewdefs.php
Tue, 13 Oct 2015 03:14:58 -0500 [UpgradeWizard] - Backing up file: /home/supportv/public_html/modules/AOW_WorkFlow/metadata/detailviewdefs.php
Tue, 13 Oct 2015 03:14:58 -0500 [UpgradeWizard] - Backing up file: /home/supportv/public_html/modules/AOW_WorkFlow/language/en_us.lang.php
Tue, 13 Oct 2015 03:14:58 -0500 [UpgradeWizard] - Backing up file: /home/supportv/public_html/modules/AOW_WorkFlow/controller.php
Tue, 13 Oct 2015 03:14:58 -0500 [UpgradeWizard] - Backing up file: /home/supportv/public_html/modules/AOW_WorkFlow/aow_utils.php
Tue, 13 Oct 2015 03:14:58 -0500 [UpgradeWizard] - Backing up file: /home/supportv/public_html/modules/AOW_WorkFlow/AOW_WorkFlow.php
Tue, 13 Oct 2015 03:14:58 -0500 [UpgradeWizard] - Backing up file: /home/supportv/public_html/modules/AOW_Conditions/conditionLines.js
Tue, 13 Oct 2015 03:14:58 -0500 [UpgradeWizard] - Backing up file: /home/supportv/public_html/modules/AOW_Actions/language/en_us.lang.php
Tue, 13 Oct 2015 03:14:58 -0500 [UpgradeWizard] - Backing up file: /home/supportv/public_html/modules/AOW_Actions/actions/actionSendEmail.php
Tue, 13 Oct 2015 03:14:58 -0500 [UpgradeWizard] - Backing up file: /home/supportv/public_html/modules/AOW_Actions/actions/actionCreateRecord.php
Tue, 13 Oct 2015 03:14:58 -0500 [UpgradeWizard] - Backing up file: /home/supportv/public_html/modules/AOW_Actions/AOW_Action.php
Tue, 13 Oct 2015 03:14:58 -0500 [UpgradeWizard] - Backing up file: /home/supportv/public_html/modules/AOS_Quotes/createOpportunity.php
Tue, 13 Oct 2015 03:14:58 -0500 [UpgradeWizard] - Backing up file: /home/supportv/public_html/modules/AOS_Products_Quotes/Line_Items.php
Tue, 13 Oct 2015 03:14:58 -0500 [UpgradeWizard] - Backing up file: /home/supportv/public_html/modules/AOS_Products_Quotes/AOS_Utils.php
Tue, 13 Oct 2015 03:14:58 -0500 [UpgradeWizard] - Backing up file: /home/supportv/public_html/modules/AOS_Product_Categories/vardefs.php
Tue, 13 Oct 2015 03:14:58 -0500 [UpgradeWizard] - Backing up file: /home/supportv/public_html/modules/AOS_PDF_Templates/formLetter.php
Tue, 13 Oct 2015 03:14:58 -0500 [UpgradeWizard] - Backing up file: /home/supportv/public_html/modules/AOS_PDF_Templates/PDF_Lib/config.php
Tue, 13 Oct 2015 03:14:58 -0500 [UpgradeWizard] - Backing up file: /home/supportv/public_html/modules/AOS_Contracts/AOS_Contracts.php
Tue, 13 Oct 2015 03:14:58 -0500 [UpgradeWizard] - Backing up file: /home/supportv/public_html/modules/AOR_Reports/tpls/report.tpl
Tue, 13 Oct 2015 03:14:58 -0500 [UpgradeWizard] - Backing up file: /home/supportv/public_html/modules/AOR_Reports/controller.php
Tue, 13 Oct 2015 03:14:58 -0500 [UpgradeWizard] - Backing up file: /home/supportv/public_html/modules/AOR_Reports/aor_utils.php
Tue, 13 Oct 2015 03:14:58 -0500 [UpgradeWizard] - Backing up file: /home/supportv/public_html/modules/AOR_Reports/Dashlets/AORReportsDashlet/dashletConfigure.tpl
Tue, 13 Oct 2015 03:14:58 -0500 [UpgradeWizard] - Backing up file: /home/supportv/public_html/modules/AOR_Reports/Dashlets/AORReportsDashlet/dashlet.tpl
Tue, 13 Oct 2015 03:14:58 -0500 [UpgradeWizard] - Backing up file: /home/supportv/public_html/modules/AOR_Reports/Dashlets/AORReportsDashlet/AORReportsDashlet.php
Tue, 13 Oct 2015 03:14:58 -0500 [UpgradeWizard] - Backing up file: /home/supportv/public_html/modules/AOR_Reports/AOR_Report.php
Tue, 13 Oct 2015 03:14:58 -0500 [UpgradeWizard] - Backing up file: /home/supportv/public_html/modules/AOR_Conditions/conditionLines.js
Tue, 13 Oct 2015 03:14:58 -0500 [UpgradeWizard] - Backing up file: /home/supportv/public_html/modules/AOR_Conditions/AOR_Condition.php
Tue, 13 Oct 2015 03:14:58 -0500 [UpgradeWizard] - Backing up file: /home/supportv/public_html/modules/AOR_Charts/AOR_Chart.php
Tue, 13 Oct 2015 03:14:58 -0500 [UpgradeWizard] - Backing up file: /home/supportv/public_html/modules/AOP_Case_Updates/Case_Updates.php
Tue, 13 Oct 2015 03:14:58 -0500 [UpgradeWizard] - Backing up file: /home/supportv/public_html/modules/AOP_Case_Updates/CaseUpdatesHook.php
Tue, 13 Oct 2015 03:14:58 -0500 [UpgradeWizard] - Backing up file: /home/supportv/public_html/modules/AOP_Case_Updates/AOP_Case_Updates.php
Tue, 13 Oct 2015 03:14:58 -0500 [UpgradeWizard] - Backing up file: /home/supportv/public_html/modules/AOD_Index/AOD_Index.php
Tue, 13 Oct 2015 03:14:58 -0500 [UpgradeWizard] - Backing up file: /home/supportv/public_html/modules/AM_TaskTemplates/vardefs.php
Tue, 13 Oct 2015 03:14:58 -0500 [UpgradeWizard] - Backing up file: /home/supportv/public_html/modules/AM_ProjectTemplates/vardefs.php
Tue, 13 Oct 2015 03:14:58 -0500 [UpgradeWizard] - Backing up file: /home/supportv/public_html/modules/AM_ProjectTemplates/controller.php
Tue, 13 Oct 2015 03:14:58 -0500 [UpgradeWizard] - Backing up file: /home/supportv/public_html/jssource/src_files/modules/Meetings/jsclass_scheduler.js
Tue, 13 Oct 2015 03:14:58 -0500 [UpgradeWizard] - Backing up file: /home/supportv/public_html/jssource/src_files/include/javascript/sugar_3.js
Tue, 13 Oct 2015 03:14:58 -0500 [UpgradeWizard] - Backing up file: /home/supportv/public_html/jssource/src_files/include/javascript/quickCompose.js
Tue, 13 Oct 2015 03:14:58 -0500 [UpgradeWizard] - Backing up file: /home/supportv/public_html/jssource/src_files/include/javascript/jsclass_async.js
Tue, 13 Oct 2015 03:14:58 -0500 [UpgradeWizard] - Backing up file: /home/supportv/public_html/jssource/JSGroupings.php
Tue, 13 Oct 2015 03:14:58 -0500 [UpgradeWizard] - Backing up file: /home/supportv/public_html/install/suite_install/suite_install.php
Tue, 13 Oct 2015 03:14:58 -0500 [UpgradeWizard] - Backing up file: /home/supportv/public_html/install/suite_install/AdvancedOpenPortal.php
Tue, 13 Oct 2015 03:14:58 -0500 [UpgradeWizard] - Backing up file: /home/supportv/public_html/install/suite_install/AdvancedOpenDiscovery.php
Tue, 13 Oct 2015 03:14:58 -0500 [UpgradeWizard] - Backing up file: /home/supportv/public_html/install/language/en_us.lang.php
Tue, 13 Oct 2015 03:14:58 -0500 [UpgradeWizard] - Backing up file: /home/supportv/public_html/install/install_utils.php
Tue, 13 Oct 2015 03:14:58 -0500 [UpgradeWizard] - Backing up file: /home/supportv/public_html/install/checkDBSettings.php
Tue, 13 Oct 2015 03:14:58 -0500 [UpgradeWizard] - Backing up file: /home/supportv/public_html/include/utils/sugar_file_utils.php
Tue, 13 Oct 2015 03:14:58 -0500 [UpgradeWizard] - Backing up file: /home/supportv/public_html/include/utils/layout_utils.php
Tue, 13 Oct 2015 03:14:58 -0500 [UpgradeWizard] - Backing up file: /home/supportv/public_html/include/utils/file_utils.php
Tue, 13 Oct 2015 03:14:58 -0500 [UpgradeWizard] - Backing up file: /home/supportv/public_html/include/utils/autoloader.php
Tue, 13 Oct 2015 03:14:58 -0500 [UpgradeWizard] - Backing up file: /home/supportv/public_html/include/utils.php
Tue, 13 Oct 2015 03:14:58 -0500 [UpgradeWizard] - Backing up file: /home/supportv/public_html/include/nusoap/nusoap.php
Tue, 13 Oct 2015 03:14:58 -0500 [UpgradeWizard] - Backing up file: /home/supportv/public_html/include/modules.php
Tue, 13 Oct 2015 03:14:58 -0500 [UpgradeWizard] - Backing up file: /home/supportv/public_html/include/language/es_es.lang.php
Tue, 13 Oct 2015 03:14:58 -0500 [UpgradeWizard] - Backing up file: /home/supportv/public_html/include/javascript/sugar_3.js
Tue, 13 Oct 2015 03:14:58 -0500 [UpgradeWizard] - Backing up file: /home/supportv/public_html/include/javascript/quickCompose.js
Tue, 13 Oct 2015 03:14:58 -0500 [UpgradeWizard] - Backing up file: /home/supportv/public_html/include/javascript/jsclass_async.js
Tue, 13 Oct 2015 03:14:58 -0500 [UpgradeWizard] - Backing up file: /home/supportv/public_html/include/javascript/jsAlerts.php
Tue, 13 Oct 2015 03:14:58 -0500 [UpgradeWizard] - Backing up file: /home/supportv/public_html/include/javascript/jquery/bootstrap.min.js
Tue, 13 Oct 2015 03:14:58 -0500 [UpgradeWizard] - Backing up file: /home/supportv/public_html/include/generic/SugarWidgets/SugarWidgetSubPanelTopButton.php
Tue, 13 Oct 2015 03:14:58 -0500 [UpgradeWizard] - Backing up file: /home/supportv/public_html/include/generic/SugarWidgets/SugarWidgetSubPanelTopArchiveEmailButton.php
Tue, 13 Oct 2015 03:14:58 -0500 [UpgradeWizard] - Backing up file: /home/supportv/public_html/include/generic/SugarWidgets/SugarWidgetSubPanelRemoveButton.php
Tue, 13 Oct 2015 03:14:58 -0500 [UpgradeWizard] - Backing up file: /home/supportv/public_html/include/formbase.php
Tue, 13 Oct 2015 03:14:58 -0500 [UpgradeWizard] - Backing up file: /home/supportv/public_html/include/database/DBManager.php
Tue, 13 Oct 2015 03:14:58 -0500 [UpgradeWizard] - Backing up file: /home/supportv/public_html/include/SugarTheme/SugarTheme.php
Tue, 13 Oct 2015 03:14:58 -0500 [UpgradeWizard] - Backing up file: /home/supportv/public_html/include/SugarFields/Fields/Image/EditView.tpl
Tue, 13 Oct 2015 03:14:58 -0500 [UpgradeWizard] - Backing up file: /home/supportv/public_html/include/SubPanel/SubPanelTiles.php
Tue, 13 Oct 2015 03:14:58 -0500 [UpgradeWizard] - Backing up file: /home/supportv/public_html/include/SearchForm/SearchForm2.php
Tue, 13 Oct 2015 03:14:58 -0500 [UpgradeWizard] - Backing up file: /home/supportv/public_html/include/Popups/tpls/footer.tpl
Tue, 13 Oct 2015 03:14:58 -0500 [UpgradeWizard] - Backing up file: /home/supportv/public_html/include/MVC/SugarApplication.php
Tue, 13 Oct 2015 03:14:58 -0500 [UpgradeWizard] - Backing up file: /home/supportv/public_html/include/ListView/ListViewSmarty.php
Tue, 13 Oct 2015 03:14:58 -0500 [UpgradeWizard] - Backing up file: /home/supportv/public_html/include/ListView/ListViewGeneric.tpl
Tue, 13 Oct 2015 03:14:58 -0500 [UpgradeWizard] - Backing up file: /home/supportv/public_html/include/HTMLPurifier/HTMLPurifier.standalone.php
Tue, 13 Oct 2015 03:14:58 -0500 [UpgradeWizard] - Backing up file: /home/supportv/public_html/include/DetailView/DetailView2.php
Tue, 13 Oct 2015 03:14:58 -0500 [UpgradeWizard] - Backing up file: /home/supportv/public_html/include/DetailView/DetailView.tpl
Tue, 13 Oct 2015 03:14:58 -0500 [UpgradeWizard] - Backing up file: /home/supportv/public_html/custom/modules/SugarFeed/Dashlets/SugarFeedDashlet/SugarFeedDashlet.php
Tue, 13 Oct 2015 03:14:58 -0500 [UpgradeWizard] - Backing up file: /home/supportv/public_html/custom/modules/Project/chart.php
Tue, 13 Oct 2015 03:14:58 -0500 [UpgradeWizard] - Backing up file: /home/supportv/public_html/custom/modules/Home/language/en_us.lang.php
Tue, 13 Oct 2015 03:14:58 -0500 [UpgradeWizard] - Backing up file: /home/supportv/public_html/custom/modules/Home/About.php
Tue, 13 Oct 2015 03:14:58 -0500 [UpgradeWizard] - Backing up file: /home/supportv/public_html/custom/modules/Connectors/metadata/searchdefs.php
Tue, 13 Oct 2015 03:14:58 -0500 [UpgradeWizard] - Backing up file: /home/supportv/public_html/custom/modules/Connectors/metadata/display_config.php
Tue, 13 Oct 2015 03:14:58 -0500 [UpgradeWizard] - Backing up file: /home/supportv/public_html/custom/modules/Connectors/metadata/connectors.php
Tue, 13 Oct 2015 03:14:58 -0500 [UpgradeWizard] - Backing up file: /home/supportv/public_html/custom/modules/Connectors/connectors/sources/ext/rest/twitter/language/en_us.lang.php
Tue, 13 Oct 2015 03:14:58 -0500 [UpgradeWizard] - Backing up file: /home/supportv/public_html/custom/modules/Calls/reschedule_history.php
Tue, 13 Oct 2015 03:14:58 -0500 [UpgradeWizard] - Backing up file: /home/supportv/public_html/custom/include/social/twitter/twitter_helper.php
Tue, 13 Oct 2015 03:14:58 -0500 [UpgradeWizard] - Backing up file: /home/supportv/public_html/custom/include/social/get_feed_data.php
Tue, 13 Oct 2015 03:14:58 -0500 [UpgradeWizard] - Backing up file: /home/supportv/public_html/custom/include/social/facebook/facebook_sdk/src/facebook.php
Tue, 13 Oct 2015 03:14:58 -0500 [UpgradeWizard] - Backing up file: /home/supportv/public_html/custom/include/social/facebook/facebook_sdk/src/base_facebook.php
Tue, 13 Oct 2015 03:14:58 -0500 [UpgradeWizard] - Backing up file: /home/supportv/public_html/custom/include/social/facebook/facebook.class.php
Tue, 13 Oct 2015 03:14:58 -0500 [UpgradeWizard] - Backing up file: /home/supportv/public_html/custom/include/generic/SugarWidgets/SugarWidgetSubPanelSendInvitesButton.php
Tue, 13 Oct 2015 03:14:58 -0500 [UpgradeWizard] - Backing up file: /home/supportv/public_html/custom/include/MySugar/MySugar.php
Tue, 13 Oct 2015 03:14:58 -0500 [UpgradeWizard] - Backing up file: /home/supportv/public_html/custom/Extension/modules/Schedulers/Ext/ScheduledTasks/AORScheduler.php
Tue, 13 Oct 2015 03:14:58 -0500 [UpgradeWizard] - Backing up file: /home/supportv/public_html/custom/Extension/modules/Schedulers/Ext/ScheduledTasks/AOPScheduler.php
Tue, 13 Oct 2015 03:14:58 -0500 [UpgradeWizard] - Backing up file: /home/supportv/public_html/custom/Extension/modules/Schedulers/Ext/Language/ru_ru.AdvancedOpenPortal.php
Tue, 13 Oct 2015 03:14:58 -0500 [UpgradeWizard] - Backing up file: /home/supportv/public_html/custom/Extension/modules/Schedulers/Ext/Language/es_es.AdvancedOpenPortal.php
Tue, 13 Oct 2015 03:14:58 -0500 [UpgradeWizard] - Backing up file: /home/supportv/public_html/custom/Extension/modules/Schedulers/Ext/Language/en_us.AdvancedOpenPortal.php
Tue, 13 Oct 2015 03:14:58 -0500 [UpgradeWizard] - Backing up file: /home/supportv/public_html/custom/Extension/modules/Contacts/Ext/Language/en_us.customaop_case_updates_contacts.php
Tue, 13 Oct 2015 03:14:58 -0500 [UpgradeWizard] - Backing up file: /home/supportv/public_html/custom/Extension/modules/Calls/Ext/Language/ru_ru.Reschedule.php
Tue, 13 Oct 2015 03:14:58 -0500 [UpgradeWizard] - Backing up file: /home/supportv/public_html/custom/Extension/modules/Calls/Ext/Language/es_es.Reschedule.php
Tue, 13 Oct 2015 03:14:58 -0500 [UpgradeWizard] - Backing up file: /home/supportv/public_html/custom/Extension/modules/Calls/Ext/Language/en_us.Reschedule.php
Tue, 13 Oct 2015 03:14:58 -0500 [UpgradeWizard] - Backing up file: /home/supportv/public_html/custom/Extension/modules/Administration/Ext/Language/en_us.colourAdmin.php
Tue, 13 Oct 2015 03:14:58 -0500 [UpgradeWizard] - Backing up file: /home/supportv/public_html/custom/Extension/application/Ext/Language/pt_br.SecurityGroups.php
Tue, 13 Oct 2015 03:14:58 -0500 [UpgradeWizard] - Backing up file: /home/supportv/public_html/custom/Extension/application/Ext/Language/it_it.SecurityGroups.php
Tue, 13 Oct 2015 03:14:58 -0500 [UpgradeWizard] - Backing up file: /home/supportv/public_html/custom/Extension/application/Ext/Language/fr_FR.SecurityGroups.php
Tue, 13 Oct 2015 03:14:58 -0500 [UpgradeWizard] - Backing up file: /home/supportv/public_html/custom/Extension/application/Ext/Language/es_es.SecurityGroups.php
Tue, 13 Oct 2015 03:14:58 -0500 [UpgradeWizard] - Backing up file: /home/supportv/public_html/custom/Extension/application/Ext/Language/en_us.GanttChartPro.php
Tue, 13 Oct 2015 03:14:58 -0500 [UpgradeWizard] - Backing up file: /home/supportv/public_html/custom/Extension/application/Ext/Language/en_us.AdvancedOpenWorkflow.php
Tue, 13 Oct 2015 03:14:58 -0500 [UpgradeWizard] - Backing up file: /home/supportv/public_html/custom/Extension/application/Ext/Language/en_us.AdvancedOpenReports.php
Tue, 13 Oct 2015 03:14:58 -0500 [UpgradeWizard] - file backup done.
Tue, 13 Oct 2015 03:14:58 -0500 [UpgradeWizard] - Running pre_install()...
Tue, 13 Oct 2015 03:14:58 -0500 [UpgradeWizard] - pre_install() done.
Tue, 13 Oct 2015 03:14:59 -0500 [UpgradeWizard] - Commit step finished SugarMerge run with the following results:Array
(
    [Leads] => Array
        (
            [detailviewdefs.php] => 1
        )

    [Prospects] => Array
        (
        )

    [Contacts] => Array
        (
        )

    [ACLRoles] => Array
        (
        )

    [AOS_PDF_Templates] => Array
        (
        )

    [ProjectTask] => Array
        (
        )

    [Cases] => Array
        (
        )

    [Connectors] => Array
        (
        )

    [Accounts] => Array
        (
            [detailviewdefs.php] => 1
        )

    [Project] => Array
        (
        )

    [SugarFeed] => Array
        (
        )

    [Users] => Array
        (
        )

)

Tue, 13 Oct 2015 03:14:59 -0500 [UpgradeWizard] - Starting file copy process...
Tue, 13 Oct 2015 03:14:59 -0500 [UpgradeWizard] - File copy done.
Tue, 13 Oct 2015 03:14:59 -0500 [UpgradeWizard] - Starting post_install()...
Tue, 13 Oct 2015 03:14:59 -0500 [UpgradeWizard] - Entered post_install function.
Tue, 13 Oct 2015 03:14:59 -0500 [UpgradeWizard] - Upgrading the database from 6.5.20 to version 
Tue, 13 Oct 2015 03:14:59 -0500 [UpgradeWizard] - Running SQL file /home/supportv/public_html/cache/upgrades/temp/VDvjk7/scripts/65x_to__mysql.sql
Tue, 13 Oct 2015 03:14:59 -0500 [UpgradeWizard] - *** ERROR: Schema change script [/home/supportv/public_html/cache/upgrades/temp/VDvjk7/scripts/65x_to__mysql.sql] could not be found!
Tue, 13 Oct 2015 03:14:59 -0500 [UpgradeWizard] - Rebuilding JS Langauages
Tue, 13 Oct 2015 03:14:59 -0500 [UpgradeWizard] - Rebuilding Dashlets
Tue, 13 Oct 2015 03:15:04 -0500 [UpgradeWizard] - At updateVersions()... updating config table and sugar_version.php.
Tue, 13 Oct 2015 03:15:04 -0500 [UpgradeWizard] - *** ERROR: no sugar_version.php file location found! - cannot complete upgrade...
Tue, 13 Oct 2015 03:15:04 -0500 [UpgradeWizard] - Performing UWrebuild()...
Tue, 13 Oct 2015 03:15:04 -0500 [UpgradeWizard] - Registering rebuild record: DELETE FROM versions WHERE name='Rebuild Extensions'
Tue, 13 Oct 2015 03:15:04 -0500 [UpgradeWizard] - Rebuild done.
Tue, 13 Oct 2015 03:15:04 -0500 [UpgradeWizard] - Registering rebuild record in versions table: INSERT INTO versions (id, deleted, date_entered, date_modified, modified_user_id, created_by, name, file_version, db_version) VALUES ('571bb83a-2453-e6bf-105a-561cbdfc705c', '0', '2015-10-13 08:15:04', '2015-10-13 08:15:04', '1', '1', 'Rebuild Extensions', '4.0.0', '4.0.0')
Tue, 13 Oct 2015 03:15:04 -0500 [UpgradeWizard] - UWrebuild() done.
Tue, 13 Oct 2015 03:15:04 -0500 [UpgradeWizard] - post_install() done.
Tue, 13 Oct 2015 03:15:04 -0500 [UpgradeWizard] - check if current_db_version in $_SESSION equals target_db_version in $_SESSION
Tue, 13 Oct 2015 03:15:04 -0500 [UpgradeWizard] - finished check to see if current_db_version in $_SESSION equals target_db_version in $_SESSION
Tue, 13 Oct 2015 03:15:04 -0500 [UpgradeWizard] - running deleteChance() function
Tue, 13 Oct 2015 03:15:04 -0500 [UpgradeWizard] - running deleteCache() function
Tue, 13 Oct 2015 03:15:04 -0500 [UpgradeWizard] - call addNewSystemTabsFromUpgrade(upload://upgrades/patch/SuiteCRM-Upgrade-7.2.x-to-7.3.1-restore)
Tue, 13 Oct 2015 03:15:04 -0500 [UpgradeWizard] - check to see if new modules exist
Tue, 13 Oct 2015 03:15:04 -0500 [UpgradeWizard] - new modules to add are array (
)
Tue, 13 Oct 2015 03:15:04 -0500 [UpgradeWizard] - module tabs updated
Tue, 13 Oct 2015 03:15:04 -0500 [UpgradeWizard] - finished addNewSystemTabsFromUpgrade
Tue, 13 Oct 2015 03:15:04 -0500 [UpgradeWizard] - Registering upgrade with UpgradeHistory
Tue, 13 Oct 2015 03:15:04 -0500 [UpgradeWizard] - Resetting error_reporting() to system level.
Tue, 13 Oct 2015 03:15:04 -0500 [UpgradeWizard] - Rebuilding style js file: cache/themes/SuiteR/js/style-min.js
Tue, 13 Oct 2015 03:15:05 -0500 [UpgradeWizard] - Rebuilding language cache
Tue, 13 Oct 2015 03:15:23 -0500 [UpgradeWizard] - setting session variables...
Tue, 13 Oct 2015 03:15:23 -0500 [UpgradeWizard] - Upgrade Wizard At Layout Commits
Tue, 13 Oct 2015 03:15:23 -0500 [UpgradeWizard] - Layout Commits about to show selection table
Tue, 13 Oct 2015 03:15:32 -0500 [UpgradeWizard] - setting session variables...
Tue, 13 Oct 2015 03:15:32 -0500 [UpgradeWizard] - Upgrade Wizard At Layout Commits
Tue, 13 Oct 2015 03:15:32 -0500 [UpgradeWizard] - Layout Commits examining modules to revert
Tue, 13 Oct 2015 03:15:32 -0500 [UpgradeWizard] - Layout Commits, selected modules by user: Array
(
    [0] => Leads
    [1] => Accounts
)

Tue, 13 Oct 2015 03:15:32 -0500 [UpgradeWizard] - Adding Prospects module to rollback list.
Tue, 13 Oct 2015 03:15:32 -0500 [UpgradeWizard] - Adding Contacts module to rollback list.
Tue, 13 Oct 2015 03:15:32 -0500 [UpgradeWizard] - Adding ACLRoles module to rollback list.
Tue, 13 Oct 2015 03:15:32 -0500 [UpgradeWizard] - Adding AOS_PDF_Templates module to rollback list.
Tue, 13 Oct 2015 03:15:32 -0500 [UpgradeWizard] - Adding ProjectTask module to rollback list.
Tue, 13 Oct 2015 03:15:32 -0500 [UpgradeWizard] - Adding Cases module to rollback list.
Tue, 13 Oct 2015 03:15:32 -0500 [UpgradeWizard] - Adding Connectors module to rollback list.
Tue, 13 Oct 2015 03:15:32 -0500 [UpgradeWizard] - Adding Project module to rollback list.
Tue, 13 Oct 2015 03:15:32 -0500 [UpgradeWizard] - Adding SugarFeed module to rollback list.
Tue, 13 Oct 2015 03:15:32 -0500 [UpgradeWizard] - Adding Users module to rollback list.
Tue, 13 Oct 2015 03:15:32 -0500 [UpgradeWizard] - Layout Commits will rollback the following modules: Array
(
    [Prospects] => Array
        (
        )

    [Contacts] => Array
        (
        )

    [ACLRoles] => Array
        (
        )

    [AOS_PDF_Templates] => Array
        (
        )

    [ProjectTask] => Array
        (
        )

    [Cases] => Array
        (
        )

    [Connectors] => Array
        (
        )

    [Project] => Array
        (
        )

    [SugarFeed] => Array
        (
        )

    [Users] => Array
        (
        )

)

Tue, 13 Oct 2015 03:15:32 -0500 [UpgradeWizard] - Layout Commits merged the following modules: Array
(
    [Leads] => Array
        (
            [detailviewdefs.php] => 1
        )

    [Accounts] => Array
        (
            [detailviewdefs.php] => 1
        )

)

Tue, 13 Oct 2015 03:15:32 -0500 [UpgradeWizard] - Layout Commits, starting rollback
Tue, 13 Oct 2015 03:15:32 -0500 [UpgradeWizard] - Layout Commits, iterating over module:Prospects
Tue, 13 Oct 2015 03:15:32 -0500 [UpgradeWizard] - Layout Commits, iterating over module:Contacts
Tue, 13 Oct 2015 03:15:32 -0500 [UpgradeWizard] - Layout Commits, iterating over module:ACLRoles
Tue, 13 Oct 2015 03:15:32 -0500 [UpgradeWizard] - Layout Commits, iterating over module:AOS_PDF_Templates
Tue, 13 Oct 2015 03:15:32 -0500 [UpgradeWizard] - Layout Commits, iterating over module:ProjectTask
Tue, 13 Oct 2015 03:15:32 -0500 [UpgradeWizard] - Layout Commits, iterating over module:Cases
Tue, 13 Oct 2015 03:15:32 -0500 [UpgradeWizard] - Layout Commits, iterating over module:Connectors
Tue, 13 Oct 2015 03:15:32 -0500 [UpgradeWizard] - Layout Commits, iterating over module:Project
Tue, 13 Oct 2015 03:15:32 -0500 [UpgradeWizard] - Layout Commits, iterating over module:SugarFeed
Tue, 13 Oct 2015 03:15:32 -0500 [UpgradeWizard] - Layout Commits, iterating over module:Users
Tue, 13 Oct 2015 03:15:32 -0500 [UpgradeWizard] - Layout Commits completed successfully
Tue, 13 Oct 2015 03:15:39 -0500 [UpgradeWizard] - setting session variables...
Tue, 13 Oct 2015 03:15:45 -0500 [UpgradeWizard] - [At end.php]
Tue, 13 Oct 2015 03:15:45 -0500 [UpgradeWizard] - About to repair the database.
Tue, 13 Oct 2015 03:15:49 -0500 [UpgradeWizard] - Running sql:/* Table : alerts */
/* MISSING TABLE: alerts */
CREATE TABLE alerts (id char(36)  NOT NULL ,name varchar(255)  NULL ,date_entered datetime  NULL ,date_modified datetime  NULL ,modified_user_id char(36)  NULL ,created_by char(36)  NULL ,description text  NULL ,deleted bool  DEFAULT '0' NULL ,assigned_user_id char(36)  NULL ,is_read bool  NULL ,target_module varchar(255)  NULL ,type varchar(255)  NULL ,url_redirect varchar(255)  NULL  , PRIMARY KEY (id)) CHARACTER SET utf8 COLLATE utf8_general_ci

Tue, 13 Oct 2015 03:15:50 -0500 [UpgradeWizard] - Running sql:/* Table : aow_workflow */
/*COLUMNS*/
/*MISMATCH WITH DATABASE - run_when -  ROW [name] => 'run_when'  [type] => 'varchar'  [len] => '100'  [default] => 'Create'  */
/* VARDEF - run_when -  ROW[required] => ''  [name] => 'run_when'  [vname] => 'LBL_RUN_WHEN'  [type] => 'varchar'  [massupdate] => '0'  [default] => 'Always'  [comments] => ''  [help] => ''  [importable] => 'true'  [duplicate_merge] => 'disabled'  [duplicate_merge_dom_value] => '0'  [audited] => ''  [reportable] => '1'  [unified_search] => ''  [merge_filter] => 'disabled'  [len] => '100'  [size] => '20'  [options] => 'aow_run_when_list'  [studio] => 'visible'  [dependency] => ''  [dbType] => 'enum'  */
/* INDEXES */
ALTER TABLE aow_workflow   modify COLUMN run_when varchar(100)  DEFAULT 'Always' NULL 

Tue, 13 Oct 2015 03:15:50 -0500 [UpgradeWizard] - database repaired
Tue, 13 Oct 2015 03:15:50 -0500 [UpgradeWizard] -  Start Rebuilding the config file again
Tue, 13 Oct 2015 03:15:50 -0500 [UpgradeWizard] -  Finish Rebuilding the config file again
Tue, 13 Oct 2015 03:15:50 -0500 [UpgradeWizard] - Begin upgrade_connectors
Tue, 13 Oct 2015 03:15:50 -0500 [UpgradeWizard] - Success :Copying file to destination: /home/supportv/public_html/modules/Connectors/connectors/formatters/ext/rest/linkedin/tpls
Tue, 13 Oct 2015 03:15:50 -0500 [UpgradeWizard] - Success :Copying file to destination: /home/supportv/public_html/modules/Connectors/connectors/formatters/ext/rest/linkedin
Tue, 13 Oct 2015 03:15:50 -0500 [UpgradeWizard] - Success :Copying file to destination: /home/supportv/public_html/modules/Connectors/connectors/sources/ext/rest/linkedin/language
Tue, 13 Oct 2015 03:15:50 -0500 [UpgradeWizard] - Success :Copying file to destination: /home/supportv/public_html/modules/Connectors/connectors/sources/ext/rest/linkedin
Tue, 13 Oct 2015 03:15:50 -0500 [UpgradeWizard] - Success :Copying file to destination: /home/supportv/public_html/custom/modules/Connectors/connectors/sources/ext/rest/linkedin
Tue, 13 Oct 2015 03:15:50 -0500 [UpgradeWizard] - End upgrade_connectors
Tue, 13 Oct 2015 03:15:51 -0500 [UpgradeWizard] - Running UpgradeRemoval instance UpgradeRemoval65x
Tue, 13 Oct 2015 03:15:51 -0500 [UpgradeWizard] - Files will be backed up to custom/backup
Tue, 13 Oct 2015 03:15:51 -0500 [UpgradeWizard] - custom/modules/Accounts/Ext/Language/ru_ru.lang.ext.php
Tue, 13 Oct 2015 03:15:51 -0500 [UpgradeWizard] - custom/modules/ACLActions/Ext/Language/ru_ru.lang.ext.php
Tue, 13 Oct 2015 03:15:51 -0500 [UpgradeWizard] - custom/modules/Administration/Ext/Language/ru_ru.lang.ext.php
Tue, 13 Oct 2015 03:15:51 -0500 [UpgradeWizard] - custom/modules/Bugs/Ext/Language/ru_ru.lang.ext.php
Tue, 13 Oct 2015 03:15:51 -0500 [UpgradeWizard] - custom/modules/Calendar/Ext/Language/ru_ru.lang.ext.php
Tue, 13 Oct 2015 03:15:51 -0500 [UpgradeWizard] - custom/modules/Calls/Ext/Language/ru_ru.lang.ext.php
Tue, 13 Oct 2015 03:15:51 -0500 [UpgradeWizard] - custom/modules/Campaigns/Ext/Language/ru_ru.lang.ext.php
Tue, 13 Oct 2015 03:15:51 -0500 [UpgradeWizard] - custom/modules/Cases/Ext/Language/ru_ru.lang.ext.php
Tue, 13 Oct 2015 03:15:51 -0500 [UpgradeWizard] - custom/modules/Contacts/Ext/Language/ru_ru.lang.ext.php
Tue, 13 Oct 2015 03:15:51 -0500 [UpgradeWizard] - custom/modules/Documents/Ext/Language/ru_ru.lang.ext.php
Tue, 13 Oct 2015 03:15:51 -0500 [UpgradeWizard] - custom/modules/Emails/Ext/Language/ru_ru.lang.ext.php
Tue, 13 Oct 2015 03:15:51 -0500 [UpgradeWizard] - custom/modules/EmailTemplates/Ext/Language/ru_ru.lang.ext.php
Tue, 13 Oct 2015 03:15:51 -0500 [UpgradeWizard] - custom/modules/Leads/Ext/Language/ru_ru.lang.ext.php
Tue, 13 Oct 2015 03:15:51 -0500 [UpgradeWizard] - custom/modules/Meetings/Ext/Language/ru_ru.lang.ext.php
Tue, 13 Oct 2015 03:15:51 -0500 [UpgradeWizard] - custom/modules/ModuleBuilder/Ext/Language/ru_ru.lang.ext.php
Tue, 13 Oct 2015 03:15:51 -0500 [UpgradeWizard] - custom/modules/Notes/Ext/Language/ru_ru.lang.ext.php
Tue, 13 Oct 2015 03:15:51 -0500 [UpgradeWizard] - custom/modules/Opportunities/Ext/Language/ru_ru.lang.ext.php
Tue, 13 Oct 2015 03:15:51 -0500 [UpgradeWizard] - custom/modules/Project/Ext/Language/ru_ru.lang.ext.php
Tue, 13 Oct 2015 03:15:51 -0500 [UpgradeWizard] - custom/modules/ProjectTask/Ext/Language/ru_ru.lang.ext.php
Tue, 13 Oct 2015 03:15:51 -0500 [UpgradeWizard] - custom/modules/ProspectLists/Ext/Language/ru_ru.lang.ext.php
Tue, 13 Oct 2015 03:15:51 -0500 [UpgradeWizard] - custom/modules/Prospects/Ext/Language/ru_ru.lang.ext.php
Tue, 13 Oct 2015 03:15:51 -0500 [UpgradeWizard] - custom/modules/Tasks/Ext/Language/ru_ru.lang.ext.php
Tue, 13 Oct 2015 03:15:51 -0500 [UpgradeWizard] - custom/modules/Users/Ext/Language/ru_ru.lang.ext.php
Tue, 13 Oct 2015 03:15:51 -0500 [UpgradeWizard] - custom/modules/Administration/colourAdmin.php
Tue, 13 Oct 2015 03:15:51 -0500 [UpgradeWizard] - custom/modules/Administration/colourAdmin.tpl
Tue, 13 Oct 2015 03:15:51 -0500 [UpgradeWizard] - custom/Extension/modules/Accounts/Ext/Language/ru_ru.SecurityGroups.php
Tue, 13 Oct 2015 03:15:51 -0500 [UpgradeWizard] - custom/Extension/modules/ACLActions/Ext/Language/ru_ru.SecurityGroups.php
Tue, 13 Oct 2015 03:15:51 -0500 [UpgradeWizard] - custom/Extension/modules/Administration/Ext/Language/ru_ru.SecurityGroups.php
Tue, 13 Oct 2015 03:15:51 -0500 [UpgradeWizard] - custom/Extension/modules/Bugs/Ext/Language/ru_ru.SecurityGroups.php
Tue, 13 Oct 2015 03:15:51 -0500 [UpgradeWizard] - custom/Extension/modules/Calendar/Ext/Language/ru_ru.SecurityGroups.php
Tue, 13 Oct 2015 03:15:51 -0500 [UpgradeWizard] - custom/Extension/modules/Calls/Ext/Language/ru_ru.SecurityGroups.php
Tue, 13 Oct 2015 03:15:51 -0500 [UpgradeWizard] - custom/Extension/modules/Campaigns/Ext/Language/ru_ru.SecurityGroups.php
Tue, 13 Oct 2015 03:15:51 -0500 [UpgradeWizard] - custom/Extension/modules/Cases/Ext/Language/ru_ru.SecurityGroups.php
Tue, 13 Oct 2015 03:15:51 -0500 [UpgradeWizard] - custom/Extension/modules/Contacts/Ext/Language/ru_ru.SecurityGroups.php
Tue, 13 Oct 2015 03:15:51 -0500 [UpgradeWizard] - custom/Extension/modules/Documents/Ext/Language/ru_ru.SecurityGroups.php
Tue, 13 Oct 2015 03:15:51 -0500 [UpgradeWizard] - custom/Extension/modules/Emails/Ext/Language/ru_ru.SecurityGroups.php
Tue, 13 Oct 2015 03:15:51 -0500 [UpgradeWizard] - custom/Extension/modules/EmailTemplates/Ext/Language/ru_ru.SecurityGroups.php
Tue, 13 Oct 2015 03:15:51 -0500 [UpgradeWizard] - custom/Extension/modules/Leads/Ext/Language/ru_ru.SecurityGroups.php
Tue, 13 Oct 2015 03:15:51 -0500 [UpgradeWizard] - custom/Extension/modules/Meetings/Ext/Language/ru_ru.SecurityGroups.php
Tue, 13 Oct 2015 03:15:51 -0500 [UpgradeWizard] - custom/Extension/modules/ModuleBuilder/Ext/Language/ru_ru.SecurityGroups.php
Tue, 13 Oct 2015 03:15:51 -0500 [UpgradeWizard] - custom/Extension/modules/Notes/Ext/Language/ru_ru.SecurityGroups.php
Tue, 13 Oct 2015 03:15:51 -0500 [UpgradeWizard] - custom/Extension/modules/Opportunities/Ext/Language/ru_ru.SecurityGroups.php
Tue, 13 Oct 2015 03:15:51 -0500 [UpgradeWizard] - custom/Extension/modules/Project/Ext/Language/ru_ru.SecurityGroups.php
Tue, 13 Oct 2015 03:15:51 -0500 [UpgradeWizard] - custom/Extension/modules/ProjectTask/Ext/Language/ru_ru.SecurityGroups.php
Tue, 13 Oct 2015 03:15:51 -0500 [UpgradeWizard] - custom/Extension/modules/ProspectLists/Ext/Language/ru_ru.SecurityGroups.php
Tue, 13 Oct 2015 03:15:51 -0500 [UpgradeWizard] - custom/Extension/modules/Prospects/Ext/Language/ru_ru.SecurityGroups.php
Tue, 13 Oct 2015 03:15:51 -0500 [UpgradeWizard] - custom/Extension/modules/Tasks/Ext/Language/ru_ru.SecurityGroups.php
Tue, 13 Oct 2015 03:15:51 -0500 [UpgradeWizard] - custom/Extension/modules/Users/Ext/Language/ru_ru.SecurityGroups.php
Tue, 13 Oct 2015 03:15:51 -0500 [UpgradeWizard] - custom/Extension/modules/Administration/Ext/Administration/colourAdmin.php
Tue, 13 Oct 2015 03:15:51 -0500 [UpgradeWizard] - custom/Extension/modules/Contacts/Ext/Vardefs/sugarfield_facebook_username_c.php
Tue, 13 Oct 2015 03:15:51 -0500 [UpgradeWizard] - custom/Extension/modules/Opportunities/Ext/Vardefs/sugarfield_textarea_c.php
Tue, 13 Oct 2015 03:15:51 -0500 [UpgradeWizard] - custom/Extension/modules/FP_events/Ext/Layoutdefs/_overrideFP_events_subpanel_fp_events_fp_expenses_1.php
Tue, 13 Oct 2015 03:15:51 -0500 [UpgradeWizard] - custom/Extension/modules/FP_events/Ext/Layoutdefs/fp_events_fp_expenses_1_FP_events.php
Tue, 13 Oct 2015 03:15:51 -0500 [UpgradeWizard] - custom/Extension/application/EXT/LogicHooks/SugarFTSHooks.php
Tue, 13 Oct 2015 03:15:51 -0500 [UpgradeWizard] - custom/themes/default/images/icon_Jjwg_Maps.gif
Tue, 13 Oct 2015 03:15:51 -0500 [UpgradeWizard] - custom/themes/default/images/icon_jjwg_Maps.gif
Tue, 13 Oct 2015 03:15:51 -0500 [UpgradeWizard] - custom/themes/default/images/icon_Jjwg_Maps.png
Tue, 13 Oct 2015 03:15:51 -0500 [UpgradeWizard] - custom/themes/default/images/icon_jjwg_Maps.png
Tue, 13 Oct 2015 03:15:51 -0500 [UpgradeWizard] - mobile/js/quickcrm-utils.min.js
Tue, 13 Oct 2015 03:15:51 -0500 [UpgradeWizard] - mobile/js/quickcrm-ce-3.0.0.min.js
Tue, 13 Oct 2015 03:15:51 -0500 [UpgradeWizard] - mobile/js/quickcrm-ce-3.2.2.min.js
Tue, 13 Oct 2015 03:15:51 -0500 [UpgradeWizard] - modules/AOD_Index/Dashlets/AOD_IndexDashlet/AOD_IndexDashlet.meta.php
Tue, 13 Oct 2015 03:15:51 -0500 [UpgradeWizard] - modules/AOD_Index/Dashlets/AOD_IndexDashlet/AOD_IndexDashlet.php
Tue, 13 Oct 2015 03:15:51 -0500 [UpgradeWizard] - modules/AOD_IndexEvent/Dashlets/AOD_IndexEventDashlet/AOD_IndexEventDashlet.meta
Tue, 13 Oct 2015 03:15:51 -0500 [UpgradeWizard] - modules/AOD_IndexEvent/Dashlets/AOD_IndexEventDashlet/AOD_IndexEventDashlet.php
Tue, 13 Oct 2015 03:15:51 -0500 [UpgradeWizard] - modules/AOD_Index/metadata/studio.php
Tue, 13 Oct 2015 03:15:51 -0500 [UpgradeWizard] - modules/AOD_IndexEvent/metadata/studio.php
Tue, 13 Oct 2015 03:15:51 -0500 [UpgradeWizard] - modules/Connectors/connectors/formatters/ext/rest/linkedin
Tue, 13 Oct 2015 03:15:51 -0500 [UpgradeWizard] - modules/Connectors/connectors/formatters/ext/rest/linkedin/tpls
Tue, 13 Oct 2015 03:15:51 -0500 [UpgradeWizard] - modules/Connectors/connectors/formatters/ext/rest/linkedin/tpls/default.tpl
Tue, 13 Oct 2015 03:15:51 -0500 [UpgradeWizard] - modules/Connectors/connectors/formatters/ext/rest/linkedin/tpls/linkedin.gif
Tue, 13 Oct 2015 03:15:51 -0500 [UpgradeWizard] - modules/Connectors/connectors/formatters/ext/rest/linkedin/linkedin.php
Tue, 13 Oct 2015 03:15:51 -0500 [UpgradeWizard] - modules/Connectors/connectors/sources/ext/rest/linkedin
Tue, 13 Oct 2015 03:15:51 -0500 [UpgradeWizard] - modules/Connectors/connectors/sources/ext/rest/linkedin/language
Tue, 13 Oct 2015 03:15:51 -0500 [UpgradeWizard] - modules/Connectors/connectors/sources/ext/rest/linkedin/language/en_us.lang.php
Tue, 13 Oct 2015 03:15:51 -0500 [UpgradeWizard] - modules/Connectors/connectors/sources/ext/rest/linkedin/language/es_es.lang.php
Tue, 13 Oct 2015 03:15:51 -0500 [UpgradeWizard] - modules/Connectors/connectors/sources/ext/rest/linkedin/language/ru_ru.lang.php
Tue, 13 Oct 2015 03:15:51 -0500 [UpgradeWizard] - modules/Connectors/connectors/sources/ext/rest/linkedin/config.php
Tue, 13 Oct 2015 03:15:51 -0500 [UpgradeWizard] - modules/Connectors/connectors/sources/ext/rest/linkedin/linkedin.php
Tue, 13 Oct 2015 03:15:51 -0500 [UpgradeWizard] - modules/Connectors/connectors/sources/ext/rest/linkedin/mapping.php
Tue, 13 Oct 2015 03:15:51 -0500 [UpgradeWizard] - modules/Connectors/connectors/sources/ext/rest/linkedin/vardefs.php
Tue, 13 Oct 2015 03:15:51 -0500 [UpgradeWizard] - themes/SuiteR/images/backtotop.png
Tue, 13 Oct 2015 03:15:51 -0500 [UpgradeWizard] - themes/SuiteR/js/bootstrap.js
Tue, 13 Oct 2015 03:15:51 -0500 [UpgradeWizard] - include/images/sugarcrm_login.png
Tue, 13 Oct 2015 03:16:12 -0500 [UpgradeWizard] - Cleaning up the session.  Goodbye.
Tue, 13 Oct 2015 03:16:12 -0500 [UpgradeWizard] - at unlinkUWTempFiles()
Tue, 13 Oct 2015 03:16:13 -0500 [UpgradeWizard] - finished!
Tue, 13 Oct 2015 03:16:13 -0500 [UpgradeWizard] - Cleaning up the session.  Goodbye.
Tue, 13 Oct 2015 03:16:13 -0500 [UpgradeWizard] - resetting $_SESSION
